
11-Mar-2020 09:43:43 :: Transaction using WC_Gateway_EBizCharge::RunTransaction
11-Mar-2020 09:43:44 :: Error: SOAP-ERROR: Parsing WSDL: Couldn't load from 'https://soap.ebizcharge.net/eBizService.svc?singleWsdl' : failed to load external entity "https://soap.ebizcharge.net/eBizService.svc?singleWsdl"

11-Mar-2020 09:44:59 :: Transaction using WC_Gateway_EBizCharge::RunTransaction
11-Mar-2020 09:44:59 :: Error: SOAP-ERROR: Parsing WSDL: Couldn't load from 'https://soap.ebizcharge.net/eBizService.svc?singleWsdl' : failed to load external entity "https://soap.ebizcharge.net/eBizService.svc?singleWsdl"

11-Mar-2020 09:46:12 :: Transaction using WC_Gateway_EBizCharge::RunTransaction
11-Mar-2020 09:46:12 :: Error: SOAP-ERROR: Parsing WSDL: Couldn't load from 'https://soap.ebizcharge.net/eBizService.svc?singleWsdl' : failed to load external entity "https://soap.ebizcharge.net/eBizService.svc?singleWsdl"

30-Mar-2020 06:59:39 :: Transaction using WC_Gateway_EBizCharge::RunTransaction
30-Mar-2020 06:59:42 :: Bad MID(0). RefNum (3108807434) is "Error".
02-Apr-2020 06:23:17 :: WC_Gateway_EBizCharge::TokenProcess  customerId: 12013
02-Apr-2020 06:23:18 :: WC_Gateway_EBizCharge::TokenProcess customer not exist in the gateway, add customer.
02-Apr-2020 06:23:46 :: WC_Gateway_EBizCharge::TokenProcess Econnect enabled. sync customer.
02-Apr-2020 06:35:34 :: WC_Gateway_EBizCharge::TokenProcess  customerId: 12013
02-Apr-2020 06:35:35 :: WC_Gateway_EBizCharge::SearchCustomer, customer found. WP customerId: 12013
02-Apr-2020 06:35:35 :: Transaction using WC_Gateway_EBizCharge::RunTransaction
02-Apr-2020 06:35:37 :: RefNum: 3108868255 Result: Approved
02-Apr-2020 06:38:02 :: WC_Gateway_EBizCharge::TokenProcess  customerId: 11058
02-Apr-2020 06:38:03 :: WC_Gateway_EBizCharge::TokenProcess customer not exist in the gateway, add customer.
02-Apr-2020 06:38:05 :: WC_Gateway_EBizCharge::TokenProcess Econnect enabled. sync customer.
02-Apr-2020 06:38:08 :: WC_Gateway_EBizCharge::TokenProcess CustNum updated: 11164777
02-Apr-2020 06:38:09 :: RefNum: 3108868261 Result: Approved
02-Apr-2020 07:44:08 :: Transaction using WC_Gateway_EBizCharge::NewPaymentProcess
02-Apr-2020 07:44:08 :: WC_Gateway_EBizCharge::NewPaymentProcess save card info empty.
02-Apr-2020 07:44:08 :: Transaction using WC_Gateway_EBizCharge::RunTransaction
02-Apr-2020 07:44:23 :: RefNum: 3108869490 Result: Approved
06-Apr-2020 07:17:35 :: Transaction using WC_Gateway_EBizCharge::RunTransaction
06-Apr-2020 07:17:43 :: RefNum: 3108921417 Result: Approved
06-Apr-2020 10:40:28 :: WC_Gateway_EBizCharge::TokenProcess  customerId: 12013
06-Apr-2020 10:40:28 :: WC_Gateway_EBizCharge::SearchCustomer, customer found. WP customerId: 12013
06-Apr-2020 10:40:28 :: Transaction using WC_Gateway_EBizCharge::RunTransaction
06-Apr-2020 10:40:31 :: RefNum: 3108924701 Result: Approved
06-Apr-2020 10:48:24 :: WC_Gateway_EBizCharge::TokenProcess  customerId: 12013
06-Apr-2020 10:48:25 :: WC_Gateway_EBizCharge::SearchCustomer, customer found. WP customerId: 12013
06-Apr-2020 10:48:25 :: Transaction using WC_Gateway_EBizCharge::RunTransaction
06-Apr-2020 10:48:26 :: RefNum: 3108924751 Result: Approved
06-Apr-2020 10:51:05 :: WC_Gateway_EBizCharge::TokenProcess  customerId: 12013
06-Apr-2020 10:51:06 :: WC_Gateway_EBizCharge::SearchCustomer, customer found. WP customerId: 12013
06-Apr-2020 10:51:06 :: Transaction using WC_Gateway_EBizCharge::RunTransaction
06-Apr-2020 10:51:08 :: RefNum: 3108924879 Result: Approved
06-Apr-2020 10:53:51 :: WC_Gateway_EBizCharge::TokenProcess  customerId: 12013
06-Apr-2020 10:53:51 :: WC_Gateway_EBizCharge::SearchCustomer, customer found. WP customerId: 12013
06-Apr-2020 10:53:51 :: Transaction using WC_Gateway_EBizCharge::RunTransaction
06-Apr-2020 10:53:53 :: RefNum: 3108924897 Result: Approved
06-Apr-2020 10:55:55 :: WC_Gateway_EBizCharge::TokenProcess  customerId: 12013
06-Apr-2020 10:55:55 :: WC_Gateway_EBizCharge::SearchCustomer, customer found. WP customerId: 12013
06-Apr-2020 10:55:55 :: Transaction using WC_Gateway_EBizCharge::RunTransaction
06-Apr-2020 10:55:57 :: RefNum: 3108924907 Result: Approved
07-Apr-2020 01:04:22 :: Transaction using WC_Gateway_EBizCharge::RunTransaction
07-Apr-2020 01:04:23 :: RefNum: 3108934552 Result: Approved
13-Apr-2020 01:16:58 :: Transaction using WC_Gateway_EBizCharge::NewPaymentProcess
28-Apr-2020 07:54:19 :: WC_Gateway_EBizCharge::TokenProcess  customerId: 12013
28-Apr-2020 07:54:19 :: WC_Gateway_EBizCharge::SearchCustomer, customer found. WP customerId: 12013
28-Apr-2020 07:54:19 :: Transaction using WC_Gateway_EBizCharge::RunTransaction
28-Apr-2020 07:54:20 :: RefNum: 3109347233 Result: Approved
04-May-2020 07:06:30 :: Transaction using WC_Gateway_EBizCharge::RunTransaction
04-May-2020 07:06:31 :: RefNum: 3109438256 Result: Approved
04-May-2020 07:12:56 :: Transaction using WC_Gateway_EBizCharge::RunTransaction
04-May-2020 07:12:56 :: RefNum: 3109438302 Result: Approved
21-May-2020 07:46:46 :: Transaction using WC_Gateway_EBizCharge::NewPaymentProcess
21-May-2020 07:46:47 :: WC_Gateway_EBizCharge::NewPaymentProcess save card info empty.
21-May-2020 07:46:47 :: Transaction using WC_Gateway_EBizCharge::RunTransaction
21-May-2020 07:46:48 :: RefNum: 3109793977 Result: Approved
02-Jun-2020 02:50:54 :: Transaction using WC_Gateway_EBizCharge::RunTransaction
02-Jun-2020 02:50:55 :: RefNum: 3109965771 Result: Approved
30-Jun-2020 02:20:49 :: Transaction using WC_Gateway_EBizCharge::RunTransaction
30-Jun-2020 02:20:50 :: RefNum: 3110429903 Result: Approved
30-Jun-2020 02:20:56 :: Transaction using WC_Gateway_EBizCharge::RunTransaction
30-Jun-2020 02:20:56 :: RefNum: 3110429905 Result: Approved
30-Jun-2020 05:48:08 :: Transaction using WC_Gateway_EBizCharge::RunTransaction
30-Jun-2020 05:48:09 :: RefNum: 3110432216 Result: Approved
14-Jul-2020 05:19:15 :: Transaction using WC_Gateway_EBizCharge::RunTransaction
14-Jul-2020 05:19:16 :: RefNum: 3110681018 Result: Approved
27-Aug-2020 06:43:25 :: Transaction using WC_Gateway_EBizCharge::RunTransaction
27-Aug-2020 06:43:26 :: RefNum: 3112736187 Result: Approved
30-Sep-2020 01:08:32 :: Transaction using WC_Gateway_EBizCharge::RunTransaction
30-Sep-2020 01:08:33 :: RefNum: 3113663094 Result: Approved
07-Oct-2020 03:49:45 :: Transaction using WC_Gateway_EBizCharge::RunTransaction
07-Oct-2020 03:49:46 :: RefNum: 3113898976 Result: Approved
07-Oct-2020 03:59:12 :: Transaction using WC_Gateway_EBizCharge::RunTransaction
07-Oct-2020 03:59:13 :: RefNum: 3113899027 Result: Approved
09-Oct-2020 01:27:36 :: Transaction using WC_Gateway_EBizCharge::RunTransaction
09-Oct-2020 01:27:37 :: RefNum: 3113995504 Result: Approved
09-Oct-2020 01:41:22 :: Transaction using WC_Gateway_EBizCharge::RunTransaction
09-Oct-2020 01:41:23 :: RefNum: 3113998537 Result: Approved
09-Oct-2020 01:49:44 :: Transaction using WC_Gateway_EBizCharge::RunTransaction
09-Oct-2020 01:49:45 :: RefNum: 3114000427 Result: Approved
02-Nov-2020 09:48:17 :: Transaction using WC_Gateway_EBizCharge::NewPaymentProcess
02-Nov-2020 09:48:18 :: WC_Gateway_EBizCharge::NewPaymentProcess save card info empty.
02-Nov-2020 09:48:18 :: Transaction using WC_Gateway_EBizCharge::RunTransaction
02-Nov-2020 09:48:19 :: Transaction Not Permitted (63)(15163). RefNum (2658370385) is "Declined".
04-Nov-2020 09:16:28 :: Transaction using WC_Gateway_EBizCharge::RunTransaction
04-Nov-2020 09:16:30 :: RefNum: 2659851751 Result: Approved
05-Nov-2020 08:27:52 :: Transaction using WC_Gateway_EBizCharge::RunTransaction
05-Nov-2020 08:27:54 :: RefNum: 2660580162 Result: Approved
06-Nov-2020 05:52:42 :: Transaction using WC_Gateway_EBizCharge::RunTransaction
06-Nov-2020 05:52:45 :: CVV2 Declined (C2)(15434). RefNum (2661296803) is "Declined".
06-Nov-2020 06:30:46 :: Transaction using WC_Gateway_EBizCharge::RunTransaction
06-Nov-2020 06:30:48 :: RefNum: 2661339045 Result: Approved
06-Nov-2020 09:04:34 :: Transaction using WC_Gateway_EBizCharge::RunTransaction
06-Nov-2020 09:04:35 :: RefNum: 2661513686 Result: Approved
09-Nov-2020 01:35:44 :: Transaction using WC_Gateway_EBizCharge::RunTransaction
09-Nov-2020 01:35:46 :: RefNum: 2662859550 Result: Approved
10-Nov-2020 09:28:15 :: Transaction using WC_Gateway_EBizCharge::RunTransaction
10-Nov-2020 09:28:17 :: RefNum: 2664099919 Result: Approved
11-Nov-2020 12:19:55 :: Transaction using WC_Gateway_EBizCharge::RunTransaction
11-Nov-2020 12:19:58 :: RefNum: 2664221737 Result: Approved
11-Nov-2020 12:23:02 :: Transaction using WC_Gateway_EBizCharge::RunTransaction
11-Nov-2020 12:23:04 :: RefNum: 2664223374 Result: Approved
11-Nov-2020 12:26:22 :: Transaction using WC_Gateway_EBizCharge::RunTransaction
11-Nov-2020 12:26:24 :: RefNum: 2664225017 Result: Approved
11-Nov-2020 12:26:41 :: Transaction using WC_Gateway_EBizCharge::RunTransaction
11-Nov-2020 12:26:42 :: RefNum: 2664225185 Result: Approved
11-Nov-2020 12:26:53 :: Transaction using WC_Gateway_EBizCharge::RunTransaction
11-Nov-2020 12:26:55 :: RefNum: 2664225274 Result: Approved
11-Nov-2020 12:27:58 :: Transaction using WC_Gateway_EBizCharge::RunTransaction
11-Nov-2020 12:28:00 :: RefNum: 2664225771 Result: Approved
11-Nov-2020 12:30:04 :: Transaction using WC_Gateway_EBizCharge::RunTransaction
11-Nov-2020 12:30:06 :: Transaction Declined (51)(15151). RefNum (2664226824) is "Declined".
11-Nov-2020 12:30:16 :: Transaction using WC_Gateway_EBizCharge::RunTransaction
11-Nov-2020 12:30:18 :: Transaction Declined (51)(15151). RefNum (2664226925) is "Declined".
11-Nov-2020 12:33:49 :: Transaction using WC_Gateway_EBizCharge::RunTransaction
11-Nov-2020 12:33:51 :: Transaction Declined (51)(15151). RefNum (2664228730) is "Declined".
11-Nov-2020 12:34:11 :: Transaction using WC_Gateway_EBizCharge::RunTransaction
11-Nov-2020 12:34:13 :: Transaction Declined (51)(15151). RefNum (2664228902) is "Declined".
11-Nov-2020 04:20:38 :: Transaction using WC_Gateway_EBizCharge::NewPaymentProcess
11-Nov-2020 04:20:39 :: WC_Gateway_EBizCharge::NewPaymentProcess save card info empty.
11-Nov-2020 04:20:39 :: Transaction using WC_Gateway_EBizCharge::RunTransaction
11-Nov-2020 04:20:40 :: RefNum: 2664520983 Result: Approved
11-Nov-2020 04:26:00 :: RefNum: 2664525325 Result: Approved
11-Nov-2020 04:29:53 :: Transaction using WC_Gateway_EBizCharge::NewPaymentProcess
11-Nov-2020 04:29:53 :: WC_Gateway_EBizCharge::NewPaymentProcess save card info empty.
11-Nov-2020 04:29:53 :: Transaction using WC_Gateway_EBizCharge::RunTransaction
11-Nov-2020 04:29:55 :: RefNum: 2664528313 Result: Approved
11-Nov-2020 04:34:28 :: RefNum: 2664532125 Result: Approved
11-Nov-2020 04:37:36 :: RefNum: 2664534847 Result: Approved
11-Nov-2020 04:37:56 :: RefNum: 2664535143 Result: Approved
11-Nov-2020 04:38:17 :: RefNum: 2664535465 Result: Approved
11-Nov-2020 04:38:39 :: RefNum: 2664535805 Result: Approved
11-Nov-2020 04:39:17 :: RefNum: 2664536314 Result: Approved
11-Nov-2020 06:47:33 :: Transaction using WC_Gateway_EBizCharge::RunTransaction
11-Nov-2020 06:47:35 :: RefNum: 2664653723 Result: Approved
11-Nov-2020 08:56:47 :: Transaction using WC_Gateway_EBizCharge::RunTransaction
11-Nov-2020 08:56:50 :: RefNum: 2664769457 Result: Approved
12-Nov-2020 01:44:27 :: Transaction using WC_Gateway_EBizCharge::RunTransaction
12-Nov-2020 01:44:28 :: Transaction Declined (51)(15151). RefNum (2664940409) is "Declined".
12-Nov-2020 10:19:15 :: Transaction using WC_Gateway_EBizCharge::RunTransaction
12-Nov-2020 10:19:16 :: RefNum: 2665517769 Result: Approved
12-Nov-2020 10:26:49 :: Transaction using WC_Gateway_EBizCharge::RunTransaction
12-Nov-2020 10:26:50 :: RefNum: 2665523245 Result: Approved
12-Nov-2020 10:37:24 :: Transaction using WC_Gateway_EBizCharge::RunTransaction
12-Nov-2020 10:37:26 :: Transaction Declined (51)(15151). RefNum (2665530822) is "Declined".
12-Nov-2020 10:38:13 :: Transaction using WC_Gateway_EBizCharge::RunTransaction
12-Nov-2020 10:38:14 :: Transaction Declined (51)(15151). RefNum (2665531358) is "Declined".
12-Nov-2020 10:45:11 :: Transaction using WC_Gateway_EBizCharge::RunTransaction
12-Nov-2020 10:45:13 :: RefNum: 2665536131 Result: Approved
13-Nov-2020 01:24:56 :: RefNum: 2665887221 Result: Approved
13-Nov-2020 06:23:16 :: Transaction using WC_Gateway_EBizCharge::RunTransaction
13-Nov-2020 06:23:18 :: Invalid Card Number (3)(13). RefNum (2666225960) is "Error".
13-Nov-2020 06:23:57 :: Transaction using WC_Gateway_EBizCharge::RunTransaction
13-Nov-2020 06:23:59 :: RefNum: 2666226741 Result: Approved
13-Nov-2020 07:15:46 :: Transaction using WC_Gateway_EBizCharge::RunTransaction
13-Nov-2020 07:15:47 :: RefNum: 2666290982 Result: Approved
13-Nov-2020 08:06:10 :: Transaction using WC_Gateway_EBizCharge::RunTransaction
13-Nov-2020 08:06:12 :: RefNum: 2666352438 Result: Approved
14-Nov-2020 06:17:15 :: Transaction using WC_Gateway_EBizCharge::RunTransaction
14-Nov-2020 06:17:16 :: Invalid Card Number (3)(13). RefNum (2666950669) is "Error".
14-Nov-2020 06:17:35 :: Transaction using WC_Gateway_EBizCharge::RunTransaction
14-Nov-2020 06:17:36 :: RefNum: 2666950829 Result: Approved
16-Nov-2020 02:15:55 :: Transaction using WC_Gateway_EBizCharge::RunTransaction
16-Nov-2020 02:15:57 :: Transaction Declined (51)(15151). RefNum (2667920174) is "Declined".
16-Nov-2020 02:16:18 :: Transaction using WC_Gateway_EBizCharge::RunTransaction
16-Nov-2020 02:16:19 :: Transaction Declined (51)(15151). RefNum (2667920552) is "Declined".
16-Nov-2020 06:28:27 :: Transaction using WC_Gateway_EBizCharge::RunTransaction
16-Nov-2020 06:28:28 :: RefNum: 2668199893 Result: Approved
16-Nov-2020 09:43:10 :: Transaction using WC_Gateway_EBizCharge::RunTransaction
16-Nov-2020 09:43:11 :: RefNum: 2668406990 Result: Approved
17-Nov-2020 12:20:42 :: Transaction using WC_Gateway_EBizCharge::RunTransaction
17-Nov-2020 12:20:43 :: RefNum: 2668519429 Result: Approved
17-Nov-2020 12:29:06 :: Transaction using WC_Gateway_EBizCharge::RunTransaction
17-Nov-2020 12:29:09 :: RefNum: 2668711006 Result: Approved
17-Nov-2020 03:28:07 :: Transaction using WC_Gateway_EBizCharge::RunTransaction
17-Nov-2020 03:28:08 :: RefNum: 2668817804 Result: Approved
18-Nov-2020 03:41:43 :: Transaction using WC_Gateway_EBizCharge::RunTransaction
18-Nov-2020 03:41:45 :: RefNum: 2669542548 Result: Approved
18-Nov-2020 03:45:41 :: Transaction using WC_Gateway_EBizCharge::RunTransaction
18-Nov-2020 03:45:42 :: RefNum: 2669545905 Result: Approved
18-Nov-2020 05:42:49 :: RefNum: 2669649878 Result: Approved
18-Nov-2020 07:12:40 :: Transaction using WC_Gateway_EBizCharge::RunTransaction
18-Nov-2020 07:12:41 :: RefNum: 2669735418 Result: Approved
18-Nov-2020 07:58:15 :: Transaction using WC_Gateway_EBizCharge::RunTransaction
18-Nov-2020 07:58:16 :: RefNum: 2669777160 Result: Approved
19-Nov-2020 12:11:38 :: Transaction using WC_Gateway_EBizCharge::RunTransaction
19-Nov-2020 12:11:39 :: RefNum: 2670151479 Result: Approved
19-Nov-2020 05:04:15 :: Transaction using WC_Gateway_EBizCharge::RunTransaction
19-Nov-2020 05:04:16 :: Transaction Declined (51)(15151). RefNum (2670337639) is "Declined".
20-Nov-2020 02:48:10 :: Transaction using WC_Gateway_EBizCharge::RunTransaction
20-Nov-2020 02:48:11 :: RefNum: 2671054336 Result: Approved
23-Nov-2020 09:59:03 :: Transaction using WC_Gateway_EBizCharge::RunTransaction
23-Nov-2020 09:59:05 :: RefNum: 2672587495 Result: Approved
24-Nov-2020 04:41:06 :: Transaction using WC_Gateway_EBizCharge::RunTransaction
24-Nov-2020 04:41:08 :: Transaction Declined (51)(15151). RefNum (2673547205) is "Declined".
24-Nov-2020 04:41:18 :: Transaction using WC_Gateway_EBizCharge::RunTransaction
24-Nov-2020 04:41:19 :: Transaction Declined (51)(15151). RefNum (2673547391) is "Declined".
24-Nov-2020 04:42:30 :: Transaction using WC_Gateway_EBizCharge::RunTransaction
24-Nov-2020 04:42:31 :: RefNum: 2673548371 Result: Approved
24-Nov-2020 05:56:46 :: Transaction using WC_Gateway_EBizCharge::RunTransaction
24-Nov-2020 05:56:48 :: RefNum: 2673617323 Result: Approved
24-Nov-2020 06:41:44 :: Transaction using WC_Gateway_EBizCharge::RunTransaction
24-Nov-2020 06:41:45 :: RefNum: 2673661188 Result: Approved
24-Nov-2020 09:01:17 :: Transaction using WC_Gateway_EBizCharge::RunTransaction
24-Nov-2020 09:01:18 :: RefNum: 2673787056 Result: Approved
25-Nov-2020 05:01:05 :: Transaction using WC_Gateway_EBizCharge::RunTransaction
25-Nov-2020 05:01:07 :: RefNum: 2674353982 Result: Approved
25-Nov-2020 08:27:31 :: Transaction using WC_Gateway_EBizCharge::RunTransaction
25-Nov-2020 08:27:32 :: RefNum: 2674562552 Result: Approved
30-Nov-2020 11:13:07 :: Transaction using WC_Gateway_EBizCharge::RunTransaction
30-Nov-2020 11:13:09 :: RefNum: 2676742371 Result: Approved
30-Nov-2020 02:53:35 :: Transaction using WC_Gateway_EBizCharge::RunTransaction
30-Nov-2020 02:53:36 :: RefNum: 2676985935 Result: Approved
01-Dec-2020 02:58:14 :: Transaction using WC_Gateway_EBizCharge::RunTransaction
01-Dec-2020 02:58:16 :: RefNum: 2678161917 Result: Approved
01-Dec-2020 05:49:28 :: RefNum: 2678396680 Result: Approved
01-Dec-2020 08:19:20 :: Transaction using WC_Gateway_EBizCharge::RunTransaction
01-Dec-2020 08:19:22 :: RefNum: 2678585637 Result: Approved
01-Dec-2020 08:41:10 :: Transaction using WC_Gateway_EBizCharge::RunTransaction
01-Dec-2020 08:41:12 :: RefNum: 2678618962 Result: Approved
01-Dec-2020 10:00:58 :: Transaction using WC_Gateway_EBizCharge::RunTransaction
01-Dec-2020 10:01:10 :: RefNum: 2678699792 Result: Approved
02-Dec-2020 05:09:32 :: Transaction using WC_Gateway_EBizCharge::RunTransaction
02-Dec-2020 05:09:33 :: RefNum: 2679202686 Result: Approved
02-Dec-2020 07:13:27 :: Transaction using WC_Gateway_EBizCharge::RunTransaction
02-Dec-2020 07:13:28 :: RefNum: 2679331965 Result: Approved
02-Dec-2020 08:03:44 :: RefNum: 2679379806 Result: Approved
02-Dec-2020 09:24:53 :: Transaction using WC_Gateway_EBizCharge::RunTransaction
02-Dec-2020 09:24:54 :: RefNum: 2679449764 Result: Approved
04-Dec-2020 04:43:34 :: Transaction using WC_Gateway_EBizCharge::RunTransaction
04-Dec-2020 04:43:35 :: RefNum: 2680908261 Result: Approved
04-Dec-2020 06:19:38 :: Transaction using WC_Gateway_EBizCharge::RunTransaction
04-Dec-2020 06:19:39 :: RefNum: 2681018927 Result: Approved
07-Dec-2020 12:15:21 :: Transaction using WC_Gateway_EBizCharge::RunTransaction
07-Dec-2020 12:15:23 :: RefNum: 2682483989 Result: Approved
07-Dec-2020 05:56:02 :: Transaction using WC_Gateway_EBizCharge::RunTransaction
07-Dec-2020 05:56:03 :: RefNum: 2682757650 Result: Approved
08-Dec-2020 03:27:41 :: Transaction using WC_Gateway_EBizCharge::RunTransaction
08-Dec-2020 03:27:43 :: RefNum: 2683379442 Result: Approved
08-Dec-2020 10:49:27 :: Transaction using WC_Gateway_EBizCharge::RunTransaction
08-Dec-2020 10:49:29 :: RefNum: 2683784033 Result: Approved
09-Dec-2020 06:46:33 :: Transaction using WC_Gateway_EBizCharge::RunTransaction
09-Dec-2020 06:46:35 :: RefNum: 2684352898 Result: Approved
09-Dec-2020 07:26:15 :: Transaction using WC_Gateway_EBizCharge::RunTransaction
09-Dec-2020 07:26:19 :: RefNum: 2684391297 Result: Approved
09-Dec-2020 09:27:36 :: Transaction using WC_Gateway_EBizCharge::RunTransaction
09-Dec-2020 09:27:37 :: RefNum: 2684497367 Result: Approved
11-Dec-2020 08:14:49 :: Transaction using WC_Gateway_EBizCharge::RunTransaction
11-Dec-2020 08:14:51 :: RefNum: 2686075309 Result: Approved
14-Dec-2020 04:51:17 :: Transaction using WC_Gateway_EBizCharge::RunTransaction
14-Dec-2020 04:51:20 :: Transaction Not Permitted (63)(15163). RefNum (2687251683) is "Declined".
14-Dec-2020 04:51:42 :: Transaction using WC_Gateway_EBizCharge::RunTransaction
14-Dec-2020 04:51:43 :: Transaction Not Permitted (63)(15163). RefNum (2687251730) is "Declined".
14-Dec-2020 04:52:01 :: Transaction using WC_Gateway_EBizCharge::RunTransaction
14-Dec-2020 04:52:02 :: Transaction Not Permitted (63)(15163). RefNum (2687251765) is "Declined".
14-Dec-2020 07:56:41 :: Transaction using WC_Gateway_EBizCharge::RunTransaction
14-Dec-2020 07:56:42 :: RefNum: 2687733244 Result: Approved
14-Dec-2020 09:00:28 :: Transaction using WC_Gateway_EBizCharge::RunTransaction
14-Dec-2020 09:00:30 :: RefNum: 2687800852 Result: Approved
14-Dec-2020 10:32:59 :: Transaction using WC_Gateway_EBizCharge::RunTransaction
14-Dec-2020 10:33:00 :: RefNum: 2687878334 Result: Approved
16-Dec-2020 04:02:53 :: Transaction using WC_Gateway_EBizCharge::RunTransaction
16-Dec-2020 04:02:55 :: RefNum: 2689271205 Result: Approved
16-Dec-2020 05:52:38 :: Transaction using WC_Gateway_EBizCharge::RunTransaction
16-Dec-2020 05:52:40 :: RefNum: 2689370017 Result: Approved
17-Dec-2020 03:43:59 :: Transaction using WC_Gateway_EBizCharge::RunTransaction
17-Dec-2020 03:44:01 :: Transaction Declined (51)(15151). RefNum (2689964765) is "Declined".
17-Dec-2020 03:45:11 :: Transaction using WC_Gateway_EBizCharge::RunTransaction
17-Dec-2020 03:45:12 :: Transaction Declined (51)(15151). RefNum (2689965719) is "Declined".
17-Dec-2020 03:46:41 :: Transaction using WC_Gateway_EBizCharge::RunTransaction
17-Dec-2020 03:46:42 :: RefNum: 2689967003 Result: Approved
21-Dec-2020 12:32:44 :: Transaction using WC_Gateway_EBizCharge::RunTransaction
21-Dec-2020 12:32:46 :: RefNum: 2692130430 Result: Approved
21-Dec-2020 04:57:29 :: Transaction using WC_Gateway_EBizCharge::RunTransaction
21-Dec-2020 04:57:30 :: RefNum: 2692483614 Result: Approved
21-Dec-2020 05:09:23 :: Transaction using WC_Gateway_EBizCharge::RunTransaction
21-Dec-2020 05:09:25 :: RefNum: 2692494756 Result: Approved
21-Dec-2020 10:21:37 :: Transaction using WC_Gateway_EBizCharge::RunTransaction
21-Dec-2020 10:21:38 :: RefNum: 2692788881 Result: Approved
22-Dec-2020 07:48:20 :: Transaction using WC_Gateway_EBizCharge::RunTransaction
22-Dec-2020 07:48:22 :: RefNum: 2693362347 Result: Approved
22-Dec-2020 08:50:03 :: Transaction using WC_Gateway_EBizCharge::RunTransaction
22-Dec-2020 08:50:04 :: RefNum: 2693414384 Result: Approved
23-Dec-2020 08:22:49 :: Transaction using WC_Gateway_EBizCharge::RunTransaction
23-Dec-2020 08:22:51 :: RefNum: 2694095009 Result: Approved
23-Dec-2020 10:43:48 :: Transaction using WC_Gateway_EBizCharge::RunTransaction
23-Dec-2020 10:43:49 :: RefNum: 2694198313 Result: Approved
28-Dec-2020 01:08:35 :: Transaction using WC_Gateway_EBizCharge::RunTransaction
28-Dec-2020 01:08:36 :: RefNum: 2696107109 Result: Approved
28-Dec-2020 05:49:07 :: Transaction using WC_Gateway_EBizCharge::RunTransaction
28-Dec-2020 05:49:08 :: RefNum: 2696359289 Result: Approved
28-Dec-2020 07:13:21 :: Transaction using WC_Gateway_EBizCharge::RunTransaction
28-Dec-2020 07:13:22 :: RefNum: 2696446862 Result: Approved
29-Dec-2020 12:33:19 :: Transaction using WC_Gateway_EBizCharge::RunTransaction
29-Dec-2020 12:33:21 :: RefNum: 2696886331 Result: Approved
04-Jan-2021 07:44:06 :: Transaction using WC_Gateway_EBizCharge::RunTransaction
04-Jan-2021 07:44:07 :: RefNum: 2701304667 Result: Approved
05-Jan-2021 12:49:52 :: Transaction using WC_Gateway_EBizCharge::RunTransaction
05-Jan-2021 12:49:53 :: RefNum: 2701794955 Result: Approved
06-Jan-2021 05:18:24 :: Transaction using WC_Gateway_EBizCharge::RunTransaction
06-Jan-2021 05:18:27 :: RefNum: 2702769165 Result: Approved
06-Jan-2021 06:48:24 :: Transaction using WC_Gateway_EBizCharge::RunTransaction
06-Jan-2021 06:48:25 :: RefNum: 2702855900 Result: Approved
06-Jan-2021 07:09:23 :: Transaction using WC_Gateway_EBizCharge::RunTransaction
06-Jan-2021 07:09:24 :: Transaction Declined (51)(15151). RefNum (2702875324) is "Declined".
06-Jan-2021 07:12:43 :: Transaction using WC_Gateway_EBizCharge::RunTransaction
06-Jan-2021 07:12:44 :: RefNum: 2702878459 Result: Approved
06-Jan-2021 09:10:35 :: Transaction using WC_Gateway_EBizCharge::RunTransaction
06-Jan-2021 09:10:37 :: RefNum: 2702993599 Result: Approved
07-Jan-2021 02:44:01 :: Transaction using WC_Gateway_EBizCharge::RunTransaction
07-Jan-2021 02:44:03 :: RefNum: 2703392274 Result: Approved
07-Jan-2021 04:07:46 :: Transaction using WC_Gateway_EBizCharge::RunTransaction
07-Jan-2021 04:07:47 :: RefNum: 2703456363 Result: Approved
07-Jan-2021 06:53:19 :: Transaction using WC_Gateway_EBizCharge::RunTransaction
07-Jan-2021 06:53:20 :: RefNum: 2703607604 Result: Approved
08-Jan-2021 02:39:22 :: Transaction using WC_Gateway_EBizCharge::RunTransaction
08-Jan-2021 02:39:23 :: RefNum: 2704258266 Result: Approved
08-Jan-2021 08:23:43 :: Transaction using WC_Gateway_EBizCharge::RunTransaction
08-Jan-2021 08:23:44 :: RefNum: 2704626338 Result: Approved
09-Jan-2021 09:44:14 :: Transaction using WC_Gateway_EBizCharge::RunTransaction
09-Jan-2021 09:44:15 :: RefNum: 2705233962 Result: Approved
11-Jan-2021 01:06:26 :: Transaction using WC_Gateway_EBizCharge::RunTransaction
11-Jan-2021 01:06:27 :: RefNum: 2705730204 Result: Approved
13-Jan-2021 05:34:30 :: Transaction using WC_Gateway_EBizCharge::RunTransaction
13-Jan-2021 05:34:31 :: RefNum: 2707598508 Result: Approved
14-Jan-2021 03:39:53 :: Transaction using WC_Gateway_EBizCharge::RunTransaction
14-Jan-2021 03:39:54 :: RefNum: 2708249313 Result: Approved
14-Jan-2021 05:17:35 :: Transaction using WC_Gateway_EBizCharge::RunTransaction
14-Jan-2021 05:17:36 :: RefNum: 2708336819 Result: Approved
14-Jan-2021 07:15:28 :: Transaction using WC_Gateway_EBizCharge::RunTransaction
14-Jan-2021 07:15:29 :: RefNum: 2708450135 Result: Approved
14-Jan-2021 08:06:30 :: Transaction using WC_Gateway_EBizCharge::RunTransaction
14-Jan-2021 08:06:31 :: RefNum: 2708499600 Result: Approved
15-Jan-2021 04:04:26 :: Transaction using WC_Gateway_EBizCharge::RunTransaction
15-Jan-2021 04:04:29 :: RefNum: 2709268307 Result: Approved
15-Jan-2021 07:26:44 :: RefNum: 2709530888 Result: Approved
18-Jan-2021 10:15:22 :: Transaction using WC_Gateway_EBizCharge::RunTransaction
18-Jan-2021 10:15:24 :: RefNum: 2710889144 Result: Approved
18-Jan-2021 04:21:18 :: Transaction using WC_Gateway_EBizCharge::RunTransaction
18-Jan-2021 04:21:19 :: RefNum: 2711075919 Result: Approved
18-Jan-2021 04:21:20 :: Transaction using WC_Gateway_EBizCharge::RunTransaction
18-Jan-2021 04:21:21 :: RefNum: 2711075939 Result: Approved
18-Jan-2021 08:46:38 :: Transaction using WC_Gateway_EBizCharge::RunTransaction
18-Jan-2021 08:46:39 :: Invalid Card Number (3)(13). RefNum (2711302917) is "Error".
18-Jan-2021 08:47:14 :: Transaction using WC_Gateway_EBizCharge::RunTransaction
18-Jan-2021 08:47:15 :: Invalid card number (14)(15114). RefNum (2711303408) is "Declined".
18-Jan-2021 08:47:40 :: Transaction using WC_Gateway_EBizCharge::RunTransaction
18-Jan-2021 08:47:41 :: Invalid card number (14)(15114). RefNum (2711303745) is "Declined".
18-Jan-2021 08:48:13 :: Transaction using WC_Gateway_EBizCharge::RunTransaction
18-Jan-2021 08:48:14 :: Invalid card number (14)(15114). RefNum (2711304198) is "Declined".
18-Jan-2021 08:48:55 :: Transaction using WC_Gateway_EBizCharge::RunTransaction
18-Jan-2021 08:48:56 :: Invalid card number (14)(15114). RefNum (2711304800) is "Declined".
18-Jan-2021 08:54:23 :: Transaction using WC_Gateway_EBizCharge::RunTransaction
18-Jan-2021 08:54:24 :: Invalid card number (14)(15114). RefNum (2711309307) is "Declined".
01-Feb-2021 03:33:16 :: Transaction using WC_Gateway_EBizCharge::RunTransaction
01-Feb-2021 03:33:18 :: RefNum: 2721024270 Result: Approved
03-Feb-2021 01:55:56 :: Transaction using WC_Gateway_EBizCharge::RunTransaction
03-Feb-2021 01:55:57 :: RefNum: 2722518318 Result: Approved
05-Feb-2021 07:58:49 :: Transaction using WC_Gateway_EBizCharge::RunTransaction
05-Feb-2021 07:59:15 :: RefNum: 2724823808 Result: Approved
05-Feb-2021 11:17:37 :: Transaction using WC_Gateway_EBizCharge::RunTransaction
05-Feb-2021 11:17:37 :: Error: Error: 20000: Source has been blocked
05-Feb-2021 11:18:22 :: Transaction using WC_Gateway_EBizCharge::RunTransaction
05-Feb-2021 11:18:22 :: Error: Error: 20000: Source has been blocked
08-Feb-2021 04:49:36 :: Transaction using WC_Gateway_EBizCharge::RunTransaction
08-Feb-2021 04:49:37 :: Error: Error: 20000: Source has been blocked
08-Feb-2021 04:50:05 :: Transaction using WC_Gateway_EBizCharge::RunTransaction
08-Feb-2021 04:50:06 :: Error: Error: 20000: Source has been blocked
08-Feb-2021 04:50:27 :: Transaction using WC_Gateway_EBizCharge::RunTransaction
08-Feb-2021 04:50:28 :: Error: Error: 20000: Source has been blocked
08-Feb-2021 07:17:04 :: Transaction using WC_Gateway_EBizCharge::RunTransaction
08-Feb-2021 07:17:05 :: Error: Error: 20000: Source has been blocked
08-Feb-2021 07:17:16 :: Transaction using WC_Gateway_EBizCharge::RunTransaction
08-Feb-2021 07:17:17 :: Error: Error: 20000: Source has been blocked
08-Feb-2021 07:17:46 :: Transaction using WC_Gateway_EBizCharge::RunTransaction
08-Feb-2021 07:17:47 :: Error: Error: 20000: Source has been blocked
08-Feb-2021 07:22:16 :: Transaction using WC_Gateway_EBizCharge::RunTransaction
08-Feb-2021 07:22:16 :: Error: Error: 20000: Source has been blocked
08-Feb-2021 07:24:11 :: Transaction using WC_Gateway_EBizCharge::RunTransaction
08-Feb-2021 07:24:11 :: Error: Error: 20000: Source has been blocked
09-Feb-2021 03:58:46 :: Transaction using WC_Gateway_EBizCharge::RunTransaction
09-Feb-2021 03:58:47 :: Error: Error: 20000: Source has been blocked
09-Feb-2021 08:16:21 :: Transaction using WC_Gateway_EBizCharge::RunTransaction
09-Feb-2021 08:16:22 :: Error: Error: 20000: Source has been blocked
09-Feb-2021 08:25:58 :: Transaction using WC_Gateway_EBizCharge::RunTransaction
09-Feb-2021 08:25:58 :: Error: Error: 20000: Source has been blocked
09-Feb-2021 08:26:58 :: Transaction using WC_Gateway_EBizCharge::RunTransaction
09-Feb-2021 08:26:59 :: Error: Error: 20000: Source has been blocked
11-Feb-2021 03:20:08 :: Transaction using WC_Gateway_EBizCharge::RunTransaction
11-Feb-2021 03:20:09 :: Error: Error: 20000: Source has been blocked
11-Feb-2021 03:22:09 :: Transaction using WC_Gateway_EBizCharge::RunTransaction
11-Feb-2021 03:22:10 :: Error: Error: 20000: Source has been blocked
11-Feb-2021 03:22:37 :: Transaction using WC_Gateway_EBizCharge::RunTransaction
11-Feb-2021 03:22:37 :: Error: Error: 20000: Source has been blocked
11-Feb-2021 03:29:11 :: Transaction using WC_Gateway_EBizCharge::RunTransaction
11-Feb-2021 03:29:11 :: Error: Error: 20000: Source has been blocked
11-Feb-2021 06:33:17 :: Transaction using WC_Gateway_EBizCharge::RunTransaction
11-Feb-2021 06:33:18 :: Error: Error: 20000: Source has been blocked
11-Feb-2021 09:18:43 :: Transaction using WC_Gateway_EBizCharge::RunTransaction
11-Feb-2021 09:18:43 :: Error: Error: 20000: Source has been blocked
11-Feb-2021 09:19:23 :: Transaction using WC_Gateway_EBizCharge::RunTransaction
11-Feb-2021 09:19:23 :: Error: Error: 20000: Source has been blocked
11-Feb-2021 09:20:16 :: Transaction using WC_Gateway_EBizCharge::RunTransaction
11-Feb-2021 09:20:16 :: Error: Error: 20000: Source has been blocked
11-Feb-2021 09:21:25 :: Transaction using WC_Gateway_EBizCharge::RunTransaction
11-Feb-2021 09:21:25 :: Error: Error: 20000: Source has been blocked
11-Feb-2021 10:55:04 :: Transaction using WC_Gateway_EBizCharge::RunTransaction
11-Feb-2021 10:55:05 :: RefNum: 2729043632 Result: Approved
12-Feb-2021 07:12:21 :: Transaction using WC_Gateway_EBizCharge::RunTransaction
12-Feb-2021 07:12:22 :: RefNum: 2729202908 Result: Approved
12-Feb-2021 04:05:20 :: Transaction using WC_Gateway_EBizCharge::RunTransaction
12-Feb-2021 04:05:22 :: RefNum: 2729537739 Result: Approved
12-Feb-2021 09:29:23 :: Transaction using WC_Gateway_EBizCharge::RunTransaction
12-Feb-2021 09:29:24 :: RefNum: 2729898580 Result: Approved
13-Feb-2021 01:28:58 :: Transaction using WC_Gateway_EBizCharge::RunTransaction
13-Feb-2021 01:28:59 :: RefNum: 2730065171 Result: Approved
15-Feb-2021 02:10:10 :: Transaction using WC_Gateway_EBizCharge::RunTransaction
15-Feb-2021 02:10:12 :: RefNum: 2731294943 Result: Approved
15-Feb-2021 05:22:40 :: Transaction using WC_Gateway_EBizCharge::RunTransaction
15-Feb-2021 05:22:42 :: RefNum: 2731449838 Result: Approved
15-Feb-2021 06:54:59 :: Transaction using WC_Gateway_EBizCharge::RunTransaction
15-Feb-2021 06:55:00 :: RefNum: 2731525027 Result: Approved
15-Feb-2021 11:11:39 :: Transaction using WC_Gateway_EBizCharge::RunTransaction
15-Feb-2021 11:11:40 :: RefNum: 2731719205 Result: Approved
16-Feb-2021 01:15:32 :: Transaction using WC_Gateway_EBizCharge::RunTransaction
16-Feb-2021 01:15:33 :: RefNum: 2731958830 Result: Approved
22-Feb-2021 03:34:53 :: Transaction using WC_Gateway_EBizCharge::RunTransaction
22-Feb-2021 03:34:55 :: RefNum: 2736110290 Result: Approved
22-Feb-2021 04:13:42 :: Transaction using WC_Gateway_EBizCharge::RunTransaction
22-Feb-2021 04:13:43 :: RefNum: 2736150929 Result: Approved
22-Feb-2021 05:22:11 :: RefNum: 2736225296 Result: Approved
22-Feb-2021 08:45:19 :: Transaction using WC_Gateway_EBizCharge::RunTransaction
22-Feb-2021 08:45:21 :: RefNum: 2736438635 Result: Approved
23-Feb-2021 05:57:02 :: Transaction using WC_Gateway_EBizCharge::RunTransaction
23-Feb-2021 05:57:04 :: Transaction Declined (51)(15151). RefNum (2737069101) is "Declined".
23-Feb-2021 06:00:52 :: Transaction using WC_Gateway_EBizCharge::RunTransaction
23-Feb-2021 06:00:53 :: Transaction using WC_Gateway_EBizCharge::RunTransaction
23-Feb-2021 06:00:53 :: Transaction using WC_Gateway_EBizCharge::RunTransaction
23-Feb-2021 06:00:53 :: Transaction Declined (51)(15151). RefNum (2737072977) is "Declined".
23-Feb-2021 06:00:54 :: Transaction Declined (51)(15151). RefNum (2737072992) is "Declined".
23-Feb-2021 06:00:54 :: Transaction Declined (51)(15151). RefNum (2737072995) is "Declined".
23-Feb-2021 06:00:59 :: Transaction using WC_Gateway_EBizCharge::RunTransaction
23-Feb-2021 06:01:00 :: Transaction using WC_Gateway_EBizCharge::RunTransaction
23-Feb-2021 06:01:00 :: You have tried too many card numbers, please contact merchant.(10106). RefNum (2737073106) is "Error".
23-Feb-2021 06:01:00 :: You have tried too many card numbers, please contact merchant.(10106). RefNum (2737073110) is "Error".
23-Feb-2021 06:01:03 :: Transaction using WC_Gateway_EBizCharge::RunTransaction
23-Feb-2021 06:01:03 :: You have tried too many card numbers, please contact merchant.(10106). RefNum (2737073163) is "Error".
23-Feb-2021 06:01:06 :: Transaction using WC_Gateway_EBizCharge::RunTransaction
23-Feb-2021 06:01:06 :: Transaction using WC_Gateway_EBizCharge::RunTransaction
23-Feb-2021 06:01:07 :: You have tried too many card numbers, please contact merchant.(10106). RefNum (2737073204) is "Error".
23-Feb-2021 06:01:07 :: You have tried too many card numbers, please contact merchant.(10106). RefNum (2737073205) is "Error".
23-Feb-2021 06:01:10 :: Transaction using WC_Gateway_EBizCharge::RunTransaction
23-Feb-2021 06:01:10 :: You have tried too many card numbers, please contact merchant.(10106). RefNum (2737073256) is "Error".
23-Feb-2021 06:01:13 :: Transaction using WC_Gateway_EBizCharge::RunTransaction
23-Feb-2021 06:01:13 :: Transaction using WC_Gateway_EBizCharge::RunTransaction
23-Feb-2021 06:01:14 :: You have tried too many card numbers, please contact merchant.(10106). RefNum (2737073308) is "Error".
23-Feb-2021 06:01:14 :: You have tried too many card numbers, please contact merchant.(10106). RefNum (2737073310) is "Error".
23-Feb-2021 06:01:17 :: Transaction using WC_Gateway_EBizCharge::RunTransaction
23-Feb-2021 06:01:18 :: You have tried too many card numbers, please contact merchant.(10106). RefNum (2737073382) is "Error".
23-Feb-2021 06:01:21 :: Transaction using WC_Gateway_EBizCharge::RunTransaction
23-Feb-2021 06:01:21 :: Transaction using WC_Gateway_EBizCharge::RunTransaction
23-Feb-2021 06:01:22 :: You have tried too many card numbers, please contact merchant.(10106). RefNum (2737073445) is "Error".
23-Feb-2021 06:01:22 :: You have tried too many card numbers, please contact merchant.(10106). RefNum (2737073449) is "Error".
23-Feb-2021 06:01:23 :: Transaction using WC_Gateway_EBizCharge::RunTransaction
23-Feb-2021 06:01:24 :: You have tried too many card numbers, please contact merchant.(10106). RefNum (2737073478) is "Error".
23-Feb-2021 06:01:28 :: Transaction using WC_Gateway_EBizCharge::RunTransaction
23-Feb-2021 06:01:28 :: You have tried too many card numbers, please contact merchant.(10106). RefNum (2737073570) is "Error".
23-Feb-2021 06:01:28 :: Transaction using WC_Gateway_EBizCharge::RunTransaction
23-Feb-2021 06:01:29 :: You have tried too many card numbers, please contact merchant.(10106). RefNum (2737073579) is "Error".
23-Feb-2021 06:01:30 :: Transaction using WC_Gateway_EBizCharge::RunTransaction
23-Feb-2021 06:01:31 :: You have tried too many card numbers, please contact merchant.(10106). RefNum (2737073600) is "Error".
23-Feb-2021 06:01:34 :: Transaction using WC_Gateway_EBizCharge::RunTransaction
23-Feb-2021 06:01:34 :: You have tried too many card numbers, please contact merchant.(10106). RefNum (2737073668) is "Error".
23-Feb-2021 06:01:34 :: Transaction using WC_Gateway_EBizCharge::RunTransaction
23-Feb-2021 06:01:35 :: You have tried too many card numbers, please contact merchant.(10106). RefNum (2737073680) is "Error".
23-Feb-2021 06:01:37 :: Transaction using WC_Gateway_EBizCharge::RunTransaction
23-Feb-2021 06:01:37 :: You have tried too many card numbers, please contact merchant.(10106). RefNum (2737073715) is "Error".
23-Feb-2021 06:01:42 :: Transaction using WC_Gateway_EBizCharge::RunTransaction
23-Feb-2021 06:01:43 :: You have tried too many card numbers, please contact merchant.(10106). RefNum (2737073795) is "Error".
23-Feb-2021 06:01:43 :: Transaction using WC_Gateway_EBizCharge::RunTransaction
23-Feb-2021 06:01:44 :: Transaction using WC_Gateway_EBizCharge::RunTransaction
23-Feb-2021 06:01:44 :: You have tried too many card numbers, please contact merchant.(10106). RefNum (2737073813) is "Error".
23-Feb-2021 06:01:44 :: You have tried too many card numbers, please contact merchant.(10106). RefNum (2737073821) is "Error".
23-Feb-2021 06:01:49 :: Transaction using WC_Gateway_EBizCharge::RunTransaction
23-Feb-2021 06:01:50 :: Transaction using WC_Gateway_EBizCharge::RunTransaction
23-Feb-2021 06:01:50 :: Transaction using WC_Gateway_EBizCharge::RunTransaction
23-Feb-2021 06:01:50 :: You have tried too many card numbers, please contact merchant.(10106). RefNum (2737073920) is "Error".
23-Feb-2021 06:01:50 :: You have tried too many card numbers, please contact merchant.(10106). RefNum (2737073926) is "Error".
23-Feb-2021 06:01:51 :: You have tried too many card numbers, please contact merchant.(10106). RefNum (2737073932) is "Error".
23-Feb-2021 06:01:56 :: Transaction using WC_Gateway_EBizCharge::RunTransaction
23-Feb-2021 06:01:56 :: Transaction using WC_Gateway_EBizCharge::RunTransaction
23-Feb-2021 06:01:57 :: You have tried too many card numbers, please contact merchant.(10106). RefNum (2737074026) is "Error".
23-Feb-2021 06:01:57 :: You have tried too many card numbers, please contact merchant.(10106). RefNum (2737074025) is "Error".
23-Feb-2021 06:01:59 :: Transaction using WC_Gateway_EBizCharge::RunTransaction
23-Feb-2021 06:01:59 :: You have tried too many card numbers, please contact merchant.(10106). RefNum (2737074065) is "Error".
23-Feb-2021 06:02:00 :: Transaction using WC_Gateway_EBizCharge::RunTransaction
23-Feb-2021 06:02:00 :: You have tried too many card numbers, please contact merchant.(10106). RefNum (2737074082) is "Error".
23-Feb-2021 06:02:03 :: Transaction using WC_Gateway_EBizCharge::RunTransaction
23-Feb-2021 06:02:04 :: You have tried too many card numbers, please contact merchant.(10106). RefNum (2737074144) is "Error".
23-Feb-2021 06:02:04 :: Transaction using WC_Gateway_EBizCharge::RunTransaction
23-Feb-2021 06:02:05 :: You have tried too many card numbers, please contact merchant.(10106). RefNum (2737074162) is "Error".
23-Feb-2021 06:02:06 :: Transaction using WC_Gateway_EBizCharge::RunTransaction
23-Feb-2021 06:02:07 :: You have tried too many card numbers, please contact merchant.(10106). RefNum (2737074196) is "Error".
23-Feb-2021 06:02:09 :: Transaction using WC_Gateway_EBizCharge::RunTransaction
23-Feb-2021 06:02:10 :: You have tried too many card numbers, please contact merchant.(10106). RefNum (2737074257) is "Error".
23-Feb-2021 06:02:11 :: Transaction using WC_Gateway_EBizCharge::RunTransaction
23-Feb-2021 06:02:12 :: You have tried too many card numbers, please contact merchant.(10106). RefNum (2737074299) is "Error".
23-Feb-2021 06:02:13 :: Transaction using WC_Gateway_EBizCharge::RunTransaction
23-Feb-2021 06:02:14 :: You have tried too many card numbers, please contact merchant.(10106). RefNum (2737074342) is "Error".
23-Feb-2021 06:02:17 :: Transaction using WC_Gateway_EBizCharge::RunTransaction
23-Feb-2021 06:02:17 :: Transaction using WC_Gateway_EBizCharge::RunTransaction
23-Feb-2021 06:02:18 :: You have tried too many card numbers, please contact merchant.(10106). RefNum (2737074405) is "Error".
23-Feb-2021 06:02:18 :: You have tried too many card numbers, please contact merchant.(10106). RefNum (2737074408) is "Error".
23-Feb-2021 06:02:22 :: Transaction using WC_Gateway_EBizCharge::RunTransaction
23-Feb-2021 06:02:23 :: You have tried too many card numbers, please contact merchant.(10106). RefNum (2737074483) is "Error".
23-Feb-2021 06:02:24 :: Transaction using WC_Gateway_EBizCharge::RunTransaction
23-Feb-2021 06:02:24 :: Transaction using WC_Gateway_EBizCharge::RunTransaction
23-Feb-2021 06:02:24 :: You have tried too many card numbers, please contact merchant.(10106). RefNum (2737074507) is "Error".
23-Feb-2021 06:02:24 :: You have tried too many card numbers, please contact merchant.(10106). RefNum (2737074508) is "Error".
23-Feb-2021 06:02:28 :: Transaction using WC_Gateway_EBizCharge::RunTransaction
23-Feb-2021 06:02:29 :: You have tried too many card numbers, please contact merchant.(10106). RefNum (2737074590) is "Error".
23-Feb-2021 06:02:31 :: Transaction using WC_Gateway_EBizCharge::RunTransaction
23-Feb-2021 06:02:31 :: Transaction using WC_Gateway_EBizCharge::RunTransaction
23-Feb-2021 06:02:32 :: You have tried too many card numbers, please contact merchant.(10106). RefNum (2737074638) is "Error".
23-Feb-2021 06:02:32 :: You have tried too many card numbers, please contact merchant.(10106). RefNum (2737074645) is "Error".
23-Feb-2021 06:02:36 :: Transaction using WC_Gateway_EBizCharge::RunTransaction
23-Feb-2021 06:02:36 :: You have tried too many card numbers, please contact merchant.(10106). RefNum (2737074713) is "Error".
23-Feb-2021 06:02:39 :: Transaction using WC_Gateway_EBizCharge::RunTransaction
23-Feb-2021 06:02:39 :: You have tried too many card numbers, please contact merchant.(10106). RefNum (2737074762) is "Error".
23-Feb-2021 06:02:40 :: Transaction using WC_Gateway_EBizCharge::RunTransaction
23-Feb-2021 06:02:40 :: You have tried too many card numbers, please contact merchant.(10106). RefNum (2737074781) is "Error".
23-Feb-2021 06:02:43 :: Transaction using WC_Gateway_EBizCharge::RunTransaction
23-Feb-2021 06:02:43 :: You have tried too many card numbers, please contact merchant.(10106). RefNum (2737074830) is "Error".
23-Feb-2021 06:02:45 :: Transaction using WC_Gateway_EBizCharge::RunTransaction
23-Feb-2021 06:02:46 :: You have tried too many card numbers, please contact merchant.(10106). RefNum (2737074868) is "Error".
23-Feb-2021 06:02:46 :: Transaction using WC_Gateway_EBizCharge::RunTransaction
23-Feb-2021 06:02:46 :: You have tried too many card numbers, please contact merchant.(10106). RefNum (2737074883) is "Error".
23-Feb-2021 06:02:49 :: Transaction using WC_Gateway_EBizCharge::RunTransaction
23-Feb-2021 06:02:49 :: You have tried too many card numbers, please contact merchant.(10106). RefNum (2737074919) is "Error".
23-Feb-2021 06:02:51 :: Transaction using WC_Gateway_EBizCharge::RunTransaction
23-Feb-2021 06:02:52 :: You have tried too many card numbers, please contact merchant.(10106). RefNum (2737074962) is "Error".
23-Feb-2021 06:02:52 :: Transaction using WC_Gateway_EBizCharge::RunTransaction
23-Feb-2021 06:02:53 :: You have tried too many card numbers, please contact merchant.(10106). RefNum (2737074980) is "Error".
23-Feb-2021 06:02:57 :: Transaction using WC_Gateway_EBizCharge::RunTransaction
23-Feb-2021 06:02:57 :: You have tried too many card numbers, please contact merchant.(10106). RefNum (2737075061) is "Error".
23-Feb-2021 06:02:58 :: Transaction using WC_Gateway_EBizCharge::RunTransaction
23-Feb-2021 06:02:58 :: Transaction using WC_Gateway_EBizCharge::RunTransaction
23-Feb-2021 06:02:59 :: You have tried too many card numbers, please contact merchant.(10106). RefNum (2737075083) is "Error".
23-Feb-2021 06:02:59 :: You have tried too many card numbers, please contact merchant.(10106). RefNum (2737075093) is "Error".
23-Feb-2021 06:03:04 :: Transaction using WC_Gateway_EBizCharge::RunTransaction
23-Feb-2021 06:03:04 :: You have tried too many card numbers, please contact merchant.(10106). RefNum (2737075171) is "Error".
23-Feb-2021 06:03:04 :: Transaction using WC_Gateway_EBizCharge::RunTransaction
23-Feb-2021 06:03:05 :: You have tried too many card numbers, please contact merchant.(10106). RefNum (2737075182) is "Error".
23-Feb-2021 06:03:05 :: Transaction using WC_Gateway_EBizCharge::RunTransaction
23-Feb-2021 06:03:06 :: You have tried too many card numbers, please contact merchant.(10106). RefNum (2737075195) is "Error".
23-Feb-2021 06:03:11 :: Transaction using WC_Gateway_EBizCharge::RunTransaction
23-Feb-2021 06:03:12 :: Transaction using WC_Gateway_EBizCharge::RunTransaction
23-Feb-2021 06:03:12 :: You have tried too many card numbers, please contact merchant.(10106). RefNum (2737075310) is "Error".
23-Feb-2021 06:03:12 :: You have tried too many card numbers, please contact merchant.(10106). RefNum (2737075313) is "Error".
23-Feb-2021 06:03:14 :: Transaction using WC_Gateway_EBizCharge::RunTransaction
23-Feb-2021 06:03:14 :: You have tried too many card numbers, please contact merchant.(10106). RefNum (2737075339) is "Error".
23-Feb-2021 06:03:18 :: Transaction using WC_Gateway_EBizCharge::RunTransaction
23-Feb-2021 06:03:19 :: You have tried too many card numbers, please contact merchant.(10106). RefNum (2737075417) is "Error".
23-Feb-2021 06:03:19 :: Transaction using WC_Gateway_EBizCharge::RunTransaction
23-Feb-2021 06:03:20 :: Transaction using WC_Gateway_EBizCharge::RunTransaction
23-Feb-2021 06:03:20 :: You have tried too many card numbers, please contact merchant.(10106). RefNum (2737075434) is "Error".
23-Feb-2021 06:03:20 :: You have tried too many card numbers, please contact merchant.(10106). RefNum (2737075441) is "Error".
23-Feb-2021 06:03:25 :: Transaction using WC_Gateway_EBizCharge::RunTransaction
23-Feb-2021 06:03:25 :: You have tried too many card numbers, please contact merchant.(10106). RefNum (2737075511) is "Error".
23-Feb-2021 06:03:25 :: Transaction using WC_Gateway_EBizCharge::RunTransaction
23-Feb-2021 06:03:26 :: Transaction using WC_Gateway_EBizCharge::RunTransaction
23-Feb-2021 06:03:26 :: You have tried too many card numbers, please contact merchant.(10106). RefNum (2737075526) is "Error".
23-Feb-2021 06:03:26 :: You have tried too many card numbers, please contact merchant.(10106). RefNum (2737075535) is "Error".
23-Feb-2021 06:03:32 :: Transaction using WC_Gateway_EBizCharge::RunTransaction
23-Feb-2021 06:03:32 :: Transaction using WC_Gateway_EBizCharge::RunTransaction
23-Feb-2021 06:03:32 :: Transaction using WC_Gateway_EBizCharge::RunTransaction
23-Feb-2021 06:03:33 :: You have tried too many card numbers, please contact merchant.(10106). RefNum (2737075637) is "Error".
23-Feb-2021 06:03:33 :: You have tried too many card numbers, please contact merchant.(10106). RefNum (2737075643) is "Error".
23-Feb-2021 06:03:33 :: You have tried too many card numbers, please contact merchant.(10106). RefNum (2737075647) is "Error".
23-Feb-2021 06:03:36 :: Transaction using WC_Gateway_EBizCharge::RunTransaction
23-Feb-2021 06:03:37 :: You have tried too many card numbers, please contact merchant.(10106). RefNum (2737075713) is "Error".
23-Feb-2021 06:03:38 :: Transaction using WC_Gateway_EBizCharge::RunTransaction
23-Feb-2021 06:03:39 :: You have tried too many card numbers, please contact merchant.(10106). RefNum (2737075749) is "Error".
23-Feb-2021 06:03:40 :: Transaction using WC_Gateway_EBizCharge::RunTransaction
23-Feb-2021 06:03:40 :: You have tried too many card numbers, please contact merchant.(10106). RefNum (2737075774) is "Error".
23-Feb-2021 06:03:43 :: Transaction using WC_Gateway_EBizCharge::RunTransaction
23-Feb-2021 06:03:44 :: You have tried too many card numbers, please contact merchant.(10106). RefNum (2737075829) is "Error".
23-Feb-2021 06:03:46 :: Transaction using WC_Gateway_EBizCharge::RunTransaction
23-Feb-2021 06:03:46 :: You have tried too many card numbers, please contact merchant.(10106). RefNum (2737075862) is "Error".
23-Feb-2021 07:02:03 :: Transaction using WC_Gateway_EBizCharge::RunTransaction
23-Feb-2021 07:02:04 :: CVV2 Declined (C2)(15434). RefNum (2737134165) is "Declined".
23-Feb-2021 07:02:34 :: Transaction using WC_Gateway_EBizCharge::RunTransaction
23-Feb-2021 07:02:35 :: CVV2 Declined (C2)(15434). RefNum (2737134790) is "Declined".
23-Feb-2021 07:02:44 :: Transaction using WC_Gateway_EBizCharge::RunTransaction
23-Feb-2021 07:02:45 :: CVV2 Declined (C2)(15434). RefNum (2737134963) is "Declined".
23-Feb-2021 07:03:00 :: Transaction using WC_Gateway_EBizCharge::RunTransaction
23-Feb-2021 07:03:00 :: You have tried this card too many times, please contact merchant.(10160). RefNum (2737135256) is "Error".
23-Feb-2021 07:04:18 :: Transaction using WC_Gateway_EBizCharge::RunTransaction
23-Feb-2021 07:04:18 :: You have tried this card too many times, please contact merchant.(10160). RefNum (2737136626) is "Error".
23-Feb-2021 07:10:47 :: Transaction using WC_Gateway_EBizCharge::RunTransaction
23-Feb-2021 07:10:48 :: You have tried this card too many times, please contact merchant.(10160). RefNum (2737143348) is "Error".
23-Feb-2021 07:26:34 :: Transaction using WC_Gateway_EBizCharge::RunTransaction
23-Feb-2021 07:26:34 :: You have tried this card too many times, please contact merchant.(10160). RefNum (2737159349) is "Error".
23-Feb-2021 07:57:44 :: Transaction using WC_Gateway_EBizCharge::RunTransaction
23-Feb-2021 07:57:46 :: RefNum: 2737189546 Result: Approved
23-Feb-2021 10:00:52 :: Transaction using WC_Gateway_EBizCharge::RunTransaction
23-Feb-2021 10:00:53 :: RefNum: 2737299714 Result: Approved
24-Feb-2021 05:58:24 :: Transaction using WC_Gateway_EBizCharge::RunTransaction
24-Feb-2021 05:58:26 :: RefNum: 2737844274 Result: Approved
24-Feb-2021 06:39:59 :: Transaction using WC_Gateway_EBizCharge::RunTransaction
24-Feb-2021 06:40:01 :: RefNum: 2737885187 Result: Approved
25-Feb-2021 05:02:05 :: Transaction using WC_Gateway_EBizCharge::RunTransaction
25-Feb-2021 05:02:07 :: RefNum: 2738679932 Result: Approved
25-Feb-2021 05:15:54 :: Transaction using WC_Gateway_EBizCharge::RunTransaction
25-Feb-2021 05:15:55 :: RefNum: 2738696222 Result: Approved
27-Feb-2021 09:11:46 :: Transaction using WC_Gateway_EBizCharge::RunTransaction
27-Feb-2021 09:11:48 :: RefNum: 2740692785 Result: Approved
28-Feb-2021 06:56:37 :: Transaction using WC_Gateway_EBizCharge::RunTransaction
28-Feb-2021 06:56:39 :: RefNum: 2741330106 Result: Approved
01-Mar-2021 02:24:17 :: Transaction using WC_Gateway_EBizCharge::RunTransaction
01-Mar-2021 02:24:19 :: RefNum: 2741987735 Result: Approved
01-Mar-2021 03:43:55 :: Transaction using WC_Gateway_EBizCharge::RunTransaction
01-Mar-2021 03:43:56 :: RefNum: 2742097518 Result: Approved
01-Mar-2021 04:30:09 :: Transaction using WC_Gateway_EBizCharge::RunTransaction
01-Mar-2021 04:30:11 :: RefNum: 2742164467 Result: Approved
02-Mar-2021 07:22:40 :: Transaction using WC_Gateway_EBizCharge::RunTransaction
02-Mar-2021 07:22:42 :: RefNum: 2743442446 Result: Approved
03-Mar-2021 01:28:51 :: Transaction using WC_Gateway_EBizCharge::RunTransaction
03-Mar-2021 01:28:52 :: RefNum: 2743987166 Result: Approved
03-Mar-2021 05:39:34 :: Transaction using WC_Gateway_EBizCharge::RunTransaction
03-Mar-2021 05:39:35 :: RefNum: 2744248357 Result: Approved
04-Mar-2021 06:25:21 :: Transaction using WC_Gateway_EBizCharge::RunTransaction
04-Mar-2021 06:25:23 :: RefNum: 2745172243 Result: Approved
04-Mar-2021 07:40:27 :: Transaction using WC_Gateway_EBizCharge::RunTransaction
04-Mar-2021 07:40:29 :: RefNum: 2745251680 Result: Approved
04-Mar-2021 08:00:51 :: Transaction using WC_Gateway_EBizCharge::RunTransaction
04-Mar-2021 08:00:53 :: RefNum: 2745272682 Result: Approved
04-Mar-2021 09:30:38 :: Transaction using WC_Gateway_EBizCharge::RunTransaction
04-Mar-2021 09:30:39 :: RefNum: 2745358820 Result: Approved
06-Mar-2021 04:33:21 :: Transaction using WC_Gateway_EBizCharge::RunTransaction
06-Mar-2021 04:33:23 :: RefNum: 2746737173 Result: Approved
08-Mar-2021 05:53:58 :: Transaction using WC_Gateway_EBizCharge::RunTransaction
08-Mar-2021 05:54:00 :: RefNum: 2748093615 Result: Approved
09-Mar-2021 05:39:46 :: Transaction using WC_Gateway_EBizCharge::RunTransaction
09-Mar-2021 05:39:48 :: RefNum: 2748913615 Result: Approved
09-Mar-2021 06:07:53 :: Transaction using WC_Gateway_EBizCharge::RunTransaction
09-Mar-2021 06:07:55 :: RefNum: 2748942041 Result: Approved
10-Mar-2021 02:04:41 :: Transaction using WC_Gateway_EBizCharge::RunTransaction
10-Mar-2021 02:04:42 :: RefNum: 2749316104 Result: Approved
10-Mar-2021 07:30:48 :: Transaction using WC_Gateway_EBizCharge::RunTransaction
10-Mar-2021 07:30:50 :: RefNum: 2749835385 Result: Approved
11-Mar-2021 02:26:31 :: Transaction using WC_Gateway_EBizCharge::RunTransaction
11-Mar-2021 02:26:32 :: RefNum: 2750134926 Result: Approved
11-Mar-2021 08:18:09 :: Transaction using WC_Gateway_EBizCharge::RunTransaction
11-Mar-2021 08:18:10 :: RefNum: 2750206868 Result: Approved
11-Mar-2021 08:20:51 :: Transaction using WC_Gateway_EBizCharge::RunTransaction
11-Mar-2021 08:20:52 :: RefNum: 2750207214 Result: Approved
11-Mar-2021 02:26:10 :: Transaction using WC_Gateway_EBizCharge::RunTransaction
11-Mar-2021 02:26:11 :: RefNum: 2750318548 Result: Approved
11-Mar-2021 05:56:34 :: Transaction using WC_Gateway_EBizCharge::RunTransaction
11-Mar-2021 05:56:35 :: RefNum: 2750513728 Result: Approved
11-Mar-2021 07:26:06 :: RefNum: 2750615786 Result: Approved
11-Mar-2021 07:27:01 :: RefNum: 2750616728 Result: Approved
12-Mar-2021 01:16:42 :: Transaction using WC_Gateway_EBizCharge::RunTransaction
12-Mar-2021 01:16:43 :: RefNum: 2750895384 Result: Approved
12-Mar-2021 03:27:43 :: Transaction using WC_Gateway_EBizCharge::RunTransaction
12-Mar-2021 03:27:45 :: RefNum: 2751309092 Result: Approved
14-Mar-2021 04:26:53 :: Transaction using WC_Gateway_EBizCharge::RunTransaction
14-Mar-2021 04:26:54 :: RefNum: 2752546804 Result: Approved
14-Mar-2021 06:56:58 :: Transaction using WC_Gateway_EBizCharge::RunTransaction
14-Mar-2021 06:56:59 :: RefNum: 2752747053 Result: Approved
15-Mar-2021 06:32:27 :: Transaction using WC_Gateway_EBizCharge::RunTransaction
15-Mar-2021 06:32:28 :: RefNum: 2753680710 Result: Approved
16-Mar-2021 01:23:06 :: Transaction using WC_Gateway_EBizCharge::RunTransaction
16-Mar-2021 01:23:08 :: RefNum: 2754026711 Result: Approved
16-Mar-2021 03:34:37 :: Transaction using WC_Gateway_EBizCharge::RunTransaction
16-Mar-2021 03:34:39 :: RefNum: 2754384188 Result: Approved
16-Mar-2021 04:37:50 :: Transaction using WC_Gateway_EBizCharge::RunTransaction
16-Mar-2021 04:37:51 :: RefNum: 2754451616 Result: Approved
16-Mar-2021 09:03:45 :: Transaction using WC_Gateway_EBizCharge::RunTransaction
16-Mar-2021 09:03:46 :: Invalid Card Number (3)(13). RefNum (2754741738) is "Error".
16-Mar-2021 09:05:51 :: Transaction using WC_Gateway_EBizCharge::RunTransaction
16-Mar-2021 09:05:53 :: RefNum: 2754743601 Result: Approved
17-Mar-2021 01:14:42 :: RefNum: 2755172400 Result: Approved
18-Mar-2021 04:54:49 :: Transaction using WC_Gateway_EBizCharge::RunTransaction
18-Mar-2021 04:54:51 :: RefNum: 2756390892 Result: Approved
18-Mar-2021 09:49:54 :: Transaction using WC_Gateway_EBizCharge::RunTransaction
18-Mar-2021 09:49:55 :: RefNum: 2756708276 Result: Approved
18-Mar-2021 11:10:16 :: Transaction using WC_Gateway_EBizCharge::RunTransaction
18-Mar-2021 11:10:17 :: RefNum: 2756770487 Result: Approved
19-Mar-2021 04:42:24 :: Transaction using WC_Gateway_EBizCharge::RunTransaction
19-Mar-2021 04:42:25 :: RefNum: 2757407911 Result: Approved
20-Mar-2021 12:38:08 :: Transaction using WC_Gateway_EBizCharge::RunTransaction
20-Mar-2021 12:38:09 :: RefNum: 2757906787 Result: Approved
22-Mar-2021 01:51:05 :: Transaction using WC_Gateway_EBizCharge::RunTransaction
22-Mar-2021 01:51:06 :: RefNum: 2759418090 Result: Approved
22-Mar-2021 05:26:48 :: Transaction using WC_Gateway_EBizCharge::RunTransaction
22-Mar-2021 05:26:49 :: RefNum: 2759652771 Result: Approved
22-Mar-2021 07:24:35 :: Transaction using WC_Gateway_EBizCharge::RunTransaction
22-Mar-2021 07:24:36 :: RefNum: 2759793854 Result: Approved
23-Mar-2021 02:07:49 :: Transaction using WC_Gateway_EBizCharge::RunTransaction
23-Mar-2021 02:07:51 :: RefNum: 2760338286 Result: Approved
23-Mar-2021 05:06:47 :: Transaction using WC_Gateway_EBizCharge::RunTransaction
23-Mar-2021 05:06:48 :: RefNum: 2760562701 Result: Approved
23-Mar-2021 05:49:17 :: RefNum: 2760610962 Result: Approved
23-Mar-2021 06:42:35 :: Transaction using WC_Gateway_EBizCharge::RunTransaction
23-Mar-2021 06:42:36 :: RefNum: 2760672537 Result: Approved
24-Mar-2021 03:31:01 :: Transaction using WC_Gateway_EBizCharge::RunTransaction
24-Mar-2021 03:31:03 :: RefNum: 2761300341 Result: Approved
24-Mar-2021 03:34:33 :: Transaction using WC_Gateway_EBizCharge::RunTransaction
24-Mar-2021 03:34:34 :: RefNum: 2761303742 Result: Approved
25-Mar-2021 03:25:35 :: Transaction using WC_Gateway_EBizCharge::RunTransaction
25-Mar-2021 03:25:36 :: RefNum: 2761869447 Result: Approved
25-Mar-2021 01:21:59 :: Transaction using WC_Gateway_EBizCharge::RunTransaction
25-Mar-2021 01:22:02 :: RefNum: 2762123138 Result: Approved
25-Mar-2021 01:58:53 :: Transaction using WC_Gateway_EBizCharge::RunTransaction
25-Mar-2021 01:58:54 :: RefNum: 2762155799 Result: Approved
25-Mar-2021 05:46:58 :: Transaction using WC_Gateway_EBizCharge::RunTransaction
25-Mar-2021 05:47:00 :: RefNum: 2762421961 Result: Approved
25-Mar-2021 06:54:57 :: Transaction using WC_Gateway_EBizCharge::RunTransaction
25-Mar-2021 06:54:58 :: RefNum: 2762503353 Result: Approved
26-Mar-2021 03:19:36 :: Transaction using WC_Gateway_EBizCharge::RunTransaction
26-Mar-2021 03:19:37 :: RefNum: 2763227914 Result: Approved
26-Mar-2021 10:35:21 :: Transaction using WC_Gateway_EBizCharge::RunTransaction
26-Mar-2021 10:35:22 :: RefNum: 2763710825 Result: Approved
27-Mar-2021 02:15:37 :: Transaction using WC_Gateway_EBizCharge::RunTransaction
27-Mar-2021 02:15:38 :: RefNum: 2764049351 Result: Approved
29-Mar-2021 06:47:19 :: Transaction using WC_Gateway_EBizCharge::RunTransaction
29-Mar-2021 06:47:21 :: RefNum: 2765032986 Result: Approved
29-Mar-2021 02:35:29 :: Transaction using WC_Gateway_EBizCharge::RunTransaction
29-Mar-2021 02:35:30 :: RefNum: 2765230369 Result: Approved
29-Mar-2021 07:22:48 :: Transaction using WC_Gateway_EBizCharge::RunTransaction
29-Mar-2021 07:22:49 :: RefNum: 2765521774 Result: Approved
30-Mar-2021 12:54:43 :: Transaction using WC_Gateway_EBizCharge::RunTransaction
30-Mar-2021 12:54:45 :: RefNum: 2765960233 Result: Approved
30-Mar-2021 03:21:36 :: Transaction using WC_Gateway_EBizCharge::RunTransaction
30-Mar-2021 03:21:37 :: RefNum: 2766076070 Result: Approved
31-Mar-2021 12:32:48 :: Transaction using WC_Gateway_EBizCharge::RunTransaction
31-Mar-2021 12:32:49 :: RefNum: 2766900742 Result: Approved
31-Mar-2021 02:35:08 :: Transaction using WC_Gateway_EBizCharge::RunTransaction
31-Mar-2021 02:35:10 :: RefNum: 2767052005 Result: Approved
31-Mar-2021 05:39:05 :: Transaction using WC_Gateway_EBizCharge::RunTransaction
31-Mar-2021 05:39:07 :: RefNum: 2767254361 Result: Approved
01-Apr-2021 02:24:51 :: Transaction using WC_Gateway_EBizCharge::RunTransaction
01-Apr-2021 02:24:52 :: RefNum: 2768072610 Result: Approved
01-Apr-2021 07:46:10 :: Transaction using WC_Gateway_EBizCharge::RunTransaction
01-Apr-2021 07:46:12 :: RefNum: 2768505661 Result: Approved
02-Apr-2021 03:44:14 :: Transaction using WC_Gateway_EBizCharge::RunTransaction
02-Apr-2021 03:44:16 :: RefNum: 2768936458 Result: Approved
02-Apr-2021 03:32:27 :: Transaction using WC_Gateway_EBizCharge::RunTransaction
02-Apr-2021 03:32:28 :: RefNum: 2769382234 Result: Approved
02-Apr-2021 03:40:30 :: Transaction using WC_Gateway_EBizCharge::RunTransaction
02-Apr-2021 03:40:32 :: RefNum: 2769392181 Result: Approved
02-Apr-2021 06:40:52 :: Transaction using WC_Gateway_EBizCharge::RunTransaction
02-Apr-2021 06:40:53 :: RefNum: 2769598864 Result: Approved
03-Apr-2021 10:27:58 :: Transaction using WC_Gateway_EBizCharge::RunTransaction
03-Apr-2021 10:28:00 :: RefNum: 2770384744 Result: Approved
05-Apr-2021 01:44:26 :: Transaction using WC_Gateway_EBizCharge::RunTransaction
05-Apr-2021 01:44:28 :: RefNum: 2771065210 Result: Approved
05-Apr-2021 05:29:39 :: Transaction using WC_Gateway_EBizCharge::RunTransaction
05-Apr-2021 05:29:40 :: RefNum: 2771323995 Result: Approved
06-Apr-2021 02:07:14 :: Transaction using WC_Gateway_EBizCharge::RunTransaction
06-Apr-2021 02:07:16 :: RefNum: 2772071049 Result: Approved
06-Apr-2021 02:42:03 :: Transaction using WC_Gateway_EBizCharge::RunTransaction
06-Apr-2021 02:42:04 :: RefNum: 2772105973 Result: Approved
06-Apr-2021 03:32:54 :: Transaction using WC_Gateway_EBizCharge::RunTransaction
06-Apr-2021 03:32:55 :: RefNum: 2772156731 Result: Approved
06-Apr-2021 08:01:45 :: Transaction using WC_Gateway_EBizCharge::RunTransaction
06-Apr-2021 08:01:46 :: RefNum: 2772437401 Result: Approved
06-Apr-2021 08:22:55 :: Transaction using WC_Gateway_EBizCharge::RunTransaction
06-Apr-2021 08:22:56 :: Transaction Declined (51)(15151). RefNum (2772458160) is "Declined".
06-Apr-2021 08:23:43 :: Transaction using WC_Gateway_EBizCharge::RunTransaction
06-Apr-2021 08:23:44 :: Transaction Declined (51)(15151). RefNum (2772458911) is "Declined".
07-Apr-2021 05:32:36 :: Transaction using WC_Gateway_EBizCharge::RunTransaction
07-Apr-2021 05:32:38 :: RefNum: 2773141787 Result: Approved
07-Apr-2021 08:31:45 :: Transaction using WC_Gateway_EBizCharge::RunTransaction
07-Apr-2021 08:31:46 :: RefNum: 2773337970 Result: Approved
08-Apr-2021 04:51:42 :: Transaction using WC_Gateway_EBizCharge::RunTransaction
08-Apr-2021 04:51:43 :: RefNum: 2774030485 Result: Approved
08-Apr-2021 05:05:03 :: Transaction using WC_Gateway_EBizCharge::RunTransaction
08-Apr-2021 05:05:04 :: RefNum: 2774044836 Result: Approved
08-Apr-2021 05:27:17 :: Transaction using WC_Gateway_EBizCharge::RunTransaction
08-Apr-2021 05:27:18 :: RefNum: 2774067946 Result: Approved
08-Apr-2021 05:36:50 :: Transaction using WC_Gateway_EBizCharge::RunTransaction
08-Apr-2021 05:36:52 :: RefNum: 2774078290 Result: Approved
08-Apr-2021 07:06:53 :: Transaction using WC_Gateway_EBizCharge::RunTransaction
08-Apr-2021 07:06:54 :: RefNum: 2774174910 Result: Approved
08-Apr-2021 10:57:59 :: Transaction using WC_Gateway_EBizCharge::RunTransaction
08-Apr-2021 10:58:00 :: RefNum: 2774387698 Result: Approved
09-Apr-2021 06:23:25 :: Transaction using WC_Gateway_EBizCharge::RunTransaction
09-Apr-2021 06:23:27 :: RefNum: 2775085416 Result: Approved
10-Apr-2021 08:51:57 :: Transaction using WC_Gateway_EBizCharge::RunTransaction
10-Apr-2021 08:51:59 :: RefNum: 2775920872 Result: Approved
12-Apr-2021 01:23:10 :: Transaction using WC_Gateway_EBizCharge::RunTransaction
12-Apr-2021 01:23:12 :: RefNum: 2776723197 Result: Approved
12-Apr-2021 05:11:49 :: Transaction using WC_Gateway_EBizCharge::RunTransaction
12-Apr-2021 05:11:50 :: RefNum: 2776953681 Result: Approved
12-Apr-2021 07:20:14 :: Transaction using WC_Gateway_EBizCharge::RunTransaction
12-Apr-2021 07:20:15 :: RefNum: 2777102503 Result: Approved
12-Apr-2021 08:41:04 :: Transaction using WC_Gateway_EBizCharge::RunTransaction
12-Apr-2021 08:41:06 :: RefNum: 2777190175 Result: Approved
13-Apr-2021 02:39:11 :: Transaction using WC_Gateway_EBizCharge::RunTransaction
13-Apr-2021 02:39:13 :: RefNum: 2777672388 Result: Approved
13-Apr-2021 07:31:20 :: Transaction using WC_Gateway_EBizCharge::RunTransaction
13-Apr-2021 07:31:21 :: RefNum: 2777971294 Result: Approved
14-Apr-2021 01:52:54 :: Transaction using WC_Gateway_EBizCharge::RunTransaction
14-Apr-2021 01:52:55 :: RefNum: 2778458909 Result: Approved
14-Apr-2021 03:44:28 :: Transaction using WC_Gateway_EBizCharge::RunTransaction
14-Apr-2021 03:44:30 :: RefNum: 2778556979 Result: Approved
14-Apr-2021 03:52:39 :: Transaction using WC_Gateway_EBizCharge::RunTransaction
14-Apr-2021 03:52:40 :: RefNum: 2778564749 Result: Approved
14-Apr-2021 05:17:18 :: Transaction using WC_Gateway_EBizCharge::RunTransaction
14-Apr-2021 05:17:19 :: RefNum: 2778648420 Result: Approved
14-Apr-2021 06:17:37 :: Transaction using WC_Gateway_EBizCharge::RunTransaction
14-Apr-2021 06:17:38 :: RefNum: 2778710692 Result: Approved
14-Apr-2021 06:30:16 :: Transaction using WC_Gateway_EBizCharge::RunTransaction
14-Apr-2021 06:30:17 :: RefNum: 2778724441 Result: Approved
14-Apr-2021 07:22:27 :: Transaction using WC_Gateway_EBizCharge::RunTransaction
14-Apr-2021 07:22:28 :: Card expired (54)(15154). RefNum (2778777804) is "Declined".
14-Apr-2021 07:23:58 :: Transaction using WC_Gateway_EBizCharge::RunTransaction
14-Apr-2021 07:23:59 :: RefNum: 2778779188 Result: Approved
14-Apr-2021 07:37:44 :: Transaction using WC_Gateway_EBizCharge::RunTransaction
14-Apr-2021 07:37:45 :: RefNum: 2778792832 Result: Approved
15-Apr-2021 05:02:21 :: Transaction using WC_Gateway_EBizCharge::RunTransaction
15-Apr-2021 05:02:22 :: RefNum: 2779104819 Result: Approved
15-Apr-2021 04:48:56 :: Transaction using WC_Gateway_EBizCharge::RunTransaction
15-Apr-2021 04:48:58 :: RefNum: 2779629056 Result: Approved
15-Apr-2021 05:37:54 :: Transaction using WC_Gateway_EBizCharge::RunTransaction
15-Apr-2021 05:37:55 :: RefNum: 2779686893 Result: Approved
15-Apr-2021 05:39:26 :: Transaction using WC_Gateway_EBizCharge::RunTransaction
15-Apr-2021 05:39:27 :: RefNum: 2779688565 Result: Approved
16-Apr-2021 08:25:15 :: Transaction using WC_Gateway_EBizCharge::RunTransaction
16-Apr-2021 08:25:17 :: RefNum: 2780231726 Result: Approved
23-Apr-2021 07:13:24 :: Transaction using WC_Gateway_EBizCharge::RunTransaction
23-Apr-2021 07:13:26 :: RefNum: 2786237866 Result: Approved
25-Apr-2021 09:30:09 :: Transaction using WC_Gateway_EBizCharge::RunTransaction
25-Apr-2021 09:30:11 :: RefNum: 2787368227 Result: Approved
26-Apr-2021 12:10:03 :: Transaction using WC_Gateway_EBizCharge::RunTransaction
26-Apr-2021 12:10:04 :: Transaction Declined (51)(15151). RefNum (2787701358) is "Declined".
26-Apr-2021 12:11:17 :: Transaction using WC_Gateway_EBizCharge::RunTransaction
26-Apr-2021 12:11:18 :: RefNum: 2787701901 Result: Approved
26-Apr-2021 03:05:37 :: WC_Gateway_EBizCharge::TokenProcess  customerId: 12043
26-Apr-2021 03:05:38 :: WC_Gateway_EBizCharge::TokenProcess customer not exist in the gateway, add customer.
26-Apr-2021 03:05:39 :: WC_Gateway_EBizCharge::TokenProcess Econnect enabled. sync customer.
26-Apr-2021 03:05:40 :: WC_Gateway_EBizCharge::TokenProcess CustNum updated: 116550806
26-Apr-2021 03:05:41 :: Merchant does not accept this card, try a different card.(30004). RefNum (2788084172) is "Error".
26-Apr-2021 07:18:02 :: Transaction using WC_Gateway_EBizCharge::NewPaymentProcess
26-Apr-2021 07:18:02 :: WC_Gateway_EBizCharge::NewPaymentProcess save card info empty.
26-Apr-2021 07:18:02 :: Transaction using WC_Gateway_EBizCharge::RunTransaction
26-Apr-2021 07:18:04 :: Merchant does not accept this card, try a different card.(30004). RefNum (2788403645) is "Error".
26-Apr-2021 08:53:12 :: Transaction using WC_Gateway_EBizCharge::RunTransaction
26-Apr-2021 08:53:13 :: RefNum: 2788510658 Result: Approved
27-Apr-2021 01:21:17 :: Transaction using WC_Gateway_EBizCharge::RunTransaction
27-Apr-2021 01:21:18 :: RefNum: 2788884583 Result: Approved
27-Apr-2021 02:11:01 :: Transaction using WC_Gateway_EBizCharge::RunTransaction
27-Apr-2021 02:11:02 :: RefNum: 2788925370 Result: Approved
27-Apr-2021 04:01:53 :: Transaction using WC_Gateway_EBizCharge::RunTransaction
27-Apr-2021 04:01:55 :: RefNum: 2789033293 Result: Approved
27-Apr-2021 04:15:55 :: Transaction using WC_Gateway_EBizCharge::RunTransaction
27-Apr-2021 04:15:56 :: RefNum: 2789048291 Result: Approved
27-Apr-2021 07:40:38 :: Transaction using WC_Gateway_EBizCharge::RunTransaction
27-Apr-2021 07:40:39 :: RefNum: 2789268469 Result: Approved
27-Apr-2021 07:45:31 :: Transaction using WC_Gateway_EBizCharge::RunTransaction
27-Apr-2021 07:45:32 :: Transaction Declined (51)(15151). RefNum (2789273435) is "Declined".
27-Apr-2021 07:46:05 :: Transaction using WC_Gateway_EBizCharge::RunTransaction
27-Apr-2021 07:46:07 :: Transaction Declined (51)(15151). RefNum (2789274093) is "Declined".
27-Apr-2021 07:52:06 :: Transaction using WC_Gateway_EBizCharge::RunTransaction
27-Apr-2021 07:52:07 :: Transaction Declined (51)(15151). RefNum (2789280091) is "Declined".
27-Apr-2021 07:53:09 :: Transaction using WC_Gateway_EBizCharge::RunTransaction
27-Apr-2021 07:53:10 :: Transaction Declined (51)(15151). RefNum (2789281188) is "Declined".
27-Apr-2021 07:53:41 :: Transaction using WC_Gateway_EBizCharge::RunTransaction
27-Apr-2021 07:53:42 :: RefNum: 2789281741 Result: Approved
27-Apr-2021 07:53:48 :: Transaction using WC_Gateway_EBizCharge::RunTransaction
27-Apr-2021 07:53:49 :: Transaction Declined (51)(15151). RefNum (2789281874) is "Declined".
27-Apr-2021 07:54:57 :: Transaction using WC_Gateway_EBizCharge::RunTransaction
27-Apr-2021 07:54:58 :: Transaction Declined (51)(15151). RefNum (2789283014) is "Declined".
27-Apr-2021 07:56:01 :: Transaction using WC_Gateway_EBizCharge::RunTransaction
27-Apr-2021 07:56:02 :: You have tried this card too many times, please contact merchant.(10160). RefNum (2789284240) is "Error".
28-Apr-2021 12:19:55 :: Transaction using WC_Gateway_EBizCharge::RunTransaction
28-Apr-2021 12:19:56 :: RefNum: 2789698372 Result: Approved
28-Apr-2021 02:40:54 :: Transaction using WC_Gateway_EBizCharge::RunTransaction
28-Apr-2021 02:40:55 :: RefNum: 2789807364 Result: Approved
28-Apr-2021 07:08:42 :: Transaction using WC_Gateway_EBizCharge::RunTransaction
28-Apr-2021 07:08:44 :: RefNum: 2790078808 Result: Approved
28-Apr-2021 09:54:29 :: Transaction using WC_Gateway_EBizCharge::RunTransaction
28-Apr-2021 09:54:30 :: Transaction Declined (51)(15151). RefNum (2790230966) is "Declined".
28-Apr-2021 09:55:03 :: Transaction using WC_Gateway_EBizCharge::RunTransaction
28-Apr-2021 09:55:04 :: Transaction Declined (51)(15151). RefNum (2790231443) is "Declined".
28-Apr-2021 10:00:38 :: Transaction using WC_Gateway_EBizCharge::RunTransaction
28-Apr-2021 10:00:39 :: Transaction Declined (51)(15151). RefNum (2790235793) is "Declined".
28-Apr-2021 10:00:52 :: Transaction using WC_Gateway_EBizCharge::RunTransaction
28-Apr-2021 10:00:53 :: Transaction Declined (51)(15151). RefNum (2790236023) is "Declined".
28-Apr-2021 10:33:35 :: Transaction using WC_Gateway_EBizCharge::RunTransaction
28-Apr-2021 10:33:37 :: RefNum: 2790259491 Result: Approved
29-Apr-2021 12:17:16 :: Transaction using WC_Gateway_EBizCharge::RunTransaction
29-Apr-2021 12:17:17 :: Transaction Declined (51)(15151). RefNum (2790533999) is "Declined".
29-Apr-2021 12:17:44 :: Transaction using WC_Gateway_EBizCharge::RunTransaction
29-Apr-2021 12:17:45 :: Transaction Declined (51)(15151). RefNum (2790534218) is "Declined".
29-Apr-2021 12:18:00 :: Transaction using WC_Gateway_EBizCharge::RunTransaction
29-Apr-2021 12:18:01 :: Transaction Declined (51)(15151). RefNum (2790534325) is "Declined".
29-Apr-2021 12:18:31 :: Transaction using WC_Gateway_EBizCharge::RunTransaction
29-Apr-2021 12:18:32 :: You have tried this card too many times, please contact merchant.(10160). RefNum (2790534490) is "Error".
29-Apr-2021 02:51:55 :: Transaction using WC_Gateway_EBizCharge::RunTransaction
29-Apr-2021 02:51:56 :: RefNum: 2790643641 Result: Approved
29-Apr-2021 05:21:28 :: Transaction using WC_Gateway_EBizCharge::RunTransaction
29-Apr-2021 05:21:29 :: RefNum: 2790789724 Result: Approved
29-Apr-2021 06:55:11 :: Transaction using WC_Gateway_EBizCharge::RunTransaction
29-Apr-2021 06:55:13 :: RefNum: 2790889334 Result: Approved
29-Apr-2021 07:56:48 :: Transaction using WC_Gateway_EBizCharge::RunTransaction
29-Apr-2021 07:56:50 :: RefNum: 2790949611 Result: Approved
30-Apr-2021 11:12:34 :: Transaction using WC_Gateway_EBizCharge::RunTransaction
30-Apr-2021 11:12:35 :: RefNum: 2792412368 Result: Approved
01-May-2021 12:47:17 :: Transaction using WC_Gateway_EBizCharge::RunTransaction
01-May-2021 12:47:18 :: RefNum: 2792857534 Result: Approved
03-May-2021 05:41:16 :: Transaction using WC_Gateway_EBizCharge::RunTransaction
03-May-2021 05:41:17 :: RefNum: 2794641012 Result: Approved
03-May-2021 09:07:49 :: Transaction using WC_Gateway_EBizCharge::RunTransaction
03-May-2021 09:07:50 :: RefNum: 2794908035 Result: Approved
04-May-2021 07:12:02 :: Transaction using WC_Gateway_EBizCharge::RunTransaction
04-May-2021 07:12:03 :: Card expired (54)(15154). RefNum (2795209967) is "Declined".
04-May-2021 07:13:01 :: Transaction using WC_Gateway_EBizCharge::RunTransaction
04-May-2021 07:13:02 :: Card expired (54)(15154). RefNum (2795210064) is "Declined".
04-May-2021 07:14:45 :: Transaction using WC_Gateway_EBizCharge::RunTransaction
04-May-2021 07:14:46 :: Transaction using WC_Gateway_EBizCharge::RunTransaction
04-May-2021 07:14:46 :: Transaction using WC_Gateway_EBizCharge::RunTransaction
04-May-2021 07:14:46 :: Card expired (54)(15154). RefNum (2795210217) is "Declined".
04-May-2021 07:14:47 :: CVV2 Declined (C2)(15434). RefNum (2795210219) is "Declined".
04-May-2021 07:14:47 :: You have tried too many card numbers, please contact merchant.(10106). RefNum (2795210220) is "Error".
04-May-2021 07:14:49 :: Transaction using WC_Gateway_EBizCharge::RunTransaction
04-May-2021 07:14:49 :: Transaction using WC_Gateway_EBizCharge::RunTransaction
04-May-2021 07:14:49 :: You have tried too many card numbers, please contact merchant.(10106). RefNum (2795210226) is "Error".
04-May-2021 07:14:50 :: Transaction using WC_Gateway_EBizCharge::RunTransaction
04-May-2021 07:14:50 :: You have tried too many card numbers, please contact merchant.(10106). RefNum (2795210228) is "Error".
04-May-2021 07:14:50 :: You have tried too many card numbers, please contact merchant.(10106). RefNum (2795210230) is "Error".
04-May-2021 07:14:52 :: Transaction using WC_Gateway_EBizCharge::RunTransaction
04-May-2021 07:14:53 :: Transaction using WC_Gateway_EBizCharge::RunTransaction
04-May-2021 07:14:53 :: You have tried too many card numbers, please contact merchant.(10106). RefNum (2795210233) is "Error".
04-May-2021 07:14:53 :: Transaction using WC_Gateway_EBizCharge::RunTransaction
04-May-2021 07:14:53 :: You have tried too many card numbers, please contact merchant.(10106). RefNum (2795210236) is "Error".
04-May-2021 07:14:54 :: You have tried too many card numbers, please contact merchant.(10106). RefNum (2795210237) is "Error".
04-May-2021 07:14:56 :: Transaction using WC_Gateway_EBizCharge::RunTransaction
04-May-2021 07:14:56 :: Transaction using WC_Gateway_EBizCharge::RunTransaction
04-May-2021 07:14:56 :: You have tried too many card numbers, please contact merchant.(10106). RefNum (2795210242) is "Error".
04-May-2021 07:14:57 :: Transaction using WC_Gateway_EBizCharge::RunTransaction
04-May-2021 07:14:57 :: You have tried too many card numbers, please contact merchant.(10106). RefNum (2795210244) is "Error".
04-May-2021 07:14:57 :: You have tried too many card numbers, please contact merchant.(10106). RefNum (2795210246) is "Error".
04-May-2021 07:14:59 :: Transaction using WC_Gateway_EBizCharge::RunTransaction
04-May-2021 07:14:59 :: Transaction using WC_Gateway_EBizCharge::RunTransaction
04-May-2021 07:15:00 :: You have tried too many card numbers, please contact merchant.(10106). RefNum (2795210250) is "Error".
04-May-2021 07:15:00 :: Transaction using WC_Gateway_EBizCharge::RunTransaction
04-May-2021 07:15:00 :: You have tried too many card numbers, please contact merchant.(10106). RefNum (2795210251) is "Error".
04-May-2021 07:15:01 :: You have tried too many card numbers, please contact merchant.(10106). RefNum (2795210252) is "Error".
04-May-2021 07:15:02 :: Transaction using WC_Gateway_EBizCharge::RunTransaction
04-May-2021 07:15:03 :: You have tried too many card numbers, please contact merchant.(10106). RefNum (2795210259) is "Error".
04-May-2021 07:15:03 :: Transaction using WC_Gateway_EBizCharge::RunTransaction
04-May-2021 07:15:04 :: Transaction using WC_Gateway_EBizCharge::RunTransaction
04-May-2021 07:15:04 :: You have tried too many card numbers, please contact merchant.(10106). RefNum (2795210261) is "Error".
04-May-2021 07:15:05 :: You have tried too many card numbers, please contact merchant.(10106). RefNum (2795210262) is "Error".
04-May-2021 02:37:40 :: Transaction using WC_Gateway_EBizCharge::RunTransaction
04-May-2021 02:37:41 :: RefNum: 2795442017 Result: Approved
04-May-2021 03:08:42 :: Transaction using WC_Gateway_EBizCharge::RunTransaction
04-May-2021 03:08:44 :: RefNum: 2795473058 Result: Approved
04-May-2021 04:04:18 :: Transaction using WC_Gateway_EBizCharge::NewPaymentProcess
04-May-2021 04:04:18 :: WC_Gateway_EBizCharge::NewPaymentProcess save card info empty.
04-May-2021 04:04:18 :: Transaction using WC_Gateway_EBizCharge::RunTransaction
04-May-2021 04:04:21 :: Merchant does not accept this card, try a different card.(30004). RefNum (2795531389) is "Error".
04-May-2021 04:09:00 :: Transaction using WC_Gateway_EBizCharge::NewPaymentProcess
04-May-2021 04:09:00 :: WC_Gateway_EBizCharge::NewPaymentProcess save card info empty.
04-May-2021 04:09:00 :: Transaction using WC_Gateway_EBizCharge::RunTransaction
04-May-2021 04:09:01 :: Merchant does not accept this card, try a different card.(30004). RefNum (2795536293) is "Error".
04-May-2021 06:54:03 :: Transaction using WC_Gateway_EBizCharge::RunTransaction
04-May-2021 06:54:05 :: RefNum: 2795713843 Result: Approved
04-May-2021 06:58:07 :: Transaction using WC_Gateway_EBizCharge::RunTransaction
04-May-2021 06:58:08 :: RefNum: 2795718162 Result: Approved
05-May-2021 05:35:37 :: Transaction using WC_Gateway_EBizCharge::RunTransaction
05-May-2021 05:35:38 :: Transaction Declined (51)(15151). RefNum (2796109375) is "Declined".
05-May-2021 05:35:52 :: Transaction using WC_Gateway_EBizCharge::RunTransaction
05-May-2021 05:35:53 :: Invalid card number (14)(15114). RefNum (2796109446) is "Declined".
05-May-2021 05:47:58 :: Transaction using WC_Gateway_EBizCharge::RunTransaction
05-May-2021 05:47:59 :: Invalid card number (14)(15114). RefNum (2796111145) is "Declined".
05-May-2021 05:54:31 :: Transaction using WC_Gateway_EBizCharge::RunTransaction
05-May-2021 05:54:32 :: Transaction Declined (51)(15151). RefNum (2796111921) is "Declined".
05-May-2021 05:54:55 :: Transaction using WC_Gateway_EBizCharge::RunTransaction
05-May-2021 05:54:56 :: Invalid expiration date. Must be in MMYY format. (2)(16). RefNum (0) is "Error".
05-May-2021 05:55:33 :: Transaction using WC_Gateway_EBizCharge::RunTransaction
05-May-2021 05:55:33 :: Invalid expiration date. Must be in MMYY format. (2)(16). RefNum (0) is "Error".
05-May-2021 05:57:22 :: Transaction using WC_Gateway_EBizCharge::RunTransaction
05-May-2021 05:57:23 :: Transaction Declined (51)(15151). RefNum (2796112370) is "Declined".
05-May-2021 05:58:10 :: Transaction using WC_Gateway_EBizCharge::RunTransaction
05-May-2021 05:58:12 :: Transaction not allowed (57)(15157). RefNum (2796112448) is "Declined".
05-May-2021 05:59:31 :: Transaction using WC_Gateway_EBizCharge::RunTransaction
05-May-2021 05:59:33 :: Transaction not allowed (57)(15157). RefNum (2796112621) is "Declined".
05-May-2021 06:00:26 :: Transaction using WC_Gateway_EBizCharge::RunTransaction
05-May-2021 06:00:28 :: Transaction not allowed (57)(15157). RefNum (2796112803) is "Declined".
05-May-2021 06:05:23 :: Transaction using WC_Gateway_EBizCharge::RunTransaction
05-May-2021 06:05:23 :: Credit card has expired.(17). RefNum (2796114258) is "Declined".
05-May-2021 06:05:41 :: Transaction using WC_Gateway_EBizCharge::RunTransaction
05-May-2021 06:05:42 :: Transaction Declined (51)(15151). RefNum (2796114351) is "Declined".
05-May-2021 06:09:42 :: Transaction using WC_Gateway_EBizCharge::RunTransaction
05-May-2021 06:09:43 :: Transaction Declined (51)(15151). RefNum (2796114897) is "Declined".
05-May-2021 06:10:53 :: Transaction using WC_Gateway_EBizCharge::RunTransaction
05-May-2021 06:10:54 :: Credit card has expired.(17). RefNum (2796115060) is "Declined".
05-May-2021 06:11:15 :: Transaction using WC_Gateway_EBizCharge::RunTransaction
05-May-2021 06:11:21 :: Invalid card number (14)(15114). RefNum (2796115103) is "Declined".
05-May-2021 06:12:28 :: Transaction using WC_Gateway_EBizCharge::RunTransaction
05-May-2021 06:12:36 :: Invalid card number (14)(15114). RefNum (2796115256) is "Declined".
05-May-2021 06:13:21 :: Transaction using WC_Gateway_EBizCharge::RunTransaction
05-May-2021 06:13:28 :: Invalid card number (14)(15114). RefNum (2796115358) is "Declined".
05-May-2021 06:13:53 :: Transaction using WC_Gateway_EBizCharge::RunTransaction
05-May-2021 06:14:00 :: Invalid card number (14)(15114). RefNum (2796115432) is "Declined".
05-May-2021 06:20:17 :: Transaction using WC_Gateway_EBizCharge::RunTransaction
05-May-2021 06:20:19 :: Transaction Declined (51)(15151). RefNum (2796116303) is "Declined".
05-May-2021 06:20:46 :: Transaction using WC_Gateway_EBizCharge::RunTransaction
05-May-2021 06:20:46 :: Invalid expiration date. Must be in MMYY format. (2)(16). RefNum (0) is "Error".
05-May-2021 06:21:09 :: Transaction using WC_Gateway_EBizCharge::RunTransaction
05-May-2021 06:21:10 :: Invalid expiration date. Must be in MMYY format. (2)(16). RefNum (0) is "Error".
05-May-2021 06:21:24 :: Transaction using WC_Gateway_EBizCharge::RunTransaction
05-May-2021 06:21:25 :: Invalid expiration date. Must be in MMYY format. (2)(16). RefNum (0) is "Error".
05-May-2021 06:21:53 :: Transaction using WC_Gateway_EBizCharge::RunTransaction
05-May-2021 06:21:54 :: Invalid card number (14)(15114). RefNum (2796116520) is "Declined".
05-May-2021 06:24:21 :: Transaction using WC_Gateway_EBizCharge::RunTransaction
05-May-2021 06:24:21 :: Card Error(19060). RefNum (2796116808) is "Error".
05-May-2021 06:37:02 :: Transaction using WC_Gateway_EBizCharge::RunTransaction
05-May-2021 06:37:03 :: Card Error(19060). RefNum (2796120571) is "Error".
05-May-2021 06:37:47 :: Transaction using WC_Gateway_EBizCharge::RunTransaction
05-May-2021 06:37:48 :: Card Error(19060). RefNum (2796120780) is "Error".
05-May-2021 06:54:46 :: Transaction using WC_Gateway_EBizCharge::RunTransaction
05-May-2021 06:54:47 :: Card Error(19060). RefNum (2796126307) is "Error".
05-May-2021 06:55:20 :: Transaction using WC_Gateway_EBizCharge::RunTransaction
05-May-2021 06:55:20 :: Card Error(19060). RefNum (2796126527) is "Error".
05-May-2021 06:55:57 :: Transaction using WC_Gateway_EBizCharge::RunTransaction
05-May-2021 06:55:57 :: Card Error(19060). RefNum (2796126758) is "Error".
05-May-2021 06:59:34 :: Transaction using WC_Gateway_EBizCharge::RunTransaction
05-May-2021 06:59:34 :: Card Error(19060). RefNum (2796127074) is "Error".
05-May-2021 07:00:42 :: Transaction using WC_Gateway_EBizCharge::RunTransaction
05-May-2021 07:00:43 :: Card Error(19060). RefNum (2796127327) is "Error".
05-May-2021 05:46:11 :: Transaction using WC_Gateway_EBizCharge::RunTransaction
05-May-2021 05:46:12 :: RefNum: 2796536448 Result: Approved
05-May-2021 06:02:17 :: Transaction using WC_Gateway_EBizCharge::RunTransaction
05-May-2021 06:02:18 :: RefNum: 2796553086 Result: Approved
05-May-2021 06:43:28 :: Transaction using WC_Gateway_EBizCharge::RunTransaction
05-May-2021 06:43:29 :: RefNum: 2796597414 Result: Approved
05-May-2021 11:51:18 :: Transaction using WC_Gateway_EBizCharge::RunTransaction
05-May-2021 11:51:20 :: RefNum: 2796865906 Result: Approved
06-May-2021 01:21:50 :: Transaction using WC_Gateway_EBizCharge::NewPaymentProcess
06-May-2021 01:21:50 :: WC_Gateway_EBizCharge::NewPaymentProcess save card info empty.
06-May-2021 01:21:50 :: Transaction using WC_Gateway_EBizCharge::RunTransaction
06-May-2021 01:21:51 :: Invalid Card Number (3)(13). RefNum (2796913998) is "Error".
06-May-2021 02:25:36 :: Transaction using WC_Gateway_EBizCharge::RunTransaction
06-May-2021 02:25:37 :: RefNum: 2797219239 Result: Approved
06-May-2021 04:37:17 :: Transaction using WC_Gateway_EBizCharge::RunTransaction
06-May-2021 04:37:18 :: RefNum: 2797351821 Result: Approved