09-08-2021 @ 13:17:12 - Request
Request
method: GET
uri: https://rest.avatax.com/api/v2/taxrates/byaddress?line1=&line2=&city=Niagara+Falls&region=NY&country=US&postalCode=14305
user-agent: WooCommerce-AvaTax/1.12.0 (WooCommerce/5.4.2; WordPress/5.8)
headers: Array
(
    [content-type] => application/json
    [accept] => application/json
    [Authorization] => ******************************************
    [X-Avalara-Client] => WCSkyVerge RESTv2;REST;REST;v2;AlconoxInc
    [X-Avalara-UID] => a0o33000004goTr
)
body:
duration: 0.40137s

09-08-2021 @ 13:17:12 - Response
Response
code: 200
message: OK
headers: Array
(
    [date] => Wed, 08 Sep 2021 17:17:12 GMT
    [content-type] => application/json; charset=utf-8
    [content-length] => 144
    [x-content-type-options] => nosniff
    [serverduration] => 00:00:00.0163411
    [databasecalls] => 0
    [databaseduration] => 00:00:00
    [serviceduration] => 00:00:00
)
body: {"totalRate":0.080000,"rates":[{"rate":0.040000,"name":"NY STATE TAX","type":"State"},{"rate":0.040000,"name":"NY COUNTY TAX","type":"County"}]}

09-08-2021 @ 13:17:13 - Request
Request
method: POST
uri: https://rest.avatax.com/api/v2/transactions/create
user-agent: WooCommerce-AvaTax/1.12.0 (WooCommerce/5.4.2; WordPress/5.8)
headers: Array
(
    [content-type] => application/json
    [accept] => application/json
    [Authorization] => ******************************************
    [X-Avalara-Client] => WCSkyVerge RESTv2;REST;REST;v2;AlconoxInc
    [X-Avalara-UID] => a0o33000004goTr
)
body: {"code":"","companyCode":"ALC","customerCode":"416eastyork@gmail.com","currencyCode":"USD","date":"2021-09-08","lines":[{"number":"ca67023068969c7df100d80920400183","itemCode":"1104-1","taxCode":"P0000000","description":"Alconox","quantity":1,"amount":47.200000000000003},{"number":"shipping_0","itemCode":"use-my-shipping-account","taxCode":"FR","description":"Use My Shipping Account","quantity":1}],"addresses":{"shipFrom":{"line1":"30 GLENN ST","line2":"","city":"WHITE PLAINS","region":"NY","country":"US","postalCode":"10603-3254"},"shipTo":{"line1":"1823 Maryland Ave","line2":"Unit 37083","city":"Niagara Falls","region":"NY","country":"US","postalCode":"14305"}},"type":"SalesOrder","commit":false}
duration: 0.32424s

09-08-2021 @ 13:17:13 - Response
Response
code: 201
message: Created
headers: Array
(
    [date] => Wed, 08 Sep 2021 17:17:13 GMT
    [content-type] => application/json; charset=utf-8
    [server] => Kestrel
    [content-encoding] => br
    [location] => /api/v2/companies/207925/transactions/0
    [vary] => Accept-Encoding
    [serverduration] => 00:00:00.0428413
)
body: {"id":0,"code":"11d24449-fc62-476c-943a-9974c46fdac6","companyId":207925,"date":"2021-09-08","paymentDate":"2021-09-08","status":"Temporary","type":"SalesOrder","batchCode":"","currencyCode":"USD","exchangeRateCurrencyCode":"USD","customerUsageType":"","entityUseCode":"","customerVendorCode":"416eastyork@gmail.com","customerCode":"416eastyork@gmail.com","exemptNo":"","reconciled":false,"locationCode":"","reportingLocationCode":"","purchaseOrderNo":"","referenceCode":"","salespersonCode":"","totalAmount":47.2,"totalExempt":0.0,"totalDiscount":0.0,"totalTax":3.78,"totalTaxable":47.2,"totalTaxCalculated":3.78,"adjustmentReason":"NotAdjusted","locked":false,"version":1,"exchangeRateEffectiveDate":"2021-09-08","exchangeRate":1.0,"modifiedDate":"2021-09-08T17:17:13.1409985Z","modifiedUserId":231879,"taxDate":"2021-09-08","lines":[{"id":0,"transactionId":0,"lineNumber":"ca67023068969c7df100d80920400183","customerUsageType":"","entityUseCode":"","description":"Alconox","discountAmount":0.0,"exemptAmount":0.0,"exemptCertId":0,"exemptNo":"","isItemTaxable":true,"itemCode":"1104-1","lineAmount":47.200000000000003,"quantity":1.0,"ref1":"","ref2":"","reportingDate":"2021-09-08","tax":3.78,"taxableAmount":47.2,"taxCalculated":3.78,"taxCode":"P0000000","taxCodeId":4316,"taxDate":"2021-09-08","taxIncluded":false,"details":[{"id":0,"transactionLineId":0,"transactionId":0,"country":"US","region":"NY","exemptAmount":0.0,"jurisCode":"36","jurisName":"NEW YORK","stateAssignedNo":"","jurisType":"STA","jurisdictionType":"State","nonTaxableAmount":0.0,"rate":0.040000,"tax":1.89,"taxableAmount":47.2,"taxType":"Sales","taxSubTypeId":"S","taxName":"NY STATE TAX","taxAuthorityTypeId":45,"taxCalculated":1.89,"rateType":"General","rateTypeCode":"G","unitOfBasis":"PerCurrencyUnit","isNonPassThru":false,"isFee":false,"reportingTaxableUnits":47.2,"reportingNonTaxableUnits":0.0,"reportingExemptUnits":0.0,"reportingTax":1.89,"reportingTaxCalculated":1.89,"liabilityType":"Seller"},{"id":0,"transactionLineId":0,"transactionId":0,"country":"US","region":"NY","exemptAmount":0.0,"jurisCode":"063","jurisName":"NIAGARA","stateAssignedNo":"NI 2911","jurisType":"CTY","jurisdictionType":"County","nonTaxableAmount":0.0,"rate":0.040000,"tax":1.89,"taxableAmount":47.2,"taxType":"Sales","taxSubTypeId":"S","taxName":"NY COUNTY TAX","taxAuthorityTypeId":45,"taxCalculated":1.89,"rateType":"General","rateTypeCode":"G","unitOfBasis":"PerCurrencyUnit","isNonPassThru":false,"isFee":false,"reportingTaxableUnits":47.2,"reportingNonTaxableUnits":0.0,"reportingExemptUnits":0.0,"reportingTax":1.89,"reportingTaxCalculated":1.89,"liabilityType":"Seller"}],"nonPassthroughDetails":[],"hsCode":"","costInsuranceFreight":0.0,"vatCode":"","vatNumberTypeId":0},{"id":0,"transactionId":0,"lineNumber":"shipping_0","customerUsageType":"","entityUseCode":"","description":"Use My Shipping Account","discountAmount":0.0,"exemptAmount":0.0,"exemptCertId":0,"exemptNo":"","isItemTaxable":false,"itemCode":"use-my-shipping-account","lineAmount":0.0,"quantity":1.0,"ref1":"","ref2":"","reportingDate":"2021-09-08","tax":0.0,"taxableAmount":0.0,"taxCalculated":0.0,"taxCode":"FR","taxCodeId":7119,"taxDate":"2021-09-08","taxIncluded":false,"details":[{"id":0,"transactionLineId":0,"transactionId":0,"country":"US","region":"NY","exemptAmount":0.0,"jurisCode":"36","jurisName":"NEW YORK","stateAssignedNo":"","jurisType":"STA","jurisdictionType":"State","nonTaxableAmount":0.0,"rate":0.040000,"tax":0.0,"taxableAmount":0.0,"taxType":"Sales","taxSubTypeId":"S","taxName":"NY STATE TAX","taxAuthorityTypeId":45,"taxCalculated":0.0,"rateType":"General","rateTypeCode":"G","unitOfBasis":"PerCurrencyUnit","isNonPassThru":false,"isFee":false,"reportingTaxableUnits":0.0,"reportingNonTaxableUnits":0.0,"reportingExemptUnits":0.0,"reportingTax":0.0,"reportingTaxCalculated":0.0,"liabilityType":"Seller"},{"id":0,"transactionLineId":0,"transactionId":0,"country":"US","region":"NY","exemptAmount":0.0,"jurisCode":"063","jurisName":"NIAGARA","stateAssignedNo":"NI 2911","jurisType":"CTY","jurisdictionType":"County","nonTaxableAmount":0.0,"rate":0.040000,"tax":0.0,"taxableAmount":0.0,"taxType":"Sales","taxSubTypeId":"S","taxName":"NY COUNTY TAX","taxAuthorityTypeId":45,"taxCalculated":0.0,"rateType":"General","rateTypeCode":"G","unitOfBasis":"PerCurrencyUnit","isNonPassThru":false,"isFee":false,"reportingTaxableUnits":0.0,"reportingNonTaxableUnits":0.0,"reportingExemptUnits":0.0,"reportingTax":0.0,"reportingTaxCalculated":0.0,"liabilityType":"Seller"}],"nonPassthroughDetails":[],"hsCode":"","costInsuranceFreight":0.0,"vatCode":"","vatNumberTypeId":0}],"addresses":[{"id":0,"transactionId":0,"boundaryLevel":"Address","line1":"1823 Maryland Ave","line2":"Unit 37083","line3":"","city":"Niagara Falls","region":"NY","postalCode":"14305","country":"US","taxRegionId":4002812,"latitude":"43.125127","longitude":"-79.039511"},{"id":0,"transactionId":0,"boundaryLevel":"Address","line1":"30 GLENN ST","line2":"","line3":"","city":"WHITE PLAINS","region":"NY","postalCode":"10603-3254","country":"US","taxRegionId":2090237,"latitude":"41.050608","longitude":"-73.771383"}],"summary":[{"country":"US","region":"NY","jurisType":"State","jurisCode":"36","jurisName":"NEW YORK","taxAuthorityType":45,"stateAssignedNo":"","taxType":"Sales","taxSubType":"S","taxName":"NY STATE TAX","rateType":"General","taxable":47.2,"rate":0.040000,"tax":1.89,"taxCalculated":1.89,"nonTaxable":0.0,"exemption":0.0},{"country":"US","region":"NY","jurisType":"County","jurisCode":"063","jurisName":"NIAGARA","taxAuthorityType":45,"stateAssignedNo":"NI 2911","taxType":"Sales","taxSubType":"S","taxName":"NY COUNTY TAX","rateType":"General","taxable":47.2,"rate":0.040000,"tax":1.89,"taxCalculated":1.89,"nonTaxable":0.0,"exemption":0.0}]}

09-08-2021 @ 13:17:20 - Request
Request
method: GET
uri: https://rest.avatax.com/api/v2/taxrates/byaddress?line1=&line2=&city=Niagara+Falls&region=NY&country=US&postalCode=14305
user-agent: WooCommerce-AvaTax/1.12.0 (WooCommerce/5.4.2; WordPress/5.8)
headers: Array
(
    [content-type] => application/json
    [accept] => application/json
    [Authorization] => ******************************************
    [X-Avalara-Client] => WCSkyVerge RESTv2;REST;REST;v2;AlconoxInc
    [X-Avalara-UID] => a0o33000004goTr
)
body:
duration: 0.29524s

09-08-2021 @ 13:17:20 - Response
Response
code: 200
message: OK
headers: Array
(
    [date] => Wed, 08 Sep 2021 17:17:20 GMT
    [content-type] => application/json; charset=utf-8
    [content-length] => 144
    [x-content-type-options] => nosniff
    [serverduration] => 00:00:00.0001619
    [databasecalls] => 0
    [databaseduration] => 00:00:00
    [serviceduration] => 00:00:00
)
body: {"totalRate":0.080000,"rates":[{"rate":0.040000,"name":"NY STATE TAX","type":"State"},{"rate":0.040000,"name":"NY COUNTY TAX","type":"County"}]}

09-08-2021 @ 13:17:21 - Request
Request
method: POST
uri: https://rest.avatax.com/api/v2/transactions/create
user-agent: WooCommerce-AvaTax/1.12.0 (WooCommerce/5.4.2; WordPress/5.8)
headers: Array
(
    [content-type] => application/json
    [accept] => application/json
    [Authorization] => ******************************************
    [X-Avalara-Client] => WCSkyVerge RESTv2;REST;REST;v2;AlconoxInc
    [X-Avalara-UID] => a0o33000004goTr
)
body: {"code":"","companyCode":"ALC","customerCode":"416eastyork@gmail.com","currencyCode":"USD","date":"2021-09-08","lines":[{"number":"ca67023068969c7df100d80920400183","itemCode":"1104-1","taxCode":"P0000000","description":"Alconox","quantity":1,"amount":47.200000000000003},{"number":"shipping_0","itemCode":"pt-ups-merger:6:03","taxCode":"FR","description":"Ground (UPS)","quantity":1,"amount":10.880000000000001}],"addresses":{"shipFrom":{"line1":"30 GLENN ST","line2":"","city":"WHITE PLAINS","region":"NY","country":"US","postalCode":"10603-3254"},"shipTo":{"line1":"1823 Maryland Ave","line2":"Unit 37083","city":"Niagara Falls","region":"NY","country":"US","postalCode":"14305"}},"type":"SalesOrder","commit":false}
duration: 0.32879s

09-08-2021 @ 13:17:21 - Response
Response
code: 201
message: Created
headers: Array
(
    [date] => Wed, 08 Sep 2021 17:17:21 GMT
    [content-type] => application/json; charset=utf-8
    [server] => Kestrel
    [content-encoding] => br
    [location] => /api/v2/companies/207925/transactions/0
    [vary] => Accept-Encoding
    [serverduration] => 00:00:00.0353740
)
body: {"id":0,"code":"84bf6f8b-238f-4d95-9372-32fd8eff16e2","companyId":207925,"date":"2021-09-08","paymentDate":"2021-09-08","status":"Temporary","type":"SalesOrder","batchCode":"","currencyCode":"USD","exchangeRateCurrencyCode":"USD","customerUsageType":"","entityUseCode":"","customerVendorCode":"416eastyork@gmail.com","customerCode":"416eastyork@gmail.com","exemptNo":"","reconciled":false,"locationCode":"","reportingLocationCode":"","purchaseOrderNo":"","referenceCode":"","salespersonCode":"","totalAmount":58.08,"totalExempt":10.88,"totalDiscount":0.0,"totalTax":3.78,"totalTaxable":47.2,"totalTaxCalculated":3.78,"adjustmentReason":"NotAdjusted","locked":false,"version":1,"exchangeRateEffectiveDate":"2021-09-08","exchangeRate":1.0,"modifiedDate":"2021-09-08T17:17:21.1732667Z","modifiedUserId":231879,"taxDate":"2021-09-08","lines":[{"id":0,"transactionId":0,"lineNumber":"ca67023068969c7df100d80920400183","customerUsageType":"","entityUseCode":"","description":"Alconox","discountAmount":0.0,"exemptAmount":0.0,"exemptCertId":0,"exemptNo":"","isItemTaxable":true,"itemCode":"1104-1","lineAmount":47.200000000000003,"quantity":1.0,"ref1":"","ref2":"","reportingDate":"2021-09-08","tax":3.78,"taxableAmount":47.2,"taxCalculated":3.78,"taxCode":"P0000000","taxCodeId":4316,"taxDate":"2021-09-08","taxIncluded":false,"details":[{"id":0,"transactionLineId":0,"transactionId":0,"country":"US","region":"NY","exemptAmount":0.0,"jurisCode":"36","jurisName":"NEW YORK","stateAssignedNo":"","jurisType":"STA","jurisdictionType":"State","nonTaxableAmount":0.0,"rate":0.040000,"tax":1.89,"taxableAmount":47.2,"taxType":"Sales","taxSubTypeId":"S","taxName":"NY STATE TAX","taxAuthorityTypeId":45,"taxCalculated":1.89,"rateType":"General","rateTypeCode":"G","unitOfBasis":"PerCurrencyUnit","isNonPassThru":false,"isFee":false,"reportingTaxableUnits":47.2,"reportingNonTaxableUnits":0.0,"reportingExemptUnits":0.0,"reportingTax":1.89,"reportingTaxCalculated":1.89,"liabilityType":"Seller"},{"id":0,"transactionLineId":0,"transactionId":0,"country":"US","region":"NY","exemptAmount":0.0,"jurisCode":"063","jurisName":"NIAGARA","stateAssignedNo":"NI 2911","jurisType":"CTY","jurisdictionType":"County","nonTaxableAmount":0.0,"rate":0.040000,"tax":1.89,"taxableAmount":47.2,"taxType":"Sales","taxSubTypeId":"S","taxName":"NY COUNTY TAX","taxAuthorityTypeId":45,"taxCalculated":1.89,"rateType":"General","rateTypeCode":"G","unitOfBasis":"PerCurrencyUnit","isNonPassThru":false,"isFee":false,"reportingTaxableUnits":47.2,"reportingNonTaxableUnits":0.0,"reportingExemptUnits":0.0,"reportingTax":1.89,"reportingTaxCalculated":1.89,"liabilityType":"Seller"}],"nonPassthroughDetails":[],"hsCode":"","costInsuranceFreight":0.0,"vatCode":"","vatNumberTypeId":0},{"id":0,"transactionId":0,"lineNumber":"shipping_0","customerUsageType":"","entityUseCode":"","description":"Ground (UPS)","discountAmount":0.0,"exemptAmount":10.88,"exemptCertId":0,"exemptNo":"","isItemTaxable":false,"itemCode":"pt-ups-merger:6:03","lineAmount":10.880000000000001,"quantity":1.0,"ref1":"","ref2":"","reportingDate":"2021-09-08","tax":0.0,"taxableAmount":0.0,"taxCalculated":0.0,"taxCode":"FR","taxCodeId":7119,"taxDate":"2021-09-08","taxIncluded":false,"details":[{"id":0,"transactionLineId":0,"transactionId":0,"country":"US","region":"NY","exemptAmount":0.0,"jurisCode":"36","jurisName":"NEW YORK","stateAssignedNo":"","jurisType":"STA","jurisdictionType":"State","nonTaxableAmount":10.88,"rate":0.040000,"tax":0.0,"taxableAmount":0.0,"taxType":"Sales","taxSubTypeId":"S","taxName":"NY STATE TAX","taxAuthorityTypeId":45,"taxCalculated":0.0,"rateType":"General","rateTypeCode":"G","unitOfBasis":"PerCurrencyUnit","isNonPassThru":false,"isFee":false,"reportingTaxableUnits":0.0,"reportingNonTaxableUnits":10.88,"reportingExemptUnits":0.0,"reportingTax":0.0,"reportingTaxCalculated":0.0,"liabilityType":"Seller"},{"id":0,"transactionLineId":0,"transactionId":0,"country":"US","region":"NY","exemptAmount":0.0,"jurisCode":"063","jurisName":"NIAGARA","stateAssignedNo":"NI 2911","jurisType":"CTY","jurisdictionType":"County","nonTaxableAmount":10.88,"rate":0.040000,"tax":0.0,"taxableAmount":0.0,"taxType":"Sales","taxSubTypeId":"S","taxName":"NY COUNTY TAX","taxAuthorityTypeId":45,"taxCalculated":0.0,"rateType":"General","rateTypeCode":"G","unitOfBasis":"PerCurrencyUnit","isNonPassThru":false,"isFee":false,"reportingTaxableUnits":0.0,"reportingNonTaxableUnits":10.88,"reportingExemptUnits":0.0,"reportingTax":0.0,"reportingTaxCalculated":0.0,"liabilityType":"Seller"}],"nonPassthroughDetails":[],"hsCode":"","costInsuranceFreight":0.0,"vatCode":"","vatNumberTypeId":0}],"addresses":[{"id":0,"transactionId":0,"boundaryLevel":"Address","line1":"1823 Maryland Ave","line2":"Unit 37083","line3":"","city":"Niagara Falls","region":"NY","postalCode":"14305","country":"US","taxRegionId":4002812,"latitude":"43.125127","longitude":"-79.039511"},{"id":0,"transactionId":0,"boundaryLevel":"Address","line1":"30 GLENN ST","line2":"","line3":"","city":"WHITE PLAINS","region":"NY","postalCode":"10603-3254","country":"US","taxRegionId":2090237,"latitude":"41.050608","longitude":"-73.771383"}],"summary":[{"country":"US","region":"NY","jurisType":"State","jurisCode":"36","jurisName":"NEW YORK","taxAuthorityType":45,"stateAssignedNo":"","taxType":"Sales","taxSubType":"S","taxName":"NY STATE TAX","rateType":"General","taxable":47.2,"rate":0.040000,"tax":1.89,"taxCalculated":1.89,"nonTaxable":10.88,"exemption":0.0},{"country":"US","region":"NY","jurisType":"County","jurisCode":"063","jurisName":"NIAGARA","taxAuthorityType":45,"stateAssignedNo":"NI 2911","taxType":"Sales","taxSubType":"S","taxName":"NY COUNTY TAX","rateType":"General","taxable":47.2,"rate":0.040000,"tax":1.89,"taxCalculated":1.89,"nonTaxable":10.88,"exemption":0.0}]}

09-08-2021 @ 13:17:24 - Request
Request
method: GET
uri: https://rest.avatax.com/api/v2/taxrates/byaddress?line1=&line2=&city=Niagara+Falls&region=NY&country=US&postalCode=14305
user-agent: WooCommerce-AvaTax/1.12.0 (WooCommerce/5.4.2; WordPress/5.8)
headers: Array
(
    [content-type] => application/json
    [accept] => application/json
    [Authorization] => ******************************************
    [X-Avalara-Client] => WCSkyVerge RESTv2;REST;REST;v2;AlconoxInc
    [X-Avalara-UID] => a0o33000004goTr
)
body:
duration: 0.30653s

09-08-2021 @ 13:17:24 - Response
Response
code: 200
message: OK
headers: Array
(
    [date] => Wed, 08 Sep 2021 17:17:24 GMT
    [content-type] => application/json; charset=utf-8
    [content-length] => 144
    [x-content-type-options] => nosniff
    [serverduration] => 00:00:00.0011167
    [databasecalls] => 0
    [databaseduration] => 00:00:00
    [serviceduration] => 00:00:00
)
body: {"totalRate":0.080000,"rates":[{"rate":0.040000,"name":"NY STATE TAX","type":"State"},{"rate":0.040000,"name":"NY COUNTY TAX","type":"County"}]}

09-08-2021 @ 13:17:24 - Request
Request
method: POST
uri: https://rest.avatax.com/api/v2/transactions/create
user-agent: WooCommerce-AvaTax/1.12.0 (WooCommerce/5.4.2; WordPress/5.8)
headers: Array
(
    [content-type] => application/json
    [accept] => application/json
    [Authorization] => ******************************************
    [X-Avalara-Client] => WCSkyVerge RESTv2;REST;REST;v2;AlconoxInc
    [X-Avalara-UID] => a0o33000004goTr
)
body: {"code":"","companyCode":"ALC","customerCode":"416eastyork@gmail.com","currencyCode":"USD","date":"2021-09-08","lines":[{"number":"ca67023068969c7df100d80920400183","itemCode":"1104-1","taxCode":"P0000000","description":"Alconox","quantity":1,"amount":47.200000000000003},{"number":"shipping_0","itemCode":"use-my-shipping-account","taxCode":"FR","description":"Use My Shipping Account","quantity":1}],"addresses":{"shipFrom":{"line1":"30 GLENN ST","line2":"","city":"WHITE PLAINS","region":"NY","country":"US","postalCode":"10603-3254"},"shipTo":{"line1":"1823 Maryland Ave","line2":"Unit 37083","city":"Niagara Falls","region":"NY","country":"US","postalCode":"14305"}},"type":"SalesOrder","commit":false}
duration: 0.33862s

09-08-2021 @ 13:17:24 - Response
Response
code: 201
message: Created
headers: Array
(
    [date] => Wed, 08 Sep 2021 17:17:24 GMT
    [content-type] => application/json; charset=utf-8
    [server] => Kestrel
    [content-encoding] => br
    [location] => /api/v2/companies/207925/transactions/0
    [vary] => Accept-Encoding
    [serverduration] => 00:00:00.0418497
)
body: {"id":0,"code":"14ffba30-9c84-4f65-a07e-01a6d097585b","companyId":207925,"date":"2021-09-08","paymentDate":"2021-09-08","status":"Temporary","type":"SalesOrder","batchCode":"","currencyCode":"USD","exchangeRateCurrencyCode":"USD","customerUsageType":"","entityUseCode":"","customerVendorCode":"416eastyork@gmail.com","customerCode":"416eastyork@gmail.com","exemptNo":"","reconciled":false,"locationCode":"","reportingLocationCode":"","purchaseOrderNo":"","referenceCode":"","salespersonCode":"","totalAmount":47.2,"totalExempt":0.0,"totalDiscount":0.0,"totalTax":3.78,"totalTaxable":47.2,"totalTaxCalculated":3.78,"adjustmentReason":"NotAdjusted","locked":false,"version":1,"exchangeRateEffectiveDate":"2021-09-08","exchangeRate":1.0,"modifiedDate":"2021-09-08T17:17:24.8713985Z","modifiedUserId":231879,"taxDate":"2021-09-08","lines":[{"id":0,"transactionId":0,"lineNumber":"ca67023068969c7df100d80920400183","customerUsageType":"","entityUseCode":"","description":"Alconox","discountAmount":0.0,"exemptAmount":0.0,"exemptCertId":0,"exemptNo":"","isItemTaxable":true,"itemCode":"1104-1","lineAmount":47.200000000000003,"quantity":1.0,"ref1":"","ref2":"","reportingDate":"2021-09-08","tax":3.78,"taxableAmount":47.2,"taxCalculated":3.78,"taxCode":"P0000000","taxCodeId":4316,"taxDate":"2021-09-08","taxIncluded":false,"details":[{"id":0,"transactionLineId":0,"transactionId":0,"country":"US","region":"NY","exemptAmount":0.0,"jurisCode":"36","jurisName":"NEW YORK","stateAssignedNo":"","jurisType":"STA","jurisdictionType":"State","nonTaxableAmount":0.0,"rate":0.040000,"tax":1.89,"taxableAmount":47.2,"taxType":"Sales","taxSubTypeId":"S","taxName":"NY STATE TAX","taxAuthorityTypeId":45,"taxCalculated":1.89,"rateType":"General","rateTypeCode":"G","unitOfBasis":"PerCurrencyUnit","isNonPassThru":false,"isFee":false,"reportingTaxableUnits":47.2,"reportingNonTaxableUnits":0.0,"reportingExemptUnits":0.0,"reportingTax":1.89,"reportingTaxCalculated":1.89,"liabilityType":"Seller"},{"id":0,"transactionLineId":0,"transactionId":0,"country":"US","region":"NY","exemptAmount":0.0,"jurisCode":"063","jurisName":"NIAGARA","stateAssignedNo":"NI 2911","jurisType":"CTY","jurisdictionType":"County","nonTaxableAmount":0.0,"rate":0.040000,"tax":1.89,"taxableAmount":47.2,"taxType":"Sales","taxSubTypeId":"S","taxName":"NY COUNTY TAX","taxAuthorityTypeId":45,"taxCalculated":1.89,"rateType":"General","rateTypeCode":"G","unitOfBasis":"PerCurrencyUnit","isNonPassThru":false,"isFee":false,"reportingTaxableUnits":47.2,"reportingNonTaxableUnits":0.0,"reportingExemptUnits":0.0,"reportingTax":1.89,"reportingTaxCalculated":1.89,"liabilityType":"Seller"}],"nonPassthroughDetails":[],"hsCode":"","costInsuranceFreight":0.0,"vatCode":"","vatNumberTypeId":0},{"id":0,"transactionId":0,"lineNumber":"shipping_0","customerUsageType":"","entityUseCode":"","description":"Use My Shipping Account","discountAmount":0.0,"exemptAmount":0.0,"exemptCertId":0,"exemptNo":"","isItemTaxable":false,"itemCode":"use-my-shipping-account","lineAmount":0.0,"quantity":1.0,"ref1":"","ref2":"","reportingDate":"2021-09-08","tax":0.0,"taxableAmount":0.0,"taxCalculated":0.0,"taxCode":"FR","taxCodeId":7119,"taxDate":"2021-09-08","taxIncluded":false,"details":[{"id":0,"transactionLineId":0,"transactionId":0,"country":"US","region":"NY","exemptAmount":0.0,"jurisCode":"36","jurisName":"NEW YORK","stateAssignedNo":"","jurisType":"STA","jurisdictionType":"State","nonTaxableAmount":0.0,"rate":0.040000,"tax":0.0,"taxableAmount":0.0,"taxType":"Sales","taxSubTypeId":"S","taxName":"NY STATE TAX","taxAuthorityTypeId":45,"taxCalculated":0.0,"rateType":"General","rateTypeCode":"G","unitOfBasis":"PerCurrencyUnit","isNonPassThru":false,"isFee":false,"reportingTaxableUnits":0.0,"reportingNonTaxableUnits":0.0,"reportingExemptUnits":0.0,"reportingTax":0.0,"reportingTaxCalculated":0.0,"liabilityType":"Seller"},{"id":0,"transactionLineId":0,"transactionId":0,"country":"US","region":"NY","exemptAmount":0.0,"jurisCode":"063","jurisName":"NIAGARA","stateAssignedNo":"NI 2911","jurisType":"CTY","jurisdictionType":"County","nonTaxableAmount":0.0,"rate":0.040000,"tax":0.0,"taxableAmount":0.0,"taxType":"Sales","taxSubTypeId":"S","taxName":"NY COUNTY TAX","taxAuthorityTypeId":45,"taxCalculated":0.0,"rateType":"General","rateTypeCode":"G","unitOfBasis":"PerCurrencyUnit","isNonPassThru":false,"isFee":false,"reportingTaxableUnits":0.0,"reportingNonTaxableUnits":0.0,"reportingExemptUnits":0.0,"reportingTax":0.0,"reportingTaxCalculated":0.0,"liabilityType":"Seller"}],"nonPassthroughDetails":[],"hsCode":"","costInsuranceFreight":0.0,"vatCode":"","vatNumberTypeId":0}],"addresses":[{"id":0,"transactionId":0,"boundaryLevel":"Address","line1":"1823 Maryland Ave","line2":"Unit 37083","line3":"","city":"Niagara Falls","region":"NY","postalCode":"14305","country":"US","taxRegionId":4002812,"latitude":"43.125127","longitude":"-79.039511"},{"id":0,"transactionId":0,"boundaryLevel":"Address","line1":"30 GLENN ST","line2":"","line3":"","city":"WHITE PLAINS","region":"NY","postalCode":"10603-3254","country":"US","taxRegionId":2090237,"latitude":"41.050608","longitude":"-73.771383"}],"summary":[{"country":"US","region":"NY","jurisType":"State","jurisCode":"36","jurisName":"NEW YORK","taxAuthorityType":45,"stateAssignedNo":"","taxType":"Sales","taxSubType":"S","taxName":"NY STATE TAX","rateType":"General","taxable":47.2,"rate":0.040000,"tax":1.89,"taxCalculated":1.89,"nonTaxable":0.0,"exemption":0.0},{"country":"US","region":"NY","jurisType":"County","jurisCode":"063","jurisName":"NIAGARA","taxAuthorityType":45,"stateAssignedNo":"NI 2911","taxType":"Sales","taxSubType":"S","taxName":"NY COUNTY TAX","rateType":"General","taxable":47.2,"rate":0.040000,"tax":1.89,"taxCalculated":1.89,"nonTaxable":0.0,"exemption":0.0}]}

09-08-2021 @ 13:17:28 - Request
Request
method: GET
uri: https://rest.avatax.com/api/v2/taxrates/byaddress?line1=&line2=&city=Niagara+Falls&region=NY&country=US&postalCode=14305
user-agent: WooCommerce-AvaTax/1.12.0 (WooCommerce/5.4.2; WordPress/5.8)
headers: Array
(
    [content-type] => application/json
    [accept] => application/json
    [Authorization] => ******************************************
    [X-Avalara-Client] => WCSkyVerge RESTv2;REST;REST;v2;AlconoxInc
    [X-Avalara-UID] => a0o33000004goTr
)
body:
duration: 0.27748s

09-08-2021 @ 13:17:28 - Response
Response
code: 200
message: OK
headers: Array
(
    [date] => Wed, 08 Sep 2021 17:17:28 GMT
    [content-type] => application/json; charset=utf-8
    [content-length] => 144
    [x-content-type-options] => nosniff
    [serverduration] => 00:00:00.0011644
    [databasecalls] => 0
    [databaseduration] => 00:00:00
    [serviceduration] => 00:00:00
)
body: {"totalRate":0.080000,"rates":[{"rate":0.040000,"name":"NY STATE TAX","type":"State"},{"rate":0.040000,"name":"NY COUNTY TAX","type":"County"}]}

09-08-2021 @ 13:17:30 - Request
Request
method: POST
uri: https://rest.avatax.com/api/v2/transactions/create
user-agent: WooCommerce-AvaTax/1.12.0 (WooCommerce/5.4.2; WordPress/5.8)
headers: Array
(
    [content-type] => application/json
    [accept] => application/json
    [Authorization] => ******************************************
    [X-Avalara-Client] => WCSkyVerge RESTv2;REST;REST;v2;AlconoxInc
    [X-Avalara-UID] => a0o33000004goTr
)
body: {"code":"","companyCode":"ALC","customerCode":"416eastyork@gmail.com","currencyCode":"USD","date":"2021-09-08","lines":[{"number":"ca67023068969c7df100d80920400183","itemCode":"1104-1","taxCode":"P0000000","description":"Alconox","quantity":1,"amount":47.200000000000003},{"number":"shipping_0","itemCode":"pt-ups-merger:6:03","taxCode":"FR","description":"Ground (UPS)","quantity":1,"amount":10.880000000000001}],"addresses":{"shipFrom":{"line1":"30 GLENN ST","line2":"","city":"WHITE PLAINS","region":"NY","country":"US","postalCode":"10603-3254"},"shipTo":{"line1":"1823 Maryland Ave","line2":"Unit 37083","city":"Niagara Falls","region":"NY","country":"US","postalCode":"14305"}},"type":"SalesOrder","commit":false}
duration: 1.43188s

09-08-2021 @ 13:17:30 - Response
Response
code: 201
message: Created
headers: Array
(
    [date] => Wed, 08 Sep 2021 17:17:30 GMT
    [content-type] => application/json; charset=utf-8
    [server] => Kestrel
    [content-encoding] => br
    [location] => /api/v2/companies/207925/transactions/0
    [vary] => Accept-Encoding
    [serverduration] => 00:00:00.1404618
)
body: {"id":0,"code":"0826c5ad-c853-499f-8199-7c306eef0a75","companyId":207925,"date":"2021-09-08","paymentDate":"2021-09-08","status":"Temporary","type":"SalesOrder","batchCode":"","currencyCode":"USD","exchangeRateCurrencyCode":"USD","customerUsageType":"","entityUseCode":"","customerVendorCode":"416eastyork@gmail.com","customerCode":"416eastyork@gmail.com","exemptNo":"","reconciled":false,"locationCode":"","reportingLocationCode":"","purchaseOrderNo":"","referenceCode":"","salespersonCode":"","totalAmount":58.08,"totalExempt":10.88,"totalDiscount":0.0,"totalTax":3.78,"totalTaxable":47.2,"totalTaxCalculated":3.78,"adjustmentReason":"NotAdjusted","locked":false,"version":1,"exchangeRateEffectiveDate":"2021-09-08","exchangeRate":1.0,"modifiedDate":"2021-09-08T17:17:30.2986823Z","modifiedUserId":231879,"taxDate":"2021-09-08","lines":[{"id":0,"transactionId":0,"lineNumber":"ca67023068969c7df100d80920400183","customerUsageType":"","entityUseCode":"","description":"Alconox","discountAmount":0.0,"exemptAmount":0.0,"exemptCertId":0,"exemptNo":"","isItemTaxable":true,"itemCode":"1104-1","lineAmount":47.200000000000003,"quantity":1.0,"ref1":"","ref2":"","reportingDate":"2021-09-08","tax":3.78,"taxableAmount":47.2,"taxCalculated":3.78,"taxCode":"P0000000","taxCodeId":4316,"taxDate":"2021-09-08","taxIncluded":false,"details":[{"id":0,"transactionLineId":0,"transactionId":0,"country":"US","region":"NY","exemptAmount":0.0,"jurisCode":"36","jurisName":"NEW YORK","stateAssignedNo":"","jurisType":"STA","jurisdictionType":"State","nonTaxableAmount":0.0,"rate":0.040000,"tax":1.89,"taxableAmount":47.2,"taxType":"Sales","taxSubTypeId":"S","taxName":"NY STATE TAX","taxAuthorityTypeId":45,"taxCalculated":1.89,"rateType":"General","rateTypeCode":"G","unitOfBasis":"PerCurrencyUnit","isNonPassThru":false,"isFee":false,"reportingTaxableUnits":47.2,"reportingNonTaxableUnits":0.0,"reportingExemptUnits":0.0,"reportingTax":1.89,"reportingTaxCalculated":1.89,"liabilityType":"Seller"},{"id":0,"transactionLineId":0,"transactionId":0,"country":"US","region":"NY","exemptAmount":0.0,"jurisCode":"063","jurisName":"NIAGARA","stateAssignedNo":"NI 2911","jurisType":"CTY","jurisdictionType":"County","nonTaxableAmount":0.0,"rate":0.040000,"tax":1.89,"taxableAmount":47.2,"taxType":"Sales","taxSubTypeId":"S","taxName":"NY COUNTY TAX","taxAuthorityTypeId":45,"taxCalculated":1.89,"rateType":"General","rateTypeCode":"G","unitOfBasis":"PerCurrencyUnit","isNonPassThru":false,"isFee":false,"reportingTaxableUnits":47.2,"reportingNonTaxableUnits":0.0,"reportingExemptUnits":0.0,"reportingTax":1.89,"reportingTaxCalculated":1.89,"liabilityType":"Seller"}],"nonPassthroughDetails":[],"hsCode":"","costInsuranceFreight":0.0,"vatCode":"","vatNumberTypeId":0},{"id":0,"transactionId":0,"lineNumber":"shipping_0","customerUsageType":"","entityUseCode":"","description":"Ground (UPS)","discountAmount":0.0,"exemptAmount":10.88,"exemptCertId":0,"exemptNo":"","isItemTaxable":false,"itemCode":"pt-ups-merger:6:03","lineAmount":10.880000000000001,"quantity":1.0,"ref1":"","ref2":"","reportingDate":"2021-09-08","tax":0.0,"taxableAmount":0.0,"taxCalculated":0.0,"taxCode":"FR","taxCodeId":7119,"taxDate":"2021-09-08","taxIncluded":false,"details":[{"id":0,"transactionLineId":0,"transactionId":0,"country":"US","region":"NY","exemptAmount":0.0,"jurisCode":"36","jurisName":"NEW YORK","stateAssignedNo":"","jurisType":"STA","jurisdictionType":"State","nonTaxableAmount":10.88,"rate":0.040000,"tax":0.0,"taxableAmount":0.0,"taxType":"Sales","taxSubTypeId":"S","taxName":"NY STATE TAX","taxAuthorityTypeId":45,"taxCalculated":0.0,"rateType":"General","rateTypeCode":"G","unitOfBasis":"PerCurrencyUnit","isNonPassThru":false,"isFee":false,"reportingTaxableUnits":0.0,"reportingNonTaxableUnits":10.88,"reportingExemptUnits":0.0,"reportingTax":0.0,"reportingTaxCalculated":0.0,"liabilityType":"Seller"},{"id":0,"transactionLineId":0,"transactionId":0,"country":"US","region":"NY","exemptAmount":0.0,"jurisCode":"063","jurisName":"NIAGARA","stateAssignedNo":"NI 2911","jurisType":"CTY","jurisdictionType":"County","nonTaxableAmount":10.88,"rate":0.040000,"tax":0.0,"taxableAmount":0.0,"taxType":"Sales","taxSubTypeId":"S","taxName":"NY COUNTY TAX","taxAuthorityTypeId":45,"taxCalculated":0.0,"rateType":"General","rateTypeCode":"G","unitOfBasis":"PerCurrencyUnit","isNonPassThru":false,"isFee":false,"reportingTaxableUnits":0.0,"reportingNonTaxableUnits":10.88,"reportingExemptUnits":0.0,"reportingTax":0.0,"reportingTaxCalculated":0.0,"liabilityType":"Seller"}],"nonPassthroughDetails":[],"hsCode":"","costInsuranceFreight":0.0,"vatCode":"","vatNumberTypeId":0}],"addresses":[{"id":0,"transactionId":0,"boundaryLevel":"Address","line1":"1823 Maryland Ave","line2":"Unit 37083","line3":"","city":"Niagara Falls","region":"NY","postalCode":"14305","country":"US","taxRegionId":4002812,"latitude":"43.125127","longitude":"-79.039511"},{"id":0,"transactionId":0,"boundaryLevel":"Address","line1":"30 GLENN ST","line2":"","line3":"","city":"WHITE PLAINS","region":"NY","postalCode":"10603-3254","country":"US","taxRegionId":2090237,"latitude":"41.050608","longitude":"-73.771383"}],"summary":[{"country":"US","region":"NY","jurisType":"State","jurisCode":"36","jurisName":"NEW YORK","taxAuthorityType":45,"stateAssignedNo":"","taxType":"Sales","taxSubType":"S","taxName":"NY STATE TAX","rateType":"General","taxable":47.2,"rate":0.040000,"tax":1.89,"taxCalculated":1.89,"nonTaxable":10.88,"exemption":0.0},{"country":"US","region":"NY","jurisType":"County","jurisCode":"063","jurisName":"NIAGARA","taxAuthorityType":45,"stateAssignedNo":"NI 2911","taxType":"Sales","taxSubType":"S","taxName":"NY COUNTY TAX","rateType":"General","taxable":47.2,"rate":0.040000,"tax":1.89,"taxCalculated":1.89,"nonTaxable":10.88,"exemption":0.0}]}

09-08-2021 @ 13:18:06 - Request
Request
method: GET
uri: https://rest.avatax.com/api/v2/taxrates/byaddress?line1=&line2=&city=Niagara+Falls&region=NY&country=US&postalCode=14305
user-agent: WooCommerce-AvaTax/1.12.0 (WooCommerce/5.4.2; WordPress/5.8)
headers: Array
(
    [content-type] => application/json
    [accept] => application/json
    [Authorization] => ******************************************
    [X-Avalara-Client] => WCSkyVerge RESTv2;REST;REST;v2;AlconoxInc
    [X-Avalara-UID] => a0o33000004goTr
)
body:
duration: 0.2895s

09-08-2021 @ 13:18:06 - Response
Response
code: 200
message: OK
headers: Array
(
    [date] => Wed, 08 Sep 2021 17:18:06 GMT
    [content-type] => application/json; charset=utf-8
    [content-length] => 144
    [x-content-type-options] => nosniff
    [serverduration] => 00:00:00.0001791
    [databasecalls] => 0
    [databaseduration] => 00:00:00
    [serviceduration] => 00:00:00
)
body: {"totalRate":0.080000,"rates":[{"rate":0.040000,"name":"NY STATE TAX","type":"State"},{"rate":0.040000,"name":"NY COUNTY TAX","type":"County"}]}

09-08-2021 @ 13:18:06 - Request
Request
method: POST
uri: https://rest.avatax.com/api/v2/transactions/create
user-agent: WooCommerce-AvaTax/1.12.0 (WooCommerce/5.4.2; WordPress/5.8)
headers: Array
(
    [content-type] => application/json
    [accept] => application/json
    [Authorization] => ******************************************
    [X-Avalara-Client] => WCSkyVerge RESTv2;REST;REST;v2;AlconoxInc
    [X-Avalara-UID] => a0o33000004goTr
)
body: {"code":"","companyCode":"ALC","customerCode":"416eastyork@gmail.com","currencyCode":"USD","date":"2021-09-08","lines":[{"number":"ca67023068969c7df100d80920400183","itemCode":"1104-1","taxCode":"P0000000","description":"Alconox","quantity":1,"amount":47.200000000000003},{"number":"shipping_0","itemCode":"use-my-shipping-account","taxCode":"FR","description":"Use My Shipping Account","quantity":1}],"addresses":{"shipFrom":{"line1":"30 GLENN ST","line2":"","city":"WHITE PLAINS","region":"NY","country":"US","postalCode":"10603-3254"},"shipTo":{"line1":"1823 Maryland Ave","line2":"Unit 37083","city":"Niagara Falls","region":"NY","country":"US","postalCode":"14305"}},"type":"SalesOrder","commit":false}
duration: 0.33415s

09-08-2021 @ 13:18:06 - Response
Response
code: 201
message: Created
headers: Array
(
    [date] => Wed, 08 Sep 2021 17:18:06 GMT
    [content-type] => application/json; charset=utf-8
    [server] => Kestrel
    [content-encoding] => br
    [location] => /api/v2/companies/207925/transactions/0
    [vary] => Accept-Encoding
    [serverduration] => 00:00:00.0414386
)
body: {"id":0,"code":"ddbe4e1c-f315-479c-9aeb-f1ad4866db28","companyId":207925,"date":"2021-09-08","paymentDate":"2021-09-08","status":"Temporary","type":"SalesOrder","batchCode":"","currencyCode":"USD","exchangeRateCurrencyCode":"USD","customerUsageType":"","entityUseCode":"","customerVendorCode":"416eastyork@gmail.com","customerCode":"416eastyork@gmail.com","exemptNo":"","reconciled":false,"locationCode":"","reportingLocationCode":"","purchaseOrderNo":"","referenceCode":"","salespersonCode":"","totalAmount":47.2,"totalExempt":0.0,"totalDiscount":0.0,"totalTax":3.78,"totalTaxable":47.2,"totalTaxCalculated":3.78,"adjustmentReason":"NotAdjusted","locked":false,"version":1,"exchangeRateEffectiveDate":"2021-09-08","exchangeRate":1.0,"modifiedDate":"2021-09-08T17:18:06.5153779Z","modifiedUserId":231879,"taxDate":"2021-09-08","lines":[{"id":0,"transactionId":0,"lineNumber":"ca67023068969c7df100d80920400183","customerUsageType":"","entityUseCode":"","description":"Alconox","discountAmount":0.0,"exemptAmount":0.0,"exemptCertId":0,"exemptNo":"","isItemTaxable":true,"itemCode":"1104-1","lineAmount":47.200000000000003,"quantity":1.0,"ref1":"","ref2":"","reportingDate":"2021-09-08","tax":3.78,"taxableAmount":47.2,"taxCalculated":3.78,"taxCode":"P0000000","taxCodeId":4316,"taxDate":"2021-09-08","taxIncluded":false,"details":[{"id":0,"transactionLineId":0,"transactionId":0,"country":"US","region":"NY","exemptAmount":0.0,"jurisCode":"36","jurisName":"NEW YORK","stateAssignedNo":"","jurisType":"STA","jurisdictionType":"State","nonTaxableAmount":0.0,"rate":0.040000,"tax":1.89,"taxableAmount":47.2,"taxType":"Sales","taxSubTypeId":"S","taxName":"NY STATE TAX","taxAuthorityTypeId":45,"taxCalculated":1.89,"rateType":"General","rateTypeCode":"G","unitOfBasis":"PerCurrencyUnit","isNonPassThru":false,"isFee":false,"reportingTaxableUnits":47.2,"reportingNonTaxableUnits":0.0,"reportingExemptUnits":0.0,"reportingTax":1.89,"reportingTaxCalculated":1.89,"liabilityType":"Seller"},{"id":0,"transactionLineId":0,"transactionId":0,"country":"US","region":"NY","exemptAmount":0.0,"jurisCode":"063","jurisName":"NIAGARA","stateAssignedNo":"NI 2911","jurisType":"CTY","jurisdictionType":"County","nonTaxableAmount":0.0,"rate":0.040000,"tax":1.89,"taxableAmount":47.2,"taxType":"Sales","taxSubTypeId":"S","taxName":"NY COUNTY TAX","taxAuthorityTypeId":45,"taxCalculated":1.89,"rateType":"General","rateTypeCode":"G","unitOfBasis":"PerCurrencyUnit","isNonPassThru":false,"isFee":false,"reportingTaxableUnits":47.2,"reportingNonTaxableUnits":0.0,"reportingExemptUnits":0.0,"reportingTax":1.89,"reportingTaxCalculated":1.89,"liabilityType":"Seller"}],"nonPassthroughDetails":[],"hsCode":"","costInsuranceFreight":0.0,"vatCode":"","vatNumberTypeId":0},{"id":0,"transactionId":0,"lineNumber":"shipping_0","customerUsageType":"","entityUseCode":"","description":"Use My Shipping Account","discountAmount":0.0,"exemptAmount":0.0,"exemptCertId":0,"exemptNo":"","isItemTaxable":false,"itemCode":"use-my-shipping-account","lineAmount":0.0,"quantity":1.0,"ref1":"","ref2":"","reportingDate":"2021-09-08","tax":0.0,"taxableAmount":0.0,"taxCalculated":0.0,"taxCode":"FR","taxCodeId":7119,"taxDate":"2021-09-08","taxIncluded":false,"details":[{"id":0,"transactionLineId":0,"transactionId":0,"country":"US","region":"NY","exemptAmount":0.0,"jurisCode":"36","jurisName":"NEW YORK","stateAssignedNo":"","jurisType":"STA","jurisdictionType":"State","nonTaxableAmount":0.0,"rate":0.040000,"tax":0.0,"taxableAmount":0.0,"taxType":"Sales","taxSubTypeId":"S","taxName":"NY STATE TAX","taxAuthorityTypeId":45,"taxCalculated":0.0,"rateType":"General","rateTypeCode":"G","unitOfBasis":"PerCurrencyUnit","isNonPassThru":false,"isFee":false,"reportingTaxableUnits":0.0,"reportingNonTaxableUnits":0.0,"reportingExemptUnits":0.0,"reportingTax":0.0,"reportingTaxCalculated":0.0,"liabilityType":"Seller"},{"id":0,"transactionLineId":0,"transactionId":0,"country":"US","region":"NY","exemptAmount":0.0,"jurisCode":"063","jurisName":"NIAGARA","stateAssignedNo":"NI 2911","jurisType":"CTY","jurisdictionType":"County","nonTaxableAmount":0.0,"rate":0.040000,"tax":0.0,"taxableAmount":0.0,"taxType":"Sales","taxSubTypeId":"S","taxName":"NY COUNTY TAX","taxAuthorityTypeId":45,"taxCalculated":0.0,"rateType":"General","rateTypeCode":"G","unitOfBasis":"PerCurrencyUnit","isNonPassThru":false,"isFee":false,"reportingTaxableUnits":0.0,"reportingNonTaxableUnits":0.0,"reportingExemptUnits":0.0,"reportingTax":0.0,"reportingTaxCalculated":0.0,"liabilityType":"Seller"}],"nonPassthroughDetails":[],"hsCode":"","costInsuranceFreight":0.0,"vatCode":"","vatNumberTypeId":0}],"addresses":[{"id":0,"transactionId":0,"boundaryLevel":"Address","line1":"1823 Maryland Ave","line2":"Unit 37083","line3":"","city":"Niagara Falls","region":"NY","postalCode":"14305","country":"US","taxRegionId":4002812,"latitude":"43.125127","longitude":"-79.039511"},{"id":0,"transactionId":0,"boundaryLevel":"Address","line1":"30 GLENN ST","line2":"","line3":"","city":"WHITE PLAINS","region":"NY","postalCode":"10603-3254","country":"US","taxRegionId":2090237,"latitude":"41.050608","longitude":"-73.771383"}],"summary":[{"country":"US","region":"NY","jurisType":"State","jurisCode":"36","jurisName":"NEW YORK","taxAuthorityType":45,"stateAssignedNo":"","taxType":"Sales","taxSubType":"S","taxName":"NY STATE TAX","rateType":"General","taxable":47.2,"rate":0.040000,"tax":1.89,"taxCalculated":1.89,"nonTaxable":0.0,"exemption":0.0},{"country":"US","region":"NY","jurisType":"County","jurisCode":"063","jurisName":"NIAGARA","taxAuthorityType":45,"stateAssignedNo":"NI 2911","taxType":"Sales","taxSubType":"S","taxName":"NY COUNTY TAX","rateType":"General","taxable":47.2,"rate":0.040000,"tax":1.89,"taxCalculated":1.89,"nonTaxable":0.0,"exemption":0.0}]}

09-08-2021 @ 13:18:09 - Request
Request
method: GET
uri: https://rest.avatax.com/api/v2/taxrates/byaddress?line1=&line2=&city=Niagara+Falls&region=NY&country=US&postalCode=14305
user-agent: WooCommerce-AvaTax/1.12.0 (WooCommerce/5.4.2; WordPress/5.8)
headers: Array
(
    [content-type] => application/json
    [accept] => application/json
    [Authorization] => ******************************************
    [X-Avalara-Client] => WCSkyVerge RESTv2;REST;REST;v2;AlconoxInc
    [X-Avalara-UID] => a0o33000004goTr
)
body:
duration: 0.29732s

09-08-2021 @ 13:18:09 - Response
Response
code: 200
message: OK
headers: Array
(
    [date] => Wed, 08 Sep 2021 17:18:09 GMT
    [content-type] => application/json; charset=utf-8
    [content-length] => 144
    [x-content-type-options] => nosniff
    [serverduration] => 00:00:00.0009858
    [databasecalls] => 0
    [databaseduration] => 00:00:00
    [serviceduration] => 00:00:00
)
body: {"totalRate":0.080000,"rates":[{"rate":0.040000,"name":"NY STATE TAX","type":"State"},{"rate":0.040000,"name":"NY COUNTY TAX","type":"County"}]}

09-08-2021 @ 13:18:09 - Request
Request
method: POST
uri: https://rest.avatax.com/api/v2/transactions/create
user-agent: WooCommerce-AvaTax/1.12.0 (WooCommerce/5.4.2; WordPress/5.8)
headers: Array
(
    [content-type] => application/json
    [accept] => application/json
    [Authorization] => ******************************************
    [X-Avalara-Client] => WCSkyVerge RESTv2;REST;REST;v2;AlconoxInc
    [X-Avalara-UID] => a0o33000004goTr
)
body: {"code":"","companyCode":"ALC","customerCode":"416eastyork@gmail.com","currencyCode":"USD","date":"2021-09-08","lines":[{"number":"ca67023068969c7df100d80920400183","itemCode":"1104-1","taxCode":"P0000000","description":"Alconox","quantity":1,"amount":47.200000000000003},{"number":"shipping_0","itemCode":"pt-ups-merger:6:03","taxCode":"FR","description":"Ground (UPS)","quantity":1,"amount":10.880000000000001}],"addresses":{"shipFrom":{"line1":"30 GLENN ST","line2":"","city":"WHITE PLAINS","region":"NY","country":"US","postalCode":"10603-3254"},"shipTo":{"line1":"1823 Maryland Ave","line2":"Unit 37083","city":"Niagara Falls","region":"NY","country":"US","postalCode":"14305"}},"type":"SalesOrder","commit":false}
duration: 0.34028s

09-08-2021 @ 13:18:09 - Response
Response
code: 201
message: Created
headers: Array
(
    [date] => Wed, 08 Sep 2021 17:18:09 GMT
    [content-type] => application/json; charset=utf-8
    [server] => Kestrel
    [content-encoding] => br
    [location] => /api/v2/companies/207925/transactions/0
    [vary] => Accept-Encoding
    [serverduration] => 00:00:00.0426797
)
body: {"id":0,"code":"c3c4844b-84ca-4146-a95f-e00041b6926a","companyId":207925,"date":"2021-09-08","paymentDate":"2021-09-08","status":"Temporary","type":"SalesOrder","batchCode":"","currencyCode":"USD","exchangeRateCurrencyCode":"USD","customerUsageType":"","entityUseCode":"","customerVendorCode":"416eastyork@gmail.com","customerCode":"416eastyork@gmail.com","exemptNo":"","reconciled":false,"locationCode":"","reportingLocationCode":"","purchaseOrderNo":"","referenceCode":"","salespersonCode":"","totalAmount":58.08,"totalExempt":10.88,"totalDiscount":0.0,"totalTax":3.78,"totalTaxable":47.2,"totalTaxCalculated":3.78,"adjustmentReason":"NotAdjusted","locked":false,"version":1,"exchangeRateEffectiveDate":"2021-09-08","exchangeRate":1.0,"modifiedDate":"2021-09-08T17:18:09.7237902Z","modifiedUserId":231879,"taxDate":"2021-09-08","lines":[{"id":0,"transactionId":0,"lineNumber":"ca67023068969c7df100d80920400183","customerUsageType":"","entityUseCode":"","description":"Alconox","discountAmount":0.0,"exemptAmount":0.0,"exemptCertId":0,"exemptNo":"","isItemTaxable":true,"itemCode":"1104-1","lineAmount":47.200000000000003,"quantity":1.0,"ref1":"","ref2":"","reportingDate":"2021-09-08","tax":3.78,"taxableAmount":47.2,"taxCalculated":3.78,"taxCode":"P0000000","taxCodeId":4316,"taxDate":"2021-09-08","taxIncluded":false,"details":[{"id":0,"transactionLineId":0,"transactionId":0,"country":"US","region":"NY","exemptAmount":0.0,"jurisCode":"36","jurisName":"NEW YORK","stateAssignedNo":"","jurisType":"STA","jurisdictionType":"State","nonTaxableAmount":0.0,"rate":0.040000,"tax":1.89,"taxableAmount":47.2,"taxType":"Sales","taxSubTypeId":"S","taxName":"NY STATE TAX","taxAuthorityTypeId":45,"taxCalculated":1.89,"rateType":"General","rateTypeCode":"G","unitOfBasis":"PerCurrencyUnit","isNonPassThru":false,"isFee":false,"reportingTaxableUnits":47.2,"reportingNonTaxableUnits":0.0,"reportingExemptUnits":0.0,"reportingTax":1.89,"reportingTaxCalculated":1.89,"liabilityType":"Seller"},{"id":0,"transactionLineId":0,"transactionId":0,"country":"US","region":"NY","exemptAmount":0.0,"jurisCode":"063","jurisName":"NIAGARA","stateAssignedNo":"NI 2911","jurisType":"CTY","jurisdictionType":"County","nonTaxableAmount":0.0,"rate":0.040000,"tax":1.89,"taxableAmount":47.2,"taxType":"Sales","taxSubTypeId":"S","taxName":"NY COUNTY TAX","taxAuthorityTypeId":45,"taxCalculated":1.89,"rateType":"General","rateTypeCode":"G","unitOfBasis":"PerCurrencyUnit","isNonPassThru":false,"isFee":false,"reportingTaxableUnits":47.2,"reportingNonTaxableUnits":0.0,"reportingExemptUnits":0.0,"reportingTax":1.89,"reportingTaxCalculated":1.89,"liabilityType":"Seller"}],"nonPassthroughDetails":[],"hsCode":"","costInsuranceFreight":0.0,"vatCode":"","vatNumberTypeId":0},{"id":0,"transactionId":0,"lineNumber":"shipping_0","customerUsageType":"","entityUseCode":"","description":"Ground (UPS)","discountAmount":0.0,"exemptAmount":10.88,"exemptCertId":0,"exemptNo":"","isItemTaxable":false,"itemCode":"pt-ups-merger:6:03","lineAmount":10.880000000000001,"quantity":1.0,"ref1":"","ref2":"","reportingDate":"2021-09-08","tax":0.0,"taxableAmount":0.0,"taxCalculated":0.0,"taxCode":"FR","taxCodeId":7119,"taxDate":"2021-09-08","taxIncluded":false,"details":[{"id":0,"transactionLineId":0,"transactionId":0,"country":"US","region":"NY","exemptAmount":0.0,"jurisCode":"36","jurisName":"NEW YORK","stateAssignedNo":"","jurisType":"STA","jurisdictionType":"State","nonTaxableAmount":10.88,"rate":0.040000,"tax":0.0,"taxableAmount":0.0,"taxType":"Sales","taxSubTypeId":"S","taxName":"NY STATE TAX","taxAuthorityTypeId":45,"taxCalculated":0.0,"rateType":"General","rateTypeCode":"G","unitOfBasis":"PerCurrencyUnit","isNonPassThru":false,"isFee":false,"reportingTaxableUnits":0.0,"reportingNonTaxableUnits":10.88,"reportingExemptUnits":0.0,"reportingTax":0.0,"reportingTaxCalculated":0.0,"liabilityType":"Seller"},{"id":0,"transactionLineId":0,"transactionId":0,"country":"US","region":"NY","exemptAmount":0.0,"jurisCode":"063","jurisName":"NIAGARA","stateAssignedNo":"NI 2911","jurisType":"CTY","jurisdictionType":"County","nonTaxableAmount":10.88,"rate":0.040000,"tax":0.0,"taxableAmount":0.0,"taxType":"Sales","taxSubTypeId":"S","taxName":"NY COUNTY TAX","taxAuthorityTypeId":45,"taxCalculated":0.0,"rateType":"General","rateTypeCode":"G","unitOfBasis":"PerCurrencyUnit","isNonPassThru":false,"isFee":false,"reportingTaxableUnits":0.0,"reportingNonTaxableUnits":10.88,"reportingExemptUnits":0.0,"reportingTax":0.0,"reportingTaxCalculated":0.0,"liabilityType":"Seller"}],"nonPassthroughDetails":[],"hsCode":"","costInsuranceFreight":0.0,"vatCode":"","vatNumberTypeId":0}],"addresses":[{"id":0,"transactionId":0,"boundaryLevel":"Address","line1":"1823 Maryland Ave","line2":"Unit 37083","line3":"","city":"Niagara Falls","region":"NY","postalCode":"14305","country":"US","taxRegionId":4002812,"latitude":"43.125127","longitude":"-79.039511"},{"id":0,"transactionId":0,"boundaryLevel":"Address","line1":"30 GLENN ST","line2":"","line3":"","city":"WHITE PLAINS","region":"NY","postalCode":"10603-3254","country":"US","taxRegionId":2090237,"latitude":"41.050608","longitude":"-73.771383"}],"summary":[{"country":"US","region":"NY","jurisType":"State","jurisCode":"36","jurisName":"NEW YORK","taxAuthorityType":45,"stateAssignedNo":"","taxType":"Sales","taxSubType":"S","taxName":"NY STATE TAX","rateType":"General","taxable":47.2,"rate":0.040000,"tax":1.89,"taxCalculated":1.89,"nonTaxable":10.88,"exemption":0.0},{"country":"US","region":"NY","jurisType":"County","jurisCode":"063","jurisName":"NIAGARA","taxAuthorityType":45,"stateAssignedNo":"NI 2911","taxType":"Sales","taxSubType":"S","taxName":"NY COUNTY TAX","rateType":"General","taxable":47.2,"rate":0.040000,"tax":1.89,"taxCalculated":1.89,"nonTaxable":10.88,"exemption":0.0}]}

09-08-2021 @ 13:19:12 - Request
Request
method: GET
uri: https://rest.avatax.com/api/v2/taxrates/byaddress?line1=&line2=&city=Niagara+Falls&region=NY&country=US&postalCode=14305
user-agent: WooCommerce-AvaTax/1.12.0 (WooCommerce/5.4.2; WordPress/5.8)
headers: Array
(
    [content-type] => application/json
    [accept] => application/json
    [Authorization] => ******************************************
    [X-Avalara-Client] => WCSkyVerge RESTv2;REST;REST;v2;AlconoxInc
    [X-Avalara-UID] => a0o33000004goTr
)
body:
duration: 0.3121s

09-08-2021 @ 13:19:12 - Response
Response
code: 200
message: OK
headers: Array
(
    [date] => Wed, 08 Sep 2021 17:19:12 GMT
    [content-type] => application/json; charset=utf-8
    [content-length] => 144
    [x-content-type-options] => nosniff
    [serverduration] => 00:00:00.0015216
    [databasecalls] => 0
    [databaseduration] => 00:00:00
    [serviceduration] => 00:00:00
)
body: {"totalRate":0.080000,"rates":[{"rate":0.040000,"name":"NY STATE TAX","type":"State"},{"rate":0.040000,"name":"NY COUNTY TAX","type":"County"}]}

09-08-2021 @ 13:19:13 - Request
Request
method: POST
uri: https://rest.avatax.com/api/v2/transactions/create
user-agent: WooCommerce-AvaTax/1.12.0 (WooCommerce/5.4.2; WordPress/5.8)
headers: Array
(
    [content-type] => application/json
    [accept] => application/json
    [Authorization] => ******************************************
    [X-Avalara-Client] => WCSkyVerge RESTv2;REST;REST;v2;AlconoxInc
    [X-Avalara-UID] => a0o33000004goTr
)
body: {"code":"","companyCode":"ALC","customerCode":"416eastyork@gmail.com","currencyCode":"USD","date":"2021-09-08","lines":[{"number":"ca67023068969c7df100d80920400183","itemCode":"1104-1","taxCode":"P0000000","description":"Alconox","quantity":1,"amount":47.200000000000003},{"number":"shipping_0","itemCode":"pt-ups-merger:6:03","taxCode":"FR","description":"Ground (UPS)","quantity":1,"amount":10.880000000000001}],"addresses":{"shipFrom":{"line1":"30 GLENN ST","line2":"","city":"WHITE PLAINS","region":"NY","country":"US","postalCode":"10603-3254"},"shipTo":{"line1":"1823 Maryland Ave","line2":"Unit 37083","city":"Niagara Falls","region":"NY","country":"US","postalCode":"14305"}},"type":"SalesOrder","commit":false}
duration: 0.32578s

09-08-2021 @ 13:19:13 - Response
Response
code: 201
message: Created
headers: Array
(
    [date] => Wed, 08 Sep 2021 17:19:13 GMT
    [content-type] => application/json; charset=utf-8
    [server] => Kestrel
    [content-encoding] => br
    [location] => /api/v2/companies/207925/transactions/0
    [vary] => Accept-Encoding
    [serverduration] => 00:00:00.0314555
)
body: {"id":0,"code":"1d13b4af-9b7d-47f8-a9d8-344bd24ceaed","companyId":207925,"date":"2021-09-08","paymentDate":"2021-09-08","status":"Temporary","type":"SalesOrder","batchCode":"","currencyCode":"USD","exchangeRateCurrencyCode":"USD","customerUsageType":"","entityUseCode":"","customerVendorCode":"416eastyork@gmail.com","customerCode":"416eastyork@gmail.com","exemptNo":"","reconciled":false,"locationCode":"","reportingLocationCode":"","purchaseOrderNo":"","referenceCode":"","salespersonCode":"","totalAmount":58.08,"totalExempt":10.88,"totalDiscount":0.0,"totalTax":3.78,"totalTaxable":47.2,"totalTaxCalculated":3.78,"adjustmentReason":"NotAdjusted","locked":false,"version":1,"exchangeRateEffectiveDate":"2021-09-08","exchangeRate":1.0,"modifiedDate":"2021-09-08T17:19:13.1700707Z","modifiedUserId":231879,"taxDate":"2021-09-08","lines":[{"id":0,"transactionId":0,"lineNumber":"ca67023068969c7df100d80920400183","customerUsageType":"","entityUseCode":"","description":"Alconox","discountAmount":0.0,"exemptAmount":0.0,"exemptCertId":0,"exemptNo":"","isItemTaxable":true,"itemCode":"1104-1","lineAmount":47.200000000000003,"quantity":1.0,"ref1":"","ref2":"","reportingDate":"2021-09-08","tax":3.78,"taxableAmount":47.2,"taxCalculated":3.78,"taxCode":"P0000000","taxCodeId":4316,"taxDate":"2021-09-08","taxIncluded":false,"details":[{"id":0,"transactionLineId":0,"transactionId":0,"country":"US","region":"NY","exemptAmount":0.0,"jurisCode":"36","jurisName":"NEW YORK","stateAssignedNo":"","jurisType":"STA","jurisdictionType":"State","nonTaxableAmount":0.0,"rate":0.040000,"tax":1.89,"taxableAmount":47.2,"taxType":"Sales","taxSubTypeId":"S","taxName":"NY STATE TAX","taxAuthorityTypeId":45,"taxCalculated":1.89,"rateType":"General","rateTypeCode":"G","unitOfBasis":"PerCurrencyUnit","isNonPassThru":false,"isFee":false,"reportingTaxableUnits":47.2,"reportingNonTaxableUnits":0.0,"reportingExemptUnits":0.0,"reportingTax":1.89,"reportingTaxCalculated":1.89,"liabilityType":"Seller"},{"id":0,"transactionLineId":0,"transactionId":0,"country":"US","region":"NY","exemptAmount":0.0,"jurisCode":"063","jurisName":"NIAGARA","stateAssignedNo":"NI 2911","jurisType":"CTY","jurisdictionType":"County","nonTaxableAmount":0.0,"rate":0.040000,"tax":1.89,"taxableAmount":47.2,"taxType":"Sales","taxSubTypeId":"S","taxName":"NY COUNTY TAX","taxAuthorityTypeId":45,"taxCalculated":1.89,"rateType":"General","rateTypeCode":"G","unitOfBasis":"PerCurrencyUnit","isNonPassThru":false,"isFee":false,"reportingTaxableUnits":47.2,"reportingNonTaxableUnits":0.0,"reportingExemptUnits":0.0,"reportingTax":1.89,"reportingTaxCalculated":1.89,"liabilityType":"Seller"}],"nonPassthroughDetails":[],"hsCode":"","costInsuranceFreight":0.0,"vatCode":"","vatNumberTypeId":0},{"id":0,"transactionId":0,"lineNumber":"shipping_0","customerUsageType":"","entityUseCode":"","description":"Ground (UPS)","discountAmount":0.0,"exemptAmount":10.88,"exemptCertId":0,"exemptNo":"","isItemTaxable":false,"itemCode":"pt-ups-merger:6:03","lineAmount":10.880000000000001,"quantity":1.0,"ref1":"","ref2":"","reportingDate":"2021-09-08","tax":0.0,"taxableAmount":0.0,"taxCalculated":0.0,"taxCode":"FR","taxCodeId":7119,"taxDate":"2021-09-08","taxIncluded":false,"details":[{"id":0,"transactionLineId":0,"transactionId":0,"country":"US","region":"NY","exemptAmount":0.0,"jurisCode":"36","jurisName":"NEW YORK","stateAssignedNo":"","jurisType":"STA","jurisdictionType":"State","nonTaxableAmount":10.88,"rate":0.040000,"tax":0.0,"taxableAmount":0.0,"taxType":"Sales","taxSubTypeId":"S","taxName":"NY STATE TAX","taxAuthorityTypeId":45,"taxCalculated":0.0,"rateType":"General","rateTypeCode":"G","unitOfBasis":"PerCurrencyUnit","isNonPassThru":false,"isFee":false,"reportingTaxableUnits":0.0,"reportingNonTaxableUnits":10.88,"reportingExemptUnits":0.0,"reportingTax":0.0,"reportingTaxCalculated":0.0,"liabilityType":"Seller"},{"id":0,"transactionLineId":0,"transactionId":0,"country":"US","region":"NY","exemptAmount":0.0,"jurisCode":"063","jurisName":"NIAGARA","stateAssignedNo":"NI 2911","jurisType":"CTY","jurisdictionType":"County","nonTaxableAmount":10.88,"rate":0.040000,"tax":0.0,"taxableAmount":0.0,"taxType":"Sales","taxSubTypeId":"S","taxName":"NY COUNTY TAX","taxAuthorityTypeId":45,"taxCalculated":0.0,"rateType":"General","rateTypeCode":"G","unitOfBasis":"PerCurrencyUnit","isNonPassThru":false,"isFee":false,"reportingTaxableUnits":0.0,"reportingNonTaxableUnits":10.88,"reportingExemptUnits":0.0,"reportingTax":0.0,"reportingTaxCalculated":0.0,"liabilityType":"Seller"}],"nonPassthroughDetails":[],"hsCode":"","costInsuranceFreight":0.0,"vatCode":"","vatNumberTypeId":0}],"addresses":[{"id":0,"transactionId":0,"boundaryLevel":"Address","line1":"1823 Maryland Ave","line2":"Unit 37083","line3":"","city":"Niagara Falls","region":"NY","postalCode":"14305","country":"US","taxRegionId":4002812,"latitude":"43.125127","longitude":"-79.039511"},{"id":0,"transactionId":0,"boundaryLevel":"Address","line1":"30 GLENN ST","line2":"","line3":"","city":"WHITE PLAINS","region":"NY","postalCode":"10603-3254","country":"US","taxRegionId":2090237,"latitude":"41.050608","longitude":"-73.771383"}],"summary":[{"country":"US","region":"NY","jurisType":"State","jurisCode":"36","jurisName":"NEW YORK","taxAuthorityType":45,"stateAssignedNo":"","taxType":"Sales","taxSubType":"S","taxName":"NY STATE TAX","rateType":"General","taxable":47.2,"rate":0.040000,"tax":1.89,"taxCalculated":1.89,"nonTaxable":10.88,"exemption":0.0},{"country":"US","region":"NY","jurisType":"County","jurisCode":"063","jurisName":"NIAGARA","taxAuthorityType":45,"stateAssignedNo":"NI 2911","taxType":"Sales","taxSubType":"S","taxName":"NY COUNTY TAX","rateType":"General","taxable":47.2,"rate":0.040000,"tax":1.89,"taxCalculated":1.89,"nonTaxable":10.88,"exemption":0.0}]}

09-08-2021 @ 13:19:14 - Request
Request
method: GET
uri: https://rest.avatax.com/api/v2/taxrates/byaddress?line1=&line2=&city=Niagara+Falls&region=NY&country=US&postalCode=14305
user-agent: WooCommerce-AvaTax/1.12.0 (WooCommerce/5.4.2; WordPress/5.8)
headers: Array
(
    [content-type] => application/json
    [accept] => application/json
    [Authorization] => ******************************************
    [X-Avalara-Client] => WCSkyVerge RESTv2;REST;REST;v2;AlconoxInc
    [X-Avalara-UID] => a0o33000004goTr
)
body:
duration: 0.32856s

09-08-2021 @ 13:19:14 - Response
Response
code: 200
message: OK
headers: Array
(
    [date] => Wed, 08 Sep 2021 17:19:14 GMT
    [content-type] => application/json; charset=utf-8
    [content-length] => 144
    [x-content-type-options] => nosniff
    [serverduration] => 00:00:00.0015957
    [databasecalls] => 0
    [databaseduration] => 00:00:00
    [serviceduration] => 00:00:00
)
body: {"totalRate":0.080000,"rates":[{"rate":0.040000,"name":"NY STATE TAX","type":"State"},{"rate":0.040000,"name":"NY COUNTY TAX","type":"County"}]}

09-08-2021 @ 13:19:15 - Request
Request
method: POST
uri: https://rest.avatax.com/api/v2/transactions/create
user-agent: WooCommerce-AvaTax/1.12.0 (WooCommerce/5.4.2; WordPress/5.8)
headers: Array
(
    [content-type] => application/json
    [accept] => application/json
    [Authorization] => ******************************************
    [X-Avalara-Client] => WCSkyVerge RESTv2;REST;REST;v2;AlconoxInc
    [X-Avalara-UID] => a0o33000004goTr
)
body: {"code":"","companyCode":"ALC","customerCode":"416eastyork@gmail.com","currencyCode":"USD","date":"2021-09-08","lines":[{"number":"ca67023068969c7df100d80920400183","itemCode":"1104-1","taxCode":"P0000000","description":"Alconox","quantity":1,"amount":47.200000000000003},{"number":"shipping_0","itemCode":"pt-ups-merger:6:03","taxCode":"FR","description":"Ground (UPS)","quantity":1,"amount":10.880000000000001}],"addresses":{"shipFrom":{"line1":"30 GLENN ST","line2":"","city":"WHITE PLAINS","region":"NY","country":"US","postalCode":"10603-3254"},"shipTo":{"line1":"1823 Maryland Ave","line2":"Unit 37083","city":"Niagara Falls","region":"NY","country":"US","postalCode":"14305"}},"type":"SalesOrder","commit":false}
duration: 0.30497s

09-08-2021 @ 13:19:15 - Response
Response
code: 201
message: Created
headers: Array
(
    [date] => Wed, 08 Sep 2021 17:19:15 GMT
    [content-type] => application/json; charset=utf-8
    [server] => Kestrel
    [content-encoding] => br
    [location] => /api/v2/companies/207925/transactions/0
    [vary] => Accept-Encoding
    [serverduration] => 00:00:00.0362279
)
body: {"id":0,"code":"b5a68c76-6083-4602-92e9-4fbecbc780e0","companyId":207925,"date":"2021-09-08","paymentDate":"2021-09-08","status":"Temporary","type":"SalesOrder","batchCode":"","currencyCode":"USD","exchangeRateCurrencyCode":"USD","customerUsageType":"","entityUseCode":"","customerVendorCode":"416eastyork@gmail.com","customerCode":"416eastyork@gmail.com","exemptNo":"","reconciled":false,"locationCode":"","reportingLocationCode":"","purchaseOrderNo":"","referenceCode":"","salespersonCode":"","totalAmount":58.08,"totalExempt":10.88,"totalDiscount":0.0,"totalTax":3.78,"totalTaxable":47.2,"totalTaxCalculated":3.78,"adjustmentReason":"NotAdjusted","locked":false,"version":1,"exchangeRateEffectiveDate":"2021-09-08","exchangeRate":1.0,"modifiedDate":"2021-09-08T17:19:15.2022371Z","modifiedUserId":231879,"taxDate":"2021-09-08","lines":[{"id":0,"transactionId":0,"lineNumber":"ca67023068969c7df100d80920400183","customerUsageType":"","entityUseCode":"","description":"Alconox","discountAmount":0.0,"exemptAmount":0.0,"exemptCertId":0,"exemptNo":"","isItemTaxable":true,"itemCode":"1104-1","lineAmount":47.200000000000003,"quantity":1.0,"ref1":"","ref2":"","reportingDate":"2021-09-08","tax":3.78,"taxableAmount":47.2,"taxCalculated":3.78,"taxCode":"P0000000","taxCodeId":4316,"taxDate":"2021-09-08","taxIncluded":false,"details":[{"id":0,"transactionLineId":0,"transactionId":0,"country":"US","region":"NY","exemptAmount":0.0,"jurisCode":"36","jurisName":"NEW YORK","stateAssignedNo":"","jurisType":"STA","jurisdictionType":"State","nonTaxableAmount":0.0,"rate":0.040000,"tax":1.89,"taxableAmount":47.2,"taxType":"Sales","taxSubTypeId":"S","taxName":"NY STATE TAX","taxAuthorityTypeId":45,"taxCalculated":1.89,"rateType":"General","rateTypeCode":"G","unitOfBasis":"PerCurrencyUnit","isNonPassThru":false,"isFee":false,"reportingTaxableUnits":47.2,"reportingNonTaxableUnits":0.0,"reportingExemptUnits":0.0,"reportingTax":1.89,"reportingTaxCalculated":1.89,"liabilityType":"Seller"},{"id":0,"transactionLineId":0,"transactionId":0,"country":"US","region":"NY","exemptAmount":0.0,"jurisCode":"063","jurisName":"NIAGARA","stateAssignedNo":"NI 2911","jurisType":"CTY","jurisdictionType":"County","nonTaxableAmount":0.0,"rate":0.040000,"tax":1.89,"taxableAmount":47.2,"taxType":"Sales","taxSubTypeId":"S","taxName":"NY COUNTY TAX","taxAuthorityTypeId":45,"taxCalculated":1.89,"rateType":"General","rateTypeCode":"G","unitOfBasis":"PerCurrencyUnit","isNonPassThru":false,"isFee":false,"reportingTaxableUnits":47.2,"reportingNonTaxableUnits":0.0,"reportingExemptUnits":0.0,"reportingTax":1.89,"reportingTaxCalculated":1.89,"liabilityType":"Seller"}],"nonPassthroughDetails":[],"hsCode":"","costInsuranceFreight":0.0,"vatCode":"","vatNumberTypeId":0},{"id":0,"transactionId":0,"lineNumber":"shipping_0","customerUsageType":"","entityUseCode":"","description":"Ground (UPS)","discountAmount":0.0,"exemptAmount":10.88,"exemptCertId":0,"exemptNo":"","isItemTaxable":false,"itemCode":"pt-ups-merger:6:03","lineAmount":10.880000000000001,"quantity":1.0,"ref1":"","ref2":"","reportingDate":"2021-09-08","tax":0.0,"taxableAmount":0.0,"taxCalculated":0.0,"taxCode":"FR","taxCodeId":7119,"taxDate":"2021-09-08","taxIncluded":false,"details":[{"id":0,"transactionLineId":0,"transactionId":0,"country":"US","region":"NY","exemptAmount":0.0,"jurisCode":"36","jurisName":"NEW YORK","stateAssignedNo":"","jurisType":"STA","jurisdictionType":"State","nonTaxableAmount":10.88,"rate":0.040000,"tax":0.0,"taxableAmount":0.0,"taxType":"Sales","taxSubTypeId":"S","taxName":"NY STATE TAX","taxAuthorityTypeId":45,"taxCalculated":0.0,"rateType":"General","rateTypeCode":"G","unitOfBasis":"PerCurrencyUnit","isNonPassThru":false,"isFee":false,"reportingTaxableUnits":0.0,"reportingNonTaxableUnits":10.88,"reportingExemptUnits":0.0,"reportingTax":0.0,"reportingTaxCalculated":0.0,"liabilityType":"Seller"},{"id":0,"transactionLineId":0,"transactionId":0,"country":"US","region":"NY","exemptAmount":0.0,"jurisCode":"063","jurisName":"NIAGARA","stateAssignedNo":"NI 2911","jurisType":"CTY","jurisdictionType":"County","nonTaxableAmount":10.88,"rate":0.040000,"tax":0.0,"taxableAmount":0.0,"taxType":"Sales","taxSubTypeId":"S","taxName":"NY COUNTY TAX","taxAuthorityTypeId":45,"taxCalculated":0.0,"rateType":"General","rateTypeCode":"G","unitOfBasis":"PerCurrencyUnit","isNonPassThru":false,"isFee":false,"reportingTaxableUnits":0.0,"reportingNonTaxableUnits":10.88,"reportingExemptUnits":0.0,"reportingTax":0.0,"reportingTaxCalculated":0.0,"liabilityType":"Seller"}],"nonPassthroughDetails":[],"hsCode":"","costInsuranceFreight":0.0,"vatCode":"","vatNumberTypeId":0}],"addresses":[{"id":0,"transactionId":0,"boundaryLevel":"Address","line1":"1823 Maryland Ave","line2":"Unit 37083","line3":"","city":"Niagara Falls","region":"NY","postalCode":"14305","country":"US","taxRegionId":4002812,"latitude":"43.125127","longitude":"-79.039511"},{"id":0,"transactionId":0,"boundaryLevel":"Address","line1":"30 GLENN ST","line2":"","line3":"","city":"WHITE PLAINS","region":"NY","postalCode":"10603-3254","country":"US","taxRegionId":2090237,"latitude":"41.050608","longitude":"-73.771383"}],"summary":[{"country":"US","region":"NY","jurisType":"State","jurisCode":"36","jurisName":"NEW YORK","taxAuthorityType":45,"stateAssignedNo":"","taxType":"Sales","taxSubType":"S","taxName":"NY STATE TAX","rateType":"General","taxable":47.2,"rate":0.040000,"tax":1.89,"taxCalculated":1.89,"nonTaxable":10.88,"exemption":0.0},{"country":"US","region":"NY","jurisType":"County","jurisCode":"063","jurisName":"NIAGARA","taxAuthorityType":45,"stateAssignedNo":"NI 2911","taxType":"Sales","taxSubType":"S","taxName":"NY COUNTY TAX","rateType":"General","taxable":47.2,"rate":0.040000,"tax":1.89,"taxCalculated":1.89,"nonTaxable":10.88,"exemption":0.0}]}

09-08-2021 @ 13:19:33 - Request
Request
method: GET
uri: https://rest.avatax.com/api/v2/taxrates/byaddress?line1=&line2=&city=Niagara+Falls&region=NY&country=US&postalCode=14305
user-agent: WooCommerce-AvaTax/1.12.0 (WooCommerce/5.4.2; WordPress/5.8)
headers: Array
(
    [content-type] => application/json
    [accept] => application/json
    [Authorization] => ******************************************
    [X-Avalara-Client] => WCSkyVerge RESTv2;REST;REST;v2;AlconoxInc
    [X-Avalara-UID] => a0o33000004goTr
)
body:
duration: 0.28418s

09-08-2021 @ 13:19:33 - Response
Response
code: 200
message: OK
headers: Array
(
    [date] => Wed, 08 Sep 2021 17:19:33 GMT
    [content-type] => application/json; charset=utf-8
    [content-length] => 144
    [x-content-type-options] => nosniff
    [serverduration] => 00:00:00.0001667
    [databasecalls] => 0
    [databaseduration] => 00:00:00
    [serviceduration] => 00:00:00
)
body: {"totalRate":0.080000,"rates":[{"rate":0.040000,"name":"NY STATE TAX","type":"State"},{"rate":0.040000,"name":"NY COUNTY TAX","type":"County"}]}

09-08-2021 @ 13:19:33 - Request
Request
method: POST
uri: https://rest.avatax.com/api/v2/transactions/create
user-agent: WooCommerce-AvaTax/1.12.0 (WooCommerce/5.4.2; WordPress/5.8)
headers: Array
(
    [content-type] => application/json
    [accept] => application/json
    [Authorization] => ******************************************
    [X-Avalara-Client] => WCSkyVerge RESTv2;REST;REST;v2;AlconoxInc
    [X-Avalara-UID] => a0o33000004goTr
)
body: {"code":"","companyCode":"ALC","customerCode":"416eastyork@gmail.com","currencyCode":"USD","date":"2021-09-08","lines":[{"number":"ca67023068969c7df100d80920400183","itemCode":"1104-1","taxCode":"P0000000","description":"Alconox","quantity":1,"amount":47.200000000000003},{"number":"shipping_0","itemCode":"pt-ups-merger:6:03","taxCode":"FR","description":"Ground (UPS)","quantity":1,"amount":10.880000000000001}],"addresses":{"shipFrom":{"line1":"30 GLENN ST","line2":"","city":"WHITE PLAINS","region":"NY","country":"US","postalCode":"10603-3254"},"shipTo":{"line1":"1823 Maryland Ave","line2":"Unit 37083","city":"Niagara Falls","region":"NY","country":"US","postalCode":"14305"}},"type":"SalesOrder","commit":false}
duration: 0.3475s

09-08-2021 @ 13:19:33 - Response
Response
code: 201
message: Created
headers: Array
(
    [date] => Wed, 08 Sep 2021 17:19:33 GMT
    [content-type] => application/json; charset=utf-8
    [server] => Kestrel
    [content-encoding] => br
    [location] => /api/v2/companies/207925/transactions/0
    [vary] => Accept-Encoding
    [serverduration] => 00:00:00.0398256
)
body: {"id":0,"code":"3aaeb62b-eda7-4b39-acb4-57b02ca6e8da","companyId":207925,"date":"2021-09-08","paymentDate":"2021-09-08","status":"Temporary","type":"SalesOrder","batchCode":"","currencyCode":"USD","exchangeRateCurrencyCode":"USD","customerUsageType":"","entityUseCode":"","customerVendorCode":"416eastyork@gmail.com","customerCode":"416eastyork@gmail.com","exemptNo":"","reconciled":false,"locationCode":"","reportingLocationCode":"","purchaseOrderNo":"","referenceCode":"","salespersonCode":"","totalAmount":58.08,"totalExempt":10.88,"totalDiscount":0.0,"totalTax":3.78,"totalTaxable":47.2,"totalTaxCalculated":3.78,"adjustmentReason":"NotAdjusted","locked":false,"version":1,"exchangeRateEffectiveDate":"2021-09-08","exchangeRate":1.0,"modifiedDate":"2021-09-08T17:19:33.763694Z","modifiedUserId":231879,"taxDate":"2021-09-08","lines":[{"id":0,"transactionId":0,"lineNumber":"ca67023068969c7df100d80920400183","customerUsageType":"","entityUseCode":"","description":"Alconox","discountAmount":0.0,"exemptAmount":0.0,"exemptCertId":0,"exemptNo":"","isItemTaxable":true,"itemCode":"1104-1","lineAmount":47.200000000000003,"quantity":1.0,"ref1":"","ref2":"","reportingDate":"2021-09-08","tax":3.78,"taxableAmount":47.2,"taxCalculated":3.78,"taxCode":"P0000000","taxCodeId":4316,"taxDate":"2021-09-08","taxIncluded":false,"details":[{"id":0,"transactionLineId":0,"transactionId":0,"country":"US","region":"NY","exemptAmount":0.0,"jurisCode":"36","jurisName":"NEW YORK","stateAssignedNo":"","jurisType":"STA","jurisdictionType":"State","nonTaxableAmount":0.0,"rate":0.040000,"tax":1.89,"taxableAmount":47.2,"taxType":"Sales","taxSubTypeId":"S","taxName":"NY STATE TAX","taxAuthorityTypeId":45,"taxCalculated":1.89,"rateType":"General","rateTypeCode":"G","unitOfBasis":"PerCurrencyUnit","isNonPassThru":false,"isFee":false,"reportingTaxableUnits":47.2,"reportingNonTaxableUnits":0.0,"reportingExemptUnits":0.0,"reportingTax":1.89,"reportingTaxCalculated":1.89,"liabilityType":"Seller"},{"id":0,"transactionLineId":0,"transactionId":0,"country":"US","region":"NY","exemptAmount":0.0,"jurisCode":"063","jurisName":"NIAGARA","stateAssignedNo":"NI 2911","jurisType":"CTY","jurisdictionType":"County","nonTaxableAmount":0.0,"rate":0.040000,"tax":1.89,"taxableAmount":47.2,"taxType":"Sales","taxSubTypeId":"S","taxName":"NY COUNTY TAX","taxAuthorityTypeId":45,"taxCalculated":1.89,"rateType":"General","rateTypeCode":"G","unitOfBasis":"PerCurrencyUnit","isNonPassThru":false,"isFee":false,"reportingTaxableUnits":47.2,"reportingNonTaxableUnits":0.0,"reportingExemptUnits":0.0,"reportingTax":1.89,"reportingTaxCalculated":1.89,"liabilityType":"Seller"}],"nonPassthroughDetails":[],"hsCode":"","costInsuranceFreight":0.0,"vatCode":"","vatNumberTypeId":0},{"id":0,"transactionId":0,"lineNumber":"shipping_0","customerUsageType":"","entityUseCode":"","description":"Ground (UPS)","discountAmount":0.0,"exemptAmount":10.88,"exemptCertId":0,"exemptNo":"","isItemTaxable":false,"itemCode":"pt-ups-merger:6:03","lineAmount":10.880000000000001,"quantity":1.0,"ref1":"","ref2":"","reportingDate":"2021-09-08","tax":0.0,"taxableAmount":0.0,"taxCalculated":0.0,"taxCode":"FR","taxCodeId":7119,"taxDate":"2021-09-08","taxIncluded":false,"details":[{"id":0,"transactionLineId":0,"transactionId":0,"country":"US","region":"NY","exemptAmount":0.0,"jurisCode":"36","jurisName":"NEW YORK","stateAssignedNo":"","jurisType":"STA","jurisdictionType":"State","nonTaxableAmount":10.88,"rate":0.040000,"tax":0.0,"taxableAmount":0.0,"taxType":"Sales","taxSubTypeId":"S","taxName":"NY STATE TAX","taxAuthorityTypeId":45,"taxCalculated":0.0,"rateType":"General","rateTypeCode":"G","unitOfBasis":"PerCurrencyUnit","isNonPassThru":false,"isFee":false,"reportingTaxableUnits":0.0,"reportingNonTaxableUnits":10.88,"reportingExemptUnits":0.0,"reportingTax":0.0,"reportingTaxCalculated":0.0,"liabilityType":"Seller"},{"id":0,"transactionLineId":0,"transactionId":0,"country":"US","region":"NY","exemptAmount":0.0,"jurisCode":"063","jurisName":"NIAGARA","stateAssignedNo":"NI 2911","jurisType":"CTY","jurisdictionType":"County","nonTaxableAmount":10.88,"rate":0.040000,"tax":0.0,"taxableAmount":0.0,"taxType":"Sales","taxSubTypeId":"S","taxName":"NY COUNTY TAX","taxAuthorityTypeId":45,"taxCalculated":0.0,"rateType":"General","rateTypeCode":"G","unitOfBasis":"PerCurrencyUnit","isNonPassThru":false,"isFee":false,"reportingTaxableUnits":0.0,"reportingNonTaxableUnits":10.88,"reportingExemptUnits":0.0,"reportingTax":0.0,"reportingTaxCalculated":0.0,"liabilityType":"Seller"}],"nonPassthroughDetails":[],"hsCode":"","costInsuranceFreight":0.0,"vatCode":"","vatNumberTypeId":0}],"addresses":[{"id":0,"transactionId":0,"boundaryLevel":"Address","line1":"1823 Maryland Ave","line2":"Unit 37083","line3":"","city":"Niagara Falls","region":"NY","postalCode":"14305","country":"US","taxRegionId":4002812,"latitude":"43.125127","longitude":"-79.039511"},{"id":0,"transactionId":0,"boundaryLevel":"Address","line1":"30 GLENN ST","line2":"","line3":"","city":"WHITE PLAINS","region":"NY","postalCode":"10603-3254","country":"US","taxRegionId":2090237,"latitude":"41.050608","longitude":"-73.771383"}],"summary":[{"country":"US","region":"NY","jurisType":"State","jurisCode":"36","jurisName":"NEW YORK","taxAuthorityType":45,"stateAssignedNo":"","taxType":"Sales","taxSubType":"S","taxName":"NY STATE TAX","rateType":"General","taxable":47.2,"rate":0.040000,"tax":1.89,"taxCalculated":1.89,"nonTaxable":10.88,"exemption":0.0},{"country":"US","region":"NY","jurisType":"County","jurisCode":"063","jurisName":"NIAGARA","taxAuthorityType":45,"stateAssignedNo":"NI 2911","taxType":"Sales","taxSubType":"S","taxName":"NY COUNTY TAX","rateType":"General","taxable":47.2,"rate":0.040000,"tax":1.89,"taxCalculated":1.89,"nonTaxable":10.88,"exemption":0.0}]}

09-08-2021 @ 13:19:39 - Request
Request
method: POST
uri: https://rest.avatax.com/api/v2/transactions/create
user-agent: WooCommerce-AvaTax/1.12.0 (WooCommerce/5.4.2; WordPress/5.8)
headers: Array
(
    [content-type] => application/json
    [accept] => application/json
    [Authorization] => ******************************************
    [X-Avalara-Client] => WCSkyVerge RESTv2;REST;REST;v2;AlconoxInc
    [X-Avalara-UID] => a0o33000004goTr
)
body: {"code":"wc_order_AwYkOrKuBhgOh","companyCode":"ALC","customerCode":"416eastyork@gmail.com","currencyCode":"USD","date":"2021-09-08","lines":[{"number":24653,"itemCode":"1104-1","taxCode":"P0000000","description":"Alconox","quantity":1,"amount":47.200000000000003},{"number":"shipping_24654","itemCode":"pt-ups-merger","taxCode":"FR","description":"Ground (UPS)","quantity":1,"amount":10.880000000000001}],"addresses":{"shipFrom":{"line1":"30 GLENN ST","line2":"","city":"WHITE PLAINS","region":"NY","country":"US","postalCode":"10603-3254"},"shipTo":{"line1":"1823 Maryland Ave","line2":"Unit 37083","city":"Niagara Falls","region":"NY","country":"US","postalCode":"14305"}},"type":"SalesInvoice","purchaseOrderNo":"22215","commit":true}
duration: 0.37079s

09-08-2021 @ 13:19:39 - Response
Response
code: 201
message: Created
headers: Array
(
    [date] => Wed, 08 Sep 2021 17:19:39 GMT
    [content-type] => application/json; charset=utf-8
    [server] => Kestrel
    [content-encoding] => br
    [location] => /api/v2/companies/207925/transactions/2001871938618
    [vary] => Accept-Encoding
    [serverduration] => 00:00:00.0730995
)
body: {"id":2001871938618,"code":"wc_order_AwYkOrKuBhgOh","companyId":207925,"date":"2021-09-08","status":"Committed","type":"SalesInvoice","batchCode":"","currencyCode":"USD","exchangeRateCurrencyCode":"USD","customerUsageType":"","entityUseCode":"","customerVendorCode":"416eastyork@gmail.com","customerCode":"416eastyork@gmail.com","exemptNo":"","reconciled":false,"locationCode":"","reportingLocationCode":"","purchaseOrderNo":"22215","referenceCode":"","salespersonCode":"","taxOverrideType":"None","taxOverrideAmount":0.0,"taxOverrideReason":"","totalAmount":58.08,"totalExempt":10.88,"totalDiscount":0.0,"totalTax":3.78,"totalTaxable":47.2,"totalTaxCalculated":3.78,"adjustmentReason":"NotAdjusted","adjustmentDescription":"","locked":false,"region":"NY","country":"US","version":1,"softwareVersion":"21.8.1.0","originAddressId":1003444087088,"destinationAddressId":5002946185070,"exchangeRateEffectiveDate":"2021-09-08","exchangeRate":1.0,"description":"","email":"","businessIdentificationNo":"","modifiedDate":"2021-09-08T17:19:39.851601Z","modifiedUserId":231879,"taxDate":"2021-09-08","lines":[{"id":3005808653453,"transactionId":2001871938618,"lineNumber":"24653","boundaryOverrideId":0,"customerUsageType":"","entityUseCode":"","description":"Alconox","destinationAddressId":5002946185070,"originAddressId":1003444087088,"discountAmount":0.0,"discountTypeId":0,"exemptAmount":0.0,"exemptCertId":0,"exemptNo":"","isItemTaxable":true,"isSSTP":false,"itemCode":"1104-1","lineAmount":47.2,"quantity":1.0,"ref1":"","ref2":"","reportingDate":"2021-09-08","revAccount":"","sourcing":"Destination","tax":3.7800,"taxableAmount":47.2,"taxCalculated":3.7800,"taxCode":"P0000000","taxCodeId":4316,"taxDate":"2021-09-08","taxEngine":"","taxOverrideType":"None","businessIdentificationNo":"","taxOverrideAmount":0.0,"taxOverrideReason":"","taxIncluded":false,"details":[{"id":11004699032798,"transactionLineId":3005808653453,"transactionId":2001871938618,"addressId":5002946185070,"country":"US","region":"NY","countyFIPS":"","stateFIPS":"","exemptAmount":0.0000,"exemptReasonId":4,"inState":true,"jurisCode":"36","jurisName":"NEW YORK","jurisdictionId":42,"signatureCode":"BFEQ","stateAssignedNo":"","jurisType":"STA","jurisdictionType":"State","nonTaxableAmount":0.0000,"nonTaxableRuleId":0,"nonTaxableType":"RateRule","rate":0.040000,"rateRuleId":1444264,"rateSourceId":3,"serCode":"","sourcing":"Destination","tax":1.8900,"taxableAmount":47.2000,"taxType":"Sales","taxSubTypeId":"S","taxTypeGroupId":"SalesAndUse","taxName":"NY STATE TAX","taxAuthorityTypeId":45,"taxRegionId":4002812,"taxCalculated":1.8900,"taxOverride":0.0000,"rateType":"General","rateTypeCode":"G","taxableUnits":47.2000,"nonTaxableUnits":0.0000,"exemptUnits":0.0000,"unitOfBasis":"PerCurrencyUnit","isNonPassThru":false,"isFee":false,"reportingTaxableUnits":47.2,"reportingNonTaxableUnits":0.0,"reportingExemptUnits":0.0,"reportingTax":1.89,"reportingTaxCalculated":1.89,"liabilityType":"Seller"},{"id":2005776268174,"transactionLineId":3005808653453,"transactionId":2001871938618,"addressId":5002946185070,"country":"US","region":"NY","countyFIPS":"","stateFIPS":"","exemptAmount":0.0000,"exemptReasonId":4,"inState":true,"jurisCode":"063","jurisName":"NIAGARA","jurisdictionId":1877,"signatureCode":"BGJQ","stateAssignedNo":"NI 2911","jurisType":"CTY","jurisdictionType":"County","nonTaxableAmount":0.0000,"nonTaxableRuleId":0,"nonTaxableType":"RateRule","rate":0.040000,"rateRuleId":1444315,"rateSourceId":3,"serCode":"","sourcing":"Destination","tax":1.8900,"taxableAmount":47.2000,"taxType":"Sales","taxSubTypeId":"S","taxTypeGroupId":"SalesAndUse","taxName":"NY COUNTY TAX","taxAuthorityTypeId":45,"taxRegionId":4002812,"taxCalculated":1.8900,"taxOverride":0.0000,"rateType":"General","rateTypeCode":"G","taxableUnits":47.2000,"nonTaxableUnits":0.0000,"exemptUnits":0.0000,"unitOfBasis":"PerCurrencyUnit","isNonPassThru":false,"isFee":false,"reportingTaxableUnits":47.2,"reportingNonTaxableUnits":0.0,"reportingExemptUnits":0.0,"reportingTax":1.89,"reportingTaxCalculated":1.89,"liabilityType":"Seller"}],"nonPassthroughDetails":[],"lineLocationTypes":[{"documentLineLocationTypeId":4007193928438,"documentLineId":3005808653453,"documentAddressId":1003444087088,"locationTypeCode":"ShipFrom"},{"documentLineLocationTypeId":5005473856797,"documentLineId":3005808653453,"documentAddressId":5002946185070,"locationTypeCode":"ShipTo"}],"hsCode":"","costInsuranceFreight":0.0,"vatCode":"","vatNumberTypeId":0},{"id":5003785754291,"transactionId":2001871938618,"lineNumber":"shipping_24654","boundaryOverrideId":0,"customerUsageType":"","entityUseCode":"","description":"Ground (UPS)","destinationAddressId":5002946185070,"originAddressId":1003444087088,"discountAmount":0.0,"discountTypeId":0,"exemptAmount":10.88,"exemptCertId":0,"exemptNo":"","isItemTaxable":false,"isSSTP":false,"itemCode":"pt-ups-merger","lineAmount":10.88,"quantity":1.0,"ref1":"","ref2":"","reportingDate":"2021-09-08","revAccount":"","sourcing":"Destination","tax":0.0000,"taxableAmount":0.0,"taxCalculated":0.0000,"taxCode":"FR","taxCodeId":7119,"taxDate":"2021-09-08","taxEngine":"","taxOverrideType":"None","businessIdentificationNo":"","taxOverrideAmount":0.0,"taxOverrideReason":"","taxIncluded":false,"details":[{"id":10004699032799,"transactionLineId":5003785754291,"transactionId":2001871938618,"addressId":5002946185070,"country":"US","region":"NY","countyFIPS":"","stateFIPS":"","exemptAmount":0.0000,"exemptReasonId":5,"inState":true,"jurisCode":"36","jurisName":"NEW YORK","jurisdictionId":42,"signatureCode":"BFEQ","stateAssignedNo":"","jurisType":"STA","jurisdictionType":"State","nonTaxableAmount":10.8800,"nonTaxableRuleId":5594534,"nonTaxableType":"ProductTaxabilityRule","rate":0.040000,"rateRuleId":1444264,"rateSourceId":3,"serCode":"","sourcing":"Destination","tax":0.0000,"taxableAmount":0.0000,"taxType":"Sales","taxSubTypeId":"S","taxTypeGroupId":"SalesAndUse","taxName":"NY STATE TAX","taxAuthorityTypeId":45,"taxRegionId":4002812,"taxCalculated":0.0000,"taxOverride":0.0000,"rateType":"General","rateTypeCode":"G","taxableUnits":0.0000,"nonTaxableUnits":10.8800,"exemptUnits":0.0000,"unitOfBasis":"PerCurrencyUnit","isNonPassThru":false,"isFee":false,"reportingTaxableUnits":0.0,"reportingNonTaxableUnits":10.88,"reportingExemptUnits":0.0,"reportingTax":0.0,"reportingTaxCalculated":0.0,"liabilityType":"Seller"},{"id":3005776268173,"transactionLineId":5003785754291,"transactionId":2001871938618,"addressId":5002946185070,"country":"US","region":"NY","countyFIPS":"","stateFIPS":"","exemptAmount":0.0000,"exemptReasonId":5,"inState":true,"jurisCode":"063","jurisName":"NIAGARA","jurisdictionId":1877,"signatureCode":"BGJQ","stateAssignedNo":"NI 2911","jurisType":"CTY","jurisdictionType":"County","nonTaxableAmount":10.8800,"nonTaxableRuleId":5594534,"nonTaxableType":"ProductTaxabilityRule","rate":0.040000,"rateRuleId":1444315,"rateSourceId":3,"serCode":"","sourcing":"Destination","tax":0.0000,"taxableAmount":0.0000,"taxType":"Sales","taxSubTypeId":"S","taxTypeGroupId":"SalesAndUse","taxName":"NY COUNTY TAX","taxAuthorityTypeId":45,"taxRegionId":4002812,"taxCalculated":0.0000,"taxOverride":0.0000,"rateType":"General","rateTypeCode":"G","taxableUnits":0.0000,"nonTaxableUnits":10.8800,"exemptUnits":0.0000,"unitOfBasis":"PerCurrencyUnit","isNonPassThru":false,"isFee":false,"reportingTaxableUnits":0.0,"reportingNonTaxableUnits":10.88,"reportingExemptUnits":0.0,"reportingTax":0.0,"reportingTaxCalculated":0.0,"liabilityType":"Seller"}],"nonPassthroughDetails":[],"lineLocationTypes":[{"documentLineLocationTypeId":2007193928434,"documentLineId":5003785754291,"documentAddressId":1003444087088,"locationTypeCode":"ShipFrom"},{"documentLineLocationTypeId":3007193928436,"documentLineId":5003785754291,"documentAddressId":5002946185070,"locationTypeCode":"ShipTo"}],"hsCode":"","costInsuranceFreight":0.0,"vatCode":"","vatNumberTypeId":0}],"addresses":[{"id":5002946185070,"transactionId":2001871938618,"boundaryLevel":"Address","line1":"1823 MARYLAND AVE UNIT 37083","line2":"","line3":"","city":"NIAGARA FALLS","region":"NY","postalCode":"14305-1708","country":"US","taxRegionId":4002812,"latitude":"43.125127","longitude":"-79.039511"},{"id":1003444087088,"transactionId":2001871938618,"boundaryLevel":"Address","line1":"30 GLENN ST","line2":"","line3":"","city":"WHITE PLAINS","region":"NY","postalCode":"10603-3254","country":"US","taxRegionId":2090237,"latitude":"41.050608","longitude":"-73.771383"}],"locationTypes":[{"documentLocationTypeId":6002422128832,"documentId":2001871938618,"documentAddressId":1003444087088,"locationTypeCode":"ShipFrom"},{"documentLocationTypeId":7000268962268,"documentId":2001871938618,"documentAddressId":5002946185070,"locationTypeCode":"ShipTo"}],"summary":[{"country":"US","region":"NY","jurisType":"State","jurisCode":"36","jurisName":"NEW YORK","taxAuthorityType":45,"stateAssignedNo":"","taxType":"Sales","taxSubType":"S","taxName":"NY STATE TAX","rateType":"General","taxable":47.20,"rate":0.040000,"tax":1.89,"taxCalculated":1.89,"nonTaxable":10.88,"exemption":0.00},{"country":"US","region":"NY","jurisType":"County","jurisCode":"063","jurisName":"NIAGARA","taxAuthorityType":45,"stateAssignedNo":"NI 2911","taxType":"Sales","taxSubType":"S","taxName":"NY COUNTY TAX","rateType":"General","taxable":47.20,"rate":0.040000,"tax":1.89,"taxCalculated":1.89,"nonTaxable":10.88,"exemption":0.00}]}

