01-07-2021 @ 09:41:05 - Request
Request
method: GET
uri: https://rest.avatax.com/api/v2/taxrates/byaddress?line1=&line2=&city=Buffalo&region=NY&country=US&postalCode=14217
user-agent: WooCommerce-AvaTax/1.11.0 (WooCommerce/4.8.0; WordPress/5.6)
headers: Array
(
    [content-type] => application/json
    [accept] => application/json
    [Authorization] => ******************************************
    [X-Avalara-Client] => WCSkyVerge RESTv2;REST;REST;v2;AlconoxInc
    [X-Avalara-UID] => a0o33000004goTr
)
body:
duration: 0.32873s

01-07-2021 @ 09:41:05 - Response
Response
code: 200
message: OK
headers: Array
(
    [date] => Thu, 07 Jan 2021 14:41:05 GMT
    [content-type] => application/json; charset=utf-8
    [content-length] => 144
    [x-content-type-options] => nosniff
    [serverduration] => 00:00:00.0163322
    [databasecalls] => 0
    [databaseduration] => 00:00:00
    [serviceduration] => 00:00:00
)
body: {"totalRate":0.087500,"rates":[{"rate":0.040000,"name":"NY STATE TAX","type":"State"},{"rate":0.047500,"name":"NY COUNTY TAX","type":"County"}]}

01-07-2021 @ 09:41:05 - Request
Request
method: POST
uri: https://rest.avatax.com/api/v2/transactions/create
user-agent: WooCommerce-AvaTax/1.11.0 (WooCommerce/4.8.0; WordPress/5.6)
headers: Array
(
    [content-type] => application/json
    [accept] => application/json
    [Authorization] => ******************************************
    [X-Avalara-Client] => WCSkyVerge RESTv2;REST;REST;v2;AlconoxInc
    [X-Avalara-UID] => a0o33000004goTr
)
body: {"code":"","companyCode":"ALC","customerCode":"cabrown@kellertechnology.com","currencyCode":"USD","date":"2021-01-07","lines":[{"number":"4c1e7d6abf972234a22e7f64c6e36138","itemCode":"1215","taxCode":"P0000000","description":"Liquinox","quantity":1,"amount":820},{"number":"shipping_0","itemCode":"use-my-shipping-account","taxCode":"FR","description":"Use My Shipping Account","quantity":1}],"addresses":{"shipFrom":{"line1":"30 GLENN ST","line2":"","city":"WHITE PLAINS","region":"NY","country":"US","postalCode":"10603-3254"},"shipTo":{"line1":"PO Box 103","line2":"","city":"Buffalo","region":"NY","country":"US","postalCode":"14217"}},"type":"SalesOrder","commit":false}
duration: 0.3112s

01-07-2021 @ 09:41:05 - Response
Response
code: 201
message: Created
headers: Array
(
    [date] => Thu, 07 Jan 2021 14:41:05 GMT
    [content-type] => application/json; charset=utf-8
    [server] => Kestrel
    [content-encoding] => br
    [location] => /api/v2/companies/207925/transactions/0
    [vary] => Accept-Encoding
    [serverduration] => 00:00:00.0320604
)
body: {"id":0,"code":"cdfb59c2-e8eb-4c19-bc35-88ac6bec0bc7","companyId":207925,"date":"2021-01-07","paymentDate":"2021-01-07","status":"Temporary","type":"SalesOrder","batchCode":"","currencyCode":"USD","exchangeRateCurrencyCode":"USD","customerUsageType":"","entityUseCode":"","customerVendorCode":"cabrown@kellertechnology.com","customerCode":"cabrown@kellertechnology.com","exemptNo":"","reconciled":false,"locationCode":"","reportingLocationCode":"","purchaseOrderNo":"","referenceCode":"","salespersonCode":"","totalAmount":820.0,"totalExempt":0.0,"totalDiscount":0.0,"totalTax":71.75,"totalTaxable":820.0,"totalTaxCalculated":71.75,"adjustmentReason":"NotAdjusted","locked":false,"version":1,"exchangeRateEffectiveDate":"2021-01-07","exchangeRate":1.0,"modifiedDate":"2021-01-07T14:41:05.750078Z","modifiedUserId":231879,"taxDate":"2021-01-07T00:00:00Z","lines":[{"id":0,"transactionId":0,"lineNumber":"4c1e7d6abf972234a22e7f64c6e36138","customerUsageType":"","entityUseCode":"","description":"Liquinox","discountAmount":0.0,"exemptAmount":0.0,"exemptCertId":0,"exemptNo":"","isItemTaxable":true,"itemCode":"1215","lineAmount":820.0,"quantity":1.0,"ref1":"","ref2":"","reportingDate":"2021-01-07","tax":71.75,"taxableAmount":820.0,"taxCalculated":71.75,"taxCode":"P0000000","taxCodeId":4316,"taxDate":"2021-01-07","taxIncluded":false,"details":[{"id":0,"transactionLineId":0,"transactionId":0,"country":"US","region":"NY","exemptAmount":0.0,"jurisCode":"36","jurisName":"NEW YORK","stateAssignedNo":"","jurisType":"STA","jurisdictionType":"State","nonTaxableAmount":0.0,"rate":0.040000,"tax":32.8,"taxableAmount":820.0,"taxType":"Sales","taxSubTypeId":"S","taxName":"NY STATE TAX","taxAuthorityTypeId":45,"taxCalculated":32.8,"rateType":"General","rateTypeCode":"G","unitOfBasis":"PerCurrencyUnit","isNonPassThru":false,"isFee":false,"reportingTaxableUnits":820.0,"reportingNonTaxableUnits":0.0,"reportingExemptUnits":0.0,"reportingTax":32.8,"reportingTaxCalculated":32.8,"liabilityType":"Seller"},{"id":0,"transactionLineId":0,"transactionId":0,"country":"US","region":"NY","exemptAmount":0.0,"jurisCode":"029","jurisName":"ERIE","stateAssignedNo":"ER 1451","jurisType":"CTY","jurisdictionType":"County","nonTaxableAmount":0.0,"rate":0.047500,"tax":38.95,"taxableAmount":820.0,"taxType":"Sales","taxSubTypeId":"S","taxName":"NY COUNTY TAX","taxAuthorityTypeId":45,"taxCalculated":38.95,"rateType":"General","rateTypeCode":"G","unitOfBasis":"PerCurrencyUnit","isNonPassThru":false,"isFee":false,"reportingTaxableUnits":820.0,"reportingNonTaxableUnits":0.0,"reportingExemptUnits":0.0,"reportingTax":38.95,"reportingTaxCalculated":38.95,"liabilityType":"Seller"}],"nonPassthroughDetails":[],"hsCode":"","costInsuranceFreight":0.0,"vatCode":"","vatNumberTypeId":0},{"id":0,"transactionId":0,"lineNumber":"shipping_0","customerUsageType":"","entityUseCode":"","description":"Use My Shipping Account","discountAmount":0.0,"exemptAmount":0.0,"exemptCertId":0,"exemptNo":"","isItemTaxable":false,"itemCode":"use-my-shipping-account","lineAmount":0.0,"quantity":1.0,"ref1":"","ref2":"","reportingDate":"2021-01-07","tax":0.0,"taxableAmount":0.0,"taxCalculated":0.0,"taxCode":"FR","taxCodeId":7119,"taxDate":"2021-01-07","taxIncluded":false,"details":[{"id":0,"transactionLineId":0,"transactionId":0,"country":"US","region":"NY","exemptAmount":0.0,"jurisCode":"36","jurisName":"NEW YORK","stateAssignedNo":"","jurisType":"STA","jurisdictionType":"State","nonTaxableAmount":0.0,"rate":0.040000,"tax":0.0,"taxableAmount":0.0,"taxType":"Sales","taxSubTypeId":"S","taxName":"NY STATE TAX","taxAuthorityTypeId":45,"taxCalculated":0.0,"rateType":"General","rateTypeCode":"G","unitOfBasis":"PerCurrencyUnit","isNonPassThru":false,"isFee":false,"reportingTaxableUnits":0.0,"reportingNonTaxableUnits":0.0,"reportingExemptUnits":0.0,"reportingTax":0.0,"reportingTaxCalculated":0.0,"liabilityType":"Seller"},{"id":0,"transactionLineId":0,"transactionId":0,"country":"US","region":"NY","exemptAmount":0.0,"jurisCode":"029","jurisName":"ERIE","stateAssignedNo":"ER 1451","jurisType":"CTY","jurisdictionType":"County","nonTaxableAmount":0.0,"rate":0.047500,"tax":0.0,"taxableAmount":0.0,"taxType":"Sales","taxSubTypeId":"S","taxName":"NY COUNTY TAX","taxAuthorityTypeId":45,"taxCalculated":0.0,"rateType":"General","rateTypeCode":"G","unitOfBasis":"PerCurrencyUnit","isNonPassThru":false,"isFee":false,"reportingTaxableUnits":0.0,"reportingNonTaxableUnits":0.0,"reportingExemptUnits":0.0,"reportingTax":0.0,"reportingTaxCalculated":0.0,"liabilityType":"Seller"}],"nonPassthroughDetails":[],"hsCode":"","costInsuranceFreight":0.0,"vatCode":"","vatNumberTypeId":0}],"addresses":[{"id":0,"transactionId":0,"boundaryLevel":"Zip5","line1":"PO Box 103","line2":"","line3":"","city":"Buffalo","region":"NY","postalCode":"14217","country":"US","taxRegionId":4017477,"latitude":"42.970149","longitude":"-78.873894"},{"id":0,"transactionId":0,"boundaryLevel":"Address","line1":"30 GLENN ST","line2":"","line3":"","city":"WHITE PLAINS","region":"NY","postalCode":"10603-3254","country":"US","taxRegionId":2090237,"latitude":"41.050608","longitude":"-73.771383"}],"summary":[{"country":"US","region":"NY","jurisType":"State","jurisCode":"36","jurisName":"NEW YORK","taxAuthorityType":45,"stateAssignedNo":"","taxType":"Sales","taxSubType":"S","taxName":"NY STATE TAX","rateType":"General","taxable":820.0,"rate":0.040000,"tax":32.8,"taxCalculated":32.8,"nonTaxable":0.0,"exemption":0.0},{"country":"US","region":"NY","jurisType":"County","jurisCode":"029","jurisName":"ERIE","taxAuthorityType":45,"stateAssignedNo":"ER 1451","taxType":"Sales","taxSubType":"S","taxName":"NY COUNTY TAX","rateType":"General","taxable":820.0,"rate":0.047500,"tax":38.95,"taxCalculated":38.95,"nonTaxable":0.0,"exemption":0.0}]}

01-07-2021 @ 09:41:28 - Request
Request
method: GET
uri: https://rest.avatax.com/api/v2/taxrates/byaddress?line1=&line2=&city=Niagara+Falls&region=NY&country=US&postalCode=14150
user-agent: WooCommerce-AvaTax/1.11.0 (WooCommerce/4.8.0; WordPress/5.6)
headers: Array
(
    [content-type] => application/json
    [accept] => application/json
    [Authorization] => ******************************************
    [X-Avalara-Client] => WCSkyVerge RESTv2;REST;REST;v2;AlconoxInc
    [X-Avalara-UID] => a0o33000004goTr
)
body:
duration: 0.3072s

01-07-2021 @ 09:41:28 - Response
Response
code: 200
message: OK
headers: Array
(
    [date] => Thu, 07 Jan 2021 14:41:28 GMT
    [content-type] => application/json; charset=utf-8
    [content-length] => 144
    [x-content-type-options] => nosniff
    [serverduration] => 00:00:00.0149178
    [databasecalls] => 0
    [databaseduration] => 00:00:00
    [serviceduration] => 00:00:00
)
body: {"totalRate":0.087500,"rates":[{"rate":0.040000,"name":"NY STATE TAX","type":"State"},{"rate":0.047500,"name":"NY COUNTY TAX","type":"County"}]}

01-07-2021 @ 09:41:28 - Request
Request
method: POST
uri: https://rest.avatax.com/api/v2/transactions/create
user-agent: WooCommerce-AvaTax/1.11.0 (WooCommerce/4.8.0; WordPress/5.6)
headers: Array
(
    [content-type] => application/json
    [accept] => application/json
    [Authorization] => ******************************************
    [X-Avalara-Client] => WCSkyVerge RESTv2;REST;REST;v2;AlconoxInc
    [X-Avalara-UID] => a0o33000004goTr
)
body: {"code":"","companyCode":"ALC","customerCode":"cabrown@kellertechnology.com","currencyCode":"USD","date":"2021-01-07","lines":[{"number":"4c1e7d6abf972234a22e7f64c6e36138","itemCode":"1215","taxCode":"P0000000","description":"Liquinox","quantity":1,"amount":820},{"number":"shipping_0","itemCode":"use-my-shipping-account","taxCode":"FR","description":"Use My Shipping Account","quantity":1}],"addresses":{"shipFrom":{"line1":"30 GLENN ST","line2":"","city":"WHITE PLAINS","region":"NY","country":"US","postalCode":"10603-3254"},"shipTo":{"line1":"2320 Military Road","line2":"","city":"Niagara Falls","region":"NY","country":"US","postalCode":"14150"}},"type":"SalesOrder","commit":false}
duration: 0.29978s

01-07-2021 @ 09:41:28 - Response
Response
code: 201
message: Created
headers: Array
(
    [date] => Thu, 07 Jan 2021 14:41:28 GMT
    [content-type] => application/json; charset=utf-8
    [server] => Kestrel
    [content-encoding] => br
    [location] => /api/v2/companies/207925/transactions/0
    [vary] => Accept-Encoding
    [serverduration] => 00:00:00.0315155
)
body: {"id":0,"code":"2e782eb1-699b-48bb-a018-ada38fff13cb","companyId":207925,"date":"2021-01-07","paymentDate":"2021-01-07","status":"Temporary","type":"SalesOrder","batchCode":"","currencyCode":"USD","exchangeRateCurrencyCode":"USD","customerUsageType":"","entityUseCode":"","customerVendorCode":"cabrown@kellertechnology.com","customerCode":"cabrown@kellertechnology.com","exemptNo":"","reconciled":false,"locationCode":"","reportingLocationCode":"","purchaseOrderNo":"","referenceCode":"","salespersonCode":"","totalAmount":820.0,"totalExempt":0.0,"totalDiscount":0.0,"totalTax":65.6,"totalTaxable":820.0,"totalTaxCalculated":65.6,"adjustmentReason":"NotAdjusted","locked":false,"version":1,"exchangeRateEffectiveDate":"2021-01-07","exchangeRate":1.0,"modifiedDate":"2021-01-07T14:41:28.4941801Z","modifiedUserId":231879,"taxDate":"2021-01-07T00:00:00Z","lines":[{"id":0,"transactionId":0,"lineNumber":"4c1e7d6abf972234a22e7f64c6e36138","customerUsageType":"","entityUseCode":"","description":"Liquinox","discountAmount":0.0,"exemptAmount":0.0,"exemptCertId":0,"exemptNo":"","isItemTaxable":true,"itemCode":"1215","lineAmount":820.0,"quantity":1.0,"ref1":"","ref2":"","reportingDate":"2021-01-07","tax":65.6,"taxableAmount":820.0,"taxCalculated":65.6,"taxCode":"P0000000","taxCodeId":4316,"taxDate":"2021-01-07","taxIncluded":false,"details":[{"id":0,"transactionLineId":0,"transactionId":0,"country":"US","region":"NY","exemptAmount":0.0,"jurisCode":"36","jurisName":"NEW YORK","stateAssignedNo":"","jurisType":"STA","jurisdictionType":"State","nonTaxableAmount":0.0,"rate":0.040000,"tax":32.8,"taxableAmount":820.0,"taxType":"Sales","taxSubTypeId":"S","taxName":"NY STATE TAX","taxAuthorityTypeId":45,"taxCalculated":32.8,"rateType":"General","rateTypeCode":"G","unitOfBasis":"PerCurrencyUnit","isNonPassThru":false,"isFee":false,"reportingTaxableUnits":820.0,"reportingNonTaxableUnits":0.0,"reportingExemptUnits":0.0,"reportingTax":32.8,"reportingTaxCalculated":32.8,"liabilityType":"Seller"},{"id":0,"transactionLineId":0,"transactionId":0,"country":"US","region":"NY","exemptAmount":0.0,"jurisCode":"063","jurisName":"NIAGARA","stateAssignedNo":"NI 2911","jurisType":"CTY","jurisdictionType":"County","nonTaxableAmount":0.0,"rate":0.040000,"tax":32.8,"taxableAmount":820.0,"taxType":"Sales","taxSubTypeId":"S","taxName":"NY COUNTY TAX","taxAuthorityTypeId":45,"taxCalculated":32.8,"rateType":"General","rateTypeCode":"G","unitOfBasis":"PerCurrencyUnit","isNonPassThru":false,"isFee":false,"reportingTaxableUnits":820.0,"reportingNonTaxableUnits":0.0,"reportingExemptUnits":0.0,"reportingTax":32.8,"reportingTaxCalculated":32.8,"liabilityType":"Seller"}],"nonPassthroughDetails":[],"hsCode":"","costInsuranceFreight":0.0,"vatCode":"","vatNumberTypeId":0},{"id":0,"transactionId":0,"lineNumber":"shipping_0","customerUsageType":"","entityUseCode":"","description":"Use My Shipping Account","discountAmount":0.0,"exemptAmount":0.0,"exemptCertId":0,"exemptNo":"","isItemTaxable":false,"itemCode":"use-my-shipping-account","lineAmount":0.0,"quantity":1.0,"ref1":"","ref2":"","reportingDate":"2021-01-07","tax":0.0,"taxableAmount":0.0,"taxCalculated":0.0,"taxCode":"FR","taxCodeId":7119,"taxDate":"2021-01-07","taxIncluded":false,"details":[{"id":0,"transactionLineId":0,"transactionId":0,"country":"US","region":"NY","exemptAmount":0.0,"jurisCode":"36","jurisName":"NEW YORK","stateAssignedNo":"","jurisType":"STA","jurisdictionType":"State","nonTaxableAmount":0.0,"rate":0.040000,"tax":0.0,"taxableAmount":0.0,"taxType":"Sales","taxSubTypeId":"S","taxName":"NY STATE TAX","taxAuthorityTypeId":45,"taxCalculated":0.0,"rateType":"General","rateTypeCode":"G","unitOfBasis":"PerCurrencyUnit","isNonPassThru":false,"isFee":false,"reportingTaxableUnits":0.0,"reportingNonTaxableUnits":0.0,"reportingExemptUnits":0.0,"reportingTax":0.0,"reportingTaxCalculated":0.0,"liabilityType":"Seller"},{"id":0,"transactionLineId":0,"transactionId":0,"country":"US","region":"NY","exemptAmount":0.0,"jurisCode":"063","jurisName":"NIAGARA","stateAssignedNo":"NI 2911","jurisType":"CTY","jurisdictionType":"County","nonTaxableAmount":0.0,"rate":0.040000,"tax":0.0,"taxableAmount":0.0,"taxType":"Sales","taxSubTypeId":"S","taxName":"NY COUNTY TAX","taxAuthorityTypeId":45,"taxCalculated":0.0,"rateType":"General","rateTypeCode":"G","unitOfBasis":"PerCurrencyUnit","isNonPassThru":false,"isFee":false,"reportingTaxableUnits":0.0,"reportingNonTaxableUnits":0.0,"reportingExemptUnits":0.0,"reportingTax":0.0,"reportingTaxCalculated":0.0,"liabilityType":"Seller"}],"nonPassthroughDetails":[],"hsCode":"","costInsuranceFreight":0.0,"vatCode":"","vatNumberTypeId":0}],"addresses":[{"id":0,"transactionId":0,"boundaryLevel":"Address","line1":"2320 Military Road","line2":"","line3":"","city":"Niagara Falls","region":"NY","postalCode":"14150","country":"US","taxRegionId":4002804,"latitude":"43.10156","longitude":"-78.979356"},{"id":0,"transactionId":0,"boundaryLevel":"Address","line1":"30 GLENN ST","line2":"","line3":"","city":"WHITE PLAINS","region":"NY","postalCode":"10603-3254","country":"US","taxRegionId":2090237,"latitude":"41.050608","longitude":"-73.771383"}],"summary":[{"country":"US","region":"NY","jurisType":"State","jurisCode":"36","jurisName":"NEW YORK","taxAuthorityType":45,"stateAssignedNo":"","taxType":"Sales","taxSubType":"S","taxName":"NY STATE TAX","rateType":"General","taxable":820.0,"rate":0.040000,"tax":32.8,"taxCalculated":32.8,"nonTaxable":0.0,"exemption":0.0},{"country":"US","region":"NY","jurisType":"County","jurisCode":"063","jurisName":"NIAGARA","taxAuthorityType":45,"stateAssignedNo":"NI 2911","taxType":"Sales","taxSubType":"S","taxName":"NY COUNTY TAX","rateType":"General","taxable":820.0,"rate":0.040000,"tax":32.8,"taxCalculated":32.8,"nonTaxable":0.0,"exemption":0.0}]}

01-07-2021 @ 09:41:52 - Request
Request
method: GET
uri: https://rest.avatax.com/api/v2/taxrates/byaddress?line1=&line2=&city=Tona&region=NY&country=US&postalCode=14150
user-agent: WooCommerce-AvaTax/1.11.0 (WooCommerce/4.8.0; WordPress/5.6)
headers: Array
(
    [content-type] => application/json
    [accept] => application/json
    [Authorization] => ******************************************
    [X-Avalara-Client] => WCSkyVerge RESTv2;REST;REST;v2;AlconoxInc
    [X-Avalara-UID] => a0o33000004goTr
)
body:
duration: 0.30809s

01-07-2021 @ 09:41:52 - Response
Response
code: 200
message: OK
headers: Array
(
    [date] => Thu, 07 Jan 2021 14:41:52 GMT
    [content-type] => application/json; charset=utf-8
    [content-length] => 144
    [x-content-type-options] => nosniff
    [serverduration] => 00:00:00.0184931
    [databasecalls] => 0
    [databaseduration] => 00:00:00
    [serviceduration] => 00:00:00
)
body: {"totalRate":0.087500,"rates":[{"rate":0.040000,"name":"NY STATE TAX","type":"State"},{"rate":0.047500,"name":"NY COUNTY TAX","type":"County"}]}

01-07-2021 @ 09:41:53 - Request
Request
method: POST
uri: https://rest.avatax.com/api/v2/transactions/create
user-agent: WooCommerce-AvaTax/1.11.0 (WooCommerce/4.8.0; WordPress/5.6)
headers: Array
(
    [content-type] => application/json
    [accept] => application/json
    [Authorization] => ******************************************
    [X-Avalara-Client] => WCSkyVerge RESTv2;REST;REST;v2;AlconoxInc
    [X-Avalara-UID] => a0o33000004goTr
)
body: {"code":"","companyCode":"ALC","customerCode":"cabrown@kellertechnology.com","currencyCode":"USD","date":"2021-01-07","lines":[{"number":"4c1e7d6abf972234a22e7f64c6e36138","itemCode":"1215","taxCode":"P0000000","description":"Liquinox","quantity":1,"amount":820},{"number":"shipping_0","itemCode":"use-my-shipping-account","taxCode":"FR","description":"Use My Shipping Account","quantity":1}],"addresses":{"shipFrom":{"line1":"30 GLENN ST","line2":"","city":"WHITE PLAINS","region":"NY","country":"US","postalCode":"10603-3254"},"shipTo":{"line1":"2320 Military Road","line2":"","city":"Tona","region":"NY","country":"US","postalCode":"14150"}},"type":"SalesOrder","commit":false}
duration: 0.3161s

01-07-2021 @ 09:41:53 - Response
Response
code: 201
message: Created
headers: Array
(
    [date] => Thu, 07 Jan 2021 14:41:53 GMT
    [content-type] => application/json; charset=utf-8
    [server] => Kestrel
    [content-encoding] => br
    [location] => /api/v2/companies/207925/transactions/0
    [vary] => Accept-Encoding
    [serverduration] => 00:00:00.0327354
)
body: {"id":0,"code":"fda66b08-18b1-42ae-a6d7-3a6f3b1149be","companyId":207925,"date":"2021-01-07","paymentDate":"2021-01-07","status":"Temporary","type":"SalesOrder","batchCode":"","currencyCode":"USD","exchangeRateCurrencyCode":"USD","customerUsageType":"","entityUseCode":"","customerVendorCode":"cabrown@kellertechnology.com","customerCode":"cabrown@kellertechnology.com","exemptNo":"","reconciled":false,"locationCode":"","reportingLocationCode":"","purchaseOrderNo":"","referenceCode":"","salespersonCode":"","totalAmount":820.0,"totalExempt":0.0,"totalDiscount":0.0,"totalTax":71.75,"totalTaxable":820.0,"totalTaxCalculated":71.75,"adjustmentReason":"NotAdjusted","locked":false,"version":1,"exchangeRateEffectiveDate":"2021-01-07","exchangeRate":1.0,"modifiedDate":"2021-01-07T14:41:53.0323197Z","modifiedUserId":231879,"taxDate":"2021-01-07T00:00:00Z","lines":[{"id":0,"transactionId":0,"lineNumber":"4c1e7d6abf972234a22e7f64c6e36138","customerUsageType":"","entityUseCode":"","description":"Liquinox","discountAmount":0.0,"exemptAmount":0.0,"exemptCertId":0,"exemptNo":"","isItemTaxable":true,"itemCode":"1215","lineAmount":820.0,"quantity":1.0,"ref1":"","ref2":"","reportingDate":"2021-01-07","tax":71.75,"taxableAmount":820.0,"taxCalculated":71.75,"taxCode":"P0000000","taxCodeId":4316,"taxDate":"2021-01-07","taxIncluded":false,"details":[{"id":0,"transactionLineId":0,"transactionId":0,"country":"US","region":"NY","exemptAmount":0.0,"jurisCode":"36","jurisName":"NEW YORK","stateAssignedNo":"","jurisType":"STA","jurisdictionType":"State","nonTaxableAmount":0.0,"rate":0.040000,"tax":32.8,"taxableAmount":820.0,"taxType":"Sales","taxSubTypeId":"S","taxName":"NY STATE TAX","taxAuthorityTypeId":45,"taxCalculated":32.8,"rateType":"General","rateTypeCode":"G","unitOfBasis":"PerCurrencyUnit","isNonPassThru":false,"isFee":false,"reportingTaxableUnits":820.0,"reportingNonTaxableUnits":0.0,"reportingExemptUnits":0.0,"reportingTax":32.8,"reportingTaxCalculated":32.8,"liabilityType":"Seller"},{"id":0,"transactionLineId":0,"transactionId":0,"country":"US","region":"NY","exemptAmount":0.0,"jurisCode":"029","jurisName":"ERIE","stateAssignedNo":"ER 1451","jurisType":"CTY","jurisdictionType":"County","nonTaxableAmount":0.0,"rate":0.047500,"tax":38.95,"taxableAmount":820.0,"taxType":"Sales","taxSubTypeId":"S","taxName":"NY COUNTY TAX","taxAuthorityTypeId":45,"taxCalculated":38.95,"rateType":"General","rateTypeCode":"G","unitOfBasis":"PerCurrencyUnit","isNonPassThru":false,"isFee":false,"reportingTaxableUnits":820.0,"reportingNonTaxableUnits":0.0,"reportingExemptUnits":0.0,"reportingTax":38.95,"reportingTaxCalculated":38.95,"liabilityType":"Seller"}],"nonPassthroughDetails":[],"hsCode":"","costInsuranceFreight":0.0,"vatCode":"","vatNumberTypeId":0},{"id":0,"transactionId":0,"lineNumber":"shipping_0","customerUsageType":"","entityUseCode":"","description":"Use My Shipping Account","discountAmount":0.0,"exemptAmount":0.0,"exemptCertId":0,"exemptNo":"","isItemTaxable":false,"itemCode":"use-my-shipping-account","lineAmount":0.0,"quantity":1.0,"ref1":"","ref2":"","reportingDate":"2021-01-07","tax":0.0,"taxableAmount":0.0,"taxCalculated":0.0,"taxCode":"FR","taxCodeId":7119,"taxDate":"2021-01-07","taxIncluded":false,"details":[{"id":0,"transactionLineId":0,"transactionId":0,"country":"US","region":"NY","exemptAmount":0.0,"jurisCode":"36","jurisName":"NEW YORK","stateAssignedNo":"","jurisType":"STA","jurisdictionType":"State","nonTaxableAmount":0.0,"rate":0.040000,"tax":0.0,"taxableAmount":0.0,"taxType":"Sales","taxSubTypeId":"S","taxName":"NY STATE TAX","taxAuthorityTypeId":45,"taxCalculated":0.0,"rateType":"General","rateTypeCode":"G","unitOfBasis":"PerCurrencyUnit","isNonPassThru":false,"isFee":false,"reportingTaxableUnits":0.0,"reportingNonTaxableUnits":0.0,"reportingExemptUnits":0.0,"reportingTax":0.0,"reportingTaxCalculated":0.0,"liabilityType":"Seller"},{"id":0,"transactionLineId":0,"transactionId":0,"country":"US","region":"NY","exemptAmount":0.0,"jurisCode":"029","jurisName":"ERIE","stateAssignedNo":"ER 1451","jurisType":"CTY","jurisdictionType":"County","nonTaxableAmount":0.0,"rate":0.047500,"tax":0.0,"taxableAmount":0.0,"taxType":"Sales","taxSubTypeId":"S","taxName":"NY COUNTY TAX","taxAuthorityTypeId":45,"taxCalculated":0.0,"rateType":"General","rateTypeCode":"G","unitOfBasis":"PerCurrencyUnit","isNonPassThru":false,"isFee":false,"reportingTaxableUnits":0.0,"reportingNonTaxableUnits":0.0,"reportingExemptUnits":0.0,"reportingTax":0.0,"reportingTaxCalculated":0.0,"liabilityType":"Seller"}],"nonPassthroughDetails":[],"hsCode":"","costInsuranceFreight":0.0,"vatCode":"","vatNumberTypeId":0}],"addresses":[{"id":0,"transactionId":0,"boundaryLevel":"Address","line1":"2320 Military Road","line2":"","line3":"","city":"Tona","region":"NY","postalCode":"14150","country":"US","taxRegionId":4017474,"latitude":"43.000502","longitude":"-78.88196"},{"id":0,"transactionId":0,"boundaryLevel":"Address","line1":"30 GLENN ST","line2":"","line3":"","city":"WHITE PLAINS","region":"NY","postalCode":"10603-3254","country":"US","taxRegionId":2090237,"latitude":"41.050608","longitude":"-73.771383"}],"summary":[{"country":"US","region":"NY","jurisType":"State","jurisCode":"36","jurisName":"NEW YORK","taxAuthorityType":45,"stateAssignedNo":"","taxType":"Sales","taxSubType":"S","taxName":"NY STATE TAX","rateType":"General","taxable":820.0,"rate":0.040000,"tax":32.8,"taxCalculated":32.8,"nonTaxable":0.0,"exemption":0.0},{"country":"US","region":"NY","jurisType":"County","jurisCode":"029","jurisName":"ERIE","taxAuthorityType":45,"stateAssignedNo":"ER 1451","taxType":"Sales","taxSubType":"S","taxName":"NY COUNTY TAX","rateType":"General","taxable":820.0,"rate":0.047500,"tax":38.95,"taxCalculated":38.95,"nonTaxable":0.0,"exemption":0.0}]}

01-07-2021 @ 09:41:54 - Request
Request
method: GET
uri: https://rest.avatax.com/api/v2/taxrates/byaddress?line1=&line2=&city=Tonawanda&region=NY&country=US&postalCode=14150
user-agent: WooCommerce-AvaTax/1.11.0 (WooCommerce/4.8.0; WordPress/5.6)
headers: Array
(
    [content-type] => application/json
    [accept] => application/json
    [Authorization] => ******************************************
    [X-Avalara-Client] => WCSkyVerge RESTv2;REST;REST;v2;AlconoxInc
    [X-Avalara-UID] => a0o33000004goTr
)
body:
duration: 0.28566s

01-07-2021 @ 09:41:54 - Response
Response
code: 200
message: OK
headers: Array
(
    [date] => Thu, 07 Jan 2021 14:41:54 GMT
    [content-type] => application/json; charset=utf-8
    [content-length] => 144
    [x-content-type-options] => nosniff
    [serverduration] => 00:00:00.0008565
    [databasecalls] => 0
    [databaseduration] => 00:00:00
    [serviceduration] => 00:00:00
)
body: {"totalRate":0.087500,"rates":[{"rate":0.040000,"name":"NY STATE TAX","type":"State"},{"rate":0.047500,"name":"NY COUNTY TAX","type":"County"}]}

01-07-2021 @ 09:41:54 - Request
Request
method: POST
uri: https://rest.avatax.com/api/v2/transactions/create
user-agent: WooCommerce-AvaTax/1.11.0 (WooCommerce/4.8.0; WordPress/5.6)
headers: Array
(
    [content-type] => application/json
    [accept] => application/json
    [Authorization] => ******************************************
    [X-Avalara-Client] => WCSkyVerge RESTv2;REST;REST;v2;AlconoxInc
    [X-Avalara-UID] => a0o33000004goTr
)
body: {"code":"","companyCode":"ALC","customerCode":"cabrown@kellertechnology.com","currencyCode":"USD","date":"2021-01-07","lines":[{"number":"4c1e7d6abf972234a22e7f64c6e36138","itemCode":"1215","taxCode":"P0000000","description":"Liquinox","quantity":1,"amount":820},{"number":"shipping_0","itemCode":"use-my-shipping-account","taxCode":"FR","description":"Use My Shipping Account","quantity":1}],"addresses":{"shipFrom":{"line1":"30 GLENN ST","line2":"","city":"WHITE PLAINS","region":"NY","country":"US","postalCode":"10603-3254"},"shipTo":{"line1":"2320 Military Road","line2":"","city":"Tonawanda","region":"NY","country":"US","postalCode":"14150"}},"type":"SalesOrder","commit":false}
duration: 0.30922s

01-07-2021 @ 09:41:54 - Response
Response
code: 201
message: Created
headers: Array
(
    [date] => Thu, 07 Jan 2021 14:41:54 GMT
    [content-type] => application/json; charset=utf-8
    [server] => Kestrel
    [content-encoding] => br
    [location] => /api/v2/companies/207925/transactions/0
    [vary] => Accept-Encoding
    [serverduration] => 00:00:00.0344979
)
body: {"id":0,"code":"61cf922d-bfa9-4812-b691-ecc92ed8e018","companyId":207925,"date":"2021-01-07","paymentDate":"2021-01-07","status":"Temporary","type":"SalesOrder","batchCode":"","currencyCode":"USD","exchangeRateCurrencyCode":"USD","customerUsageType":"","entityUseCode":"","customerVendorCode":"cabrown@kellertechnology.com","customerCode":"cabrown@kellertechnology.com","exemptNo":"","reconciled":false,"locationCode":"","reportingLocationCode":"","purchaseOrderNo":"","referenceCode":"","salespersonCode":"","totalAmount":820.0,"totalExempt":0.0,"totalDiscount":0.0,"totalTax":71.75,"totalTaxable":820.0,"totalTaxCalculated":71.75,"adjustmentReason":"NotAdjusted","locked":false,"version":1,"exchangeRateEffectiveDate":"2021-01-07","exchangeRate":1.0,"modifiedDate":"2021-01-07T14:41:54.4312846Z","modifiedUserId":231879,"taxDate":"2021-01-07T00:00:00Z","lines":[{"id":0,"transactionId":0,"lineNumber":"4c1e7d6abf972234a22e7f64c6e36138","customerUsageType":"","entityUseCode":"","description":"Liquinox","discountAmount":0.0,"exemptAmount":0.0,"exemptCertId":0,"exemptNo":"","isItemTaxable":true,"itemCode":"1215","lineAmount":820.0,"quantity":1.0,"ref1":"","ref2":"","reportingDate":"2021-01-07","tax":71.75,"taxableAmount":820.0,"taxCalculated":71.75,"taxCode":"P0000000","taxCodeId":4316,"taxDate":"2021-01-07","taxIncluded":false,"details":[{"id":0,"transactionLineId":0,"transactionId":0,"country":"US","region":"NY","exemptAmount":0.0,"jurisCode":"36","jurisName":"NEW YORK","stateAssignedNo":"","jurisType":"STA","jurisdictionType":"State","nonTaxableAmount":0.0,"rate":0.040000,"tax":32.8,"taxableAmount":820.0,"taxType":"Sales","taxSubTypeId":"S","taxName":"NY STATE TAX","taxAuthorityTypeId":45,"taxCalculated":32.8,"rateType":"General","rateTypeCode":"G","unitOfBasis":"PerCurrencyUnit","isNonPassThru":false,"isFee":false,"reportingTaxableUnits":820.0,"reportingNonTaxableUnits":0.0,"reportingExemptUnits":0.0,"reportingTax":32.8,"reportingTaxCalculated":32.8,"liabilityType":"Seller"},{"id":0,"transactionLineId":0,"transactionId":0,"country":"US","region":"NY","exemptAmount":0.0,"jurisCode":"029","jurisName":"ERIE","stateAssignedNo":"ER 1451","jurisType":"CTY","jurisdictionType":"County","nonTaxableAmount":0.0,"rate":0.047500,"tax":38.95,"taxableAmount":820.0,"taxType":"Sales","taxSubTypeId":"S","taxName":"NY COUNTY TAX","taxAuthorityTypeId":45,"taxCalculated":38.95,"rateType":"General","rateTypeCode":"G","unitOfBasis":"PerCurrencyUnit","isNonPassThru":false,"isFee":false,"reportingTaxableUnits":820.0,"reportingNonTaxableUnits":0.0,"reportingExemptUnits":0.0,"reportingTax":38.95,"reportingTaxCalculated":38.95,"liabilityType":"Seller"}],"nonPassthroughDetails":[],"hsCode":"","costInsuranceFreight":0.0,"vatCode":"","vatNumberTypeId":0},{"id":0,"transactionId":0,"lineNumber":"shipping_0","customerUsageType":"","entityUseCode":"","description":"Use My Shipping Account","discountAmount":0.0,"exemptAmount":0.0,"exemptCertId":0,"exemptNo":"","isItemTaxable":false,"itemCode":"use-my-shipping-account","lineAmount":0.0,"quantity":1.0,"ref1":"","ref2":"","reportingDate":"2021-01-07","tax":0.0,"taxableAmount":0.0,"taxCalculated":0.0,"taxCode":"FR","taxCodeId":7119,"taxDate":"2021-01-07","taxIncluded":false,"details":[{"id":0,"transactionLineId":0,"transactionId":0,"country":"US","region":"NY","exemptAmount":0.0,"jurisCode":"36","jurisName":"NEW YORK","stateAssignedNo":"","jurisType":"STA","jurisdictionType":"State","nonTaxableAmount":0.0,"rate":0.040000,"tax":0.0,"taxableAmount":0.0,"taxType":"Sales","taxSubTypeId":"S","taxName":"NY STATE TAX","taxAuthorityTypeId":45,"taxCalculated":0.0,"rateType":"General","rateTypeCode":"G","unitOfBasis":"PerCurrencyUnit","isNonPassThru":false,"isFee":false,"reportingTaxableUnits":0.0,"reportingNonTaxableUnits":0.0,"reportingExemptUnits":0.0,"reportingTax":0.0,"reportingTaxCalculated":0.0,"liabilityType":"Seller"},{"id":0,"transactionLineId":0,"transactionId":0,"country":"US","region":"NY","exemptAmount":0.0,"jurisCode":"029","jurisName":"ERIE","stateAssignedNo":"ER 1451","jurisType":"CTY","jurisdictionType":"County","nonTaxableAmount":0.0,"rate":0.047500,"tax":0.0,"taxableAmount":0.0,"taxType":"Sales","taxSubTypeId":"S","taxName":"NY COUNTY TAX","taxAuthorityTypeId":45,"taxCalculated":0.0,"rateType":"General","rateTypeCode":"G","unitOfBasis":"PerCurrencyUnit","isNonPassThru":false,"isFee":false,"reportingTaxableUnits":0.0,"reportingNonTaxableUnits":0.0,"reportingExemptUnits":0.0,"reportingTax":0.0,"reportingTaxCalculated":0.0,"liabilityType":"Seller"}],"nonPassthroughDetails":[],"hsCode":"","costInsuranceFreight":0.0,"vatCode":"","vatNumberTypeId":0}],"addresses":[{"id":0,"transactionId":0,"boundaryLevel":"Address","line1":"2320 Military Road","line2":"","line3":"","city":"Tonawanda","region":"NY","postalCode":"14150","country":"US","taxRegionId":4017474,"latitude":"43.000502","longitude":"-78.88196"},{"id":0,"transactionId":0,"boundaryLevel":"Address","line1":"30 GLENN ST","line2":"","line3":"","city":"WHITE PLAINS","region":"NY","postalCode":"10603-3254","country":"US","taxRegionId":2090237,"latitude":"41.050608","longitude":"-73.771383"}],"summary":[{"country":"US","region":"NY","jurisType":"State","jurisCode":"36","jurisName":"NEW YORK","taxAuthorityType":45,"stateAssignedNo":"","taxType":"Sales","taxSubType":"S","taxName":"NY STATE TAX","rateType":"General","taxable":820.0,"rate":0.040000,"tax":32.8,"taxCalculated":32.8,"nonTaxable":0.0,"exemption":0.0},{"country":"US","region":"NY","jurisType":"County","jurisCode":"029","jurisName":"ERIE","taxAuthorityType":45,"stateAssignedNo":"ER 1451","taxType":"Sales","taxSubType":"S","taxName":"NY COUNTY TAX","rateType":"General","taxable":820.0,"rate":0.047500,"tax":38.95,"taxCalculated":38.95,"nonTaxable":0.0,"exemption":0.0}]}

01-07-2021 @ 09:43:58 - Request
Request
method: GET
uri: https://rest.avatax.com/api/v2/taxrates/byaddress?line1=&line2=&city=Tonawanda&region=NY&country=US&postalCode=14150
user-agent: WooCommerce-AvaTax/1.11.0 (WooCommerce/4.8.0; WordPress/5.6)
headers: Array
(
    [content-type] => application/json
    [accept] => application/json
    [Authorization] => ******************************************
    [X-Avalara-Client] => WCSkyVerge RESTv2;REST;REST;v2;AlconoxInc
    [X-Avalara-UID] => a0o33000004goTr
)
body:
duration: 0.31187s

01-07-2021 @ 09:43:58 - Response
Response
code: 200
message: OK
headers: Array
(
    [date] => Thu, 07 Jan 2021 14:43:58 GMT
    [content-type] => application/json; charset=utf-8
    [content-length] => 144
    [x-content-type-options] => nosniff
    [serverduration] => 00:00:00.0008758
    [databasecalls] => 0
    [databaseduration] => 00:00:00
    [serviceduration] => 00:00:00
)
body: {"totalRate":0.087500,"rates":[{"rate":0.040000,"name":"NY STATE TAX","type":"State"},{"rate":0.047500,"name":"NY COUNTY TAX","type":"County"}]}

01-07-2021 @ 09:43:59 - Request
Request
method: POST
uri: https://rest.avatax.com/api/v2/transactions/create
user-agent: WooCommerce-AvaTax/1.11.0 (WooCommerce/4.8.0; WordPress/5.6)
headers: Array
(
    [content-type] => application/json
    [accept] => application/json
    [Authorization] => ******************************************
    [X-Avalara-Client] => WCSkyVerge RESTv2;REST;REST;v2;AlconoxInc
    [X-Avalara-UID] => a0o33000004goTr
)
body: {"code":"","companyCode":"ALC","customerCode":"cabrown@kellertechnology.com","currencyCode":"USD","date":"2021-01-07","lines":[{"number":"4c1e7d6abf972234a22e7f64c6e36138","itemCode":"1215","taxCode":"P0000000","description":"Liquinox","quantity":1,"amount":820},{"number":"shipping_0","itemCode":"use-my-shipping-account","taxCode":"FR","description":"Use My Shipping Account","quantity":1}],"addresses":{"shipFrom":{"line1":"30 GLENN ST","line2":"","city":"WHITE PLAINS","region":"NY","country":"US","postalCode":"10603-3254"},"shipTo":{"line1":"2320 Military Road","line2":"","city":"Tonawanda","region":"NY","country":"US","postalCode":"14150"}},"type":"SalesOrder","commit":false}
duration: 0.33005s

01-07-2021 @ 09:43:59 - Response
Response
code: 201
message: Created
headers: Array
(
    [date] => Thu, 07 Jan 2021 14:43:59 GMT
    [content-type] => application/json; charset=utf-8
    [server] => Kestrel
    [content-encoding] => br
    [location] => /api/v2/companies/207925/transactions/0
    [vary] => Accept-Encoding
    [serverduration] => 00:00:00.0481869
)
body: {"id":0,"code":"5ee3c8cd-2ddc-40ec-901c-feebb036edaa","companyId":207925,"date":"2021-01-07","paymentDate":"2021-01-07","status":"Temporary","type":"SalesOrder","batchCode":"","currencyCode":"USD","exchangeRateCurrencyCode":"USD","customerUsageType":"","entityUseCode":"","customerVendorCode":"cabrown@kellertechnology.com","customerCode":"cabrown@kellertechnology.com","exemptNo":"","reconciled":false,"locationCode":"","reportingLocationCode":"","purchaseOrderNo":"","referenceCode":"","salespersonCode":"","totalAmount":820.0,"totalExempt":0.0,"totalDiscount":0.0,"totalTax":71.75,"totalTaxable":820.0,"totalTaxCalculated":71.75,"adjustmentReason":"NotAdjusted","locked":false,"version":1,"exchangeRateEffectiveDate":"2021-01-07","exchangeRate":1.0,"modifiedDate":"2021-01-07T14:43:59.2783895Z","modifiedUserId":231879,"taxDate":"2021-01-07T00:00:00Z","lines":[{"id":0,"transactionId":0,"lineNumber":"4c1e7d6abf972234a22e7f64c6e36138","customerUsageType":"","entityUseCode":"","description":"Liquinox","discountAmount":0.0,"exemptAmount":0.0,"exemptCertId":0,"exemptNo":"","isItemTaxable":true,"itemCode":"1215","lineAmount":820.0,"quantity":1.0,"ref1":"","ref2":"","reportingDate":"2021-01-07","tax":71.75,"taxableAmount":820.0,"taxCalculated":71.75,"taxCode":"P0000000","taxCodeId":4316,"taxDate":"2021-01-07","taxIncluded":false,"details":[{"id":0,"transactionLineId":0,"transactionId":0,"country":"US","region":"NY","exemptAmount":0.0,"jurisCode":"36","jurisName":"NEW YORK","stateAssignedNo":"","jurisType":"STA","jurisdictionType":"State","nonTaxableAmount":0.0,"rate":0.040000,"tax":32.8,"taxableAmount":820.0,"taxType":"Sales","taxSubTypeId":"S","taxName":"NY STATE TAX","taxAuthorityTypeId":45,"taxCalculated":32.8,"rateType":"General","rateTypeCode":"G","unitOfBasis":"PerCurrencyUnit","isNonPassThru":false,"isFee":false,"reportingTaxableUnits":820.0,"reportingNonTaxableUnits":0.0,"reportingExemptUnits":0.0,"reportingTax":32.8,"reportingTaxCalculated":32.8,"liabilityType":"Seller"},{"id":0,"transactionLineId":0,"transactionId":0,"country":"US","region":"NY","exemptAmount":0.0,"jurisCode":"029","jurisName":"ERIE","stateAssignedNo":"ER 1451","jurisType":"CTY","jurisdictionType":"County","nonTaxableAmount":0.0,"rate":0.047500,"tax":38.95,"taxableAmount":820.0,"taxType":"Sales","taxSubTypeId":"S","taxName":"NY COUNTY TAX","taxAuthorityTypeId":45,"taxCalculated":38.95,"rateType":"General","rateTypeCode":"G","unitOfBasis":"PerCurrencyUnit","isNonPassThru":false,"isFee":false,"reportingTaxableUnits":820.0,"reportingNonTaxableUnits":0.0,"reportingExemptUnits":0.0,"reportingTax":38.95,"reportingTaxCalculated":38.95,"liabilityType":"Seller"}],"nonPassthroughDetails":[],"hsCode":"","costInsuranceFreight":0.0,"vatCode":"","vatNumberTypeId":0},{"id":0,"transactionId":0,"lineNumber":"shipping_0","customerUsageType":"","entityUseCode":"","description":"Use My Shipping Account","discountAmount":0.0,"exemptAmount":0.0,"exemptCertId":0,"exemptNo":"","isItemTaxable":false,"itemCode":"use-my-shipping-account","lineAmount":0.0,"quantity":1.0,"ref1":"","ref2":"","reportingDate":"2021-01-07","tax":0.0,"taxableAmount":0.0,"taxCalculated":0.0,"taxCode":"FR","taxCodeId":7119,"taxDate":"2021-01-07","taxIncluded":false,"details":[{"id":0,"transactionLineId":0,"transactionId":0,"country":"US","region":"NY","exemptAmount":0.0,"jurisCode":"36","jurisName":"NEW YORK","stateAssignedNo":"","jurisType":"STA","jurisdictionType":"State","nonTaxableAmount":0.0,"rate":0.040000,"tax":0.0,"taxableAmount":0.0,"taxType":"Sales","taxSubTypeId":"S","taxName":"NY STATE TAX","taxAuthorityTypeId":45,"taxCalculated":0.0,"rateType":"General","rateTypeCode":"G","unitOfBasis":"PerCurrencyUnit","isNonPassThru":false,"isFee":false,"reportingTaxableUnits":0.0,"reportingNonTaxableUnits":0.0,"reportingExemptUnits":0.0,"reportingTax":0.0,"reportingTaxCalculated":0.0,"liabilityType":"Seller"},{"id":0,"transactionLineId":0,"transactionId":0,"country":"US","region":"NY","exemptAmount":0.0,"jurisCode":"029","jurisName":"ERIE","stateAssignedNo":"ER 1451","jurisType":"CTY","jurisdictionType":"County","nonTaxableAmount":0.0,"rate":0.047500,"tax":0.0,"taxableAmount":0.0,"taxType":"Sales","taxSubTypeId":"S","taxName":"NY COUNTY TAX","taxAuthorityTypeId":45,"taxCalculated":0.0,"rateType":"General","rateTypeCode":"G","unitOfBasis":"PerCurrencyUnit","isNonPassThru":false,"isFee":false,"reportingTaxableUnits":0.0,"reportingNonTaxableUnits":0.0,"reportingExemptUnits":0.0,"reportingTax":0.0,"reportingTaxCalculated":0.0,"liabilityType":"Seller"}],"nonPassthroughDetails":[],"hsCode":"","costInsuranceFreight":0.0,"vatCode":"","vatNumberTypeId":0}],"addresses":[{"id":0,"transactionId":0,"boundaryLevel":"Address","line1":"2320 Military Road","line2":"","line3":"","city":"Tonawanda","region":"NY","postalCode":"14150","country":"US","taxRegionId":4017474,"latitude":"43.000502","longitude":"-78.88196"},{"id":0,"transactionId":0,"boundaryLevel":"Address","line1":"30 GLENN ST","line2":"","line3":"","city":"WHITE PLAINS","region":"NY","postalCode":"10603-3254","country":"US","taxRegionId":2090237,"latitude":"41.050608","longitude":"-73.771383"}],"summary":[{"country":"US","region":"NY","jurisType":"State","jurisCode":"36","jurisName":"NEW YORK","taxAuthorityType":45,"stateAssignedNo":"","taxType":"Sales","taxSubType":"S","taxName":"NY STATE TAX","rateType":"General","taxable":820.0,"rate":0.040000,"tax":32.8,"taxCalculated":32.8,"nonTaxable":0.0,"exemption":0.0},{"country":"US","region":"NY","jurisType":"County","jurisCode":"029","jurisName":"ERIE","taxAuthorityType":45,"stateAssignedNo":"ER 1451","taxType":"Sales","taxSubType":"S","taxName":"NY COUNTY TAX","rateType":"General","taxable":820.0,"rate":0.047500,"tax":38.95,"taxCalculated":38.95,"nonTaxable":0.0,"exemption":0.0}]}

01-07-2021 @ 09:44:04 - Request
Request
method: POST
uri: https://rest.avatax.com/api/v2/transactions/create
user-agent: WooCommerce-AvaTax/1.11.0 (WooCommerce/4.8.0; WordPress/5.6)
headers: Array
(
    [content-type] => application/json
    [accept] => application/json
    [Authorization] => ******************************************
    [X-Avalara-Client] => WCSkyVerge RESTv2;REST;REST;v2;AlconoxInc
    [X-Avalara-UID] => a0o33000004goTr
)
body: {"code":"wc_order_ShNZcEEvegu60","companyCode":"ALC","customerCode":"cabrown@kellertechnology.com","currencyCode":"USD","date":"2021-01-07","lines":[{"number":545,"itemCode":"1215","taxCode":"P0000000","description":"Liquinox","quantity":1,"amount":820},{"number":"shipping_546","itemCode":"use-my-shipping-account","taxCode":"FR","description":"Use My Shipping Account","quantity":1}],"addresses":{"shipFrom":{"line1":"30 GLENN ST","line2":"","city":"WHITE PLAINS","region":"NY","country":"US","postalCode":"10603-3254"},"shipTo":{"line1":"2320 Military Road","line2":"","city":"Tonawanda","region":"NY","country":"US","postalCode":"14150"}},"type":"SalesInvoice","purchaseOrderNo":"20943","commit":true}
duration: 0.60653s

01-07-2021 @ 09:44:04 - Response
Response
code: 201
message: Created
headers: Array
(
    [date] => Thu, 07 Jan 2021 14:44:04 GMT
    [content-type] => application/json; charset=utf-8
    [server] => Kestrel
    [content-encoding] => br
    [location] => /api/v2/companies/207925/transactions/1001186989480
    [vary] => Accept-Encoding
    [serverduration] => 00:00:00.3214454
)
body: {"id":1001186989480,"code":"wc_order_ShNZcEEvegu60","companyId":207925,"date":"2021-01-07","status":"Committed","type":"SalesInvoice","batchCode":"","currencyCode":"USD","exchangeRateCurrencyCode":"USD","customerUsageType":"","entityUseCode":"","customerVendorCode":"cabrown@kellertechnology.com","customerCode":"cabrown@kellertechnology.com","exemptNo":"","reconciled":false,"locationCode":"","reportingLocationCode":"","purchaseOrderNo":"20943","referenceCode":"","salespersonCode":"","taxOverrideType":"None","taxOverrideAmount":0.0,"taxOverrideReason":"","totalAmount":820.0,"totalExempt":0.0,"totalDiscount":0.0,"totalTax":71.75,"totalTaxable":820.0,"totalTaxCalculated":71.75,"adjustmentReason":"NotAdjusted","adjustmentDescription":"","locked":false,"region":"NY","country":"US","version":1,"softwareVersion":"20.12.2.0","originAddressId":6001754896342,"destinationAddressId":3002252798357,"exchangeRateEffectiveDate":"2021-01-07","exchangeRate":1.0,"description":"","email":"","businessIdentificationNo":"","modifiedDate":"2021-01-07T14:44:04.6803024Z","modifiedUserId":231879,"taxDate":"2021-01-07T00:00:00Z","lines":[{"id":2003624402894,"transactionId":1001186989480,"lineNumber":"545","boundaryOverrideId":0,"customerUsageType":"","entityUseCode":"","description":"Liquinox","destinationAddressId":3002252798357,"originAddressId":6001754896342,"discountAmount":0.0,"discountTypeId":0,"exemptAmount":0.0,"exemptCertId":0,"exemptNo":"","isItemTaxable":true,"isSSTP":false,"itemCode":"1215","lineAmount":820.0,"quantity":1.0,"ref1":"","ref2":"","reportingDate":"2021-01-07","revAccount":"","sourcing":"Destination","tax":71.7500,"taxableAmount":820.0,"taxCalculated":71.7500,"taxCode":"P0000000","taxCodeId":4316,"taxDate":"2021-01-07","taxEngine":"","taxOverrideType":"None","businessIdentificationNo":"","taxOverrideAmount":0.0,"taxOverrideReason":"","taxIncluded":false,"details":[{"id":6003669108647,"transactionLineId":2003624402894,"transactionId":1001186989480,"addressId":3002252798357,"country":"US","region":"NY","countyFIPS":"","stateFIPS":"","exemptAmount":0.0000,"exemptReasonId":4,"inState":true,"jurisCode":"36","jurisName":"NEW YORK","jurisdictionId":42,"signatureCode":"BFEQ","stateAssignedNo":"","jurisType":"STA","jurisdictionType":"State","nonTaxableAmount":0.0000,"nonTaxableRuleId":0,"nonTaxableType":"RateRule","rate":0.040000,"rateRuleId":1524605,"rateSourceId":3,"serCode":"","sourcing":"Destination","tax":32.8000,"taxableAmount":820.0000,"taxType":"Sales","taxSubTypeId":"S","taxTypeGroupId":"SalesAndUse","taxName":"NY STATE TAX","taxAuthorityTypeId":45,"taxRegionId":4017474,"taxCalculated":32.8000,"taxOverride":0.0000,"rateType":"General","rateTypeCode":"G","taxableUnits":820.0000,"nonTaxableUnits":0.0000,"exemptUnits":0.0000,"unitOfBasis":"PerCurrencyUnit","isNonPassThru":false,"isFee":false,"reportingTaxableUnits":820.0,"reportingNonTaxableUnits":0.0,"reportingExemptUnits":0.0,"reportingTax":32.8,"reportingTaxCalculated":32.8,"liabilityType":"Seller"},{"id":8002591873274,"transactionLineId":2003624402894,"transactionId":1001186989480,"addressId":3002252798357,"country":"US","region":"NY","countyFIPS":"","stateFIPS":"","exemptAmount":0.0000,"exemptReasonId":4,"inState":true,"jurisCode":"029","jurisName":"ERIE","jurisdictionId":1860,"signatureCode":"BFSX","stateAssignedNo":"ER 1451","jurisType":"CTY","jurisdictionType":"County","nonTaxableAmount":0.0000,"nonTaxableRuleId":0,"nonTaxableType":"RateRule","rate":0.047500,"rateRuleId":1524601,"rateSourceId":3,"serCode":"","sourcing":"Destination","tax":38.9500,"taxableAmount":820.0000,"taxType":"Sales","taxSubTypeId":"S","taxTypeGroupId":"SalesAndUse","taxName":"NY COUNTY TAX","taxAuthorityTypeId":45,"taxRegionId":4017474,"taxCalculated":38.9500,"taxOverride":0.0000,"rateType":"General","rateTypeCode":"G","taxableUnits":820.0000,"nonTaxableUnits":0.0000,"exemptUnits":0.0000,"unitOfBasis":"PerCurrencyUnit","isNonPassThru":false,"isFee":false,"reportingTaxableUnits":820.0,"reportingNonTaxableUnits":0.0,"reportingExemptUnits":0.0,"reportingTax":38.95,"reportingTaxCalculated":38.95,"liabilityType":"Seller"}],"nonPassthroughDetails":[],"lineLocationTypes":[{"documentLineLocationTypeId":7002442512562,"documentLineId":2003624402894,"documentAddressId":6001754896342,"locationTypeCode":"ShipFrom"},{"documentLineLocationTypeId":9002442512562,"documentLineId":2003624402894,"documentAddressId":3002252798357,"locationTypeCode":"ShipTo"}],"hsCode":"","costInsuranceFreight":0.0,"vatCode":"","vatNumberTypeId":0},{"id":1003624402893,"transactionId":1001186989480,"lineNumber":"shipping_546","boundaryOverrideId":0,"customerUsageType":"","entityUseCode":"","description":"Use My Shipping Account","destinationAddressId":3002252798357,"originAddressId":6001754896342,"discountAmount":0.0,"discountTypeId":0,"exemptAmount":0.0,"exemptCertId":0,"exemptNo":"","isItemTaxable":false,"isSSTP":false,"itemCode":"use-my-shipping-account","lineAmount":0.0,"quantity":1.0,"ref1":"","ref2":"","reportingDate":"2021-01-07","revAccount":"","sourcing":"Destination","tax":0.0000,"taxableAmount":0.0,"taxCalculated":0.0000,"taxCode":"FR","taxCodeId":7119,"taxDate":"2021-01-07","taxEngine":"","taxOverrideType":"None","businessIdentificationNo":"","taxOverrideAmount":0.0,"taxOverrideReason":"","taxIncluded":false,"details":[{"id":7002591873274,"transactionLineId":1003624402893,"transactionId":1001186989480,"addressId":3002252798357,"country":"US","region":"NY","countyFIPS":"","stateFIPS":"","exemptAmount":0.0000,"exemptReasonId":4,"inState":true,"jurisCode":"36","jurisName":"NEW YORK","jurisdictionId":42,"signatureCode":"BFEQ","stateAssignedNo":"","jurisType":"STA","jurisdictionType":"State","nonTaxableAmount":0.0000,"nonTaxableRuleId":0,"nonTaxableType":"RateRule","rate":0.040000,"rateRuleId":1524605,"rateSourceId":3,"serCode":"","sourcing":"Destination","tax":0.0000,"taxableAmount":0.0000,"taxType":"Sales","taxSubTypeId":"S","taxTypeGroupId":"SalesAndUse","taxName":"NY STATE TAX","taxAuthorityTypeId":45,"taxRegionId":4017474,"taxCalculated":0.0000,"taxOverride":0.0000,"rateType":"General","rateTypeCode":"G","taxableUnits":0.0000,"nonTaxableUnits":0.0000,"exemptUnits":0.0000,"unitOfBasis":"PerCurrencyUnit","isNonPassThru":false,"isFee":false,"reportingTaxableUnits":0.0,"reportingNonTaxableUnits":0.0,"reportingExemptUnits":0.0,"reportingTax":0.0,"reportingTaxCalculated":0.0,"liabilityType":"Seller"},{"id":12002591873276,"transactionLineId":1003624402893,"transactionId":1001186989480,"addressId":3002252798357,"country":"US","region":"NY","countyFIPS":"","stateFIPS":"","exemptAmount":0.0000,"exemptReasonId":4,"inState":true,"jurisCode":"029","jurisName":"ERIE","jurisdictionId":1860,"signatureCode":"BFSX","stateAssignedNo":"ER 1451","jurisType":"CTY","jurisdictionType":"County","nonTaxableAmount":0.0000,"nonTaxableRuleId":0,"nonTaxableType":"RateRule","rate":0.047500,"rateRuleId":1524601,"rateSourceId":3,"serCode":"","sourcing":"Destination","tax":0.0000,"taxableAmount":0.0000,"taxType":"Sales","taxSubTypeId":"S","taxTypeGroupId":"SalesAndUse","taxName":"NY COUNTY TAX","taxAuthorityTypeId":45,"taxRegionId":4017474,"taxCalculated":0.0000,"taxOverride":0.0000,"rateType":"General","rateTypeCode":"G","taxableUnits":0.0000,"nonTaxableUnits":0.0000,"exemptUnits":0.0000,"unitOfBasis":"PerCurrencyUnit","isNonPassThru":false,"isFee":false,"reportingTaxableUnits":0.0,"reportingNonTaxableUnits":0.0,"reportingExemptUnits":0.0,"reportingTax":0.0,"reportingTaxCalculated":0.0,"liabilityType":"Seller"}],"nonPassthroughDetails":[],"lineLocationTypes":[{"documentLineLocationTypeId":6003421209187,"documentLineId":1003624402893,"documentAddressId":6001754896342,"locationTypeCode":"ShipFrom"},{"documentLineLocationTypeId":8002442512564,"documentLineId":1003624402893,"documentAddressId":3002252798357,"locationTypeCode":"ShipTo"}],"hsCode":"","costInsuranceFreight":0.0,"vatCode":"","vatNumberTypeId":0}],"addresses":[{"id":3002252798357,"transactionId":1001186989480,"boundaryLevel":"Address","line1":"2320 MILITARY RD","line2":"","line3":"","city":"TONAWANDA","region":"NY","postalCode":"14150-6005","country":"US","taxRegionId":4017474,"latitude":"43.000502","longitude":"-78.88196"},{"id":6001754896342,"transactionId":1001186989480,"boundaryLevel":"Address","line1":"30 GLENN ST","line2":"","line3":"","city":"WHITE PLAINS","region":"NY","postalCode":"10603-3254","country":"US","taxRegionId":2090237,"latitude":"41.050608","longitude":"-73.771383"}],"locationTypes":[{"documentLocationTypeId":6001559521534,"documentId":1001186989480,"documentAddressId":6001754896342,"locationTypeCode":"ShipFrom"},{"documentLocationTypeId":3001966790470,"documentId":1001186989480,"documentAddressId":3002252798357,"locationTypeCode":"ShipTo"}],"summary":[{"country":"US","region":"NY","jurisType":"State","jurisCode":"36","jurisName":"NEW YORK","taxAuthorityType":45,"stateAssignedNo":"","taxType":"Sales","taxSubType":"S","taxName":"NY STATE TAX","rateType":"General","taxable":820.00,"rate":0.040000,"tax":32.80,"taxCalculated":32.80,"nonTaxable":0.00,"exemption":0.00},{"country":"US","region":"NY","jurisType":"County","jurisCode":"029","jurisName":"ERIE","taxAuthorityType":45,"stateAssignedNo":"ER 1451","taxType":"Sales","taxSubType":"S","taxName":"NY COUNTY TAX","rateType":"General","taxable":820.00,"rate":0.047500,"tax":38.95,"taxCalculated":38.95,"nonTaxable":0.00,"exemption":0.00}]}

