01-22-2021 @ 15:40:09 - Request
Request
method: GET
uri: https://rest.avatax.com/api/v2/taxrates/byaddress?line1=&line2=&city=Ardsley&region=NY&country=US&postalCode=10603
user-agent: WooCommerce-AvaTax/1.11.0 (WooCommerce/4.8.0; WordPress/5.6)
headers: Array
(
    [content-type] => application/json
    [accept] => application/json
    [Authorization] => ******************************************
    [X-Avalara-Client] => WCSkyVerge RESTv2;REST;REST;v2;AlconoxInc
    [X-Avalara-UID] => a0o33000004goTr
)
body:
duration: 0.32882s

01-22-2021 @ 15:40:09 - Response
Response
code: 200
message: OK
headers: Array
(
    [date] => Fri, 22 Jan 2021 20:40:09 GMT
    [content-type] => application/json; charset=utf-8
    [content-length] => 203
    [x-content-type-options] => nosniff
    [serverduration] => 00:00:00.0169440
    [databasecalls] => 0
    [databaseduration] => 00:00:00
    [serviceduration] => 00:00:00
)
body: {"totalRate":0.083750,"rates":[{"rate":0.040000,"name":"NY STATE TAX","type":"State"},{"rate":0.040000,"name":"NY COUNTY TAX","type":"County"},{"rate":0.003750,"name":"NY SPECIAL TAX","type":"Special"}]}

01-22-2021 @ 15:40:11 - Request
Request
method: POST
uri: https://rest.avatax.com/api/v2/transactions/create
user-agent: WooCommerce-AvaTax/1.11.0 (WooCommerce/4.8.0; WordPress/5.6)
headers: Array
(
    [content-type] => application/json
    [accept] => application/json
    [Authorization] => ******************************************
    [X-Avalara-Client] => WCSkyVerge RESTv2;REST;REST;v2;AlconoxInc
    [X-Avalara-UID] => a0o33000004goTr
)
body: {"code":"","companyCode":"ALC","customerCode":"Guest","currencyCode":"USD","date":"2021-01-22","lines":[{"number":"ca67023068969c7df100d80920400183","itemCode":"1104-1","taxCode":"P0000000","description":"Alconox","quantity":2,"amount":94.400000000000006},{"number":"shipping_0","itemCode":"use-my-shipping-account","taxCode":"FR","description":"Use My Shipping Account","quantity":1}],"addresses":{"shipFrom":{"line1":"30 GLENN ST","line2":"","city":"WHITE PLAINS","region":"NY","country":"US","postalCode":"10603-3254"},"shipTo":{"line1":"5 Augustine Ave","line2":"","city":"Ardsley","region":"NY","country":"US","postalCode":"10603"}},"type":"SalesOrder","commit":false}
duration: 0.32988s

01-22-2021 @ 15:40:11 - Response
Response
code: 201
message: Created
headers: Array
(
    [date] => Fri, 22 Jan 2021 20:40:11 GMT
    [content-type] => application/json; charset=utf-8
    [server] => Kestrel
    [content-encoding] => br
    [location] => /api/v2/companies/207925/transactions/0
    [vary] => Accept-Encoding
    [serverduration] => 00:00:00.0374890
)
body: {"id":0,"code":"d7838acf-c751-4100-b85f-55a1d43388af","companyId":207925,"date":"2021-01-22","paymentDate":"2021-01-22","status":"Temporary","type":"SalesOrder","batchCode":"","currencyCode":"USD","exchangeRateCurrencyCode":"USD","customerUsageType":"","entityUseCode":"","customerVendorCode":"Guest","customerCode":"Guest","exemptNo":"","reconciled":false,"locationCode":"","reportingLocationCode":"","purchaseOrderNo":"","referenceCode":"","salespersonCode":"","totalAmount":94.4,"totalExempt":0.0,"totalDiscount":0.0,"totalTax":7.91,"totalTaxable":94.4,"totalTaxCalculated":7.91,"adjustmentReason":"NotAdjusted","locked":false,"version":1,"exchangeRateEffectiveDate":"2021-01-22","exchangeRate":1.0,"modifiedDate":"2021-01-22T20:40:11.3317979Z","modifiedUserId":231879,"taxDate":"2021-01-22T00:00:00Z","lines":[{"id":0,"transactionId":0,"lineNumber":"ca67023068969c7df100d80920400183","customerUsageType":"","entityUseCode":"","description":"Alconox","discountAmount":0.0,"exemptAmount":0.0,"exemptCertId":0,"exemptNo":"","isItemTaxable":true,"itemCode":"1104-1","lineAmount":94.400000000000006,"quantity":2.0,"ref1":"","ref2":"","reportingDate":"2021-01-22","tax":7.91,"taxableAmount":94.4,"taxCalculated":7.91,"taxCode":"P0000000","taxCodeId":4316,"taxDate":"2021-01-22","taxIncluded":false,"details":[{"id":0,"transactionLineId":0,"transactionId":0,"country":"US","region":"NY","exemptAmount":0.0,"jurisCode":"36","jurisName":"NEW YORK","stateAssignedNo":"","jurisType":"STA","jurisdictionType":"State","nonTaxableAmount":0.0,"rate":0.040000,"tax":3.78,"taxableAmount":94.4,"taxType":"Sales","taxSubTypeId":"S","taxName":"NY STATE TAX","taxAuthorityTypeId":45,"taxCalculated":3.78,"rateType":"General","rateTypeCode":"G","unitOfBasis":"PerCurrencyUnit","isNonPassThru":false,"isFee":false,"reportingTaxableUnits":94.4,"reportingNonTaxableUnits":0.0,"reportingExemptUnits":0.0,"reportingTax":3.78,"reportingTaxCalculated":3.78,"liabilityType":"Seller"},{"id":0,"transactionLineId":0,"transactionId":0,"country":"US","region":"NY","exemptAmount":0.0,"jurisCode":"119","jurisName":"WESTCHESTER","stateAssignedNo":"WE 5581","jurisType":"CTY","jurisdictionType":"County","nonTaxableAmount":0.0,"rate":0.040000,"tax":3.78,"taxableAmount":94.4,"taxType":"Sales","taxSubTypeId":"S","taxName":"NY COUNTY TAX","taxAuthorityTypeId":45,"taxCalculated":3.78,"rateType":"General","rateTypeCode":"G","unitOfBasis":"PerCurrencyUnit","isNonPassThru":false,"isFee":false,"reportingTaxableUnits":94.4,"reportingNonTaxableUnits":0.0,"reportingExemptUnits":0.0,"reportingTax":3.78,"reportingTaxCalculated":3.78,"liabilityType":"Seller"},{"id":0,"transactionLineId":0,"transactionId":0,"country":"US","region":"NY","exemptAmount":0.0,"jurisCode":"359080","jurisName":"WESTCHESTER CO TRANSIT DISTRICT","stateAssignedNo":"WE 5581","jurisType":"STJ","jurisdictionType":"Special","nonTaxableAmount":0.0,"rate":0.003750,"tax":0.35,"taxableAmount":94.4,"taxType":"Sales","taxSubTypeId":"S","taxName":"NY SPECIAL TAX","taxAuthorityTypeId":45,"taxCalculated":0.35,"rateType":"General","rateTypeCode":"G","unitOfBasis":"PerCurrencyUnit","isNonPassThru":false,"isFee":false,"reportingTaxableUnits":94.4,"reportingNonTaxableUnits":0.0,"reportingExemptUnits":0.0,"reportingTax":0.35,"reportingTaxCalculated":0.35,"liabilityType":"Seller"}],"nonPassthroughDetails":[],"hsCode":"","costInsuranceFreight":0.0,"vatCode":"","vatNumberTypeId":0},{"id":0,"transactionId":0,"lineNumber":"shipping_0","customerUsageType":"","entityUseCode":"","description":"Use My Shipping Account","discountAmount":0.0,"exemptAmount":0.0,"exemptCertId":0,"exemptNo":"","isItemTaxable":false,"itemCode":"use-my-shipping-account","lineAmount":0.0,"quantity":1.0,"ref1":"","ref2":"","reportingDate":"2021-01-22","tax":0.0,"taxableAmount":0.0,"taxCalculated":0.0,"taxCode":"FR","taxCodeId":7119,"taxDate":"2021-01-22","taxIncluded":false,"details":[{"id":0,"transactionLineId":0,"transactionId":0,"country":"US","region":"NY","exemptAmount":0.0,"jurisCode":"36","jurisName":"NEW YORK","stateAssignedNo":"","jurisType":"STA","jurisdictionType":"State","nonTaxableAmount":0.0,"rate":0.040000,"tax":0.0,"taxableAmount":0.0,"taxType":"Sales","taxSubTypeId":"S","taxName":"NY STATE TAX","taxAuthorityTypeId":45,"taxCalculated":0.0,"rateType":"General","rateTypeCode":"G","unitOfBasis":"PerCurrencyUnit","isNonPassThru":false,"isFee":false,"reportingTaxableUnits":0.0,"reportingNonTaxableUnits":0.0,"reportingExemptUnits":0.0,"reportingTax":0.0,"reportingTaxCalculated":0.0,"liabilityType":"Seller"},{"id":0,"transactionLineId":0,"transactionId":0,"country":"US","region":"NY","exemptAmount":0.0,"jurisCode":"119","jurisName":"WESTCHESTER","stateAssignedNo":"WE 5581","jurisType":"CTY","jurisdictionType":"County","nonTaxableAmount":0.0,"rate":0.040000,"tax":0.0,"taxableAmount":0.0,"taxType":"Sales","taxSubTypeId":"S","taxName":"NY COUNTY TAX","taxAuthorityTypeId":45,"taxCalculated":0.0,"rateType":"General","rateTypeCode":"G","unitOfBasis":"PerCurrencyUnit","isNonPassThru":false,"isFee":false,"reportingTaxableUnits":0.0,"reportingNonTaxableUnits":0.0,"reportingExemptUnits":0.0,"reportingTax":0.0,"reportingTaxCalculated":0.0,"liabilityType":"Seller"},{"id":0,"transactionLineId":0,"transactionId":0,"country":"US","region":"NY","exemptAmount":0.0,"jurisCode":"359080","jurisName":"WESTCHESTER CO TRANSIT DISTRICT","stateAssignedNo":"WE 5581","jurisType":"STJ","jurisdictionType":"Special","nonTaxableAmount":0.0,"rate":0.003750,"tax":0.0,"taxableAmount":0.0,"taxType":"Sales","taxSubTypeId":"S","taxName":"NY SPECIAL TAX","taxAuthorityTypeId":45,"taxCalculated":0.0,"rateType":"General","rateTypeCode":"G","unitOfBasis":"PerCurrencyUnit","isNonPassThru":false,"isFee":false,"reportingTaxableUnits":0.0,"reportingNonTaxableUnits":0.0,"reportingExemptUnits":0.0,"reportingTax":0.0,"reportingTaxCalculated":0.0,"liabilityType":"Seller"}],"nonPassthroughDetails":[],"hsCode":"","costInsuranceFreight":0.0,"vatCode":"","vatNumberTypeId":0}],"addresses":[{"id":0,"transactionId":0,"boundaryLevel":"Address","line1":"5 Augustine Ave","line2":"","line3":"","city":"Ardsley","region":"NY","postalCode":"10603","country":"US","taxRegionId":4004354,"latitude":"41.007852","longitude":"-73.84791"},{"id":0,"transactionId":0,"boundaryLevel":"Address","line1":"30 GLENN ST","line2":"","line3":"","city":"WHITE PLAINS","region":"NY","postalCode":"10603-3254","country":"US","taxRegionId":2090237,"latitude":"41.050608","longitude":"-73.771383"}],"summary":[{"country":"US","region":"NY","jurisType":"State","jurisCode":"36","jurisName":"NEW YORK","taxAuthorityType":45,"stateAssignedNo":"","taxType":"Sales","taxSubType":"S","taxName":"NY STATE TAX","rateType":"General","taxable":94.4,"rate":0.040000,"tax":3.78,"taxCalculated":3.78,"nonTaxable":0.0,"exemption":0.0},{"country":"US","region":"NY","jurisType":"County","jurisCode":"119","jurisName":"WESTCHESTER","taxAuthorityType":45,"stateAssignedNo":"WE 5581","taxType":"Sales","taxSubType":"S","taxName":"NY COUNTY TAX","rateType":"General","taxable":94.4,"rate":0.040000,"tax":3.78,"taxCalculated":3.78,"nonTaxable":0.0,"exemption":0.0},{"country":"US","region":"NY","jurisType":"Special","jurisCode":"359080","jurisName":"WESTCHESTER CO TRANSIT DISTRICT","taxAuthorityType":45,"stateAssignedNo":"WE 5581","taxType":"Sales","taxSubType":"S","taxName":"NY SPECIAL TAX","rateType":"General","taxable":94.4,"rate":0.003750,"tax":0.35,"taxCalculated":0.35,"nonTaxable":0.0,"exemption":0.0}]}

01-22-2021 @ 15:40:12 - Request
Request
method: GET
uri: https://rest.avatax.com/api/v2/taxrates/byaddress?line1=&line2=&city=Ardsley&region=NY&country=US&postalCode=10502
user-agent: WooCommerce-AvaTax/1.11.0 (WooCommerce/4.8.0; WordPress/5.6)
headers: Array
(
    [content-type] => application/json
    [accept] => application/json
    [Authorization] => ******************************************
    [X-Avalara-Client] => WCSkyVerge RESTv2;REST;REST;v2;AlconoxInc
    [X-Avalara-UID] => a0o33000004goTr
)
body:
duration: 0.29541s

01-22-2021 @ 15:40:12 - Response
Response
code: 200
message: OK
headers: Array
(
    [date] => Fri, 22 Jan 2021 20:40:12 GMT
    [content-type] => application/json; charset=utf-8
    [content-length] => 203
    [x-content-type-options] => nosniff
    [serverduration] => 00:00:00.0167354
    [databasecalls] => 0
    [databaseduration] => 00:00:00
    [serviceduration] => 00:00:00
)
body: {"totalRate":0.083750,"rates":[{"rate":0.040000,"name":"NY STATE TAX","type":"State"},{"rate":0.040000,"name":"NY COUNTY TAX","type":"County"},{"rate":0.003750,"name":"NY SPECIAL TAX","type":"Special"}]}

01-22-2021 @ 15:40:15 - Request
Request
method: POST
uri: https://rest.avatax.com/api/v2/transactions/create
user-agent: WooCommerce-AvaTax/1.11.0 (WooCommerce/4.8.0; WordPress/5.6)
headers: Array
(
    [content-type] => application/json
    [accept] => application/json
    [Authorization] => ******************************************
    [X-Avalara-Client] => WCSkyVerge RESTv2;REST;REST;v2;AlconoxInc
    [X-Avalara-UID] => a0o33000004goTr
)
body: {"code":"","companyCode":"ALC","customerCode":"Guest","currencyCode":"USD","date":"2021-01-22","lines":[{"number":"ca67023068969c7df100d80920400183","itemCode":"1104-1","taxCode":"P0000000","description":"Alconox","quantity":2,"amount":94.400000000000006},{"number":"shipping_0","itemCode":"use-my-shipping-account","taxCode":"FR","description":"Use My Shipping Account","quantity":1}],"addresses":{"shipFrom":{"line1":"30 GLENN ST","line2":"","city":"WHITE PLAINS","region":"NY","country":"US","postalCode":"10603-3254"},"shipTo":{"line1":"5 Augustine Ave","line2":"","city":"Ardsley","region":"NY","country":"US","postalCode":"10502"}},"type":"SalesOrder","commit":false}
duration: 0.32267s

01-22-2021 @ 15:40:15 - Response
Response
code: 201
message: Created
headers: Array
(
    [date] => Fri, 22 Jan 2021 20:40:15 GMT
    [content-type] => application/json; charset=utf-8
    [server] => Kestrel
    [content-encoding] => br
    [location] => /api/v2/companies/207925/transactions/0
    [vary] => Accept-Encoding
    [serverduration] => 00:00:00.0392521
)
body: {"id":0,"code":"bd694120-bc04-41d7-8efa-2fb34cb720ed","companyId":207925,"date":"2021-01-22","paymentDate":"2021-01-22","status":"Temporary","type":"SalesOrder","batchCode":"","currencyCode":"USD","exchangeRateCurrencyCode":"USD","customerUsageType":"","entityUseCode":"","customerVendorCode":"Guest","customerCode":"Guest","exemptNo":"","reconciled":false,"locationCode":"","reportingLocationCode":"","purchaseOrderNo":"","referenceCode":"","salespersonCode":"","totalAmount":94.4,"totalExempt":0.0,"totalDiscount":0.0,"totalTax":7.91,"totalTaxable":94.4,"totalTaxCalculated":7.91,"adjustmentReason":"NotAdjusted","locked":false,"version":1,"exchangeRateEffectiveDate":"2021-01-22","exchangeRate":1.0,"modifiedDate":"2021-01-22T20:40:15.908376Z","modifiedUserId":231879,"taxDate":"2021-01-22T00:00:00Z","lines":[{"id":0,"transactionId":0,"lineNumber":"ca67023068969c7df100d80920400183","customerUsageType":"","entityUseCode":"","description":"Alconox","discountAmount":0.0,"exemptAmount":0.0,"exemptCertId":0,"exemptNo":"","isItemTaxable":true,"itemCode":"1104-1","lineAmount":94.400000000000006,"quantity":2.0,"ref1":"","ref2":"","reportingDate":"2021-01-22","tax":7.91,"taxableAmount":94.4,"taxCalculated":7.91,"taxCode":"P0000000","taxCodeId":4316,"taxDate":"2021-01-22","taxIncluded":false,"details":[{"id":0,"transactionLineId":0,"transactionId":0,"country":"US","region":"NY","exemptAmount":0.0,"jurisCode":"36","jurisName":"NEW YORK","stateAssignedNo":"","jurisType":"STA","jurisdictionType":"State","nonTaxableAmount":0.0,"rate":0.040000,"tax":3.78,"taxableAmount":94.4,"taxType":"Sales","taxSubTypeId":"S","taxName":"NY STATE TAX","taxAuthorityTypeId":45,"taxCalculated":3.78,"rateType":"General","rateTypeCode":"G","unitOfBasis":"PerCurrencyUnit","isNonPassThru":false,"isFee":false,"reportingTaxableUnits":94.4,"reportingNonTaxableUnits":0.0,"reportingExemptUnits":0.0,"reportingTax":3.78,"reportingTaxCalculated":3.78,"liabilityType":"Seller"},{"id":0,"transactionLineId":0,"transactionId":0,"country":"US","region":"NY","exemptAmount":0.0,"jurisCode":"119","jurisName":"WESTCHESTER","stateAssignedNo":"WE 5581","jurisType":"CTY","jurisdictionType":"County","nonTaxableAmount":0.0,"rate":0.040000,"tax":3.78,"taxableAmount":94.4,"taxType":"Sales","taxSubTypeId":"S","taxName":"NY COUNTY TAX","taxAuthorityTypeId":45,"taxCalculated":3.78,"rateType":"General","rateTypeCode":"G","unitOfBasis":"PerCurrencyUnit","isNonPassThru":false,"isFee":false,"reportingTaxableUnits":94.4,"reportingNonTaxableUnits":0.0,"reportingExemptUnits":0.0,"reportingTax":3.78,"reportingTaxCalculated":3.78,"liabilityType":"Seller"},{"id":0,"transactionLineId":0,"transactionId":0,"country":"US","region":"NY","exemptAmount":0.0,"jurisCode":"359080","jurisName":"WESTCHESTER CO TRANSIT DISTRICT","stateAssignedNo":"WE 5581","jurisType":"STJ","jurisdictionType":"Special","nonTaxableAmount":0.0,"rate":0.003750,"tax":0.35,"taxableAmount":94.4,"taxType":"Sales","taxSubTypeId":"S","taxName":"NY SPECIAL TAX","taxAuthorityTypeId":45,"taxCalculated":0.35,"rateType":"General","rateTypeCode":"G","unitOfBasis":"PerCurrencyUnit","isNonPassThru":false,"isFee":false,"reportingTaxableUnits":94.4,"reportingNonTaxableUnits":0.0,"reportingExemptUnits":0.0,"reportingTax":0.35,"reportingTaxCalculated":0.35,"liabilityType":"Seller"}],"nonPassthroughDetails":[],"hsCode":"","costInsuranceFreight":0.0,"vatCode":"","vatNumberTypeId":0},{"id":0,"transactionId":0,"lineNumber":"shipping_0","customerUsageType":"","entityUseCode":"","description":"Use My Shipping Account","discountAmount":0.0,"exemptAmount":0.0,"exemptCertId":0,"exemptNo":"","isItemTaxable":false,"itemCode":"use-my-shipping-account","lineAmount":0.0,"quantity":1.0,"ref1":"","ref2":"","reportingDate":"2021-01-22","tax":0.0,"taxableAmount":0.0,"taxCalculated":0.0,"taxCode":"FR","taxCodeId":7119,"taxDate":"2021-01-22","taxIncluded":false,"details":[{"id":0,"transactionLineId":0,"transactionId":0,"country":"US","region":"NY","exemptAmount":0.0,"jurisCode":"36","jurisName":"NEW YORK","stateAssignedNo":"","jurisType":"STA","jurisdictionType":"State","nonTaxableAmount":0.0,"rate":0.040000,"tax":0.0,"taxableAmount":0.0,"taxType":"Sales","taxSubTypeId":"S","taxName":"NY STATE TAX","taxAuthorityTypeId":45,"taxCalculated":0.0,"rateType":"General","rateTypeCode":"G","unitOfBasis":"PerCurrencyUnit","isNonPassThru":false,"isFee":false,"reportingTaxableUnits":0.0,"reportingNonTaxableUnits":0.0,"reportingExemptUnits":0.0,"reportingTax":0.0,"reportingTaxCalculated":0.0,"liabilityType":"Seller"},{"id":0,"transactionLineId":0,"transactionId":0,"country":"US","region":"NY","exemptAmount":0.0,"jurisCode":"119","jurisName":"WESTCHESTER","stateAssignedNo":"WE 5581","jurisType":"CTY","jurisdictionType":"County","nonTaxableAmount":0.0,"rate":0.040000,"tax":0.0,"taxableAmount":0.0,"taxType":"Sales","taxSubTypeId":"S","taxName":"NY COUNTY TAX","taxAuthorityTypeId":45,"taxCalculated":0.0,"rateType":"General","rateTypeCode":"G","unitOfBasis":"PerCurrencyUnit","isNonPassThru":false,"isFee":false,"reportingTaxableUnits":0.0,"reportingNonTaxableUnits":0.0,"reportingExemptUnits":0.0,"reportingTax":0.0,"reportingTaxCalculated":0.0,"liabilityType":"Seller"},{"id":0,"transactionLineId":0,"transactionId":0,"country":"US","region":"NY","exemptAmount":0.0,"jurisCode":"359080","jurisName":"WESTCHESTER CO TRANSIT DISTRICT","stateAssignedNo":"WE 5581","jurisType":"STJ","jurisdictionType":"Special","nonTaxableAmount":0.0,"rate":0.003750,"tax":0.0,"taxableAmount":0.0,"taxType":"Sales","taxSubTypeId":"S","taxName":"NY SPECIAL TAX","taxAuthorityTypeId":45,"taxCalculated":0.0,"rateType":"General","rateTypeCode":"G","unitOfBasis":"PerCurrencyUnit","isNonPassThru":false,"isFee":false,"reportingTaxableUnits":0.0,"reportingNonTaxableUnits":0.0,"reportingExemptUnits":0.0,"reportingTax":0.0,"reportingTaxCalculated":0.0,"liabilityType":"Seller"}],"nonPassthroughDetails":[],"hsCode":"","costInsuranceFreight":0.0,"vatCode":"","vatNumberTypeId":0}],"addresses":[{"id":0,"transactionId":0,"boundaryLevel":"Address","line1":"5 Augustine Ave","line2":"","line3":"","city":"Ardsley","region":"NY","postalCode":"10502","country":"US","taxRegionId":4004354,"latitude":"41.007852","longitude":"-73.84791"},{"id":0,"transactionId":0,"boundaryLevel":"Address","line1":"30 GLENN ST","line2":"","line3":"","city":"WHITE PLAINS","region":"NY","postalCode":"10603-3254","country":"US","taxRegionId":2090237,"latitude":"41.050608","longitude":"-73.771383"}],"summary":[{"country":"US","region":"NY","jurisType":"State","jurisCode":"36","jurisName":"NEW YORK","taxAuthorityType":45,"stateAssignedNo":"","taxType":"Sales","taxSubType":"S","taxName":"NY STATE TAX","rateType":"General","taxable":94.4,"rate":0.040000,"tax":3.78,"taxCalculated":3.78,"nonTaxable":0.0,"exemption":0.0},{"country":"US","region":"NY","jurisType":"County","jurisCode":"119","jurisName":"WESTCHESTER","taxAuthorityType":45,"stateAssignedNo":"WE 5581","taxType":"Sales","taxSubType":"S","taxName":"NY COUNTY TAX","rateType":"General","taxable":94.4,"rate":0.040000,"tax":3.78,"taxCalculated":3.78,"nonTaxable":0.0,"exemption":0.0},{"country":"US","region":"NY","jurisType":"Special","jurisCode":"359080","jurisName":"WESTCHESTER CO TRANSIT DISTRICT","taxAuthorityType":45,"stateAssignedNo":"WE 5581","taxType":"Sales","taxSubType":"S","taxName":"NY SPECIAL TAX","rateType":"General","taxable":94.4,"rate":0.003750,"tax":0.35,"taxCalculated":0.35,"nonTaxable":0.0,"exemption":0.0}]}

01-22-2021 @ 15:40:17 - Request
Request
method: GET
uri: https://rest.avatax.com/api/v2/taxrates/byaddress?line1=&line2=&city=Ardsley&region=NY&country=US&postalCode=10502
user-agent: WooCommerce-AvaTax/1.11.0 (WooCommerce/4.8.0; WordPress/5.6)
headers: Array
(
    [content-type] => application/json
    [accept] => application/json
    [Authorization] => ******************************************
    [X-Avalara-Client] => WCSkyVerge RESTv2;REST;REST;v2;AlconoxInc
    [X-Avalara-UID] => a0o33000004goTr
)
body:
duration: 0.29491s

01-22-2021 @ 15:40:17 - Response
Response
code: 200
message: OK
headers: Array
(
    [date] => Fri, 22 Jan 2021 20:40:17 GMT
    [content-type] => application/json; charset=utf-8
    [content-length] => 203
    [x-content-type-options] => nosniff
    [serverduration] => 00:00:00.0014773
    [databasecalls] => 0
    [databaseduration] => 00:00:00
    [serviceduration] => 00:00:00
)
body: {"totalRate":0.083750,"rates":[{"rate":0.040000,"name":"NY STATE TAX","type":"State"},{"rate":0.040000,"name":"NY COUNTY TAX","type":"County"},{"rate":0.003750,"name":"NY SPECIAL TAX","type":"Special"}]}

01-22-2021 @ 15:40:17 - Request
Request
method: POST
uri: https://rest.avatax.com/api/v2/transactions/create
user-agent: WooCommerce-AvaTax/1.11.0 (WooCommerce/4.8.0; WordPress/5.6)
headers: Array
(
    [content-type] => application/json
    [accept] => application/json
    [Authorization] => ******************************************
    [X-Avalara-Client] => WCSkyVerge RESTv2;REST;REST;v2;AlconoxInc
    [X-Avalara-UID] => a0o33000004goTr
)
body: {"code":"","companyCode":"ALC","customerCode":"Guest","currencyCode":"USD","date":"2021-01-22","lines":[{"number":"ca67023068969c7df100d80920400183","itemCode":"1104-1","taxCode":"P0000000","description":"Alconox","quantity":2,"amount":94.400000000000006},{"number":"shipping_0","itemCode":"use-my-shipping-account","taxCode":"FR","description":"Use My Shipping Account","quantity":1}],"addresses":{"shipFrom":{"line1":"30 GLENN ST","line2":"","city":"WHITE PLAINS","region":"NY","country":"US","postalCode":"10603-3254"},"shipTo":{"line1":"5 Augustine Ave","line2":"","city":"Ardsley","region":"NY","country":"US","postalCode":"10502"}},"type":"SalesOrder","commit":false}
duration: 0.32939s

01-22-2021 @ 15:40:17 - Response
Response
code: 201
message: Created
headers: Array
(
    [date] => Fri, 22 Jan 2021 20:40:17 GMT
    [content-type] => application/json; charset=utf-8
    [server] => Kestrel
    [content-encoding] => br
    [location] => /api/v2/companies/207925/transactions/0
    [vary] => Accept-Encoding
    [serverduration] => 00:00:00.0381366
)
body: {"id":0,"code":"9bf2050b-8621-4300-aa07-19e5eaae4ebc","companyId":207925,"date":"2021-01-22","paymentDate":"2021-01-22","status":"Temporary","type":"SalesOrder","batchCode":"","currencyCode":"USD","exchangeRateCurrencyCode":"USD","customerUsageType":"","entityUseCode":"","customerVendorCode":"Guest","customerCode":"Guest","exemptNo":"","reconciled":false,"locationCode":"","reportingLocationCode":"","purchaseOrderNo":"","referenceCode":"","salespersonCode":"","totalAmount":94.4,"totalExempt":0.0,"totalDiscount":0.0,"totalTax":7.91,"totalTaxable":94.4,"totalTaxCalculated":7.91,"adjustmentReason":"NotAdjusted","locked":false,"version":1,"exchangeRateEffectiveDate":"2021-01-22","exchangeRate":1.0,"modifiedDate":"2021-01-22T20:40:17.4741975Z","modifiedUserId":231879,"taxDate":"2021-01-22T00:00:00Z","lines":[{"id":0,"transactionId":0,"lineNumber":"ca67023068969c7df100d80920400183","customerUsageType":"","entityUseCode":"","description":"Alconox","discountAmount":0.0,"exemptAmount":0.0,"exemptCertId":0,"exemptNo":"","isItemTaxable":true,"itemCode":"1104-1","lineAmount":94.400000000000006,"quantity":2.0,"ref1":"","ref2":"","reportingDate":"2021-01-22","tax":7.91,"taxableAmount":94.4,"taxCalculated":7.91,"taxCode":"P0000000","taxCodeId":4316,"taxDate":"2021-01-22","taxIncluded":false,"details":[{"id":0,"transactionLineId":0,"transactionId":0,"country":"US","region":"NY","exemptAmount":0.0,"jurisCode":"36","jurisName":"NEW YORK","stateAssignedNo":"","jurisType":"STA","jurisdictionType":"State","nonTaxableAmount":0.0,"rate":0.040000,"tax":3.78,"taxableAmount":94.4,"taxType":"Sales","taxSubTypeId":"S","taxName":"NY STATE TAX","taxAuthorityTypeId":45,"taxCalculated":3.78,"rateType":"General","rateTypeCode":"G","unitOfBasis":"PerCurrencyUnit","isNonPassThru":false,"isFee":false,"reportingTaxableUnits":94.4,"reportingNonTaxableUnits":0.0,"reportingExemptUnits":0.0,"reportingTax":3.78,"reportingTaxCalculated":3.78,"liabilityType":"Seller"},{"id":0,"transactionLineId":0,"transactionId":0,"country":"US","region":"NY","exemptAmount":0.0,"jurisCode":"119","jurisName":"WESTCHESTER","stateAssignedNo":"WE 5581","jurisType":"CTY","jurisdictionType":"County","nonTaxableAmount":0.0,"rate":0.040000,"tax":3.78,"taxableAmount":94.4,"taxType":"Sales","taxSubTypeId":"S","taxName":"NY COUNTY TAX","taxAuthorityTypeId":45,"taxCalculated":3.78,"rateType":"General","rateTypeCode":"G","unitOfBasis":"PerCurrencyUnit","isNonPassThru":false,"isFee":false,"reportingTaxableUnits":94.4,"reportingNonTaxableUnits":0.0,"reportingExemptUnits":0.0,"reportingTax":3.78,"reportingTaxCalculated":3.78,"liabilityType":"Seller"},{"id":0,"transactionLineId":0,"transactionId":0,"country":"US","region":"NY","exemptAmount":0.0,"jurisCode":"359080","jurisName":"WESTCHESTER CO TRANSIT DISTRICT","stateAssignedNo":"WE 5581","jurisType":"STJ","jurisdictionType":"Special","nonTaxableAmount":0.0,"rate":0.003750,"tax":0.35,"taxableAmount":94.4,"taxType":"Sales","taxSubTypeId":"S","taxName":"NY SPECIAL TAX","taxAuthorityTypeId":45,"taxCalculated":0.35,"rateType":"General","rateTypeCode":"G","unitOfBasis":"PerCurrencyUnit","isNonPassThru":false,"isFee":false,"reportingTaxableUnits":94.4,"reportingNonTaxableUnits":0.0,"reportingExemptUnits":0.0,"reportingTax":0.35,"reportingTaxCalculated":0.35,"liabilityType":"Seller"}],"nonPassthroughDetails":[],"hsCode":"","costInsuranceFreight":0.0,"vatCode":"","vatNumberTypeId":0},{"id":0,"transactionId":0,"lineNumber":"shipping_0","customerUsageType":"","entityUseCode":"","description":"Use My Shipping Account","discountAmount":0.0,"exemptAmount":0.0,"exemptCertId":0,"exemptNo":"","isItemTaxable":false,"itemCode":"use-my-shipping-account","lineAmount":0.0,"quantity":1.0,"ref1":"","ref2":"","reportingDate":"2021-01-22","tax":0.0,"taxableAmount":0.0,"taxCalculated":0.0,"taxCode":"FR","taxCodeId":7119,"taxDate":"2021-01-22","taxIncluded":false,"details":[{"id":0,"transactionLineId":0,"transactionId":0,"country":"US","region":"NY","exemptAmount":0.0,"jurisCode":"36","jurisName":"NEW YORK","stateAssignedNo":"","jurisType":"STA","jurisdictionType":"State","nonTaxableAmount":0.0,"rate":0.040000,"tax":0.0,"taxableAmount":0.0,"taxType":"Sales","taxSubTypeId":"S","taxName":"NY STATE TAX","taxAuthorityTypeId":45,"taxCalculated":0.0,"rateType":"General","rateTypeCode":"G","unitOfBasis":"PerCurrencyUnit","isNonPassThru":false,"isFee":false,"reportingTaxableUnits":0.0,"reportingNonTaxableUnits":0.0,"reportingExemptUnits":0.0,"reportingTax":0.0,"reportingTaxCalculated":0.0,"liabilityType":"Seller"},{"id":0,"transactionLineId":0,"transactionId":0,"country":"US","region":"NY","exemptAmount":0.0,"jurisCode":"119","jurisName":"WESTCHESTER","stateAssignedNo":"WE 5581","jurisType":"CTY","jurisdictionType":"County","nonTaxableAmount":0.0,"rate":0.040000,"tax":0.0,"taxableAmount":0.0,"taxType":"Sales","taxSubTypeId":"S","taxName":"NY COUNTY TAX","taxAuthorityTypeId":45,"taxCalculated":0.0,"rateType":"General","rateTypeCode":"G","unitOfBasis":"PerCurrencyUnit","isNonPassThru":false,"isFee":false,"reportingTaxableUnits":0.0,"reportingNonTaxableUnits":0.0,"reportingExemptUnits":0.0,"reportingTax":0.0,"reportingTaxCalculated":0.0,"liabilityType":"Seller"},{"id":0,"transactionLineId":0,"transactionId":0,"country":"US","region":"NY","exemptAmount":0.0,"jurisCode":"359080","jurisName":"WESTCHESTER CO TRANSIT DISTRICT","stateAssignedNo":"WE 5581","jurisType":"STJ","jurisdictionType":"Special","nonTaxableAmount":0.0,"rate":0.003750,"tax":0.0,"taxableAmount":0.0,"taxType":"Sales","taxSubTypeId":"S","taxName":"NY SPECIAL TAX","taxAuthorityTypeId":45,"taxCalculated":0.0,"rateType":"General","rateTypeCode":"G","unitOfBasis":"PerCurrencyUnit","isNonPassThru":false,"isFee":false,"reportingTaxableUnits":0.0,"reportingNonTaxableUnits":0.0,"reportingExemptUnits":0.0,"reportingTax":0.0,"reportingTaxCalculated":0.0,"liabilityType":"Seller"}],"nonPassthroughDetails":[],"hsCode":"","costInsuranceFreight":0.0,"vatCode":"","vatNumberTypeId":0}],"addresses":[{"id":0,"transactionId":0,"boundaryLevel":"Address","line1":"5 Augustine Ave","line2":"","line3":"","city":"Ardsley","region":"NY","postalCode":"10502","country":"US","taxRegionId":4004354,"latitude":"41.007852","longitude":"-73.84791"},{"id":0,"transactionId":0,"boundaryLevel":"Address","line1":"30 GLENN ST","line2":"","line3":"","city":"WHITE PLAINS","region":"NY","postalCode":"10603-3254","country":"US","taxRegionId":2090237,"latitude":"41.050608","longitude":"-73.771383"}],"summary":[{"country":"US","region":"NY","jurisType":"State","jurisCode":"36","jurisName":"NEW YORK","taxAuthorityType":45,"stateAssignedNo":"","taxType":"Sales","taxSubType":"S","taxName":"NY STATE TAX","rateType":"General","taxable":94.4,"rate":0.040000,"tax":3.78,"taxCalculated":3.78,"nonTaxable":0.0,"exemption":0.0},{"country":"US","region":"NY","jurisType":"County","jurisCode":"119","jurisName":"WESTCHESTER","taxAuthorityType":45,"stateAssignedNo":"WE 5581","taxType":"Sales","taxSubType":"S","taxName":"NY COUNTY TAX","rateType":"General","taxable":94.4,"rate":0.040000,"tax":3.78,"taxCalculated":3.78,"nonTaxable":0.0,"exemption":0.0},{"country":"US","region":"NY","jurisType":"Special","jurisCode":"359080","jurisName":"WESTCHESTER CO TRANSIT DISTRICT","taxAuthorityType":45,"stateAssignedNo":"WE 5581","taxType":"Sales","taxSubType":"S","taxName":"NY SPECIAL TAX","rateType":"General","taxable":94.4,"rate":0.003750,"tax":0.35,"taxCalculated":0.35,"nonTaxable":0.0,"exemption":0.0}]}

