04-26-2021 @ 20:03:20 - Request
Request
method: GET
uri: https://rest.avatax.com/api/v2/utilities/ping
user-agent: WooCommerce-AvaTax/1.12.0 (WooCommerce/5.2.2; WordPress/5.7.1)
headers: Array
(
    [content-type] => application/json
    [accept] => application/json
    [Authorization] => ******************************************
    [X-Avalara-Client] => WCSkyVerge RESTv2;REST;REST;v2;AlconoxInc
    [X-Avalara-UID] => a0o33000004goTr
)
body:
duration: 0.32002s

04-26-2021 @ 20:03:20 - Response
Response
code: 200
message: OK
headers: Array
(
    [date] => Tue, 27 Apr 2021 00:03:20 GMT
    [content-type] => application/json; charset=utf-8
    [content-length] => 225
    [x-content-type-options] => nosniff
    [serverduration] => 00:00:00.0001655
    [databasecalls] => 0
    [databaseduration] => 00:00:00
    [serviceduration] => 00:00:00
)
body: {"version":"21.4.0","authenticated":true,"authenticationType":"AccountIdLicenseKey","authenticatedUserName":"anonymous@2000107471","authenticatedUserId":231879,"authenticatedAccountId":2000107471,"crmid":"0010b00002JHRLYAA5"}

04-26-2021 @ 21:38:51 - Request
Request
method: GET
uri: https://rest.avatax.com/api/v2/utilities/ping
user-agent: WooCommerce-AvaTax/1.12.0 (WooCommerce/5.2.2; WordPress/5.7.1)
headers: Array
(
    [content-type] => application/json
    [accept] => application/json
    [Authorization] => ******************************************
    [X-Avalara-Client] => WCSkyVerge RESTv2;REST;REST;v2;AlconoxInc
    [X-Avalara-UID] => a0o33000004goTr
)
body:
duration: 0.28803s

04-26-2021 @ 21:38:51 - Response
Response
code: 200
message: OK
headers: Array
(
    [date] => Tue, 27 Apr 2021 01:38:51 GMT
    [content-type] => application/json; charset=utf-8
    [content-length] => 225
    [x-content-type-options] => nosniff
    [serverduration] => 00:00:00.0001657
    [databasecalls] => 0
    [databaseduration] => 00:00:00
    [serviceduration] => 00:00:00
)
body: {"version":"21.4.0","authenticated":true,"authenticationType":"AccountIdLicenseKey","authenticatedUserName":"anonymous@2000107471","authenticatedUserId":231879,"authenticatedAccountId":2000107471,"crmid":"0010b00002JHRLYAA5"}

04-27-2021 @ 08:42:38 - Request
Request
method: GET
uri: https://rest.avatax.com/api/v2/utilities/ping
user-agent: WooCommerce-AvaTax/1.12.0 (WooCommerce/5.2.2; WordPress/5.7.1)
headers: Array
(
    [content-type] => application/json
    [accept] => application/json
    [Authorization] => ******************************************
    [X-Avalara-Client] => WCSkyVerge RESTv2;REST;REST;v2;AlconoxInc
    [X-Avalara-UID] => a0o33000004goTr
)
body:
duration: 0.3118s

04-27-2021 @ 08:42:38 - Response
Response
code: 200
message: OK
headers: Array
(
    [date] => Tue, 27 Apr 2021 12:42:38 GMT
    [content-type] => application/json; charset=utf-8
    [content-length] => 225
    [x-content-type-options] => nosniff
    [serverduration] => 00:00:00.0000779
    [databasecalls] => 0
    [databaseduration] => 00:00:00
    [serviceduration] => 00:00:00
)
body: {"version":"21.4.0","authenticated":true,"authenticationType":"AccountIdLicenseKey","authenticatedUserName":"anonymous@2000107471","authenticatedUserId":231879,"authenticatedAccountId":2000107471,"crmid":"0010b00002JHRLYAA5"}

04-27-2021 @ 09:17:28 - Request
Request
method: GET
uri: https://rest.avatax.com/api/v2/taxrates/byaddress?line1=&line2=&city=Ronkonkoma&region=NY&country=US&postalCode=11779-7329
user-agent: WooCommerce-AvaTax/1.12.0 (WooCommerce/5.2.2; WordPress/5.7.1)
headers: Array
(
    [content-type] => application/json
    [accept] => application/json
    [Authorization] => ******************************************
    [X-Avalara-Client] => WCSkyVerge RESTv2;REST;REST;v2;AlconoxInc
    [X-Avalara-UID] => a0o33000004goTr
)
body:
duration: 0.35386s

04-27-2021 @ 09:17:28 - Response
Response
code: 200
message: OK
headers: Array
(
    [date] => Tue, 27 Apr 2021 13:17:28 GMT
    [content-type] => application/json; charset=utf-8
    [content-length] => 203
    [x-content-type-options] => nosniff
    [serverduration] => 00:00:00.0162465
    [databasecalls] => 0
    [databaseduration] => 00:00:00
    [serviceduration] => 00:00:00
)
body: {"totalRate":0.086250,"rates":[{"rate":0.040000,"name":"NY STATE TAX","type":"State"},{"rate":0.042500,"name":"NY COUNTY TAX","type":"County"},{"rate":0.003750,"name":"NY SPECIAL TAX","type":"Special"}]}

04-27-2021 @ 09:17:30 - Request
Request
method: POST
uri: https://rest.avatax.com/api/v2/transactions/create
user-agent: WooCommerce-AvaTax/1.12.0 (WooCommerce/5.2.2; WordPress/5.7.1)
headers: Array
(
    [content-type] => application/json
    [accept] => application/json
    [Authorization] => ******************************************
    [X-Avalara-Client] => WCSkyVerge RESTv2;REST;REST;v2;AlconoxInc
    [X-Avalara-UID] => a0o33000004goTr
)
body: {"code":"","companyCode":"ALC","customerCode":"whirsch@bhaircraft.com","currencyCode":"USD","date":"2021-04-27","lines":[{"number":"50e8dfd203a05429b143e51c7adef624","itemCode":"1801-1","taxCode":"P0000000","description":"Citranox","quantity":2,"amount":148.80000000000001},{"number":"shipping_0","itemCode":"use-my-shipping-account","taxCode":"FR","description":"Use My Shipping Account","quantity":1}],"addresses":{"shipFrom":{"line1":"30 GLENN ST","line2":"","city":"WHITE PLAINS","region":"NY","country":"US","postalCode":"10603-3254"},"shipTo":{"line1":"2230 SMITHTOWN AVE","line2":"","city":"Ronkonkoma","region":"NY","country":"US","postalCode":"11779-7329"}},"type":"SalesOrder","commit":false}
duration: 0.33116s

04-27-2021 @ 09:17:30 - Response
Response
code: 201
message: Created
headers: Array
(
    [date] => Tue, 27 Apr 2021 13:17:30 GMT
    [content-type] => application/json; charset=utf-8
    [server] => Kestrel
    [content-encoding] => br
    [location] => /api/v2/companies/207925/transactions/0
    [vary] => Accept-Encoding
    [serverduration] => 00:00:00.0455329
)
body: {"id":0,"code":"3ad7ee37-2694-4820-ad4e-bd910663a127","companyId":207925,"date":"2021-04-27","paymentDate":"2021-04-27","status":"Temporary","type":"SalesOrder","batchCode":"","currencyCode":"USD","exchangeRateCurrencyCode":"USD","customerUsageType":"","entityUseCode":"","customerVendorCode":"whirsch@bhaircraft.com","customerCode":"whirsch@bhaircraft.com","exemptNo":"","reconciled":false,"locationCode":"","reportingLocationCode":"","purchaseOrderNo":"","referenceCode":"","salespersonCode":"","totalAmount":148.8,"totalExempt":0.0,"totalDiscount":0.0,"totalTax":12.83,"totalTaxable":148.8,"totalTaxCalculated":12.83,"adjustmentReason":"NotAdjusted","locked":false,"version":1,"exchangeRateEffectiveDate":"2021-04-27","exchangeRate":1.0,"modifiedDate":"2021-04-27T13:17:30.7786297Z","modifiedUserId":231879,"taxDate":"2021-04-27T00:00:00Z","lines":[{"id":0,"transactionId":0,"lineNumber":"50e8dfd203a05429b143e51c7adef624","customerUsageType":"","entityUseCode":"","description":"Citranox","discountAmount":0.0,"exemptAmount":0.0,"exemptCertId":0,"exemptNo":"","isItemTaxable":true,"itemCode":"1801-1","lineAmount":148.80000000000001,"quantity":2.0,"ref1":"","ref2":"","reportingDate":"2021-04-27","tax":12.83,"taxableAmount":148.8,"taxCalculated":12.83,"taxCode":"P0000000","taxCodeId":4316,"taxDate":"2021-04-27","taxIncluded":false,"details":[{"id":0,"transactionLineId":0,"transactionId":0,"country":"US","region":"NY","exemptAmount":0.0,"jurisCode":"36","jurisName":"NEW YORK","stateAssignedNo":"","jurisType":"STA","jurisdictionType":"State","nonTaxableAmount":0.0,"rate":0.040000,"tax":5.95,"taxableAmount":148.8,"taxType":"Sales","taxSubTypeId":"S","taxName":"NY STATE TAX","taxAuthorityTypeId":45,"taxCalculated":5.95,"rateType":"General","rateTypeCode":"G","unitOfBasis":"PerCurrencyUnit","isNonPassThru":false,"isFee":false,"reportingTaxableUnits":148.8,"reportingNonTaxableUnits":0.0,"reportingExemptUnits":0.0,"reportingTax":5.95,"reportingTaxCalculated":5.95,"liabilityType":"Seller"},{"id":0,"transactionLineId":0,"transactionId":0,"country":"US","region":"NY","exemptAmount":0.0,"jurisCode":"103","jurisName":"SUFFOLK","stateAssignedNo":"SU 4711","jurisType":"CTY","jurisdictionType":"County","nonTaxableAmount":0.0,"rate":0.042500,"tax":6.32,"taxableAmount":148.8,"taxType":"Sales","taxSubTypeId":"S","taxName":"NY COUNTY TAX","taxAuthorityTypeId":45,"taxCalculated":6.32,"rateType":"General","rateTypeCode":"G","unitOfBasis":"PerCurrencyUnit","isNonPassThru":false,"isFee":false,"reportingTaxableUnits":148.8,"reportingNonTaxableUnits":0.0,"reportingExemptUnits":0.0,"reportingTax":6.32,"reportingTaxCalculated":6.32,"liabilityType":"Seller"},{"id":0,"transactionLineId":0,"transactionId":0,"country":"US","region":"NY","exemptAmount":0.0,"jurisCode":"359079","jurisName":"SUFFOLK CO TRANSIT DISTRICT","stateAssignedNo":"SU 4711","jurisType":"STJ","jurisdictionType":"Special","nonTaxableAmount":0.0,"rate":0.003750,"tax":0.56,"taxableAmount":148.8,"taxType":"Sales","taxSubTypeId":"S","taxName":"NY SPECIAL TAX","taxAuthorityTypeId":45,"taxCalculated":0.56,"rateType":"General","rateTypeCode":"G","unitOfBasis":"PerCurrencyUnit","isNonPassThru":false,"isFee":false,"reportingTaxableUnits":148.8,"reportingNonTaxableUnits":0.0,"reportingExemptUnits":0.0,"reportingTax":0.56,"reportingTaxCalculated":0.56,"liabilityType":"Seller"}],"nonPassthroughDetails":[],"hsCode":"","costInsuranceFreight":0.0,"vatCode":"","vatNumberTypeId":0},{"id":0,"transactionId":0,"lineNumber":"shipping_0","customerUsageType":"","entityUseCode":"","description":"Use My Shipping Account","discountAmount":0.0,"exemptAmount":0.0,"exemptCertId":0,"exemptNo":"","isItemTaxable":false,"itemCode":"use-my-shipping-account","lineAmount":0.0,"quantity":1.0,"ref1":"","ref2":"","reportingDate":"2021-04-27","tax":0.0,"taxableAmount":0.0,"taxCalculated":0.0,"taxCode":"FR","taxCodeId":7119,"taxDate":"2021-04-27","taxIncluded":false,"details":[{"id":0,"transactionLineId":0,"transactionId":0,"country":"US","region":"NY","exemptAmount":0.0,"jurisCode":"36","jurisName":"NEW YORK","stateAssignedNo":"","jurisType":"STA","jurisdictionType":"State","nonTaxableAmount":0.0,"rate":0.040000,"tax":0.0,"taxableAmount":0.0,"taxType":"Sales","taxSubTypeId":"S","taxName":"NY STATE TAX","taxAuthorityTypeId":45,"taxCalculated":0.0,"rateType":"General","rateTypeCode":"G","unitOfBasis":"PerCurrencyUnit","isNonPassThru":false,"isFee":false,"reportingTaxableUnits":0.0,"reportingNonTaxableUnits":0.0,"reportingExemptUnits":0.0,"reportingTax":0.0,"reportingTaxCalculated":0.0,"liabilityType":"Seller"},{"id":0,"transactionLineId":0,"transactionId":0,"country":"US","region":"NY","exemptAmount":0.0,"jurisCode":"103","jurisName":"SUFFOLK","stateAssignedNo":"SU 4711","jurisType":"CTY","jurisdictionType":"County","nonTaxableAmount":0.0,"rate":0.042500,"tax":0.0,"taxableAmount":0.0,"taxType":"Sales","taxSubTypeId":"S","taxName":"NY COUNTY TAX","taxAuthorityTypeId":45,"taxCalculated":0.0,"rateType":"General","rateTypeCode":"G","unitOfBasis":"PerCurrencyUnit","isNonPassThru":false,"isFee":false,"reportingTaxableUnits":0.0,"reportingNonTaxableUnits":0.0,"reportingExemptUnits":0.0,"reportingTax":0.0,"reportingTaxCalculated":0.0,"liabilityType":"Seller"},{"id":0,"transactionLineId":0,"transactionId":0,"country":"US","region":"NY","exemptAmount":0.0,"jurisCode":"359079","jurisName":"SUFFOLK CO TRANSIT DISTRICT","stateAssignedNo":"SU 4711","jurisType":"STJ","jurisdictionType":"Special","nonTaxableAmount":0.0,"rate":0.003750,"tax":0.0,"taxableAmount":0.0,"taxType":"Sales","taxSubTypeId":"S","taxName":"NY SPECIAL TAX","taxAuthorityTypeId":45,"taxCalculated":0.0,"rateType":"General","rateTypeCode":"G","unitOfBasis":"PerCurrencyUnit","isNonPassThru":false,"isFee":false,"reportingTaxableUnits":0.0,"reportingNonTaxableUnits":0.0,"reportingExemptUnits":0.0,"reportingTax":0.0,"reportingTaxCalculated":0.0,"liabilityType":"Seller"}],"nonPassthroughDetails":[],"hsCode":"","costInsuranceFreight":0.0,"vatCode":"","vatNumberTypeId":0}],"addresses":[{"id":0,"transactionId":0,"boundaryLevel":"Address","line1":"2230 SMITHTOWN AVE","line2":"","line3":"","city":"Ronkonkoma","region":"NY","postalCode":"11779-7329","country":"US","taxRegionId":4002424,"latitude":"40.803639","longitude":"-73.110637"},{"id":0,"transactionId":0,"boundaryLevel":"Address","line1":"30 GLENN ST","line2":"","line3":"","city":"WHITE PLAINS","region":"NY","postalCode":"10603-3254","country":"US","taxRegionId":2090237,"latitude":"41.050608","longitude":"-73.771383"}],"summary":[{"country":"US","region":"NY","jurisType":"State","jurisCode":"36","jurisName":"NEW YORK","taxAuthorityType":45,"stateAssignedNo":"","taxType":"Sales","taxSubType":"S","taxName":"NY STATE TAX","rateType":"General","taxable":148.8,"rate":0.040000,"tax":5.95,"taxCalculated":5.95,"nonTaxable":0.0,"exemption":0.0},{"country":"US","region":"NY","jurisType":"County","jurisCode":"103","jurisName":"SUFFOLK","taxAuthorityType":45,"stateAssignedNo":"SU 4711","taxType":"Sales","taxSubType":"S","taxName":"NY COUNTY TAX","rateType":"General","taxable":148.8,"rate":0.042500,"tax":6.32,"taxCalculated":6.32,"nonTaxable":0.0,"exemption":0.0},{"country":"US","region":"NY","jurisType":"Special","jurisCode":"359079","jurisName":"SUFFOLK CO TRANSIT DISTRICT","taxAuthorityType":45,"stateAssignedNo":"SU 4711","taxType":"Sales","taxSubType":"S","taxName":"NY SPECIAL TAX","rateType":"General","taxable":148.8,"rate":0.003750,"tax":0.56,"taxCalculated":0.56,"nonTaxable":0.0,"exemption":0.0}]}

04-27-2021 @ 09:18:10 - Request
Request
method: GET
uri: https://rest.avatax.com/api/v2/taxrates/byaddress?line1=&line2=&city=Ronkonkoma&region=NY&country=US&postalCode=11779-7329
user-agent: WooCommerce-AvaTax/1.12.0 (WooCommerce/5.2.2; WordPress/5.7.1)
headers: Array
(
    [content-type] => application/json
    [accept] => application/json
    [Authorization] => ******************************************
    [X-Avalara-Client] => WCSkyVerge RESTv2;REST;REST;v2;AlconoxInc
    [X-Avalara-UID] => a0o33000004goTr
)
body:
duration: 0.29441s

04-27-2021 @ 09:18:10 - Response
Response
code: 200
message: OK
headers: Array
(
    [date] => Tue, 27 Apr 2021 13:18:10 GMT
    [content-type] => application/json; charset=utf-8
    [content-length] => 203
    [x-content-type-options] => nosniff
    [serverduration] => 00:00:00.0001549
    [databasecalls] => 0
    [databaseduration] => 00:00:00
    [serviceduration] => 00:00:00
)
body: {"totalRate":0.086250,"rates":[{"rate":0.040000,"name":"NY STATE TAX","type":"State"},{"rate":0.042500,"name":"NY COUNTY TAX","type":"County"},{"rate":0.003750,"name":"NY SPECIAL TAX","type":"Special"}]}

04-27-2021 @ 09:18:10 - Request
Request
method: POST
uri: https://rest.avatax.com/api/v2/transactions/create
user-agent: WooCommerce-AvaTax/1.12.0 (WooCommerce/5.2.2; WordPress/5.7.1)
headers: Array
(
    [content-type] => application/json
    [accept] => application/json
    [Authorization] => ******************************************
    [X-Avalara-Client] => WCSkyVerge RESTv2;REST;REST;v2;AlconoxInc
    [X-Avalara-UID] => a0o33000004goTr
)
body: {"code":"","companyCode":"ALC","customerCode":"whirsch@bhaircraft.com","currencyCode":"USD","date":"2021-04-27","lines":[{"number":"50e8dfd203a05429b143e51c7adef624","itemCode":"1801-1","taxCode":"P0000000","description":"Citranox","quantity":2,"amount":148.80000000000001},{"number":"shipping_0","itemCode":"pt-ups-merger:6:03","taxCode":"FR","description":"Ground (UPS)","quantity":1,"amount":12.710000000000001}],"addresses":{"shipFrom":{"line1":"30 GLENN ST","line2":"","city":"WHITE PLAINS","region":"NY","country":"US","postalCode":"10603-3254"},"shipTo":{"line1":"2230 SMITHTOWN AVE","line2":"","city":"Ronkonkoma","region":"NY","country":"US","postalCode":"11779-7329"}},"type":"SalesOrder","commit":false}
duration: 0.31744s

04-27-2021 @ 09:18:10 - Response
Response
code: 201
message: Created
headers: Array
(
    [date] => Tue, 27 Apr 2021 13:18:10 GMT
    [content-type] => application/json; charset=utf-8
    [server] => Kestrel
    [content-encoding] => br
    [location] => /api/v2/companies/207925/transactions/0
    [vary] => Accept-Encoding
    [serverduration] => 00:00:00.0399558
)
body: {"id":0,"code":"c09e3c86-c6e4-40cb-82e4-6faabcc41e98","companyId":207925,"date":"2021-04-27","paymentDate":"2021-04-27","status":"Temporary","type":"SalesOrder","batchCode":"","currencyCode":"USD","exchangeRateCurrencyCode":"USD","customerUsageType":"","entityUseCode":"","customerVendorCode":"whirsch@bhaircraft.com","customerCode":"whirsch@bhaircraft.com","exemptNo":"","reconciled":false,"locationCode":"","reportingLocationCode":"","purchaseOrderNo":"","referenceCode":"","salespersonCode":"","totalAmount":161.51,"totalExempt":12.71,"totalDiscount":0.0,"totalTax":12.83,"totalTaxable":148.8,"totalTaxCalculated":12.83,"adjustmentReason":"NotAdjusted","locked":false,"version":1,"exchangeRateEffectiveDate":"2021-04-27","exchangeRate":1.0,"modifiedDate":"2021-04-27T13:18:10.9474724Z","modifiedUserId":231879,"taxDate":"2021-04-27T00:00:00Z","lines":[{"id":0,"transactionId":0,"lineNumber":"50e8dfd203a05429b143e51c7adef624","customerUsageType":"","entityUseCode":"","description":"Citranox","discountAmount":0.0,"exemptAmount":0.0,"exemptCertId":0,"exemptNo":"","isItemTaxable":true,"itemCode":"1801-1","lineAmount":148.80000000000001,"quantity":2.0,"ref1":"","ref2":"","reportingDate":"2021-04-27","tax":12.83,"taxableAmount":148.8,"taxCalculated":12.83,"taxCode":"P0000000","taxCodeId":4316,"taxDate":"2021-04-27","taxIncluded":false,"details":[{"id":0,"transactionLineId":0,"transactionId":0,"country":"US","region":"NY","exemptAmount":0.0,"jurisCode":"36","jurisName":"NEW YORK","stateAssignedNo":"","jurisType":"STA","jurisdictionType":"State","nonTaxableAmount":0.0,"rate":0.040000,"tax":5.95,"taxableAmount":148.8,"taxType":"Sales","taxSubTypeId":"S","taxName":"NY STATE TAX","taxAuthorityTypeId":45,"taxCalculated":5.95,"rateType":"General","rateTypeCode":"G","unitOfBasis":"PerCurrencyUnit","isNonPassThru":false,"isFee":false,"reportingTaxableUnits":148.8,"reportingNonTaxableUnits":0.0,"reportingExemptUnits":0.0,"reportingTax":5.95,"reportingTaxCalculated":5.95,"liabilityType":"Seller"},{"id":0,"transactionLineId":0,"transactionId":0,"country":"US","region":"NY","exemptAmount":0.0,"jurisCode":"103","jurisName":"SUFFOLK","stateAssignedNo":"SU 4711","jurisType":"CTY","jurisdictionType":"County","nonTaxableAmount":0.0,"rate":0.042500,"tax":6.32,"taxableAmount":148.8,"taxType":"Sales","taxSubTypeId":"S","taxName":"NY COUNTY TAX","taxAuthorityTypeId":45,"taxCalculated":6.32,"rateType":"General","rateTypeCode":"G","unitOfBasis":"PerCurrencyUnit","isNonPassThru":false,"isFee":false,"reportingTaxableUnits":148.8,"reportingNonTaxableUnits":0.0,"reportingExemptUnits":0.0,"reportingTax":6.32,"reportingTaxCalculated":6.32,"liabilityType":"Seller"},{"id":0,"transactionLineId":0,"transactionId":0,"country":"US","region":"NY","exemptAmount":0.0,"jurisCode":"359079","jurisName":"SUFFOLK CO TRANSIT DISTRICT","stateAssignedNo":"SU 4711","jurisType":"STJ","jurisdictionType":"Special","nonTaxableAmount":0.0,"rate":0.003750,"tax":0.56,"taxableAmount":148.8,"taxType":"Sales","taxSubTypeId":"S","taxName":"NY SPECIAL TAX","taxAuthorityTypeId":45,"taxCalculated":0.56,"rateType":"General","rateTypeCode":"G","unitOfBasis":"PerCurrencyUnit","isNonPassThru":false,"isFee":false,"reportingTaxableUnits":148.8,"reportingNonTaxableUnits":0.0,"reportingExemptUnits":0.0,"reportingTax":0.56,"reportingTaxCalculated":0.56,"liabilityType":"Seller"}],"nonPassthroughDetails":[],"hsCode":"","costInsuranceFreight":0.0,"vatCode":"","vatNumberTypeId":0},{"id":0,"transactionId":0,"lineNumber":"shipping_0","customerUsageType":"","entityUseCode":"","description":"Ground (UPS)","discountAmount":0.0,"exemptAmount":12.71,"exemptCertId":0,"exemptNo":"","isItemTaxable":false,"itemCode":"pt-ups-merger:6:03","lineAmount":12.710000000000001,"quantity":1.0,"ref1":"","ref2":"","reportingDate":"2021-04-27","tax":0.0,"taxableAmount":0.0,"taxCalculated":0.0,"taxCode":"FR","taxCodeId":7119,"taxDate":"2021-04-27","taxIncluded":false,"details":[{"id":0,"transactionLineId":0,"transactionId":0,"country":"US","region":"NY","exemptAmount":0.0,"jurisCode":"36","jurisName":"NEW YORK","stateAssignedNo":"","jurisType":"STA","jurisdictionType":"State","nonTaxableAmount":12.71,"rate":0.040000,"tax":0.0,"taxableAmount":0.0,"taxType":"Sales","taxSubTypeId":"S","taxName":"NY STATE TAX","taxAuthorityTypeId":45,"taxCalculated":0.0,"rateType":"General","rateTypeCode":"G","unitOfBasis":"PerCurrencyUnit","isNonPassThru":false,"isFee":false,"reportingTaxableUnits":0.0,"reportingNonTaxableUnits":12.71,"reportingExemptUnits":0.0,"reportingTax":0.0,"reportingTaxCalculated":0.0,"liabilityType":"Seller"},{"id":0,"transactionLineId":0,"transactionId":0,"country":"US","region":"NY","exemptAmount":0.0,"jurisCode":"103","jurisName":"SUFFOLK","stateAssignedNo":"SU 4711","jurisType":"CTY","jurisdictionType":"County","nonTaxableAmount":12.71,"rate":0.042500,"tax":0.0,"taxableAmount":0.0,"taxType":"Sales","taxSubTypeId":"S","taxName":"NY COUNTY TAX","taxAuthorityTypeId":45,"taxCalculated":0.0,"rateType":"General","rateTypeCode":"G","unitOfBasis":"PerCurrencyUnit","isNonPassThru":false,"isFee":false,"reportingTaxableUnits":0.0,"reportingNonTaxableUnits":12.71,"reportingExemptUnits":0.0,"reportingTax":0.0,"reportingTaxCalculated":0.0,"liabilityType":"Seller"},{"id":0,"transactionLineId":0,"transactionId":0,"country":"US","region":"NY","exemptAmount":0.0,"jurisCode":"359079","jurisName":"SUFFOLK CO TRANSIT DISTRICT","stateAssignedNo":"SU 4711","jurisType":"STJ","jurisdictionType":"Special","nonTaxableAmount":12.71,"rate":0.003750,"tax":0.0,"taxableAmount":0.0,"taxType":"Sales","taxSubTypeId":"S","taxName":"NY SPECIAL TAX","taxAuthorityTypeId":45,"taxCalculated":0.0,"rateType":"General","rateTypeCode":"G","unitOfBasis":"PerCurrencyUnit","isNonPassThru":false,"isFee":false,"reportingTaxableUnits":0.0,"reportingNonTaxableUnits":12.71,"reportingExemptUnits":0.0,"reportingTax":0.0,"reportingTaxCalculated":0.0,"liabilityType":"Seller"}],"nonPassthroughDetails":[],"hsCode":"","costInsuranceFreight":0.0,"vatCode":"","vatNumberTypeId":0}],"addresses":[{"id":0,"transactionId":0,"boundaryLevel":"Address","line1":"2230 SMITHTOWN AVE","line2":"","line3":"","city":"Ronkonkoma","region":"NY","postalCode":"11779-7329","country":"US","taxRegionId":4002424,"latitude":"40.803639","longitude":"-73.110637"},{"id":0,"transactionId":0,"boundaryLevel":"Address","line1":"30 GLENN ST","line2":"","line3":"","city":"WHITE PLAINS","region":"NY","postalCode":"10603-3254","country":"US","taxRegionId":2090237,"latitude":"41.050608","longitude":"-73.771383"}],"summary":[{"country":"US","region":"NY","jurisType":"State","jurisCode":"36","jurisName":"NEW YORK","taxAuthorityType":45,"stateAssignedNo":"","taxType":"Sales","taxSubType":"S","taxName":"NY STATE TAX","rateType":"General","taxable":148.8,"rate":0.040000,"tax":5.95,"taxCalculated":5.95,"nonTaxable":12.71,"exemption":0.0},{"country":"US","region":"NY","jurisType":"County","jurisCode":"103","jurisName":"SUFFOLK","taxAuthorityType":45,"stateAssignedNo":"SU 4711","taxType":"Sales","taxSubType":"S","taxName":"NY COUNTY TAX","rateType":"General","taxable":148.8,"rate":0.042500,"tax":6.32,"taxCalculated":6.32,"nonTaxable":12.71,"exemption":0.0},{"country":"US","region":"NY","jurisType":"Special","jurisCode":"359079","jurisName":"SUFFOLK CO TRANSIT DISTRICT","taxAuthorityType":45,"stateAssignedNo":"SU 4711","taxType":"Sales","taxSubType":"S","taxName":"NY SPECIAL TAX","rateType":"General","taxable":148.8,"rate":0.003750,"tax":0.56,"taxCalculated":0.56,"nonTaxable":12.71,"exemption":0.0}]}

04-27-2021 @ 09:20:57 - Request
Request
method: GET
uri: https://rest.avatax.com/api/v2/taxrates/byaddress?line1=&line2=&city=Ronkonkoma&region=NY&country=US&postalCode=11779-7329
user-agent: WooCommerce-AvaTax/1.12.0 (WooCommerce/5.2.2; WordPress/5.7.1)
headers: Array
(
    [content-type] => application/json
    [accept] => application/json
    [Authorization] => ******************************************
    [X-Avalara-Client] => WCSkyVerge RESTv2;REST;REST;v2;AlconoxInc
    [X-Avalara-UID] => a0o33000004goTr
)
body:
duration: 0.30001s

04-27-2021 @ 09:20:57 - Response
Response
code: 200
message: OK
headers: Array
(
    [date] => Tue, 27 Apr 2021 13:20:57 GMT
    [content-type] => application/json; charset=utf-8
    [content-length] => 203
    [x-content-type-options] => nosniff
    [serverduration] => 00:00:00.0010092
    [databasecalls] => 0
    [databaseduration] => 00:00:00
    [serviceduration] => 00:00:00
)
body: {"totalRate":0.086250,"rates":[{"rate":0.040000,"name":"NY STATE TAX","type":"State"},{"rate":0.042500,"name":"NY COUNTY TAX","type":"County"},{"rate":0.003750,"name":"NY SPECIAL TAX","type":"Special"}]}

04-27-2021 @ 09:20:57 - Request
Request
method: POST
uri: https://rest.avatax.com/api/v2/transactions/create
user-agent: WooCommerce-AvaTax/1.12.0 (WooCommerce/5.2.2; WordPress/5.7.1)
headers: Array
(
    [content-type] => application/json
    [accept] => application/json
    [Authorization] => ******************************************
    [X-Avalara-Client] => WCSkyVerge RESTv2;REST;REST;v2;AlconoxInc
    [X-Avalara-UID] => a0o33000004goTr
)
body: {"code":"","companyCode":"ALC","customerCode":"whirsch@bhaircraft.com","currencyCode":"USD","date":"2021-04-27","lines":[{"number":"50e8dfd203a05429b143e51c7adef624","itemCode":"1801-1","taxCode":"P0000000","description":"Citranox","quantity":2,"amount":148.80000000000001},{"number":"shipping_0","itemCode":"pt-ups-merger:6:03","taxCode":"FR","description":"Ground (UPS)","quantity":1,"amount":12.710000000000001}],"addresses":{"shipFrom":{"line1":"30 GLENN ST","line2":"","city":"WHITE PLAINS","region":"NY","country":"US","postalCode":"10603-3254"},"shipTo":{"line1":"2230 SMITHTOWN AVE","line2":"","city":"Ronkonkoma","region":"NY","country":"US","postalCode":"11779-7329"}},"type":"SalesOrder","commit":false}
duration: 0.45911s

04-27-2021 @ 09:20:57 - Response
Response
code: 201
message: Created
headers: Array
(
    [date] => Tue, 27 Apr 2021 13:20:57 GMT
    [content-type] => application/json; charset=utf-8
    [server] => Kestrel
    [content-encoding] => br
    [location] => /api/v2/companies/207925/transactions/0
    [vary] => Accept-Encoding
    [serverduration] => 00:00:00.1795496
)
body: {"id":0,"code":"f4445073-26f3-4257-bbbf-105ef11f9549","companyId":207925,"date":"2021-04-27","paymentDate":"2021-04-27","status":"Temporary","type":"SalesOrder","batchCode":"","currencyCode":"USD","exchangeRateCurrencyCode":"USD","customerUsageType":"","entityUseCode":"","customerVendorCode":"whirsch@bhaircraft.com","customerCode":"whirsch@bhaircraft.com","exemptNo":"","reconciled":false,"locationCode":"","reportingLocationCode":"","purchaseOrderNo":"","referenceCode":"","salespersonCode":"","totalAmount":161.51,"totalExempt":12.71,"totalDiscount":0.0,"totalTax":12.83,"totalTaxable":148.8,"totalTaxCalculated":12.83,"adjustmentReason":"NotAdjusted","locked":false,"version":1,"exchangeRateEffectiveDate":"2021-04-27","exchangeRate":1.0,"modifiedDate":"2021-04-27T13:20:57.570623Z","modifiedUserId":231879,"taxDate":"2021-04-27T00:00:00Z","lines":[{"id":0,"transactionId":0,"lineNumber":"50e8dfd203a05429b143e51c7adef624","customerUsageType":"","entityUseCode":"","description":"Citranox","discountAmount":0.0,"exemptAmount":0.0,"exemptCertId":0,"exemptNo":"","isItemTaxable":true,"itemCode":"1801-1","lineAmount":148.80000000000001,"quantity":2.0,"ref1":"","ref2":"","reportingDate":"2021-04-27","tax":12.83,"taxableAmount":148.8,"taxCalculated":12.83,"taxCode":"P0000000","taxCodeId":4316,"taxDate":"2021-04-27","taxIncluded":false,"details":[{"id":0,"transactionLineId":0,"transactionId":0,"country":"US","region":"NY","exemptAmount":0.0,"jurisCode":"36","jurisName":"NEW YORK","stateAssignedNo":"","jurisType":"STA","jurisdictionType":"State","nonTaxableAmount":0.0,"rate":0.040000,"tax":5.95,"taxableAmount":148.8,"taxType":"Sales","taxSubTypeId":"S","taxName":"NY STATE TAX","taxAuthorityTypeId":45,"taxCalculated":5.95,"rateType":"General","rateTypeCode":"G","unitOfBasis":"PerCurrencyUnit","isNonPassThru":false,"isFee":false,"reportingTaxableUnits":148.8,"reportingNonTaxableUnits":0.0,"reportingExemptUnits":0.0,"reportingTax":5.95,"reportingTaxCalculated":5.95,"liabilityType":"Seller"},{"id":0,"transactionLineId":0,"transactionId":0,"country":"US","region":"NY","exemptAmount":0.0,"jurisCode":"103","jurisName":"SUFFOLK","stateAssignedNo":"SU 4711","jurisType":"CTY","jurisdictionType":"County","nonTaxableAmount":0.0,"rate":0.042500,"tax":6.32,"taxableAmount":148.8,"taxType":"Sales","taxSubTypeId":"S","taxName":"NY COUNTY TAX","taxAuthorityTypeId":45,"taxCalculated":6.32,"rateType":"General","rateTypeCode":"G","unitOfBasis":"PerCurrencyUnit","isNonPassThru":false,"isFee":false,"reportingTaxableUnits":148.8,"reportingNonTaxableUnits":0.0,"reportingExemptUnits":0.0,"reportingTax":6.32,"reportingTaxCalculated":6.32,"liabilityType":"Seller"},{"id":0,"transactionLineId":0,"transactionId":0,"country":"US","region":"NY","exemptAmount":0.0,"jurisCode":"359079","jurisName":"SUFFOLK CO TRANSIT DISTRICT","stateAssignedNo":"SU 4711","jurisType":"STJ","jurisdictionType":"Special","nonTaxableAmount":0.0,"rate":0.003750,"tax":0.56,"taxableAmount":148.8,"taxType":"Sales","taxSubTypeId":"S","taxName":"NY SPECIAL TAX","taxAuthorityTypeId":45,"taxCalculated":0.56,"rateType":"General","rateTypeCode":"G","unitOfBasis":"PerCurrencyUnit","isNonPassThru":false,"isFee":false,"reportingTaxableUnits":148.8,"reportingNonTaxableUnits":0.0,"reportingExemptUnits":0.0,"reportingTax":0.56,"reportingTaxCalculated":0.56,"liabilityType":"Seller"}],"nonPassthroughDetails":[],"hsCode":"","costInsuranceFreight":0.0,"vatCode":"","vatNumberTypeId":0},{"id":0,"transactionId":0,"lineNumber":"shipping_0","customerUsageType":"","entityUseCode":"","description":"Ground (UPS)","discountAmount":0.0,"exemptAmount":12.71,"exemptCertId":0,"exemptNo":"","isItemTaxable":false,"itemCode":"pt-ups-merger:6:03","lineAmount":12.710000000000001,"quantity":1.0,"ref1":"","ref2":"","reportingDate":"2021-04-27","tax":0.0,"taxableAmount":0.0,"taxCalculated":0.0,"taxCode":"FR","taxCodeId":7119,"taxDate":"2021-04-27","taxIncluded":false,"details":[{"id":0,"transactionLineId":0,"transactionId":0,"country":"US","region":"NY","exemptAmount":0.0,"jurisCode":"36","jurisName":"NEW YORK","stateAssignedNo":"","jurisType":"STA","jurisdictionType":"State","nonTaxableAmount":12.71,"rate":0.040000,"tax":0.0,"taxableAmount":0.0,"taxType":"Sales","taxSubTypeId":"S","taxName":"NY STATE TAX","taxAuthorityTypeId":45,"taxCalculated":0.0,"rateType":"General","rateTypeCode":"G","unitOfBasis":"PerCurrencyUnit","isNonPassThru":false,"isFee":false,"reportingTaxableUnits":0.0,"reportingNonTaxableUnits":12.71,"reportingExemptUnits":0.0,"reportingTax":0.0,"reportingTaxCalculated":0.0,"liabilityType":"Seller"},{"id":0,"transactionLineId":0,"transactionId":0,"country":"US","region":"NY","exemptAmount":0.0,"jurisCode":"103","jurisName":"SUFFOLK","stateAssignedNo":"SU 4711","jurisType":"CTY","jurisdictionType":"County","nonTaxableAmount":12.71,"rate":0.042500,"tax":0.0,"taxableAmount":0.0,"taxType":"Sales","taxSubTypeId":"S","taxName":"NY COUNTY TAX","taxAuthorityTypeId":45,"taxCalculated":0.0,"rateType":"General","rateTypeCode":"G","unitOfBasis":"PerCurrencyUnit","isNonPassThru":false,"isFee":false,"reportingTaxableUnits":0.0,"reportingNonTaxableUnits":12.71,"reportingExemptUnits":0.0,"reportingTax":0.0,"reportingTaxCalculated":0.0,"liabilityType":"Seller"},{"id":0,"transactionLineId":0,"transactionId":0,"country":"US","region":"NY","exemptAmount":0.0,"jurisCode":"359079","jurisName":"SUFFOLK CO TRANSIT DISTRICT","stateAssignedNo":"SU 4711","jurisType":"STJ","jurisdictionType":"Special","nonTaxableAmount":12.71,"rate":0.003750,"tax":0.0,"taxableAmount":0.0,"taxType":"Sales","taxSubTypeId":"S","taxName":"NY SPECIAL TAX","taxAuthorityTypeId":45,"taxCalculated":0.0,"rateType":"General","rateTypeCode":"G","unitOfBasis":"PerCurrencyUnit","isNonPassThru":false,"isFee":false,"reportingTaxableUnits":0.0,"reportingNonTaxableUnits":12.71,"reportingExemptUnits":0.0,"reportingTax":0.0,"reportingTaxCalculated":0.0,"liabilityType":"Seller"}],"nonPassthroughDetails":[],"hsCode":"","costInsuranceFreight":0.0,"vatCode":"","vatNumberTypeId":0}],"addresses":[{"id":0,"transactionId":0,"boundaryLevel":"Address","line1":"2230 SMITHTOWN AVE","line2":"","line3":"","city":"Ronkonkoma","region":"NY","postalCode":"11779-7329","country":"US","taxRegionId":4002424,"latitude":"40.803639","longitude":"-73.110637"},{"id":0,"transactionId":0,"boundaryLevel":"Address","line1":"30 GLENN ST","line2":"","line3":"","city":"WHITE PLAINS","region":"NY","postalCode":"10603-3254","country":"US","taxRegionId":2090237,"latitude":"41.050608","longitude":"-73.771383"}],"summary":[{"country":"US","region":"NY","jurisType":"State","jurisCode":"36","jurisName":"NEW YORK","taxAuthorityType":45,"stateAssignedNo":"","taxType":"Sales","taxSubType":"S","taxName":"NY STATE TAX","rateType":"General","taxable":148.8,"rate":0.040000,"tax":5.95,"taxCalculated":5.95,"nonTaxable":12.71,"exemption":0.0},{"country":"US","region":"NY","jurisType":"County","jurisCode":"103","jurisName":"SUFFOLK","taxAuthorityType":45,"stateAssignedNo":"SU 4711","taxType":"Sales","taxSubType":"S","taxName":"NY COUNTY TAX","rateType":"General","taxable":148.8,"rate":0.042500,"tax":6.32,"taxCalculated":6.32,"nonTaxable":12.71,"exemption":0.0},{"country":"US","region":"NY","jurisType":"Special","jurisCode":"359079","jurisName":"SUFFOLK CO TRANSIT DISTRICT","taxAuthorityType":45,"stateAssignedNo":"SU 4711","taxType":"Sales","taxSubType":"S","taxName":"NY SPECIAL TAX","rateType":"General","taxable":148.8,"rate":0.003750,"tax":0.56,"taxCalculated":0.56,"nonTaxable":12.71,"exemption":0.0}]}

04-27-2021 @ 09:20:58 - Request
Request
method: GET
uri: https://rest.avatax.com/api/v2/taxrates/byaddress?line1=&line2=&city=Ronkonkoma&region=NY&country=US&postalCode=11779-7329
user-agent: WooCommerce-AvaTax/1.12.0 (WooCommerce/5.2.2; WordPress/5.7.1)
headers: Array
(
    [content-type] => application/json
    [accept] => application/json
    [Authorization] => ******************************************
    [X-Avalara-Client] => WCSkyVerge RESTv2;REST;REST;v2;AlconoxInc
    [X-Avalara-UID] => a0o33000004goTr
)
body:
duration: 0.2778s

04-27-2021 @ 09:20:58 - Response
Response
code: 200
message: OK
headers: Array
(
    [date] => Tue, 27 Apr 2021 13:20:58 GMT
    [content-type] => application/json; charset=utf-8
    [content-length] => 203
    [x-content-type-options] => nosniff
    [serverduration] => 00:00:00.0009248
    [databasecalls] => 0
    [databaseduration] => 00:00:00
    [serviceduration] => 00:00:00
)
body: {"totalRate":0.086250,"rates":[{"rate":0.040000,"name":"NY STATE TAX","type":"State"},{"rate":0.042500,"name":"NY COUNTY TAX","type":"County"},{"rate":0.003750,"name":"NY SPECIAL TAX","type":"Special"}]}

04-27-2021 @ 09:20:58 - Request
Request
method: POST
uri: https://rest.avatax.com/api/v2/transactions/create
user-agent: WooCommerce-AvaTax/1.12.0 (WooCommerce/5.2.2; WordPress/5.7.1)
headers: Array
(
    [content-type] => application/json
    [accept] => application/json
    [Authorization] => ******************************************
    [X-Avalara-Client] => WCSkyVerge RESTv2;REST;REST;v2;AlconoxInc
    [X-Avalara-UID] => a0o33000004goTr
)
body: {"code":"","companyCode":"ALC","customerCode":"whirsch@bhaircraft.com","currencyCode":"USD","date":"2021-04-27","lines":[{"number":"50e8dfd203a05429b143e51c7adef624","itemCode":"1801-1","taxCode":"P0000000","description":"Citranox","quantity":2,"amount":148.80000000000001},{"number":"shipping_0","itemCode":"pt-ups-merger:6:03","taxCode":"FR","description":"Ground (UPS)","quantity":1,"amount":12.710000000000001}],"addresses":{"shipFrom":{"line1":"30 GLENN ST","line2":"","city":"WHITE PLAINS","region":"NY","country":"US","postalCode":"10603-3254"},"shipTo":{"line1":"2230 SMITHTOWN AVE","line2":"","city":"Ronkonkoma","region":"NY","country":"US","postalCode":"11779-7329"}},"type":"SalesOrder","commit":false}
duration: 0.31645s

04-27-2021 @ 09:20:58 - Response
Response
code: 201
message: Created
headers: Array
(
    [date] => Tue, 27 Apr 2021 13:20:58 GMT
    [content-type] => application/json; charset=utf-8
    [server] => Kestrel
    [content-encoding] => br
    [location] => /api/v2/companies/207925/transactions/0
    [vary] => Accept-Encoding
    [serverduration] => 00:00:00.0375271
)
body: {"id":0,"code":"1ee202f7-699c-4c85-be31-f6aab118066f","companyId":207925,"date":"2021-04-27","paymentDate":"2021-04-27","status":"Temporary","type":"SalesOrder","batchCode":"","currencyCode":"USD","exchangeRateCurrencyCode":"USD","customerUsageType":"","entityUseCode":"","customerVendorCode":"whirsch@bhaircraft.com","customerCode":"whirsch@bhaircraft.com","exemptNo":"","reconciled":false,"locationCode":"","reportingLocationCode":"","purchaseOrderNo":"","referenceCode":"","salespersonCode":"","totalAmount":161.51,"totalExempt":12.71,"totalDiscount":0.0,"totalTax":12.83,"totalTaxable":148.8,"totalTaxCalculated":12.83,"adjustmentReason":"NotAdjusted","locked":false,"version":1,"exchangeRateEffectiveDate":"2021-04-27","exchangeRate":1.0,"modifiedDate":"2021-04-27T13:20:58.8225292Z","modifiedUserId":231879,"taxDate":"2021-04-27T00:00:00Z","lines":[{"id":0,"transactionId":0,"lineNumber":"50e8dfd203a05429b143e51c7adef624","customerUsageType":"","entityUseCode":"","description":"Citranox","discountAmount":0.0,"exemptAmount":0.0,"exemptCertId":0,"exemptNo":"","isItemTaxable":true,"itemCode":"1801-1","lineAmount":148.80000000000001,"quantity":2.0,"ref1":"","ref2":"","reportingDate":"2021-04-27","tax":12.83,"taxableAmount":148.8,"taxCalculated":12.83,"taxCode":"P0000000","taxCodeId":4316,"taxDate":"2021-04-27","taxIncluded":false,"details":[{"id":0,"transactionLineId":0,"transactionId":0,"country":"US","region":"NY","exemptAmount":0.0,"jurisCode":"36","jurisName":"NEW YORK","stateAssignedNo":"","jurisType":"STA","jurisdictionType":"State","nonTaxableAmount":0.0,"rate":0.040000,"tax":5.95,"taxableAmount":148.8,"taxType":"Sales","taxSubTypeId":"S","taxName":"NY STATE TAX","taxAuthorityTypeId":45,"taxCalculated":5.95,"rateType":"General","rateTypeCode":"G","unitOfBasis":"PerCurrencyUnit","isNonPassThru":false,"isFee":false,"reportingTaxableUnits":148.8,"reportingNonTaxableUnits":0.0,"reportingExemptUnits":0.0,"reportingTax":5.95,"reportingTaxCalculated":5.95,"liabilityType":"Seller"},{"id":0,"transactionLineId":0,"transactionId":0,"country":"US","region":"NY","exemptAmount":0.0,"jurisCode":"103","jurisName":"SUFFOLK","stateAssignedNo":"SU 4711","jurisType":"CTY","jurisdictionType":"County","nonTaxableAmount":0.0,"rate":0.042500,"tax":6.32,"taxableAmount":148.8,"taxType":"Sales","taxSubTypeId":"S","taxName":"NY COUNTY TAX","taxAuthorityTypeId":45,"taxCalculated":6.32,"rateType":"General","rateTypeCode":"G","unitOfBasis":"PerCurrencyUnit","isNonPassThru":false,"isFee":false,"reportingTaxableUnits":148.8,"reportingNonTaxableUnits":0.0,"reportingExemptUnits":0.0,"reportingTax":6.32,"reportingTaxCalculated":6.32,"liabilityType":"Seller"},{"id":0,"transactionLineId":0,"transactionId":0,"country":"US","region":"NY","exemptAmount":0.0,"jurisCode":"359079","jurisName":"SUFFOLK CO TRANSIT DISTRICT","stateAssignedNo":"SU 4711","jurisType":"STJ","jurisdictionType":"Special","nonTaxableAmount":0.0,"rate":0.003750,"tax":0.56,"taxableAmount":148.8,"taxType":"Sales","taxSubTypeId":"S","taxName":"NY SPECIAL TAX","taxAuthorityTypeId":45,"taxCalculated":0.56,"rateType":"General","rateTypeCode":"G","unitOfBasis":"PerCurrencyUnit","isNonPassThru":false,"isFee":false,"reportingTaxableUnits":148.8,"reportingNonTaxableUnits":0.0,"reportingExemptUnits":0.0,"reportingTax":0.56,"reportingTaxCalculated":0.56,"liabilityType":"Seller"}],"nonPassthroughDetails":[],"hsCode":"","costInsuranceFreight":0.0,"vatCode":"","vatNumberTypeId":0},{"id":0,"transactionId":0,"lineNumber":"shipping_0","customerUsageType":"","entityUseCode":"","description":"Ground (UPS)","discountAmount":0.0,"exemptAmount":12.71,"exemptCertId":0,"exemptNo":"","isItemTaxable":false,"itemCode":"pt-ups-merger:6:03","lineAmount":12.710000000000001,"quantity":1.0,"ref1":"","ref2":"","reportingDate":"2021-04-27","tax":0.0,"taxableAmount":0.0,"taxCalculated":0.0,"taxCode":"FR","taxCodeId":7119,"taxDate":"2021-04-27","taxIncluded":false,"details":[{"id":0,"transactionLineId":0,"transactionId":0,"country":"US","region":"NY","exemptAmount":0.0,"jurisCode":"36","jurisName":"NEW YORK","stateAssignedNo":"","jurisType":"STA","jurisdictionType":"State","nonTaxableAmount":12.71,"rate":0.040000,"tax":0.0,"taxableAmount":0.0,"taxType":"Sales","taxSubTypeId":"S","taxName":"NY STATE TAX","taxAuthorityTypeId":45,"taxCalculated":0.0,"rateType":"General","rateTypeCode":"G","unitOfBasis":"PerCurrencyUnit","isNonPassThru":false,"isFee":false,"reportingTaxableUnits":0.0,"reportingNonTaxableUnits":12.71,"reportingExemptUnits":0.0,"reportingTax":0.0,"reportingTaxCalculated":0.0,"liabilityType":"Seller"},{"id":0,"transactionLineId":0,"transactionId":0,"country":"US","region":"NY","exemptAmount":0.0,"jurisCode":"103","jurisName":"SUFFOLK","stateAssignedNo":"SU 4711","jurisType":"CTY","jurisdictionType":"County","nonTaxableAmount":12.71,"rate":0.042500,"tax":0.0,"taxableAmount":0.0,"taxType":"Sales","taxSubTypeId":"S","taxName":"NY COUNTY TAX","taxAuthorityTypeId":45,"taxCalculated":0.0,"rateType":"General","rateTypeCode":"G","unitOfBasis":"PerCurrencyUnit","isNonPassThru":false,"isFee":false,"reportingTaxableUnits":0.0,"reportingNonTaxableUnits":12.71,"reportingExemptUnits":0.0,"reportingTax":0.0,"reportingTaxCalculated":0.0,"liabilityType":"Seller"},{"id":0,"transactionLineId":0,"transactionId":0,"country":"US","region":"NY","exemptAmount":0.0,"jurisCode":"359079","jurisName":"SUFFOLK CO TRANSIT DISTRICT","stateAssignedNo":"SU 4711","jurisType":"STJ","jurisdictionType":"Special","nonTaxableAmount":12.71,"rate":0.003750,"tax":0.0,"taxableAmount":0.0,"taxType":"Sales","taxSubTypeId":"S","taxName":"NY SPECIAL TAX","taxAuthorityTypeId":45,"taxCalculated":0.0,"rateType":"General","rateTypeCode":"G","unitOfBasis":"PerCurrencyUnit","isNonPassThru":false,"isFee":false,"reportingTaxableUnits":0.0,"reportingNonTaxableUnits":12.71,"reportingExemptUnits":0.0,"reportingTax":0.0,"reportingTaxCalculated":0.0,"liabilityType":"Seller"}],"nonPassthroughDetails":[],"hsCode":"","costInsuranceFreight":0.0,"vatCode":"","vatNumberTypeId":0}],"addresses":[{"id":0,"transactionId":0,"boundaryLevel":"Address","line1":"2230 SMITHTOWN AVE","line2":"","line3":"","city":"Ronkonkoma","region":"NY","postalCode":"11779-7329","country":"US","taxRegionId":4002424,"latitude":"40.803639","longitude":"-73.110637"},{"id":0,"transactionId":0,"boundaryLevel":"Address","line1":"30 GLENN ST","line2":"","line3":"","city":"WHITE PLAINS","region":"NY","postalCode":"10603-3254","country":"US","taxRegionId":2090237,"latitude":"41.050608","longitude":"-73.771383"}],"summary":[{"country":"US","region":"NY","jurisType":"State","jurisCode":"36","jurisName":"NEW YORK","taxAuthorityType":45,"stateAssignedNo":"","taxType":"Sales","taxSubType":"S","taxName":"NY STATE TAX","rateType":"General","taxable":148.8,"rate":0.040000,"tax":5.95,"taxCalculated":5.95,"nonTaxable":12.71,"exemption":0.0},{"country":"US","region":"NY","jurisType":"County","jurisCode":"103","jurisName":"SUFFOLK","taxAuthorityType":45,"stateAssignedNo":"SU 4711","taxType":"Sales","taxSubType":"S","taxName":"NY COUNTY TAX","rateType":"General","taxable":148.8,"rate":0.042500,"tax":6.32,"taxCalculated":6.32,"nonTaxable":12.71,"exemption":0.0},{"country":"US","region":"NY","jurisType":"Special","jurisCode":"359079","jurisName":"SUFFOLK CO TRANSIT DISTRICT","taxAuthorityType":45,"stateAssignedNo":"SU 4711","taxType":"Sales","taxSubType":"S","taxName":"NY SPECIAL TAX","rateType":"General","taxable":148.8,"rate":0.003750,"tax":0.56,"taxCalculated":0.56,"nonTaxable":12.71,"exemption":0.0}]}

04-27-2021 @ 09:21:13 - Request
Request
method: GET
uri: https://rest.avatax.com/api/v2/taxrates/byaddress?line1=&line2=&city=Ronkonkoma&region=NY&country=US&postalCode=11779-7329
user-agent: WooCommerce-AvaTax/1.12.0 (WooCommerce/5.2.2; WordPress/5.7.1)
headers: Array
(
    [content-type] => application/json
    [accept] => application/json
    [Authorization] => ******************************************
    [X-Avalara-Client] => WCSkyVerge RESTv2;REST;REST;v2;AlconoxInc
    [X-Avalara-UID] => a0o33000004goTr
)
body:
duration: 0.32123s

04-27-2021 @ 09:21:13 - Response
Response
code: 200
message: OK
headers: Array
(
    [date] => Tue, 27 Apr 2021 13:21:13 GMT
    [content-type] => application/json; charset=utf-8
    [content-length] => 203
    [x-content-type-options] => nosniff
    [serverduration] => 00:00:00.0014483
    [databasecalls] => 0
    [databaseduration] => 00:00:00
    [serviceduration] => 00:00:00
)
body: {"totalRate":0.086250,"rates":[{"rate":0.040000,"name":"NY STATE TAX","type":"State"},{"rate":0.042500,"name":"NY COUNTY TAX","type":"County"},{"rate":0.003750,"name":"NY SPECIAL TAX","type":"Special"}]}

04-27-2021 @ 09:21:13 - Request
Request
method: POST
uri: https://rest.avatax.com/api/v2/transactions/create
user-agent: WooCommerce-AvaTax/1.12.0 (WooCommerce/5.2.2; WordPress/5.7.1)
headers: Array
(
    [content-type] => application/json
    [accept] => application/json
    [Authorization] => ******************************************
    [X-Avalara-Client] => WCSkyVerge RESTv2;REST;REST;v2;AlconoxInc
    [X-Avalara-UID] => a0o33000004goTr
)
body: {"code":"","companyCode":"ALC","customerCode":"whirsch@bhaircraft.com","currencyCode":"USD","date":"2021-04-27","lines":[{"number":"50e8dfd203a05429b143e51c7adef624","itemCode":"1801-1","taxCode":"P0000000","description":"Citranox","quantity":2,"amount":148.80000000000001},{"number":"shipping_0","itemCode":"pt-ups-merger:6:03","taxCode":"FR","description":"Ground (UPS)","quantity":1,"amount":12.710000000000001}],"addresses":{"shipFrom":{"line1":"30 GLENN ST","line2":"","city":"WHITE PLAINS","region":"NY","country":"US","postalCode":"10603-3254"},"shipTo":{"line1":"2230 SMITHTOWN AVE","line2":"","city":"Ronkonkoma","region":"NY","country":"US","postalCode":"11779-7329"}},"type":"SalesOrder","commit":false}
duration: 0.32746s

04-27-2021 @ 09:21:13 - Response
Response
code: 201
message: Created
headers: Array
(
    [date] => Tue, 27 Apr 2021 13:21:13 GMT
    [content-type] => application/json; charset=utf-8
    [server] => Kestrel
    [content-encoding] => br
    [location] => /api/v2/companies/207925/transactions/0
    [vary] => Accept-Encoding
    [serverduration] => 00:00:00.0578562
)
body: {"id":0,"code":"ec0aaf8f-2756-456e-a88c-a78d6982b14b","companyId":207925,"date":"2021-04-27","paymentDate":"2021-04-27","status":"Temporary","type":"SalesOrder","batchCode":"","currencyCode":"USD","exchangeRateCurrencyCode":"USD","customerUsageType":"","entityUseCode":"","customerVendorCode":"whirsch@bhaircraft.com","customerCode":"whirsch@bhaircraft.com","exemptNo":"","reconciled":false,"locationCode":"","reportingLocationCode":"","purchaseOrderNo":"","referenceCode":"","salespersonCode":"","totalAmount":161.51,"totalExempt":12.71,"totalDiscount":0.0,"totalTax":12.83,"totalTaxable":148.8,"totalTaxCalculated":12.83,"adjustmentReason":"NotAdjusted","locked":false,"version":1,"exchangeRateEffectiveDate":"2021-04-27","exchangeRate":1.0,"modifiedDate":"2021-04-27T13:21:13.9112174Z","modifiedUserId":231879,"taxDate":"2021-04-27T00:00:00Z","lines":[{"id":0,"transactionId":0,"lineNumber":"50e8dfd203a05429b143e51c7adef624","customerUsageType":"","entityUseCode":"","description":"Citranox","discountAmount":0.0,"exemptAmount":0.0,"exemptCertId":0,"exemptNo":"","isItemTaxable":true,"itemCode":"1801-1","lineAmount":148.80000000000001,"quantity":2.0,"ref1":"","ref2":"","reportingDate":"2021-04-27","tax":12.83,"taxableAmount":148.8,"taxCalculated":12.83,"taxCode":"P0000000","taxCodeId":4316,"taxDate":"2021-04-27","taxIncluded":false,"details":[{"id":0,"transactionLineId":0,"transactionId":0,"country":"US","region":"NY","exemptAmount":0.0,"jurisCode":"36","jurisName":"NEW YORK","stateAssignedNo":"","jurisType":"STA","jurisdictionType":"State","nonTaxableAmount":0.0,"rate":0.040000,"tax":5.95,"taxableAmount":148.8,"taxType":"Sales","taxSubTypeId":"S","taxName":"NY STATE TAX","taxAuthorityTypeId":45,"taxCalculated":5.95,"rateType":"General","rateTypeCode":"G","unitOfBasis":"PerCurrencyUnit","isNonPassThru":false,"isFee":false,"reportingTaxableUnits":148.8,"reportingNonTaxableUnits":0.0,"reportingExemptUnits":0.0,"reportingTax":5.95,"reportingTaxCalculated":5.95,"liabilityType":"Seller"},{"id":0,"transactionLineId":0,"transactionId":0,"country":"US","region":"NY","exemptAmount":0.0,"jurisCode":"103","jurisName":"SUFFOLK","stateAssignedNo":"SU 4711","jurisType":"CTY","jurisdictionType":"County","nonTaxableAmount":0.0,"rate":0.042500,"tax":6.32,"taxableAmount":148.8,"taxType":"Sales","taxSubTypeId":"S","taxName":"NY COUNTY TAX","taxAuthorityTypeId":45,"taxCalculated":6.32,"rateType":"General","rateTypeCode":"G","unitOfBasis":"PerCurrencyUnit","isNonPassThru":false,"isFee":false,"reportingTaxableUnits":148.8,"reportingNonTaxableUnits":0.0,"reportingExemptUnits":0.0,"reportingTax":6.32,"reportingTaxCalculated":6.32,"liabilityType":"Seller"},{"id":0,"transactionLineId":0,"transactionId":0,"country":"US","region":"NY","exemptAmount":0.0,"jurisCode":"359079","jurisName":"SUFFOLK CO TRANSIT DISTRICT","stateAssignedNo":"SU 4711","jurisType":"STJ","jurisdictionType":"Special","nonTaxableAmount":0.0,"rate":0.003750,"tax":0.56,"taxableAmount":148.8,"taxType":"Sales","taxSubTypeId":"S","taxName":"NY SPECIAL TAX","taxAuthorityTypeId":45,"taxCalculated":0.56,"rateType":"General","rateTypeCode":"G","unitOfBasis":"PerCurrencyUnit","isNonPassThru":false,"isFee":false,"reportingTaxableUnits":148.8,"reportingNonTaxableUnits":0.0,"reportingExemptUnits":0.0,"reportingTax":0.56,"reportingTaxCalculated":0.56,"liabilityType":"Seller"}],"nonPassthroughDetails":[],"hsCode":"","costInsuranceFreight":0.0,"vatCode":"","vatNumberTypeId":0},{"id":0,"transactionId":0,"lineNumber":"shipping_0","customerUsageType":"","entityUseCode":"","description":"Ground (UPS)","discountAmount":0.0,"exemptAmount":12.71,"exemptCertId":0,"exemptNo":"","isItemTaxable":false,"itemCode":"pt-ups-merger:6:03","lineAmount":12.710000000000001,"quantity":1.0,"ref1":"","ref2":"","reportingDate":"2021-04-27","tax":0.0,"taxableAmount":0.0,"taxCalculated":0.0,"taxCode":"FR","taxCodeId":7119,"taxDate":"2021-04-27","taxIncluded":false,"details":[{"id":0,"transactionLineId":0,"transactionId":0,"country":"US","region":"NY","exemptAmount":0.0,"jurisCode":"36","jurisName":"NEW YORK","stateAssignedNo":"","jurisType":"STA","jurisdictionType":"State","nonTaxableAmount":12.71,"rate":0.040000,"tax":0.0,"taxableAmount":0.0,"taxType":"Sales","taxSubTypeId":"S","taxName":"NY STATE TAX","taxAuthorityTypeId":45,"taxCalculated":0.0,"rateType":"General","rateTypeCode":"G","unitOfBasis":"PerCurrencyUnit","isNonPassThru":false,"isFee":false,"reportingTaxableUnits":0.0,"reportingNonTaxableUnits":12.71,"reportingExemptUnits":0.0,"reportingTax":0.0,"reportingTaxCalculated":0.0,"liabilityType":"Seller"},{"id":0,"transactionLineId":0,"transactionId":0,"country":"US","region":"NY","exemptAmount":0.0,"jurisCode":"103","jurisName":"SUFFOLK","stateAssignedNo":"SU 4711","jurisType":"CTY","jurisdictionType":"County","nonTaxableAmount":12.71,"rate":0.042500,"tax":0.0,"taxableAmount":0.0,"taxType":"Sales","taxSubTypeId":"S","taxName":"NY COUNTY TAX","taxAuthorityTypeId":45,"taxCalculated":0.0,"rateType":"General","rateTypeCode":"G","unitOfBasis":"PerCurrencyUnit","isNonPassThru":false,"isFee":false,"reportingTaxableUnits":0.0,"reportingNonTaxableUnits":12.71,"reportingExemptUnits":0.0,"reportingTax":0.0,"reportingTaxCalculated":0.0,"liabilityType":"Seller"},{"id":0,"transactionLineId":0,"transactionId":0,"country":"US","region":"NY","exemptAmount":0.0,"jurisCode":"359079","jurisName":"SUFFOLK CO TRANSIT DISTRICT","stateAssignedNo":"SU 4711","jurisType":"STJ","jurisdictionType":"Special","nonTaxableAmount":12.71,"rate":0.003750,"tax":0.0,"taxableAmount":0.0,"taxType":"Sales","taxSubTypeId":"S","taxName":"NY SPECIAL TAX","taxAuthorityTypeId":45,"taxCalculated":0.0,"rateType":"General","rateTypeCode":"G","unitOfBasis":"PerCurrencyUnit","isNonPassThru":false,"isFee":false,"reportingTaxableUnits":0.0,"reportingNonTaxableUnits":12.71,"reportingExemptUnits":0.0,"reportingTax":0.0,"reportingTaxCalculated":0.0,"liabilityType":"Seller"}],"nonPassthroughDetails":[],"hsCode":"","costInsuranceFreight":0.0,"vatCode":"","vatNumberTypeId":0}],"addresses":[{"id":0,"transactionId":0,"boundaryLevel":"Address","line1":"2230 SMITHTOWN AVE","line2":"","line3":"","city":"Ronkonkoma","region":"NY","postalCode":"11779-7329","country":"US","taxRegionId":4002424,"latitude":"40.803639","longitude":"-73.110637"},{"id":0,"transactionId":0,"boundaryLevel":"Address","line1":"30 GLENN ST","line2":"","line3":"","city":"WHITE PLAINS","region":"NY","postalCode":"10603-3254","country":"US","taxRegionId":2090237,"latitude":"41.050608","longitude":"-73.771383"}],"summary":[{"country":"US","region":"NY","jurisType":"State","jurisCode":"36","jurisName":"NEW YORK","taxAuthorityType":45,"stateAssignedNo":"","taxType":"Sales","taxSubType":"S","taxName":"NY STATE TAX","rateType":"General","taxable":148.8,"rate":0.040000,"tax":5.95,"taxCalculated":5.95,"nonTaxable":12.71,"exemption":0.0},{"country":"US","region":"NY","jurisType":"County","jurisCode":"103","jurisName":"SUFFOLK","taxAuthorityType":45,"stateAssignedNo":"SU 4711","taxType":"Sales","taxSubType":"S","taxName":"NY COUNTY TAX","rateType":"General","taxable":148.8,"rate":0.042500,"tax":6.32,"taxCalculated":6.32,"nonTaxable":12.71,"exemption":0.0},{"country":"US","region":"NY","jurisType":"Special","jurisCode":"359079","jurisName":"SUFFOLK CO TRANSIT DISTRICT","taxAuthorityType":45,"stateAssignedNo":"SU 4711","taxType":"Sales","taxSubType":"S","taxName":"NY SPECIAL TAX","rateType":"General","taxable":148.8,"rate":0.003750,"tax":0.56,"taxCalculated":0.56,"nonTaxable":12.71,"exemption":0.0}]}

04-27-2021 @ 09:21:19 - Request
Request
method: POST
uri: https://rest.avatax.com/api/v2/transactions/create
user-agent: WooCommerce-AvaTax/1.12.0 (WooCommerce/5.2.2; WordPress/5.7.1)
headers: Array
(
    [content-type] => application/json
    [accept] => application/json
    [Authorization] => ******************************************
    [X-Avalara-Client] => WCSkyVerge RESTv2;REST;REST;v2;AlconoxInc
    [X-Avalara-UID] => a0o33000004goTr
)
body: {"code":"wc_order_gP8BgXe9ruhMq","companyCode":"ALC","customerCode":"whirsch@bhaircraft.com","currencyCode":"USD","date":"2021-04-27","lines":[{"number":23641,"itemCode":"1801-1","taxCode":"P0000000","description":"Citranox","quantity":2,"amount":148.80000000000001},{"number":"shipping_23642","itemCode":"pt-ups-merger","taxCode":"FR","description":"Ground (UPS)","quantity":1,"amount":12.710000000000001}],"addresses":{"shipFrom":{"line1":"30 GLENN ST","line2":"","city":"WHITE PLAINS","region":"NY","country":"US","postalCode":"10603-3254"},"shipTo":{"line1":"2230 SMITHTOWN AVE","line2":"","city":"Ronkonkoma","region":"NY","country":"US","postalCode":"11779-7329"}},"type":"SalesInvoice","purchaseOrderNo":"21446","commit":true}
duration: 0.36923s

04-27-2021 @ 09:21:19 - Response
Response
code: 201
message: Created
headers: Array
(
    [date] => Tue, 27 Apr 2021 13:21:19 GMT
    [content-type] => application/json; charset=utf-8
    [server] => Kestrel
    [content-encoding] => br
    [location] => /api/v2/companies/207925/transactions/6001034443592
    [vary] => Accept-Encoding
    [serverduration] => 00:00:00.0682804
)
body: {"id":6001034443592,"code":"wc_order_gP8BgXe9ruhMq","companyId":207925,"date":"2021-04-27","status":"Committed","type":"SalesInvoice","batchCode":"","currencyCode":"USD","exchangeRateCurrencyCode":"USD","customerUsageType":"","entityUseCode":"","customerVendorCode":"whirsch@bhaircraft.com","customerCode":"whirsch@bhaircraft.com","exemptNo":"","reconciled":false,"locationCode":"","reportingLocationCode":"","purchaseOrderNo":"21446","referenceCode":"","salespersonCode":"","taxOverrideType":"None","taxOverrideAmount":0.0,"taxOverrideReason":"","totalAmount":161.51,"totalExempt":12.71,"totalDiscount":0.0,"totalTax":12.83,"totalTaxable":148.8,"totalTaxCalculated":12.83,"adjustmentReason":"NotAdjusted","adjustmentDescription":"","locked":false,"region":"NY","country":"US","version":1,"softwareVersion":"21.4.1.0","originAddressId":5002299560511,"destinationAddressId":4002797462527,"exchangeRateEffectiveDate":"2021-04-27","exchangeRate":1.0,"description":"","email":"","businessIdentificationNo":"","modifiedDate":"2021-04-27T13:21:19.8135411Z","modifiedUserId":231879,"taxDate":"2021-04-27T00:00:00Z","lines":[{"id":6002735563172,"transactionId":6001034443592,"lineNumber":"23641","boundaryOverrideId":0,"customerUsageType":"","entityUseCode":"","description":"Citranox","destinationAddressId":4002797462527,"originAddressId":5002299560511,"discountAmount":0.0,"discountTypeId":0,"exemptAmount":0.0,"exemptCertId":0,"exemptNo":"","isItemTaxable":true,"isSSTP":false,"itemCode":"1801-1","lineAmount":148.8,"quantity":2.0,"ref1":"","ref2":"","reportingDate":"2021-04-27","revAccount":"","sourcing":"Destination","tax":12.8300,"taxableAmount":148.8,"taxCalculated":12.8300,"taxCode":"P0000000","taxCodeId":4316,"taxDate":"2021-04-27","taxEngine":"","taxOverrideType":"None","businessIdentificationNo":"","taxOverrideAmount":0.0,"taxOverrideReason":"","taxIncluded":false,"details":[{"id":1004577877192,"transactionLineId":6002735563172,"transactionId":6001034443592,"addressId":4002797462527,"country":"US","region":"NY","countyFIPS":"","stateFIPS":"","exemptAmount":0.0000,"exemptReasonId":4,"inState":true,"jurisCode":"36","jurisName":"NEW YORK","jurisdictionId":42,"signatureCode":"BFEQ","stateAssignedNo":"","jurisType":"STA","jurisdictionType":"State","nonTaxableAmount":0.0000,"nonTaxableRuleId":0,"nonTaxableType":"RateRule","rate":0.040000,"rateRuleId":1444970,"rateSourceId":3,"serCode":"","sourcing":"Destination","tax":5.9500,"taxableAmount":148.8000,"taxType":"Sales","taxSubTypeId":"S","taxTypeGroupId":"SalesAndUse","taxName":"NY STATE TAX","taxAuthorityTypeId":45,"taxRegionId":4002424,"taxCalculated":5.9500,"taxOverride":0.0000,"rateType":"General","rateTypeCode":"G","taxableUnits":148.8000,"nonTaxableUnits":0.0000,"exemptUnits":0.0000,"unitOfBasis":"PerCurrencyUnit","isNonPassThru":false,"isFee":false,"reportingTaxableUnits":148.8,"reportingNonTaxableUnits":0.0,"reportingExemptUnits":0.0,"reportingTax":5.95,"reportingTaxCalculated":5.95,"liabilityType":"Seller"},{"id":6004577877189,"transactionLineId":6002735563172,"transactionId":6001034443592,"addressId":4002797462527,"country":"US","region":"NY","countyFIPS":"","stateFIPS":"","exemptAmount":0.0000,"exemptReasonId":4,"inState":true,"jurisCode":"103","jurisName":"SUFFOLK","jurisdictionId":1896,"signatureCode":"BHDK","stateAssignedNo":"SU 4711","jurisType":"CTY","jurisdictionType":"County","nonTaxableAmount":0.0000,"nonTaxableRuleId":0,"nonTaxableType":"RateRule","rate":0.042500,"rateRuleId":1444978,"rateSourceId":3,"serCode":"","sourcing":"Destination","tax":6.3200,"taxableAmount":148.8000,"taxType":"Sales","taxSubTypeId":"S","taxTypeGroupId":"SalesAndUse","taxName":"NY COUNTY TAX","taxAuthorityTypeId":45,"taxRegionId":4002424,"taxCalculated":6.3200,"taxOverride":0.0000,"rateType":"General","rateTypeCode":"G","taxableUnits":148.8000,"nonTaxableUnits":0.0000,"exemptUnits":0.0000,"unitOfBasis":"PerCurrencyUnit","isNonPassThru":false,"isFee":false,"reportingTaxableUnits":148.8,"reportingNonTaxableUnits":0.0,"reportingExemptUnits":0.0,"reportingTax":6.32,"reportingTaxCalculated":6.32,"liabilityType":"Seller"},{"id":9003500641817,"transactionLineId":6002735563172,"transactionId":6001034443592,"addressId":4002797462527,"country":"US","region":"NY","countyFIPS":"","stateFIPS":"","exemptAmount":0.0000,"exemptReasonId":4,"inState":true,"jurisCode":"359079","jurisName":"SUFFOLK CO TRANSIT DISTRICT","jurisdictionId":359079,"signatureCode":"BHDL","stateAssignedNo":"SU 4711","jurisType":"STJ","jurisdictionType":"Special","nonTaxableAmount":0.0000,"nonTaxableRuleId":0,"nonTaxableType":"RateRule","rate":0.003750,"rateRuleId":1444968,"rateSourceId":3,"serCode":"","sourcing":"Destination","tax":0.5600,"taxableAmount":148.8000,"taxType":"Sales","taxSubTypeId":"S","taxTypeGroupId":"SalesAndUse","taxName":"NY SPECIAL TAX","taxAuthorityTypeId":45,"taxRegionId":4002424,"taxCalculated":0.5600,"taxOverride":0.0000,"rateType":"General","rateTypeCode":"G","taxableUnits":148.8000,"nonTaxableUnits":0.0000,"exemptUnits":0.0000,"unitOfBasis":"PerCurrencyUnit","isNonPassThru":false,"isFee":false,"reportingTaxableUnits":148.8,"reportingNonTaxableUnits":0.0,"reportingExemptUnits":0.0,"reportingTax":0.56,"reportingTaxCalculated":0.56,"liabilityType":"Seller"}],"nonPassthroughDetails":[],"lineLocationTypes":[{"documentLineLocationTypeId":5004300970762,"documentLineId":6002735563172,"documentAddressId":5002299560511,"locationTypeCode":"ShipFrom"},{"documentLineLocationTypeId":6004300970762,"documentLineId":6002735563172,"documentAddressId":4002797462527,"locationTypeCode":"ShipTo"}],"hsCode":"","costInsuranceFreight":0.0,"vatCode":"","vatNumberTypeId":0},{"id":1004758462335,"transactionId":6001034443592,"lineNumber":"shipping_23642","boundaryOverrideId":0,"customerUsageType":"","entityUseCode":"","description":"Ground (UPS)","destinationAddressId":4002797462527,"originAddressId":5002299560511,"discountAmount":0.0,"discountTypeId":0,"exemptAmount":12.71,"exemptCertId":0,"exemptNo":"","isItemTaxable":false,"isSSTP":false,"itemCode":"pt-ups-merger","lineAmount":12.71,"quantity":1.0,"ref1":"","ref2":"","reportingDate":"2021-04-27","revAccount":"","sourcing":"Destination","tax":0.0000,"taxableAmount":0.0,"taxCalculated":0.0000,"taxCode":"FR","taxCodeId":7119,"taxDate":"2021-04-27","taxEngine":"","taxOverrideType":"None","businessIdentificationNo":"","taxOverrideAmount":0.0,"taxOverrideReason":"","taxIncluded":false,"details":[{"id":7003500641816,"transactionLineId":1004758462335,"transactionId":6001034443592,"addressId":4002797462527,"country":"US","region":"NY","countyFIPS":"","stateFIPS":"","exemptAmount":0.0000,"exemptReasonId":5,"inState":true,"jurisCode":"36","jurisName":"NEW YORK","jurisdictionId":42,"signatureCode":"BFEQ","stateAssignedNo":"","jurisType":"STA","jurisdictionType":"State","nonTaxableAmount":12.7100,"nonTaxableRuleId":5594534,"nonTaxableType":"ProductTaxabilityRule","rate":0.040000,"rateRuleId":1444970,"rateSourceId":3,"serCode":"","sourcing":"Destination","tax":0.0000,"taxableAmount":0.0000,"taxType":"Sales","taxSubTypeId":"S","taxTypeGroupId":"SalesAndUse","taxName":"NY STATE TAX","taxAuthorityTypeId":45,"taxRegionId":4002424,"taxCalculated":0.0000,"taxOverride":0.0000,"rateType":"General","rateTypeCode":"G","taxableUnits":0.0000,"nonTaxableUnits":12.7100,"exemptUnits":0.0000,"unitOfBasis":"PerCurrencyUnit","isNonPassThru":false,"isFee":false,"reportingTaxableUnits":0.0,"reportingNonTaxableUnits":12.71,"reportingExemptUnits":0.0,"reportingTax":0.0,"reportingTaxCalculated":0.0,"liabilityType":"Seller"},{"id":10003500641818,"transactionLineId":1004758462335,"transactionId":6001034443592,"addressId":4002797462527,"country":"US","region":"NY","countyFIPS":"","stateFIPS":"","exemptAmount":0.0000,"exemptReasonId":5,"inState":true,"jurisCode":"103","jurisName":"SUFFOLK","jurisdictionId":1896,"signatureCode":"BHDK","stateAssignedNo":"SU 4711","jurisType":"CTY","jurisdictionType":"County","nonTaxableAmount":12.7100,"nonTaxableRuleId":5594534,"nonTaxableType":"ProductTaxabilityRule","rate":0.042500,"rateRuleId":1444978,"rateSourceId":3,"serCode":"","sourcing":"Destination","tax":0.0000,"taxableAmount":0.0000,"taxType":"Sales","taxSubTypeId":"S","taxTypeGroupId":"SalesAndUse","taxName":"NY COUNTY TAX","taxAuthorityTypeId":45,"taxRegionId":4002424,"taxCalculated":0.0000,"taxOverride":0.0000,"rateType":"General","rateTypeCode":"G","taxableUnits":0.0000,"nonTaxableUnits":12.7100,"exemptUnits":0.0000,"unitOfBasis":"PerCurrencyUnit","isNonPassThru":false,"isFee":false,"reportingTaxableUnits":0.0,"reportingNonTaxableUnits":12.71,"reportingExemptUnits":0.0,"reportingTax":0.0,"reportingTaxCalculated":0.0,"liabilityType":"Seller"},{"id":12003500641818,"transactionLineId":1004758462335,"transactionId":6001034443592,"addressId":4002797462527,"country":"US","region":"NY","countyFIPS":"","stateFIPS":"","exemptAmount":0.0000,"exemptReasonId":5,"inState":true,"jurisCode":"359079","jurisName":"SUFFOLK CO TRANSIT DISTRICT","jurisdictionId":359079,"signatureCode":"BHDL","stateAssignedNo":"SU 4711","jurisType":"STJ","jurisdictionType":"Special","nonTaxableAmount":12.7100,"nonTaxableRuleId":5594534,"nonTaxableType":"ProductTaxabilityRule","rate":0.003750,"rateRuleId":1444968,"rateSourceId":3,"serCode":"","sourcing":"Destination","tax":0.0000,"taxableAmount":0.0000,"taxType":"Sales","taxSubTypeId":"S","taxTypeGroupId":"SalesAndUse","taxName":"NY SPECIAL TAX","taxAuthorityTypeId":45,"taxRegionId":4002424,"taxCalculated":0.0000,"taxOverride":0.0000,"rateType":"General","rateTypeCode":"G","taxableUnits":0.0000,"nonTaxableUnits":12.7100,"exemptUnits":0.0000,"unitOfBasis":"PerCurrencyUnit","isNonPassThru":false,"isFee":false,"reportingTaxableUnits":0.0,"reportingNonTaxableUnits":12.71,"reportingExemptUnits":0.0,"reportingTax":0.0,"reportingTaxCalculated":0.0,"liabilityType":"Seller"}],"nonPassthroughDetails":[],"lineLocationTypes":[{"documentLineLocationTypeId":5004300970763,"documentLineId":1004758462335,"documentAddressId":5002299560511,"locationTypeCode":"ShipFrom"},{"documentLineLocationTypeId":6004300970763,"documentLineId":1004758462335,"documentAddressId":4002797462527,"locationTypeCode":"ShipTo"}],"hsCode":"","costInsuranceFreight":0.0,"vatCode":"","vatNumberTypeId":0}],"addresses":[{"id":4002797462527,"transactionId":6001034443592,"boundaryLevel":"Address","line1":"2230 SMITHTOWN AVE","line2":"","line3":"","city":"RONKONKOMA","region":"NY","postalCode":"11779-7329","country":"US","taxRegionId":4002424,"latitude":"40.803639","longitude":"-73.110637"},{"id":5002299560511,"transactionId":6001034443592,"boundaryLevel":"Address","line1":"30 GLENN ST","line2":"","line3":"","city":"WHITE PLAINS","region":"NY","postalCode":"10603-3254","country":"US","taxRegionId":2090237,"latitude":"41.050608","longitude":"-73.771383"}],"locationTypes":[{"documentLocationTypeId":5002072837709,"documentId":6001034443592,"documentAddressId":5002299560511,"locationTypeCode":"ShipFrom"},{"documentLocationTypeId":6002072837709,"documentId":6001034443592,"documentAddressId":4002797462527,"locationTypeCode":"ShipTo"}],"summary":[{"country":"US","region":"NY","jurisType":"State","jurisCode":"36","jurisName":"NEW YORK","taxAuthorityType":45,"stateAssignedNo":"","taxType":"Sales","taxSubType":"S","taxName":"NY STATE TAX","rateType":"General","taxable":148.80,"rate":0.040000,"tax":5.95,"taxCalculated":5.95,"nonTaxable":12.71,"exemption":0.00},{"country":"US","region":"NY","jurisType":"County","jurisCode":"103","jurisName":"SUFFOLK","taxAuthorityType":45,"stateAssignedNo":"SU 4711","taxType":"Sales","taxSubType":"S","taxName":"NY COUNTY TAX","rateType":"General","taxable":148.80,"rate":0.042500,"tax":6.32,"taxCalculated":6.32,"nonTaxable":12.71,"exemption":0.00},{"country":"US","region":"NY","jurisType":"Special","jurisCode":"359079","jurisName":"SUFFOLK CO TRANSIT DISTRICT","taxAuthorityType":45,"stateAssignedNo":"SU 4711","taxType":"Sales","taxSubType":"S","taxName":"NY SPECIAL TAX","rateType":"General","taxable":148.80,"rate":0.003750,"tax":0.56,"taxCalculated":0.56,"nonTaxable":12.71,"exemption":0.00}]}

04-27-2021 @ 09:40:06 - Request
Request
method: GET
uri: https://rest.avatax.com/api/v2/utilities/ping
user-agent: WooCommerce-AvaTax/1.12.0 (WooCommerce/5.2.2; WordPress/5.7.1)
headers: Array
(
    [content-type] => application/json
    [accept] => application/json
    [Authorization] => ******************************************
    [X-Avalara-Client] => WCSkyVerge RESTv2;REST;REST;v2;AlconoxInc
    [X-Avalara-UID] => a0o33000004goTr
)
body:
duration: 0.30273s

04-27-2021 @ 09:40:06 - Response
Response
code: 200
message: OK
headers: Array
(
    [date] => Tue, 27 Apr 2021 13:40:06 GMT
    [content-type] => application/json; charset=utf-8
    [content-length] => 225
    [x-content-type-options] => nosniff
    [serverduration] => 00:00:00.0001059
    [databasecalls] => 0
    [databaseduration] => 00:00:00
    [serviceduration] => 00:00:00
)
body: {"version":"21.4.0","authenticated":true,"authenticationType":"AccountIdLicenseKey","authenticatedUserName":"anonymous@2000107471","authenticatedUserId":231879,"authenticatedAccountId":2000107471,"crmid":"0010b00002JHRLYAA5"}

04-27-2021 @ 10:14:39 - Request
Request
method: GET
uri: https://rest.avatax.com/api/v2/utilities/ping
user-agent: WooCommerce-AvaTax/1.12.0 (WooCommerce/5.2.2; WordPress/5.7.1)
headers: Array
(
    [content-type] => application/json
    [accept] => application/json
    [Authorization] => ******************************************
    [X-Avalara-Client] => WCSkyVerge RESTv2;REST;REST;v2;AlconoxInc
    [X-Avalara-UID] => a0o33000004goTr
)
body:
duration: 0.31045s

04-27-2021 @ 10:14:39 - Response
Response
code: 200
message: OK
headers: Array
(
    [date] => Tue, 27 Apr 2021 14:14:39 GMT
    [content-type] => application/json; charset=utf-8
    [content-length] => 225
    [x-content-type-options] => nosniff
    [serverduration] => 00:00:00.0000786
    [databasecalls] => 0
    [databaseduration] => 00:00:00
    [serviceduration] => 00:00:00
)
body: {"version":"21.4.0","authenticated":true,"authenticationType":"AccountIdLicenseKey","authenticatedUserName":"anonymous@2000107471","authenticatedUserId":231879,"authenticatedAccountId":2000107471,"crmid":"0010b00002JHRLYAA5"}

04-27-2021 @ 10:16:35 - Request
Request
method: GET
uri: https://rest.avatax.com/api/v2/accounts/2000107471/subscriptions
user-agent: WooCommerce-AvaTax/1.12.0 (WooCommerce/5.2.2; WordPress/5.7.1)
headers: Array
(
    [content-type] => application/json
    [accept] => application/json
    [Authorization] => ******************************************
    [X-Avalara-Client] => WCSkyVerge RESTv2;REST;REST;v2;AlconoxInc
    [X-Avalara-UID] => a0o33000004goTr
)
body:
duration: 0.311s

04-27-2021 @ 10:16:35 - Response
Response
code: 200
message: OK
headers: Array
(
    [date] => Tue, 27 Apr 2021 14:16:35 GMT
    [content-type] => application/json; charset=utf-8
    [content-length] => 1784
    [x-content-type-options] => nosniff
    [serverduration] => 00:00:00.0015788
    [databasecalls] => 0
    [databaseduration] => 00:00:00
    [serviceduration] => 00:00:00
)
body: {"@recordsetCount":7,"value":[{"id":437589,"accountId":2000107471,"subscriptionTypeId":4,"subscriptionDescription":"AutoAddress","effectiveDate":"2018-12-21","createdDate":"2018-12-21T19:07:11.303","createdUserId":80141,"modifiedDate":"2018-12-21T19:07:11.303","modifiedUserId":80141},{"id":437590,"accountId":2000107471,"subscriptionTypeId":2,"subscriptionDescription":"AvaTaxPro","effectiveDate":"2018-12-21","createdDate":"2018-12-21T19:07:11.303","createdUserId":80141,"modifiedDate":"2018-12-21T19:07:11.303","modifiedUserId":80141},{"id":437591,"accountId":2000107471,"subscriptionTypeId":10,"subscriptionDescription":"AvaCert","effectiveDate":"2018-12-21","createdDate":"2018-12-21T19:07:11.303","createdUserId":80141,"modifiedDate":"2018-12-21T19:07:11.303","modifiedUserId":80141},{"id":437592,"accountId":2000107471,"subscriptionTypeId":1,"subscriptionDescription":"AvaTaxST","effectiveDate":"2018-12-21","createdDate":"2018-12-21T19:07:11.303","createdUserId":80141,"modifiedDate":"2018-12-21T19:07:11.303","modifiedUserId":80141},{"id":437593,"accountId":2000107471,"subscriptionTypeId":3,"subscriptionDescription":"AvaTaxGlobal","effectiveDate":"2018-12-21","createdDate":"2018-12-21T19:07:11.317","createdUserId":80141,"modifiedDate":"2018-12-21T19:07:11.317","modifiedUserId":80141},{"id":467225,"accountId":2000107471,"subscriptionTypeId":9,"subscriptionDescription":"Mrs","effectiveDate":"2019-02-07","createdDate":"2019-02-08T19:24:34.88","createdUserId":124279,"modifiedDate":"2019-02-08T19:24:34.88","modifiedUserId":124279},{"id":736877,"accountId":2000107471,"subscriptionTypeId":24,"subscriptionDescription":"MRSComplianceManager","createdDate":"2020-02-27T06:19:00.707","createdUserId":154554,"modifiedDate":"2020-02-27T06:19:00.707","modifiedUserId":154554}]}

04-27-2021 @ 19:44:19 - Request
Request
method: GET
uri: https://rest.avatax.com/api/v2/utilities/ping
user-agent: WooCommerce-AvaTax/1.12.0 (WooCommerce/5.2.2; WordPress/5.7.1)
headers: Array
(
    [content-type] => application/json
    [accept] => application/json
    [Authorization] => ******************************************
    [X-Avalara-Client] => WCSkyVerge RESTv2;REST;REST;v2;AlconoxInc
    [X-Avalara-UID] => a0o33000004goTr
)
body:
duration: 0.32122s

04-27-2021 @ 19:44:19 - Response
Response
code: 200
message: OK
headers: Array
(
    [date] => Tue, 27 Apr 2021 23:44:19 GMT
    [content-type] => application/json; charset=utf-8
    [content-length] => 225
    [x-content-type-options] => nosniff
    [serverduration] => 00:00:00.0001624
    [databasecalls] => 0
    [databaseduration] => 00:00:00
    [serviceduration] => 00:00:00
)
body: {"version":"21.4.0","authenticated":true,"authenticationType":"AccountIdLicenseKey","authenticatedUserName":"anonymous@2000107471","authenticatedUserId":231879,"authenticatedAccountId":2000107471,"crmid":"0010b00002JHRLYAA5"}

