02-04-2021 @ 08:24:30 - Request
Request
method: GET
uri: https://rest.avatax.com/api/v2/taxrates/byaddress?line1=&line2=&city=New+York&region=NY&country=US&postalCode=10013
user-agent: WooCommerce-AvaTax/1.11.0 (WooCommerce/4.8.0; WordPress/5.6)
headers: Array
(
    [content-type] => application/json
    [accept] => application/json
    [Authorization] => ******************************************
    [X-Avalara-Client] => WCSkyVerge RESTv2;REST;REST;v2;AlconoxInc
    [X-Avalara-UID] => a0o33000004goTr
)
body:
duration: 0.27449s

02-04-2021 @ 08:24:30 - Response
Response
code: 200
message: OK
headers: Array
(
    [date] => Thu, 04 Feb 2021 13:24:30 GMT
    [content-type] => application/json; charset=utf-8
    [content-length] => 199
    [x-content-type-options] => nosniff
    [serverduration] => 00:00:00.0001805
    [databasecalls] => 0
    [databaseduration] => 00:00:00
    [serviceduration] => 00:00:00
)
body: {"totalRate":0.088750,"rates":[{"rate":0.040000,"name":"NY STATE TAX","type":"State"},{"rate":0.003750,"name":"NY SPECIAL TAX","type":"Special"},{"rate":0.045000,"name":"NY CITY TAX","type":"City"}]}

02-04-2021 @ 08:24:30 - Request
Request
method: POST
uri: https://rest.avatax.com/api/v2/transactions/create
user-agent: WooCommerce-AvaTax/1.11.0 (WooCommerce/4.8.0; WordPress/5.6)
headers: Array
(
    [content-type] => application/json
    [accept] => application/json
    [Authorization] => ******************************************
    [X-Avalara-Client] => WCSkyVerge RESTv2;REST;REST;v2;AlconoxInc
    [X-Avalara-UID] => a0o33000004goTr
)
body: {"code":"","companyCode":"ALC","customerCode":"kurcavredno3@protonmail.com","currencyCode":"USD","date":"2021-02-04","lines":[{"number":"8128f5d1226159ea61104ea4cef1e77c","itemCode":"1404-1","taxCode":"P0000000","description":"Alcojet","quantity":1,"amount":42.399999999999999},{"number":"shipping_0","itemCode":"pt-ups-merger:6:03","taxCode":"FR","description":"Ground (UPS)","quantity":1,"amount":9.1300000000000008}],"addresses":{"shipFrom":{"line1":"30 GLENN ST","line2":"","city":"WHITE PLAINS","region":"NY","country":"US","postalCode":"10603-3254"},"shipTo":{"line1":"4 Staple St","line2":"","city":"New York","region":"NY","country":"US","postalCode":"10013"}},"type":"SalesOrder","commit":false}
duration: 0.37443s

02-04-2021 @ 08:24:30 - Response
Response
code: 201
message: Created
headers: Array
(
    [date] => Thu, 04 Feb 2021 13:24:30 GMT
    [content-type] => application/json; charset=utf-8
    [server] => Kestrel
    [content-encoding] => br
    [location] => /api/v2/companies/207925/transactions/0
    [vary] => Accept-Encoding
    [serverduration] => 00:00:00.0883161
)
body: {"id":0,"code":"a1ffff17-ef95-4394-8846-f3c3f9d10b64","companyId":207925,"date":"2021-02-04","paymentDate":"2021-02-04","status":"Temporary","type":"SalesOrder","batchCode":"","currencyCode":"USD","exchangeRateCurrencyCode":"USD","customerUsageType":"","entityUseCode":"","customerVendorCode":"kurcavredno3@protonmail.com","customerCode":"kurcavredno3@protonmail.com","exemptNo":"","reconciled":false,"locationCode":"","reportingLocationCode":"","purchaseOrderNo":"","referenceCode":"","salespersonCode":"","totalAmount":51.53,"totalExempt":9.13,"totalDiscount":0.0,"totalTax":3.77,"totalTaxable":42.4,"totalTaxCalculated":3.77,"adjustmentReason":"NotAdjusted","locked":false,"version":1,"exchangeRateEffectiveDate":"2021-02-04","exchangeRate":1.0,"modifiedDate":"2021-02-04T13:24:30.5047209Z","modifiedUserId":231879,"taxDate":"2021-02-04T00:00:00Z","lines":[{"id":0,"transactionId":0,"lineNumber":"8128f5d1226159ea61104ea4cef1e77c","customerUsageType":"","entityUseCode":"","description":"Alcojet","discountAmount":0.0,"exemptAmount":0.0,"exemptCertId":0,"exemptNo":"","isItemTaxable":true,"itemCode":"1404-1","lineAmount":42.399999999999999,"quantity":1.0,"ref1":"","ref2":"","reportingDate":"2021-02-04","tax":3.77,"taxableAmount":42.4,"taxCalculated":3.77,"taxCode":"P0000000","taxCodeId":4316,"taxDate":"2021-02-04","taxIncluded":false,"details":[{"id":0,"transactionLineId":0,"transactionId":0,"country":"US","region":"NY","exemptAmount":0.0,"jurisCode":"36","jurisName":"NEW YORK","stateAssignedNo":"","jurisType":"STA","jurisdictionType":"State","nonTaxableAmount":0.0,"rate":0.040000,"tax":1.7,"taxableAmount":42.4,"taxType":"Sales","taxSubTypeId":"S","taxName":"NY STATE TAX","taxAuthorityTypeId":45,"taxCalculated":1.7,"rateType":"General","rateTypeCode":"G","unitOfBasis":"PerCurrencyUnit","isNonPassThru":false,"isFee":false,"reportingTaxableUnits":42.4,"reportingNonTaxableUnits":0.0,"reportingExemptUnits":0.0,"reportingTax":1.7,"reportingTaxCalculated":1.7,"liabilityType":"Seller"},{"id":0,"transactionLineId":0,"transactionId":0,"country":"US","region":"NY","exemptAmount":0.0,"jurisCode":"51000","jurisName":"NEW YORK CITY","stateAssignedNo":"NE 8081","jurisType":"CIT","jurisdictionType":"City","nonTaxableAmount":0.0,"rate":0.045000,"tax":1.91,"taxableAmount":42.4,"taxType":"Sales","taxSubTypeId":"S","taxName":"NY CITY TAX","taxAuthorityTypeId":45,"taxCalculated":1.91,"rateType":"General","rateTypeCode":"G","unitOfBasis":"PerCurrencyUnit","isNonPassThru":false,"isFee":false,"reportingTaxableUnits":42.4,"reportingNonTaxableUnits":0.0,"reportingExemptUnits":0.0,"reportingTax":1.91,"reportingTaxCalculated":1.91,"liabilityType":"Seller"},{"id":0,"transactionLineId":0,"transactionId":0,"country":"US","region":"NY","exemptAmount":0.0,"jurisCode":"359071","jurisName":"METROPOLITAN COMMUTER TRANSPORTATION DISTRICT","stateAssignedNo":"NE 8081","jurisType":"STJ","jurisdictionType":"Special","nonTaxableAmount":0.0,"rate":0.003750,"tax":0.16,"taxableAmount":42.4,"taxType":"Sales","taxSubTypeId":"S","taxName":"NY SPECIAL TAX","taxAuthorityTypeId":45,"taxCalculated":0.16,"rateType":"General","rateTypeCode":"G","unitOfBasis":"PerCurrencyUnit","isNonPassThru":false,"isFee":false,"reportingTaxableUnits":42.4,"reportingNonTaxableUnits":0.0,"reportingExemptUnits":0.0,"reportingTax":0.16,"reportingTaxCalculated":0.16,"liabilityType":"Seller"}],"nonPassthroughDetails":[],"hsCode":"","costInsuranceFreight":0.0,"vatCode":"","vatNumberTypeId":0},{"id":0,"transactionId":0,"lineNumber":"shipping_0","customerUsageType":"","entityUseCode":"","description":"Ground (UPS)","discountAmount":0.0,"exemptAmount":9.13,"exemptCertId":0,"exemptNo":"","isItemTaxable":false,"itemCode":"pt-ups-merger:6:03","lineAmount":9.1300000000000008,"quantity":1.0,"ref1":"","ref2":"","reportingDate":"2021-02-04","tax":0.0,"taxableAmount":0.0,"taxCalculated":0.0,"taxCode":"FR","taxCodeId":7119,"taxDate":"2021-02-04","taxIncluded":false,"details":[{"id":0,"transactionLineId":0,"transactionId":0,"country":"US","region":"NY","exemptAmount":0.0,"jurisCode":"36","jurisName":"NEW YORK","stateAssignedNo":"","jurisType":"STA","jurisdictionType":"State","nonTaxableAmount":9.13,"rate":0.040000,"tax":0.0,"taxableAmount":0.0,"taxType":"Sales","taxSubTypeId":"S","taxName":"NY STATE TAX","taxAuthorityTypeId":45,"taxCalculated":0.0,"rateType":"General","rateTypeCode":"G","unitOfBasis":"PerCurrencyUnit","isNonPassThru":false,"isFee":false,"reportingTaxableUnits":0.0,"reportingNonTaxableUnits":9.13,"reportingExemptUnits":0.0,"reportingTax":0.0,"reportingTaxCalculated":0.0,"liabilityType":"Seller"},{"id":0,"transactionLineId":0,"transactionId":0,"country":"US","region":"NY","exemptAmount":0.0,"jurisCode":"51000","jurisName":"NEW YORK CITY","stateAssignedNo":"NE 8081","jurisType":"CIT","jurisdictionType":"City","nonTaxableAmount":9.13,"rate":0.045000,"tax":0.0,"taxableAmount":0.0,"taxType":"Sales","taxSubTypeId":"S","taxName":"NY CITY TAX","taxAuthorityTypeId":45,"taxCalculated":0.0,"rateType":"General","rateTypeCode":"G","unitOfBasis":"PerCurrencyUnit","isNonPassThru":false,"isFee":false,"reportingTaxableUnits":0.0,"reportingNonTaxableUnits":9.13,"reportingExemptUnits":0.0,"reportingTax":0.0,"reportingTaxCalculated":0.0,"liabilityType":"Seller"},{"id":0,"transactionLineId":0,"transactionId":0,"country":"US","region":"NY","exemptAmount":0.0,"jurisCode":"359071","jurisName":"METROPOLITAN COMMUTER TRANSPORTATION DISTRICT","stateAssignedNo":"NE 8081","jurisType":"STJ","jurisdictionType":"Special","nonTaxableAmount":9.13,"rate":0.003750,"tax":0.0,"taxableAmount":0.0,"taxType":"Sales","taxSubTypeId":"S","taxName":"NY SPECIAL TAX","taxAuthorityTypeId":45,"taxCalculated":0.0,"rateType":"General","rateTypeCode":"G","unitOfBasis":"PerCurrencyUnit","isNonPassThru":false,"isFee":false,"reportingTaxableUnits":0.0,"reportingNonTaxableUnits":9.13,"reportingExemptUnits":0.0,"reportingTax":0.0,"reportingTaxCalculated":0.0,"liabilityType":"Seller"}],"nonPassthroughDetails":[],"hsCode":"","costInsuranceFreight":0.0,"vatCode":"","vatNumberTypeId":0}],"addresses":[{"id":0,"transactionId":0,"boundaryLevel":"Address","line1":"4 Staple St","line2":"","line3":"","city":"New York","region":"NY","postalCode":"10013","country":"US","taxRegionId":2088629,"latitude":"40.71834","longitude":"-74.009505"},{"id":0,"transactionId":0,"boundaryLevel":"Address","line1":"30 GLENN ST","line2":"","line3":"","city":"WHITE PLAINS","region":"NY","postalCode":"10603-3254","country":"US","taxRegionId":2090237,"latitude":"41.050608","longitude":"-73.771383"}],"summary":[{"country":"US","region":"NY","jurisType":"State","jurisCode":"36","jurisName":"NEW YORK","taxAuthorityType":45,"stateAssignedNo":"","taxType":"Sales","taxSubType":"S","taxName":"NY STATE TAX","rateType":"General","taxable":42.4,"rate":0.040000,"tax":1.7,"taxCalculated":1.7,"nonTaxable":9.13,"exemption":0.0},{"country":"US","region":"NY","jurisType":"City","jurisCode":"51000","jurisName":"NEW YORK CITY","taxAuthorityType":45,"stateAssignedNo":"NE 8081","taxType":"Sales","taxSubType":"S","taxName":"NY CITY TAX","rateType":"General","taxable":42.4,"rate":0.045000,"tax":1.91,"taxCalculated":1.91,"nonTaxable":9.13,"exemption":0.0},{"country":"US","region":"NY","jurisType":"Special","jurisCode":"359071","jurisName":"METROPOLITAN COMMUTER TRANSPORTATION DISTRICT","taxAuthorityType":45,"stateAssignedNo":"NE 8081","taxType":"Sales","taxSubType":"S","taxName":"NY SPECIAL TAX","rateType":"General","taxable":42.4,"rate":0.003750,"tax":0.16,"taxCalculated":0.16,"nonTaxable":9.13,"exemption":0.0}]}

