01-25-2021 @ 10:18:09 - Request
Request
method: GET
uri: https://rest.avatax.com/api/v2/taxrates/byaddress?line1=&line2=&city=Holtsville&region=NY&country=US&postalCode=11742
user-agent: WooCommerce-AvaTax/1.11.0 (WooCommerce/4.8.0; WordPress/5.6)
headers: Array
(
    [content-type] => application/json
    [accept] => application/json
    [Authorization] => ******************************************
    [X-Avalara-Client] => WCSkyVerge RESTv2;REST;REST;v2;AlconoxInc
    [X-Avalara-UID] => a0o33000004goTr
)
body:
duration: 0.36386s

01-25-2021 @ 10:18:09 - Response
Response
code: 200
message: OK
headers: Array
(
    [date] => Mon, 25 Jan 2021 15:18:09 GMT
    [content-type] => application/json; charset=utf-8
    [content-length] => 203
    [x-content-type-options] => nosniff
    [serverduration] => 00:00:00.0172999
    [databasecalls] => 0
    [databaseduration] => 00:00:00
    [serviceduration] => 00:00:00
)
body: {"totalRate":0.086250,"rates":[{"rate":0.040000,"name":"NY STATE TAX","type":"State"},{"rate":0.042500,"name":"NY COUNTY TAX","type":"County"},{"rate":0.003750,"name":"NY SPECIAL TAX","type":"Special"}]}

01-25-2021 @ 10:18:11 - Request
Request
method: POST
uri: https://rest.avatax.com/api/v2/transactions/create
user-agent: WooCommerce-AvaTax/1.11.0 (WooCommerce/4.8.0; WordPress/5.6)
headers: Array
(
    [content-type] => application/json
    [accept] => application/json
    [Authorization] => ******************************************
    [X-Avalara-Client] => WCSkyVerge RESTv2;REST;REST;v2;AlconoxInc
    [X-Avalara-UID] => a0o33000004goTr
)
body: {"code":"","companyCode":"ALC","customerCode":"Guest","currencyCode":"USD","date":"2021-01-25","lines":[{"number":"ca67023068969c7df100d80920400183","itemCode":"1104-1","taxCode":"P0000000","description":"Alconox","quantity":1,"amount":47.200000000000003},{"number":"shipping_0","itemCode":"use-my-shipping-account","taxCode":"FR","description":"Use My Shipping Account","quantity":1}],"addresses":{"shipFrom":{"line1":"30 GLENN ST","line2":"","city":"WHITE PLAINS","region":"NY","country":"US","postalCode":"10603-3254"},"shipTo":{"line1":"85 Corporate Drive","line2":"","city":"Holtsville","region":"NY","country":"US","postalCode":"11742"}},"type":"SalesOrder","commit":false}
duration: 0.3418s

01-25-2021 @ 10:18:11 - Response
Response
code: 201
message: Created
headers: Array
(
    [date] => Mon, 25 Jan 2021 15:18:11 GMT
    [content-type] => application/json; charset=utf-8
    [server] => Kestrel
    [content-encoding] => br
    [location] => /api/v2/companies/207925/transactions/0
    [vary] => Accept-Encoding
    [serverduration] => 00:00:00.0353354
)
body: {"id":0,"code":"536691ab-7feb-450b-a837-4967152d9e9d","companyId":207925,"date":"2021-01-25","paymentDate":"2021-01-25","status":"Temporary","type":"SalesOrder","batchCode":"","currencyCode":"USD","exchangeRateCurrencyCode":"USD","customerUsageType":"","entityUseCode":"","customerVendorCode":"Guest","customerCode":"Guest","exemptNo":"","reconciled":false,"locationCode":"","reportingLocationCode":"","purchaseOrderNo":"","referenceCode":"","salespersonCode":"","totalAmount":47.2,"totalExempt":0.0,"totalDiscount":0.0,"totalTax":4.08,"totalTaxable":47.2,"totalTaxCalculated":4.08,"adjustmentReason":"NotAdjusted","locked":false,"version":1,"exchangeRateEffectiveDate":"2021-01-25","exchangeRate":1.0,"modifiedDate":"2021-01-25T15:18:11.4500031Z","modifiedUserId":231879,"taxDate":"2021-01-25T00:00:00Z","lines":[{"id":0,"transactionId":0,"lineNumber":"ca67023068969c7df100d80920400183","customerUsageType":"","entityUseCode":"","description":"Alconox","discountAmount":0.0,"exemptAmount":0.0,"exemptCertId":0,"exemptNo":"","isItemTaxable":true,"itemCode":"1104-1","lineAmount":47.200000000000003,"quantity":1.0,"ref1":"","ref2":"","reportingDate":"2021-01-25","tax":4.08,"taxableAmount":47.2,"taxCalculated":4.08,"taxCode":"P0000000","taxCodeId":4316,"taxDate":"2021-01-25","taxIncluded":false,"details":[{"id":0,"transactionLineId":0,"transactionId":0,"country":"US","region":"NY","exemptAmount":0.0,"jurisCode":"36","jurisName":"NEW YORK","stateAssignedNo":"","jurisType":"STA","jurisdictionType":"State","nonTaxableAmount":0.0,"rate":0.040000,"tax":1.89,"taxableAmount":47.2,"taxType":"Sales","taxSubTypeId":"S","taxName":"NY STATE TAX","taxAuthorityTypeId":45,"taxCalculated":1.89,"rateType":"General","rateTypeCode":"G","unitOfBasis":"PerCurrencyUnit","isNonPassThru":false,"isFee":false,"reportingTaxableUnits":47.2,"reportingNonTaxableUnits":0.0,"reportingExemptUnits":0.0,"reportingTax":1.89,"reportingTaxCalculated":1.89,"liabilityType":"Seller"},{"id":0,"transactionLineId":0,"transactionId":0,"country":"US","region":"NY","exemptAmount":0.0,"jurisCode":"103","jurisName":"SUFFOLK","stateAssignedNo":"SU 4711","jurisType":"CTY","jurisdictionType":"County","nonTaxableAmount":0.0,"rate":0.042500,"tax":2.01,"taxableAmount":47.2,"taxType":"Sales","taxSubTypeId":"S","taxName":"NY COUNTY TAX","taxAuthorityTypeId":45,"taxCalculated":2.01,"rateType":"General","rateTypeCode":"G","unitOfBasis":"PerCurrencyUnit","isNonPassThru":false,"isFee":false,"reportingTaxableUnits":47.2,"reportingNonTaxableUnits":0.0,"reportingExemptUnits":0.0,"reportingTax":2.01,"reportingTaxCalculated":2.01,"liabilityType":"Seller"},{"id":0,"transactionLineId":0,"transactionId":0,"country":"US","region":"NY","exemptAmount":0.0,"jurisCode":"359079","jurisName":"SUFFOLK CO TRANSIT DISTRICT","stateAssignedNo":"SU 4711","jurisType":"STJ","jurisdictionType":"Special","nonTaxableAmount":0.0,"rate":0.003750,"tax":0.18,"taxableAmount":47.2,"taxType":"Sales","taxSubTypeId":"S","taxName":"NY SPECIAL TAX","taxAuthorityTypeId":45,"taxCalculated":0.18,"rateType":"General","rateTypeCode":"G","unitOfBasis":"PerCurrencyUnit","isNonPassThru":false,"isFee":false,"reportingTaxableUnits":47.2,"reportingNonTaxableUnits":0.0,"reportingExemptUnits":0.0,"reportingTax":0.18,"reportingTaxCalculated":0.18,"liabilityType":"Seller"}],"nonPassthroughDetails":[],"hsCode":"","costInsuranceFreight":0.0,"vatCode":"","vatNumberTypeId":0},{"id":0,"transactionId":0,"lineNumber":"shipping_0","customerUsageType":"","entityUseCode":"","description":"Use My Shipping Account","discountAmount":0.0,"exemptAmount":0.0,"exemptCertId":0,"exemptNo":"","isItemTaxable":false,"itemCode":"use-my-shipping-account","lineAmount":0.0,"quantity":1.0,"ref1":"","ref2":"","reportingDate":"2021-01-25","tax":0.0,"taxableAmount":0.0,"taxCalculated":0.0,"taxCode":"FR","taxCodeId":7119,"taxDate":"2021-01-25","taxIncluded":false,"details":[{"id":0,"transactionLineId":0,"transactionId":0,"country":"US","region":"NY","exemptAmount":0.0,"jurisCode":"36","jurisName":"NEW YORK","stateAssignedNo":"","jurisType":"STA","jurisdictionType":"State","nonTaxableAmount":0.0,"rate":0.040000,"tax":0.0,"taxableAmount":0.0,"taxType":"Sales","taxSubTypeId":"S","taxName":"NY STATE TAX","taxAuthorityTypeId":45,"taxCalculated":0.0,"rateType":"General","rateTypeCode":"G","unitOfBasis":"PerCurrencyUnit","isNonPassThru":false,"isFee":false,"reportingTaxableUnits":0.0,"reportingNonTaxableUnits":0.0,"reportingExemptUnits":0.0,"reportingTax":0.0,"reportingTaxCalculated":0.0,"liabilityType":"Seller"},{"id":0,"transactionLineId":0,"transactionId":0,"country":"US","region":"NY","exemptAmount":0.0,"jurisCode":"103","jurisName":"SUFFOLK","stateAssignedNo":"SU 4711","jurisType":"CTY","jurisdictionType":"County","nonTaxableAmount":0.0,"rate":0.042500,"tax":0.0,"taxableAmount":0.0,"taxType":"Sales","taxSubTypeId":"S","taxName":"NY COUNTY TAX","taxAuthorityTypeId":45,"taxCalculated":0.0,"rateType":"General","rateTypeCode":"G","unitOfBasis":"PerCurrencyUnit","isNonPassThru":false,"isFee":false,"reportingTaxableUnits":0.0,"reportingNonTaxableUnits":0.0,"reportingExemptUnits":0.0,"reportingTax":0.0,"reportingTaxCalculated":0.0,"liabilityType":"Seller"},{"id":0,"transactionLineId":0,"transactionId":0,"country":"US","region":"NY","exemptAmount":0.0,"jurisCode":"359079","jurisName":"SUFFOLK CO TRANSIT DISTRICT","stateAssignedNo":"SU 4711","jurisType":"STJ","jurisdictionType":"Special","nonTaxableAmount":0.0,"rate":0.003750,"tax":0.0,"taxableAmount":0.0,"taxType":"Sales","taxSubTypeId":"S","taxName":"NY SPECIAL TAX","taxAuthorityTypeId":45,"taxCalculated":0.0,"rateType":"General","rateTypeCode":"G","unitOfBasis":"PerCurrencyUnit","isNonPassThru":false,"isFee":false,"reportingTaxableUnits":0.0,"reportingNonTaxableUnits":0.0,"reportingExemptUnits":0.0,"reportingTax":0.0,"reportingTaxCalculated":0.0,"liabilityType":"Seller"}],"nonPassthroughDetails":[],"hsCode":"","costInsuranceFreight":0.0,"vatCode":"","vatNumberTypeId":0}],"addresses":[{"id":0,"transactionId":0,"boundaryLevel":"Address","line1":"85 Corporate Drive","line2":"","line3":"","city":"Holtsville","region":"NY","postalCode":"11742","country":"US","taxRegionId":4002435,"latitude":"40.806542","longitude":"-73.037976"},{"id":0,"transactionId":0,"boundaryLevel":"Address","line1":"30 GLENN ST","line2":"","line3":"","city":"WHITE PLAINS","region":"NY","postalCode":"10603-3254","country":"US","taxRegionId":2090237,"latitude":"41.050608","longitude":"-73.771383"}],"summary":[{"country":"US","region":"NY","jurisType":"State","jurisCode":"36","jurisName":"NEW YORK","taxAuthorityType":45,"stateAssignedNo":"","taxType":"Sales","taxSubType":"S","taxName":"NY STATE TAX","rateType":"General","taxable":47.2,"rate":0.040000,"tax":1.89,"taxCalculated":1.89,"nonTaxable":0.0,"exemption":0.0},{"country":"US","region":"NY","jurisType":"County","jurisCode":"103","jurisName":"SUFFOLK","taxAuthorityType":45,"stateAssignedNo":"SU 4711","taxType":"Sales","taxSubType":"S","taxName":"NY COUNTY TAX","rateType":"General","taxable":47.2,"rate":0.042500,"tax":2.01,"taxCalculated":2.01,"nonTaxable":0.0,"exemption":0.0},{"country":"US","region":"NY","jurisType":"Special","jurisCode":"359079","jurisName":"SUFFOLK CO TRANSIT DISTRICT","taxAuthorityType":45,"stateAssignedNo":"SU 4711","taxType":"Sales","taxSubType":"S","taxName":"NY SPECIAL TAX","rateType":"General","taxable":47.2,"rate":0.003750,"tax":0.18,"taxCalculated":0.18,"nonTaxable":0.0,"exemption":0.0}]}

01-25-2021 @ 10:18:34 - Request
Request
method: GET
uri: https://rest.avatax.com/api/v2/taxrates/byaddress?line1=&line2=&city=Holtsville&region=NY&country=US&postalCode=11742
user-agent: WooCommerce-AvaTax/1.11.0 (WooCommerce/4.8.0; WordPress/5.6)
headers: Array
(
    [content-type] => application/json
    [accept] => application/json
    [Authorization] => ******************************************
    [X-Avalara-Client] => WCSkyVerge RESTv2;REST;REST;v2;AlconoxInc
    [X-Avalara-UID] => a0o33000004goTr
)
body:
duration: 0.32652s

01-25-2021 @ 10:18:34 - Response
Response
code: 200
message: OK
headers: Array
(
    [date] => Mon, 25 Jan 2021 15:18:34 GMT
    [content-type] => application/json; charset=utf-8
    [content-length] => 203
    [x-content-type-options] => nosniff
    [serverduration] => 00:00:00.0009668
    [databasecalls] => 0
    [databaseduration] => 00:00:00
    [serviceduration] => 00:00:00
)
body: {"totalRate":0.086250,"rates":[{"rate":0.040000,"name":"NY STATE TAX","type":"State"},{"rate":0.042500,"name":"NY COUNTY TAX","type":"County"},{"rate":0.003750,"name":"NY SPECIAL TAX","type":"Special"}]}

01-25-2021 @ 10:18:34 - Request
Request
method: POST
uri: https://rest.avatax.com/api/v2/transactions/create
user-agent: WooCommerce-AvaTax/1.11.0 (WooCommerce/4.8.0; WordPress/5.6)
headers: Array
(
    [content-type] => application/json
    [accept] => application/json
    [Authorization] => ******************************************
    [X-Avalara-Client] => WCSkyVerge RESTv2;REST;REST;v2;AlconoxInc
    [X-Avalara-UID] => a0o33000004goTr
)
body: {"code":"","companyCode":"ALC","customerCode":"ffarbizio@koehlerinstrument.com","currencyCode":"USD","date":"2021-01-25","lines":[{"number":"ca67023068969c7df100d80920400183","itemCode":"1104-1","taxCode":"P0000000","description":"Alconox","quantity":1,"amount":47.200000000000003},{"number":"shipping_0","itemCode":"use-my-shipping-account","taxCode":"FR","description":"Use My Shipping Account","quantity":1}],"addresses":{"shipFrom":{"line1":"30 GLENN ST","line2":"","city":"WHITE PLAINS","region":"NY","country":"US","postalCode":"10603-3254"},"shipTo":{"line1":"85 Corporate Drive","line2":"","city":"Holtsville","region":"NY","country":"US","postalCode":"11742"}},"type":"SalesOrder","commit":false}
duration: 0.33761s

01-25-2021 @ 10:18:34 - Response
Response
code: 201
message: Created
headers: Array
(
    [date] => Mon, 25 Jan 2021 15:18:34 GMT
    [content-type] => application/json; charset=utf-8
    [server] => Kestrel
    [content-encoding] => br
    [location] => /api/v2/companies/207925/transactions/0
    [vary] => Accept-Encoding
    [serverduration] => 00:00:00.0393929
)
body: {"id":0,"code":"c6711ad2-176c-432b-abb9-ddeadb507149","companyId":207925,"date":"2021-01-25","paymentDate":"2021-01-25","status":"Temporary","type":"SalesOrder","batchCode":"","currencyCode":"USD","exchangeRateCurrencyCode":"USD","customerUsageType":"","entityUseCode":"","customerVendorCode":"ffarbizio@koehlerinstrument.com","customerCode":"ffarbizio@koehlerinstrument.com","exemptNo":"","reconciled":false,"locationCode":"","reportingLocationCode":"","purchaseOrderNo":"","referenceCode":"","salespersonCode":"","totalAmount":47.2,"totalExempt":0.0,"totalDiscount":0.0,"totalTax":4.08,"totalTaxable":47.2,"totalTaxCalculated":4.08,"adjustmentReason":"NotAdjusted","locked":false,"version":1,"exchangeRateEffectiveDate":"2021-01-25","exchangeRate":1.0,"modifiedDate":"2021-01-25T15:18:34.696816Z","modifiedUserId":231879,"taxDate":"2021-01-25T00:00:00Z","lines":[{"id":0,"transactionId":0,"lineNumber":"ca67023068969c7df100d80920400183","customerUsageType":"","entityUseCode":"","description":"Alconox","discountAmount":0.0,"exemptAmount":0.0,"exemptCertId":0,"exemptNo":"","isItemTaxable":true,"itemCode":"1104-1","lineAmount":47.200000000000003,"quantity":1.0,"ref1":"","ref2":"","reportingDate":"2021-01-25","tax":4.08,"taxableAmount":47.2,"taxCalculated":4.08,"taxCode":"P0000000","taxCodeId":4316,"taxDate":"2021-01-25","taxIncluded":false,"details":[{"id":0,"transactionLineId":0,"transactionId":0,"country":"US","region":"NY","exemptAmount":0.0,"jurisCode":"36","jurisName":"NEW YORK","stateAssignedNo":"","jurisType":"STA","jurisdictionType":"State","nonTaxableAmount":0.0,"rate":0.040000,"tax":1.89,"taxableAmount":47.2,"taxType":"Sales","taxSubTypeId":"S","taxName":"NY STATE TAX","taxAuthorityTypeId":45,"taxCalculated":1.89,"rateType":"General","rateTypeCode":"G","unitOfBasis":"PerCurrencyUnit","isNonPassThru":false,"isFee":false,"reportingTaxableUnits":47.2,"reportingNonTaxableUnits":0.0,"reportingExemptUnits":0.0,"reportingTax":1.89,"reportingTaxCalculated":1.89,"liabilityType":"Seller"},{"id":0,"transactionLineId":0,"transactionId":0,"country":"US","region":"NY","exemptAmount":0.0,"jurisCode":"103","jurisName":"SUFFOLK","stateAssignedNo":"SU 4711","jurisType":"CTY","jurisdictionType":"County","nonTaxableAmount":0.0,"rate":0.042500,"tax":2.01,"taxableAmount":47.2,"taxType":"Sales","taxSubTypeId":"S","taxName":"NY COUNTY TAX","taxAuthorityTypeId":45,"taxCalculated":2.01,"rateType":"General","rateTypeCode":"G","unitOfBasis":"PerCurrencyUnit","isNonPassThru":false,"isFee":false,"reportingTaxableUnits":47.2,"reportingNonTaxableUnits":0.0,"reportingExemptUnits":0.0,"reportingTax":2.01,"reportingTaxCalculated":2.01,"liabilityType":"Seller"},{"id":0,"transactionLineId":0,"transactionId":0,"country":"US","region":"NY","exemptAmount":0.0,"jurisCode":"359079","jurisName":"SUFFOLK CO TRANSIT DISTRICT","stateAssignedNo":"SU 4711","jurisType":"STJ","jurisdictionType":"Special","nonTaxableAmount":0.0,"rate":0.003750,"tax":0.18,"taxableAmount":47.2,"taxType":"Sales","taxSubTypeId":"S","taxName":"NY SPECIAL TAX","taxAuthorityTypeId":45,"taxCalculated":0.18,"rateType":"General","rateTypeCode":"G","unitOfBasis":"PerCurrencyUnit","isNonPassThru":false,"isFee":false,"reportingTaxableUnits":47.2,"reportingNonTaxableUnits":0.0,"reportingExemptUnits":0.0,"reportingTax":0.18,"reportingTaxCalculated":0.18,"liabilityType":"Seller"}],"nonPassthroughDetails":[],"hsCode":"","costInsuranceFreight":0.0,"vatCode":"","vatNumberTypeId":0},{"id":0,"transactionId":0,"lineNumber":"shipping_0","customerUsageType":"","entityUseCode":"","description":"Use My Shipping Account","discountAmount":0.0,"exemptAmount":0.0,"exemptCertId":0,"exemptNo":"","isItemTaxable":false,"itemCode":"use-my-shipping-account","lineAmount":0.0,"quantity":1.0,"ref1":"","ref2":"","reportingDate":"2021-01-25","tax":0.0,"taxableAmount":0.0,"taxCalculated":0.0,"taxCode":"FR","taxCodeId":7119,"taxDate":"2021-01-25","taxIncluded":false,"details":[{"id":0,"transactionLineId":0,"transactionId":0,"country":"US","region":"NY","exemptAmount":0.0,"jurisCode":"36","jurisName":"NEW YORK","stateAssignedNo":"","jurisType":"STA","jurisdictionType":"State","nonTaxableAmount":0.0,"rate":0.040000,"tax":0.0,"taxableAmount":0.0,"taxType":"Sales","taxSubTypeId":"S","taxName":"NY STATE TAX","taxAuthorityTypeId":45,"taxCalculated":0.0,"rateType":"General","rateTypeCode":"G","unitOfBasis":"PerCurrencyUnit","isNonPassThru":false,"isFee":false,"reportingTaxableUnits":0.0,"reportingNonTaxableUnits":0.0,"reportingExemptUnits":0.0,"reportingTax":0.0,"reportingTaxCalculated":0.0,"liabilityType":"Seller"},{"id":0,"transactionLineId":0,"transactionId":0,"country":"US","region":"NY","exemptAmount":0.0,"jurisCode":"103","jurisName":"SUFFOLK","stateAssignedNo":"SU 4711","jurisType":"CTY","jurisdictionType":"County","nonTaxableAmount":0.0,"rate":0.042500,"tax":0.0,"taxableAmount":0.0,"taxType":"Sales","taxSubTypeId":"S","taxName":"NY COUNTY TAX","taxAuthorityTypeId":45,"taxCalculated":0.0,"rateType":"General","rateTypeCode":"G","unitOfBasis":"PerCurrencyUnit","isNonPassThru":false,"isFee":false,"reportingTaxableUnits":0.0,"reportingNonTaxableUnits":0.0,"reportingExemptUnits":0.0,"reportingTax":0.0,"reportingTaxCalculated":0.0,"liabilityType":"Seller"},{"id":0,"transactionLineId":0,"transactionId":0,"country":"US","region":"NY","exemptAmount":0.0,"jurisCode":"359079","jurisName":"SUFFOLK CO TRANSIT DISTRICT","stateAssignedNo":"SU 4711","jurisType":"STJ","jurisdictionType":"Special","nonTaxableAmount":0.0,"rate":0.003750,"tax":0.0,"taxableAmount":0.0,"taxType":"Sales","taxSubTypeId":"S","taxName":"NY SPECIAL TAX","taxAuthorityTypeId":45,"taxCalculated":0.0,"rateType":"General","rateTypeCode":"G","unitOfBasis":"PerCurrencyUnit","isNonPassThru":false,"isFee":false,"reportingTaxableUnits":0.0,"reportingNonTaxableUnits":0.0,"reportingExemptUnits":0.0,"reportingTax":0.0,"reportingTaxCalculated":0.0,"liabilityType":"Seller"}],"nonPassthroughDetails":[],"hsCode":"","costInsuranceFreight":0.0,"vatCode":"","vatNumberTypeId":0}],"addresses":[{"id":0,"transactionId":0,"boundaryLevel":"Address","line1":"85 Corporate Drive","line2":"","line3":"","city":"Holtsville","region":"NY","postalCode":"11742","country":"US","taxRegionId":4002435,"latitude":"40.806542","longitude":"-73.037976"},{"id":0,"transactionId":0,"boundaryLevel":"Address","line1":"30 GLENN ST","line2":"","line3":"","city":"WHITE PLAINS","region":"NY","postalCode":"10603-3254","country":"US","taxRegionId":2090237,"latitude":"41.050608","longitude":"-73.771383"}],"summary":[{"country":"US","region":"NY","jurisType":"State","jurisCode":"36","jurisName":"NEW YORK","taxAuthorityType":45,"stateAssignedNo":"","taxType":"Sales","taxSubType":"S","taxName":"NY STATE TAX","rateType":"General","taxable":47.2,"rate":0.040000,"tax":1.89,"taxCalculated":1.89,"nonTaxable":0.0,"exemption":0.0},{"country":"US","region":"NY","jurisType":"County","jurisCode":"103","jurisName":"SUFFOLK","taxAuthorityType":45,"stateAssignedNo":"SU 4711","taxType":"Sales","taxSubType":"S","taxName":"NY COUNTY TAX","rateType":"General","taxable":47.2,"rate":0.042500,"tax":2.01,"taxCalculated":2.01,"nonTaxable":0.0,"exemption":0.0},{"country":"US","region":"NY","jurisType":"Special","jurisCode":"359079","jurisName":"SUFFOLK CO TRANSIT DISTRICT","taxAuthorityType":45,"stateAssignedNo":"SU 4711","taxType":"Sales","taxSubType":"S","taxName":"NY SPECIAL TAX","rateType":"General","taxable":47.2,"rate":0.003750,"tax":0.18,"taxCalculated":0.18,"nonTaxable":0.0,"exemption":0.0}]}

01-25-2021 @ 10:18:53 - Request
Request
method: GET
uri: https://rest.avatax.com/api/v2/taxrates/byaddress?line1=&line2=&city=Bohemia&region=NY&country=US&postalCode=11716
user-agent: WooCommerce-AvaTax/1.11.0 (WooCommerce/4.8.0; WordPress/5.6)
headers: Array
(
    [content-type] => application/json
    [accept] => application/json
    [Authorization] => ******************************************
    [X-Avalara-Client] => WCSkyVerge RESTv2;REST;REST;v2;AlconoxInc
    [X-Avalara-UID] => a0o33000004goTr
)
body:
duration: 0.31153s

01-25-2021 @ 10:18:53 - Response
Response
code: 200
message: OK
headers: Array
(
    [date] => Mon, 25 Jan 2021 15:18:53 GMT
    [content-type] => application/json; charset=utf-8
    [content-length] => 203
    [x-content-type-options] => nosniff
    [serverduration] => 00:00:00.0189034
    [databasecalls] => 0
    [databaseduration] => 00:00:00
    [serviceduration] => 00:00:00
)
body: {"totalRate":0.086250,"rates":[{"rate":0.040000,"name":"NY STATE TAX","type":"State"},{"rate":0.042500,"name":"NY COUNTY TAX","type":"County"},{"rate":0.003750,"name":"NY SPECIAL TAX","type":"Special"}]}

01-25-2021 @ 10:18:56 - Request
Request
method: POST
uri: https://rest.avatax.com/api/v2/transactions/create
user-agent: WooCommerce-AvaTax/1.11.0 (WooCommerce/4.8.0; WordPress/5.6)
headers: Array
(
    [content-type] => application/json
    [accept] => application/json
    [Authorization] => ******************************************
    [X-Avalara-Client] => WCSkyVerge RESTv2;REST;REST;v2;AlconoxInc
    [X-Avalara-UID] => a0o33000004goTr
)
body: {"code":"","companyCode":"ALC","customerCode":"ffarbizio@koehlerinstrument.com","currencyCode":"USD","date":"2021-01-25","lines":[{"number":"ca67023068969c7df100d80920400183","itemCode":"1104-1","taxCode":"P0000000","description":"Alconox","quantity":1,"amount":47.200000000000003},{"number":"shipping_0","itemCode":"use-my-shipping-account","taxCode":"FR","description":"Use My Shipping Account","quantity":1}],"addresses":{"shipFrom":{"line1":"30 GLENN ST","line2":"","city":"WHITE PLAINS","region":"NY","country":"US","postalCode":"10603-3254"},"shipTo":{"line1":"1595 Sycamore Ave","line2":"","city":"Bohemia","region":"NY","country":"US","postalCode":"11716"}},"type":"SalesOrder","commit":false}
duration: 0.32874s

01-25-2021 @ 10:18:56 - Response
Response
code: 201
message: Created
headers: Array
(
    [date] => Mon, 25 Jan 2021 15:18:56 GMT
    [content-type] => application/json; charset=utf-8
    [server] => Kestrel
    [content-encoding] => br
    [location] => /api/v2/companies/207925/transactions/0
    [vary] => Accept-Encoding
    [serverduration] => 00:00:00.0409692
)
body: {"id":0,"code":"38b11d7d-5b10-40ee-82b1-236aa5f131f4","companyId":207925,"date":"2021-01-25","paymentDate":"2021-01-25","status":"Temporary","type":"SalesOrder","batchCode":"","currencyCode":"USD","exchangeRateCurrencyCode":"USD","customerUsageType":"","entityUseCode":"","customerVendorCode":"ffarbizio@koehlerinstrument.com","customerCode":"ffarbizio@koehlerinstrument.com","exemptNo":"","reconciled":false,"locationCode":"","reportingLocationCode":"","purchaseOrderNo":"","referenceCode":"","salespersonCode":"","totalAmount":47.2,"totalExempt":0.0,"totalDiscount":0.0,"totalTax":4.08,"totalTaxable":47.2,"totalTaxCalculated":4.08,"adjustmentReason":"NotAdjusted","locked":false,"version":1,"exchangeRateEffectiveDate":"2021-01-25","exchangeRate":1.0,"modifiedDate":"2021-01-25T15:18:56.4715845Z","modifiedUserId":231879,"taxDate":"2021-01-25T00:00:00Z","lines":[{"id":0,"transactionId":0,"lineNumber":"ca67023068969c7df100d80920400183","customerUsageType":"","entityUseCode":"","description":"Alconox","discountAmount":0.0,"exemptAmount":0.0,"exemptCertId":0,"exemptNo":"","isItemTaxable":true,"itemCode":"1104-1","lineAmount":47.200000000000003,"quantity":1.0,"ref1":"","ref2":"","reportingDate":"2021-01-25","tax":4.08,"taxableAmount":47.2,"taxCalculated":4.08,"taxCode":"P0000000","taxCodeId":4316,"taxDate":"2021-01-25","taxIncluded":false,"details":[{"id":0,"transactionLineId":0,"transactionId":0,"country":"US","region":"NY","exemptAmount":0.0,"jurisCode":"36","jurisName":"NEW YORK","stateAssignedNo":"","jurisType":"STA","jurisdictionType":"State","nonTaxableAmount":0.0,"rate":0.040000,"tax":1.89,"taxableAmount":47.2,"taxType":"Sales","taxSubTypeId":"S","taxName":"NY STATE TAX","taxAuthorityTypeId":45,"taxCalculated":1.89,"rateType":"General","rateTypeCode":"G","unitOfBasis":"PerCurrencyUnit","isNonPassThru":false,"isFee":false,"reportingTaxableUnits":47.2,"reportingNonTaxableUnits":0.0,"reportingExemptUnits":0.0,"reportingTax":1.89,"reportingTaxCalculated":1.89,"liabilityType":"Seller"},{"id":0,"transactionLineId":0,"transactionId":0,"country":"US","region":"NY","exemptAmount":0.0,"jurisCode":"103","jurisName":"SUFFOLK","stateAssignedNo":"SU 4711","jurisType":"CTY","jurisdictionType":"County","nonTaxableAmount":0.0,"rate":0.042500,"tax":2.01,"taxableAmount":47.2,"taxType":"Sales","taxSubTypeId":"S","taxName":"NY COUNTY TAX","taxAuthorityTypeId":45,"taxCalculated":2.01,"rateType":"General","rateTypeCode":"G","unitOfBasis":"PerCurrencyUnit","isNonPassThru":false,"isFee":false,"reportingTaxableUnits":47.2,"reportingNonTaxableUnits":0.0,"reportingExemptUnits":0.0,"reportingTax":2.01,"reportingTaxCalculated":2.01,"liabilityType":"Seller"},{"id":0,"transactionLineId":0,"transactionId":0,"country":"US","region":"NY","exemptAmount":0.0,"jurisCode":"359079","jurisName":"SUFFOLK CO TRANSIT DISTRICT","stateAssignedNo":"SU 4711","jurisType":"STJ","jurisdictionType":"Special","nonTaxableAmount":0.0,"rate":0.003750,"tax":0.18,"taxableAmount":47.2,"taxType":"Sales","taxSubTypeId":"S","taxName":"NY SPECIAL TAX","taxAuthorityTypeId":45,"taxCalculated":0.18,"rateType":"General","rateTypeCode":"G","unitOfBasis":"PerCurrencyUnit","isNonPassThru":false,"isFee":false,"reportingTaxableUnits":47.2,"reportingNonTaxableUnits":0.0,"reportingExemptUnits":0.0,"reportingTax":0.18,"reportingTaxCalculated":0.18,"liabilityType":"Seller"}],"nonPassthroughDetails":[],"hsCode":"","costInsuranceFreight":0.0,"vatCode":"","vatNumberTypeId":0},{"id":0,"transactionId":0,"lineNumber":"shipping_0","customerUsageType":"","entityUseCode":"","description":"Use My Shipping Account","discountAmount":0.0,"exemptAmount":0.0,"exemptCertId":0,"exemptNo":"","isItemTaxable":false,"itemCode":"use-my-shipping-account","lineAmount":0.0,"quantity":1.0,"ref1":"","ref2":"","reportingDate":"2021-01-25","tax":0.0,"taxableAmount":0.0,"taxCalculated":0.0,"taxCode":"FR","taxCodeId":7119,"taxDate":"2021-01-25","taxIncluded":false,"details":[{"id":0,"transactionLineId":0,"transactionId":0,"country":"US","region":"NY","exemptAmount":0.0,"jurisCode":"36","jurisName":"NEW YORK","stateAssignedNo":"","jurisType":"STA","jurisdictionType":"State","nonTaxableAmount":0.0,"rate":0.040000,"tax":0.0,"taxableAmount":0.0,"taxType":"Sales","taxSubTypeId":"S","taxName":"NY STATE TAX","taxAuthorityTypeId":45,"taxCalculated":0.0,"rateType":"General","rateTypeCode":"G","unitOfBasis":"PerCurrencyUnit","isNonPassThru":false,"isFee":false,"reportingTaxableUnits":0.0,"reportingNonTaxableUnits":0.0,"reportingExemptUnits":0.0,"reportingTax":0.0,"reportingTaxCalculated":0.0,"liabilityType":"Seller"},{"id":0,"transactionLineId":0,"transactionId":0,"country":"US","region":"NY","exemptAmount":0.0,"jurisCode":"103","jurisName":"SUFFOLK","stateAssignedNo":"SU 4711","jurisType":"CTY","jurisdictionType":"County","nonTaxableAmount":0.0,"rate":0.042500,"tax":0.0,"taxableAmount":0.0,"taxType":"Sales","taxSubTypeId":"S","taxName":"NY COUNTY TAX","taxAuthorityTypeId":45,"taxCalculated":0.0,"rateType":"General","rateTypeCode":"G","unitOfBasis":"PerCurrencyUnit","isNonPassThru":false,"isFee":false,"reportingTaxableUnits":0.0,"reportingNonTaxableUnits":0.0,"reportingExemptUnits":0.0,"reportingTax":0.0,"reportingTaxCalculated":0.0,"liabilityType":"Seller"},{"id":0,"transactionLineId":0,"transactionId":0,"country":"US","region":"NY","exemptAmount":0.0,"jurisCode":"359079","jurisName":"SUFFOLK CO TRANSIT DISTRICT","stateAssignedNo":"SU 4711","jurisType":"STJ","jurisdictionType":"Special","nonTaxableAmount":0.0,"rate":0.003750,"tax":0.0,"taxableAmount":0.0,"taxType":"Sales","taxSubTypeId":"S","taxName":"NY SPECIAL TAX","taxAuthorityTypeId":45,"taxCalculated":0.0,"rateType":"General","rateTypeCode":"G","unitOfBasis":"PerCurrencyUnit","isNonPassThru":false,"isFee":false,"reportingTaxableUnits":0.0,"reportingNonTaxableUnits":0.0,"reportingExemptUnits":0.0,"reportingTax":0.0,"reportingTaxCalculated":0.0,"liabilityType":"Seller"}],"nonPassthroughDetails":[],"hsCode":"","costInsuranceFreight":0.0,"vatCode":"","vatNumberTypeId":0}],"addresses":[{"id":0,"transactionId":0,"boundaryLevel":"Address","line1":"1595 Sycamore Ave","line2":"","line3":"","city":"Bohemia","region":"NY","postalCode":"11716","country":"US","taxRegionId":4002424,"latitude":"40.782208","longitude":"-73.123612"},{"id":0,"transactionId":0,"boundaryLevel":"Address","line1":"30 GLENN ST","line2":"","line3":"","city":"WHITE PLAINS","region":"NY","postalCode":"10603-3254","country":"US","taxRegionId":2090237,"latitude":"41.050608","longitude":"-73.771383"}],"summary":[{"country":"US","region":"NY","jurisType":"State","jurisCode":"36","jurisName":"NEW YORK","taxAuthorityType":45,"stateAssignedNo":"","taxType":"Sales","taxSubType":"S","taxName":"NY STATE TAX","rateType":"General","taxable":47.2,"rate":0.040000,"tax":1.89,"taxCalculated":1.89,"nonTaxable":0.0,"exemption":0.0},{"country":"US","region":"NY","jurisType":"County","jurisCode":"103","jurisName":"SUFFOLK","taxAuthorityType":45,"stateAssignedNo":"SU 4711","taxType":"Sales","taxSubType":"S","taxName":"NY COUNTY TAX","rateType":"General","taxable":47.2,"rate":0.042500,"tax":2.01,"taxCalculated":2.01,"nonTaxable":0.0,"exemption":0.0},{"country":"US","region":"NY","jurisType":"Special","jurisCode":"359079","jurisName":"SUFFOLK CO TRANSIT DISTRICT","taxAuthorityType":45,"stateAssignedNo":"SU 4711","taxType":"Sales","taxSubType":"S","taxName":"NY SPECIAL TAX","rateType":"General","taxable":47.2,"rate":0.003750,"tax":0.18,"taxCalculated":0.18,"nonTaxable":0.0,"exemption":0.0}]}

01-25-2021 @ 10:21:59 - Request
Request
method: GET
uri: https://rest.avatax.com/api/v2/taxrates/byaddress?line1=&line2=&city=Bohemia&region=NY&country=US&postalCode=11716
user-agent: WooCommerce-AvaTax/1.11.0 (WooCommerce/4.8.0; WordPress/5.6)
headers: Array
(
    [content-type] => application/json
    [accept] => application/json
    [Authorization] => ******************************************
    [X-Avalara-Client] => WCSkyVerge RESTv2;REST;REST;v2;AlconoxInc
    [X-Avalara-UID] => a0o33000004goTr
)
body:
duration: 0.29222s

01-25-2021 @ 10:21:59 - Response
Response
code: 200
message: OK
headers: Array
(
    [date] => Mon, 25 Jan 2021 15:21:59 GMT
    [content-type] => application/json; charset=utf-8
    [content-length] => 203
    [x-content-type-options] => nosniff
    [serverduration] => 00:00:00.0011164
    [databasecalls] => 0
    [databaseduration] => 00:00:00
    [serviceduration] => 00:00:00
)
body: {"totalRate":0.086250,"rates":[{"rate":0.040000,"name":"NY STATE TAX","type":"State"},{"rate":0.042500,"name":"NY COUNTY TAX","type":"County"},{"rate":0.003750,"name":"NY SPECIAL TAX","type":"Special"}]}

01-25-2021 @ 10:22:00 - Request
Request
method: POST
uri: https://rest.avatax.com/api/v2/transactions/create
user-agent: WooCommerce-AvaTax/1.11.0 (WooCommerce/4.8.0; WordPress/5.6)
headers: Array
(
    [content-type] => application/json
    [accept] => application/json
    [Authorization] => ******************************************
    [X-Avalara-Client] => WCSkyVerge RESTv2;REST;REST;v2;AlconoxInc
    [X-Avalara-UID] => a0o33000004goTr
)
body: {"code":"","companyCode":"ALC","customerCode":"ffarbizio@koehlerinstrument.com","currencyCode":"USD","date":"2021-01-25","lines":[{"number":"ca67023068969c7df100d80920400183","itemCode":"1104-1","taxCode":"P0000000","description":"Alconox","quantity":1,"amount":47.200000000000003},{"number":"shipping_0","itemCode":"use-my-shipping-account","taxCode":"FR","description":"Use My Shipping Account","quantity":1}],"addresses":{"shipFrom":{"line1":"30 GLENN ST","line2":"","city":"WHITE PLAINS","region":"NY","country":"US","postalCode":"10603-3254"},"shipTo":{"line1":"1595 Sycamore Ave","line2":"","city":"Bohemia","region":"NY","country":"US","postalCode":"11716"}},"type":"SalesOrder","commit":false}
duration: 0.3562s

01-25-2021 @ 10:22:00 - Response
Response
code: 201
message: Created
headers: Array
(
    [date] => Mon, 25 Jan 2021 15:22:00 GMT
    [content-type] => application/json; charset=utf-8
    [server] => Kestrel
    [content-encoding] => br
    [location] => /api/v2/companies/207925/transactions/0
    [vary] => Accept-Encoding
    [serverduration] => 00:00:00.0340014
)
body: {"id":0,"code":"20268374-7142-4802-9801-0df77eb8b120","companyId":207925,"date":"2021-01-25","paymentDate":"2021-01-25","status":"Temporary","type":"SalesOrder","batchCode":"","currencyCode":"USD","exchangeRateCurrencyCode":"USD","customerUsageType":"","entityUseCode":"","customerVendorCode":"ffarbizio@koehlerinstrument.com","customerCode":"ffarbizio@koehlerinstrument.com","exemptNo":"","reconciled":false,"locationCode":"","reportingLocationCode":"","purchaseOrderNo":"","referenceCode":"","salespersonCode":"","totalAmount":47.2,"totalExempt":0.0,"totalDiscount":0.0,"totalTax":4.08,"totalTaxable":47.2,"totalTaxCalculated":4.08,"adjustmentReason":"NotAdjusted","locked":false,"version":1,"exchangeRateEffectiveDate":"2021-01-25","exchangeRate":1.0,"modifiedDate":"2021-01-25T15:22:00.1243422Z","modifiedUserId":231879,"taxDate":"2021-01-25T00:00:00Z","lines":[{"id":0,"transactionId":0,"lineNumber":"ca67023068969c7df100d80920400183","customerUsageType":"","entityUseCode":"","description":"Alconox","discountAmount":0.0,"exemptAmount":0.0,"exemptCertId":0,"exemptNo":"","isItemTaxable":true,"itemCode":"1104-1","lineAmount":47.200000000000003,"quantity":1.0,"ref1":"","ref2":"","reportingDate":"2021-01-25","tax":4.08,"taxableAmount":47.2,"taxCalculated":4.08,"taxCode":"P0000000","taxCodeId":4316,"taxDate":"2021-01-25","taxIncluded":false,"details":[{"id":0,"transactionLineId":0,"transactionId":0,"country":"US","region":"NY","exemptAmount":0.0,"jurisCode":"36","jurisName":"NEW YORK","stateAssignedNo":"","jurisType":"STA","jurisdictionType":"State","nonTaxableAmount":0.0,"rate":0.040000,"tax":1.89,"taxableAmount":47.2,"taxType":"Sales","taxSubTypeId":"S","taxName":"NY STATE TAX","taxAuthorityTypeId":45,"taxCalculated":1.89,"rateType":"General","rateTypeCode":"G","unitOfBasis":"PerCurrencyUnit","isNonPassThru":false,"isFee":false,"reportingTaxableUnits":47.2,"reportingNonTaxableUnits":0.0,"reportingExemptUnits":0.0,"reportingTax":1.89,"reportingTaxCalculated":1.89,"liabilityType":"Seller"},{"id":0,"transactionLineId":0,"transactionId":0,"country":"US","region":"NY","exemptAmount":0.0,"jurisCode":"103","jurisName":"SUFFOLK","stateAssignedNo":"SU 4711","jurisType":"CTY","jurisdictionType":"County","nonTaxableAmount":0.0,"rate":0.042500,"tax":2.01,"taxableAmount":47.2,"taxType":"Sales","taxSubTypeId":"S","taxName":"NY COUNTY TAX","taxAuthorityTypeId":45,"taxCalculated":2.01,"rateType":"General","rateTypeCode":"G","unitOfBasis":"PerCurrencyUnit","isNonPassThru":false,"isFee":false,"reportingTaxableUnits":47.2,"reportingNonTaxableUnits":0.0,"reportingExemptUnits":0.0,"reportingTax":2.01,"reportingTaxCalculated":2.01,"liabilityType":"Seller"},{"id":0,"transactionLineId":0,"transactionId":0,"country":"US","region":"NY","exemptAmount":0.0,"jurisCode":"359079","jurisName":"SUFFOLK CO TRANSIT DISTRICT","stateAssignedNo":"SU 4711","jurisType":"STJ","jurisdictionType":"Special","nonTaxableAmount":0.0,"rate":0.003750,"tax":0.18,"taxableAmount":47.2,"taxType":"Sales","taxSubTypeId":"S","taxName":"NY SPECIAL TAX","taxAuthorityTypeId":45,"taxCalculated":0.18,"rateType":"General","rateTypeCode":"G","unitOfBasis":"PerCurrencyUnit","isNonPassThru":false,"isFee":false,"reportingTaxableUnits":47.2,"reportingNonTaxableUnits":0.0,"reportingExemptUnits":0.0,"reportingTax":0.18,"reportingTaxCalculated":0.18,"liabilityType":"Seller"}],"nonPassthroughDetails":[],"hsCode":"","costInsuranceFreight":0.0,"vatCode":"","vatNumberTypeId":0},{"id":0,"transactionId":0,"lineNumber":"shipping_0","customerUsageType":"","entityUseCode":"","description":"Use My Shipping Account","discountAmount":0.0,"exemptAmount":0.0,"exemptCertId":0,"exemptNo":"","isItemTaxable":false,"itemCode":"use-my-shipping-account","lineAmount":0.0,"quantity":1.0,"ref1":"","ref2":"","reportingDate":"2021-01-25","tax":0.0,"taxableAmount":0.0,"taxCalculated":0.0,"taxCode":"FR","taxCodeId":7119,"taxDate":"2021-01-25","taxIncluded":false,"details":[{"id":0,"transactionLineId":0,"transactionId":0,"country":"US","region":"NY","exemptAmount":0.0,"jurisCode":"36","jurisName":"NEW YORK","stateAssignedNo":"","jurisType":"STA","jurisdictionType":"State","nonTaxableAmount":0.0,"rate":0.040000,"tax":0.0,"taxableAmount":0.0,"taxType":"Sales","taxSubTypeId":"S","taxName":"NY STATE TAX","taxAuthorityTypeId":45,"taxCalculated":0.0,"rateType":"General","rateTypeCode":"G","unitOfBasis":"PerCurrencyUnit","isNonPassThru":false,"isFee":false,"reportingTaxableUnits":0.0,"reportingNonTaxableUnits":0.0,"reportingExemptUnits":0.0,"reportingTax":0.0,"reportingTaxCalculated":0.0,"liabilityType":"Seller"},{"id":0,"transactionLineId":0,"transactionId":0,"country":"US","region":"NY","exemptAmount":0.0,"jurisCode":"103","jurisName":"SUFFOLK","stateAssignedNo":"SU 4711","jurisType":"CTY","jurisdictionType":"County","nonTaxableAmount":0.0,"rate":0.042500,"tax":0.0,"taxableAmount":0.0,"taxType":"Sales","taxSubTypeId":"S","taxName":"NY COUNTY TAX","taxAuthorityTypeId":45,"taxCalculated":0.0,"rateType":"General","rateTypeCode":"G","unitOfBasis":"PerCurrencyUnit","isNonPassThru":false,"isFee":false,"reportingTaxableUnits":0.0,"reportingNonTaxableUnits":0.0,"reportingExemptUnits":0.0,"reportingTax":0.0,"reportingTaxCalculated":0.0,"liabilityType":"Seller"},{"id":0,"transactionLineId":0,"transactionId":0,"country":"US","region":"NY","exemptAmount":0.0,"jurisCode":"359079","jurisName":"SUFFOLK CO TRANSIT DISTRICT","stateAssignedNo":"SU 4711","jurisType":"STJ","jurisdictionType":"Special","nonTaxableAmount":0.0,"rate":0.003750,"tax":0.0,"taxableAmount":0.0,"taxType":"Sales","taxSubTypeId":"S","taxName":"NY SPECIAL TAX","taxAuthorityTypeId":45,"taxCalculated":0.0,"rateType":"General","rateTypeCode":"G","unitOfBasis":"PerCurrencyUnit","isNonPassThru":false,"isFee":false,"reportingTaxableUnits":0.0,"reportingNonTaxableUnits":0.0,"reportingExemptUnits":0.0,"reportingTax":0.0,"reportingTaxCalculated":0.0,"liabilityType":"Seller"}],"nonPassthroughDetails":[],"hsCode":"","costInsuranceFreight":0.0,"vatCode":"","vatNumberTypeId":0}],"addresses":[{"id":0,"transactionId":0,"boundaryLevel":"Address","line1":"1595 Sycamore Ave","line2":"","line3":"","city":"Bohemia","region":"NY","postalCode":"11716","country":"US","taxRegionId":4002424,"latitude":"40.782208","longitude":"-73.123612"},{"id":0,"transactionId":0,"boundaryLevel":"Address","line1":"30 GLENN ST","line2":"","line3":"","city":"WHITE PLAINS","region":"NY","postalCode":"10603-3254","country":"US","taxRegionId":2090237,"latitude":"41.050608","longitude":"-73.771383"}],"summary":[{"country":"US","region":"NY","jurisType":"State","jurisCode":"36","jurisName":"NEW YORK","taxAuthorityType":45,"stateAssignedNo":"","taxType":"Sales","taxSubType":"S","taxName":"NY STATE TAX","rateType":"General","taxable":47.2,"rate":0.040000,"tax":1.89,"taxCalculated":1.89,"nonTaxable":0.0,"exemption":0.0},{"country":"US","region":"NY","jurisType":"County","jurisCode":"103","jurisName":"SUFFOLK","taxAuthorityType":45,"stateAssignedNo":"SU 4711","taxType":"Sales","taxSubType":"S","taxName":"NY COUNTY TAX","rateType":"General","taxable":47.2,"rate":0.042500,"tax":2.01,"taxCalculated":2.01,"nonTaxable":0.0,"exemption":0.0},{"country":"US","region":"NY","jurisType":"Special","jurisCode":"359079","jurisName":"SUFFOLK CO TRANSIT DISTRICT","taxAuthorityType":45,"stateAssignedNo":"SU 4711","taxType":"Sales","taxSubType":"S","taxName":"NY SPECIAL TAX","rateType":"General","taxable":47.2,"rate":0.003750,"tax":0.18,"taxCalculated":0.18,"nonTaxable":0.0,"exemption":0.0}]}

01-25-2021 @ 10:29:09 - Request
Request
method: GET
uri: https://rest.avatax.com/api/v2/taxrates/byaddress?line1=&line2=&city=Bohemia&region=NY&country=US&postalCode=11716
user-agent: WooCommerce-AvaTax/1.11.0 (WooCommerce/4.8.0; WordPress/5.6)
headers: Array
(
    [content-type] => application/json
    [accept] => application/json
    [Authorization] => ******************************************
    [X-Avalara-Client] => WCSkyVerge RESTv2;REST;REST;v2;AlconoxInc
    [X-Avalara-UID] => a0o33000004goTr
)
body:
duration: 0.33648s

01-25-2021 @ 10:29:09 - Response
Response
code: 200
message: OK
headers: Array
(
    [date] => Mon, 25 Jan 2021 15:29:09 GMT
    [content-type] => application/json; charset=utf-8
    [content-length] => 203
    [x-content-type-options] => nosniff
    [serverduration] => 00:00:00.0010531
    [databasecalls] => 0
    [databaseduration] => 00:00:00
    [serviceduration] => 00:00:00
)
body: {"totalRate":0.086250,"rates":[{"rate":0.040000,"name":"NY STATE TAX","type":"State"},{"rate":0.042500,"name":"NY COUNTY TAX","type":"County"},{"rate":0.003750,"name":"NY SPECIAL TAX","type":"Special"}]}

01-25-2021 @ 10:29:09 - Request
Request
method: POST
uri: https://rest.avatax.com/api/v2/transactions/create
user-agent: WooCommerce-AvaTax/1.11.0 (WooCommerce/4.8.0; WordPress/5.6)
headers: Array
(
    [content-type] => application/json
    [accept] => application/json
    [Authorization] => ******************************************
    [X-Avalara-Client] => WCSkyVerge RESTv2;REST;REST;v2;AlconoxInc
    [X-Avalara-UID] => a0o33000004goTr
)
body: {"code":"","companyCode":"ALC","customerCode":"ffarbizio@koehlerinstrument.com","currencyCode":"USD","date":"2021-01-25","lines":[{"number":"ca67023068969c7df100d80920400183","itemCode":"1104-1","taxCode":"P0000000","description":"Alconox","quantity":1,"amount":47.200000000000003},{"number":"shipping_0","itemCode":"use-my-shipping-account","taxCode":"FR","description":"Use My Shipping Account","quantity":1}],"addresses":{"shipFrom":{"line1":"30 GLENN ST","line2":"","city":"WHITE PLAINS","region":"NY","country":"US","postalCode":"10603-3254"},"shipTo":{"line1":"1595 Sycamore Ave","line2":"","city":"Bohemia","region":"NY","country":"US","postalCode":"11716"}},"type":"SalesOrder","commit":false}
duration: 0.40736s

01-25-2021 @ 10:29:09 - Response
Response
code: 201
message: Created
headers: Array
(
    [date] => Mon, 25 Jan 2021 15:29:09 GMT
    [content-type] => application/json; charset=utf-8
    [server] => Kestrel
    [content-encoding] => br
    [location] => /api/v2/companies/207925/transactions/0
    [vary] => Accept-Encoding
    [serverduration] => 00:00:00.0404008
)
body: {"id":0,"code":"f77def07-cbed-4400-bfab-baa584386b4e","companyId":207925,"date":"2021-01-25","paymentDate":"2021-01-25","status":"Temporary","type":"SalesOrder","batchCode":"","currencyCode":"USD","exchangeRateCurrencyCode":"USD","customerUsageType":"","entityUseCode":"","customerVendorCode":"ffarbizio@koehlerinstrument.com","customerCode":"ffarbizio@koehlerinstrument.com","exemptNo":"","reconciled":false,"locationCode":"","reportingLocationCode":"","purchaseOrderNo":"","referenceCode":"","salespersonCode":"","totalAmount":47.2,"totalExempt":0.0,"totalDiscount":0.0,"totalTax":4.08,"totalTaxable":47.2,"totalTaxCalculated":4.08,"adjustmentReason":"NotAdjusted","locked":false,"version":1,"exchangeRateEffectiveDate":"2021-01-25","exchangeRate":1.0,"modifiedDate":"2021-01-25T15:29:09.6207393Z","modifiedUserId":231879,"taxDate":"2021-01-25T00:00:00Z","lines":[{"id":0,"transactionId":0,"lineNumber":"ca67023068969c7df100d80920400183","customerUsageType":"","entityUseCode":"","description":"Alconox","discountAmount":0.0,"exemptAmount":0.0,"exemptCertId":0,"exemptNo":"","isItemTaxable":true,"itemCode":"1104-1","lineAmount":47.200000000000003,"quantity":1.0,"ref1":"","ref2":"","reportingDate":"2021-01-25","tax":4.08,"taxableAmount":47.2,"taxCalculated":4.08,"taxCode":"P0000000","taxCodeId":4316,"taxDate":"2021-01-25","taxIncluded":false,"details":[{"id":0,"transactionLineId":0,"transactionId":0,"country":"US","region":"NY","exemptAmount":0.0,"jurisCode":"36","jurisName":"NEW YORK","stateAssignedNo":"","jurisType":"STA","jurisdictionType":"State","nonTaxableAmount":0.0,"rate":0.040000,"tax":1.89,"taxableAmount":47.2,"taxType":"Sales","taxSubTypeId":"S","taxName":"NY STATE TAX","taxAuthorityTypeId":45,"taxCalculated":1.89,"rateType":"General","rateTypeCode":"G","unitOfBasis":"PerCurrencyUnit","isNonPassThru":false,"isFee":false,"reportingTaxableUnits":47.2,"reportingNonTaxableUnits":0.0,"reportingExemptUnits":0.0,"reportingTax":1.89,"reportingTaxCalculated":1.89,"liabilityType":"Seller"},{"id":0,"transactionLineId":0,"transactionId":0,"country":"US","region":"NY","exemptAmount":0.0,"jurisCode":"103","jurisName":"SUFFOLK","stateAssignedNo":"SU 4711","jurisType":"CTY","jurisdictionType":"County","nonTaxableAmount":0.0,"rate":0.042500,"tax":2.01,"taxableAmount":47.2,"taxType":"Sales","taxSubTypeId":"S","taxName":"NY COUNTY TAX","taxAuthorityTypeId":45,"taxCalculated":2.01,"rateType":"General","rateTypeCode":"G","unitOfBasis":"PerCurrencyUnit","isNonPassThru":false,"isFee":false,"reportingTaxableUnits":47.2,"reportingNonTaxableUnits":0.0,"reportingExemptUnits":0.0,"reportingTax":2.01,"reportingTaxCalculated":2.01,"liabilityType":"Seller"},{"id":0,"transactionLineId":0,"transactionId":0,"country":"US","region":"NY","exemptAmount":0.0,"jurisCode":"359079","jurisName":"SUFFOLK CO TRANSIT DISTRICT","stateAssignedNo":"SU 4711","jurisType":"STJ","jurisdictionType":"Special","nonTaxableAmount":0.0,"rate":0.003750,"tax":0.18,"taxableAmount":47.2,"taxType":"Sales","taxSubTypeId":"S","taxName":"NY SPECIAL TAX","taxAuthorityTypeId":45,"taxCalculated":0.18,"rateType":"General","rateTypeCode":"G","unitOfBasis":"PerCurrencyUnit","isNonPassThru":false,"isFee":false,"reportingTaxableUnits":47.2,"reportingNonTaxableUnits":0.0,"reportingExemptUnits":0.0,"reportingTax":0.18,"reportingTaxCalculated":0.18,"liabilityType":"Seller"}],"nonPassthroughDetails":[],"hsCode":"","costInsuranceFreight":0.0,"vatCode":"","vatNumberTypeId":0},{"id":0,"transactionId":0,"lineNumber":"shipping_0","customerUsageType":"","entityUseCode":"","description":"Use My Shipping Account","discountAmount":0.0,"exemptAmount":0.0,"exemptCertId":0,"exemptNo":"","isItemTaxable":false,"itemCode":"use-my-shipping-account","lineAmount":0.0,"quantity":1.0,"ref1":"","ref2":"","reportingDate":"2021-01-25","tax":0.0,"taxableAmount":0.0,"taxCalculated":0.0,"taxCode":"FR","taxCodeId":7119,"taxDate":"2021-01-25","taxIncluded":false,"details":[{"id":0,"transactionLineId":0,"transactionId":0,"country":"US","region":"NY","exemptAmount":0.0,"jurisCode":"36","jurisName":"NEW YORK","stateAssignedNo":"","jurisType":"STA","jurisdictionType":"State","nonTaxableAmount":0.0,"rate":0.040000,"tax":0.0,"taxableAmount":0.0,"taxType":"Sales","taxSubTypeId":"S","taxName":"NY STATE TAX","taxAuthorityTypeId":45,"taxCalculated":0.0,"rateType":"General","rateTypeCode":"G","unitOfBasis":"PerCurrencyUnit","isNonPassThru":false,"isFee":false,"reportingTaxableUnits":0.0,"reportingNonTaxableUnits":0.0,"reportingExemptUnits":0.0,"reportingTax":0.0,"reportingTaxCalculated":0.0,"liabilityType":"Seller"},{"id":0,"transactionLineId":0,"transactionId":0,"country":"US","region":"NY","exemptAmount":0.0,"jurisCode":"103","jurisName":"SUFFOLK","stateAssignedNo":"SU 4711","jurisType":"CTY","jurisdictionType":"County","nonTaxableAmount":0.0,"rate":0.042500,"tax":0.0,"taxableAmount":0.0,"taxType":"Sales","taxSubTypeId":"S","taxName":"NY COUNTY TAX","taxAuthorityTypeId":45,"taxCalculated":0.0,"rateType":"General","rateTypeCode":"G","unitOfBasis":"PerCurrencyUnit","isNonPassThru":false,"isFee":false,"reportingTaxableUnits":0.0,"reportingNonTaxableUnits":0.0,"reportingExemptUnits":0.0,"reportingTax":0.0,"reportingTaxCalculated":0.0,"liabilityType":"Seller"},{"id":0,"transactionLineId":0,"transactionId":0,"country":"US","region":"NY","exemptAmount":0.0,"jurisCode":"359079","jurisName":"SUFFOLK CO TRANSIT DISTRICT","stateAssignedNo":"SU 4711","jurisType":"STJ","jurisdictionType":"Special","nonTaxableAmount":0.0,"rate":0.003750,"tax":0.0,"taxableAmount":0.0,"taxType":"Sales","taxSubTypeId":"S","taxName":"NY SPECIAL TAX","taxAuthorityTypeId":45,"taxCalculated":0.0,"rateType":"General","rateTypeCode":"G","unitOfBasis":"PerCurrencyUnit","isNonPassThru":false,"isFee":false,"reportingTaxableUnits":0.0,"reportingNonTaxableUnits":0.0,"reportingExemptUnits":0.0,"reportingTax":0.0,"reportingTaxCalculated":0.0,"liabilityType":"Seller"}],"nonPassthroughDetails":[],"hsCode":"","costInsuranceFreight":0.0,"vatCode":"","vatNumberTypeId":0}],"addresses":[{"id":0,"transactionId":0,"boundaryLevel":"Address","line1":"1595 Sycamore Ave","line2":"","line3":"","city":"Bohemia","region":"NY","postalCode":"11716","country":"US","taxRegionId":4002424,"latitude":"40.782208","longitude":"-73.123612"},{"id":0,"transactionId":0,"boundaryLevel":"Address","line1":"30 GLENN ST","line2":"","line3":"","city":"WHITE PLAINS","region":"NY","postalCode":"10603-3254","country":"US","taxRegionId":2090237,"latitude":"41.050608","longitude":"-73.771383"}],"summary":[{"country":"US","region":"NY","jurisType":"State","jurisCode":"36","jurisName":"NEW YORK","taxAuthorityType":45,"stateAssignedNo":"","taxType":"Sales","taxSubType":"S","taxName":"NY STATE TAX","rateType":"General","taxable":47.2,"rate":0.040000,"tax":1.89,"taxCalculated":1.89,"nonTaxable":0.0,"exemption":0.0},{"country":"US","region":"NY","jurisType":"County","jurisCode":"103","jurisName":"SUFFOLK","taxAuthorityType":45,"stateAssignedNo":"SU 4711","taxType":"Sales","taxSubType":"S","taxName":"NY COUNTY TAX","rateType":"General","taxable":47.2,"rate":0.042500,"tax":2.01,"taxCalculated":2.01,"nonTaxable":0.0,"exemption":0.0},{"country":"US","region":"NY","jurisType":"Special","jurisCode":"359079","jurisName":"SUFFOLK CO TRANSIT DISTRICT","taxAuthorityType":45,"stateAssignedNo":"SU 4711","taxType":"Sales","taxSubType":"S","taxName":"NY SPECIAL TAX","rateType":"General","taxable":47.2,"rate":0.003750,"tax":0.18,"taxCalculated":0.18,"nonTaxable":0.0,"exemption":0.0}]}

01-25-2021 @ 10:29:15 - Request
Request
method: POST
uri: https://rest.avatax.com/api/v2/transactions/create
user-agent: WooCommerce-AvaTax/1.11.0 (WooCommerce/4.8.0; WordPress/5.6)
headers: Array
(
    [content-type] => application/json
    [accept] => application/json
    [Authorization] => ******************************************
    [X-Avalara-Client] => WCSkyVerge RESTv2;REST;REST;v2;AlconoxInc
    [X-Avalara-UID] => a0o33000004goTr
)
body: {"code":"wc_order_sSuTPkr2L9JGp","companyCode":"ALC","customerCode":"ffarbizio@koehlerinstrument.com","currencyCode":"USD","date":"2021-01-25","lines":[{"number":640,"itemCode":"1104-1","taxCode":"P0000000","description":"Alconox","quantity":1,"amount":47.200000000000003},{"number":"shipping_641","itemCode":"use-my-shipping-account","taxCode":"FR","description":"Use My Shipping Account","quantity":1}],"addresses":{"shipFrom":{"line1":"30 GLENN ST","line2":"","city":"WHITE PLAINS","region":"NY","country":"US","postalCode":"10603-3254"},"shipTo":{"line1":"1595 Sycamore Ave","line2":"","city":"Bohemia","region":"NY","country":"US","postalCode":"11716"}},"type":"SalesInvoice","purchaseOrderNo":"21013","commit":true}
duration: 0.41198s

01-25-2021 @ 10:29:15 - Response
Response
code: 201
message: Created
headers: Array
(
    [date] => Mon, 25 Jan 2021 15:29:15 GMT
    [content-type] => application/json; charset=utf-8
    [server] => Kestrel
    [content-encoding] => br
    [location] => /api/v2/companies/207925/transactions/1001250390297
    [vary] => Accept-Encoding
    [serverduration] => 00:00:00.0844925
)
body: {"id":1001250390297,"code":"wc_order_sSuTPkr2L9JGp","companyId":207925,"date":"2021-01-25","status":"Committed","type":"SalesInvoice","batchCode":"","currencyCode":"USD","exchangeRateCurrencyCode":"USD","customerUsageType":"","entityUseCode":"","customerVendorCode":"ffarbizio@koehlerinstrument.com","customerCode":"ffarbizio@koehlerinstrument.com","exemptNo":"","reconciled":false,"locationCode":"","reportingLocationCode":"","purchaseOrderNo":"21013","referenceCode":"","salespersonCode":"","taxOverrideType":"None","taxOverrideAmount":0.0,"taxOverrideReason":"","totalAmount":47.2,"totalExempt":0.0,"totalDiscount":0.0,"totalTax":4.08,"totalTaxable":47.2,"totalTaxCalculated":4.08,"adjustmentReason":"NotAdjusted","adjustmentDescription":"","locked":false,"region":"NY","country":"US","version":1,"softwareVersion":"21.1.0.0","originAddressId":5001838598318,"destinationAddressId":4002336500334,"exchangeRateEffectiveDate":"2021-01-25","exchangeRate":1.0,"description":"","email":"","businessIdentificationNo":"","modifiedDate":"2021-01-25T15:29:15.6412148Z","modifiedUserId":231879,"taxDate":"2021-01-25T00:00:00Z","lines":[{"id":3003813914898,"transactionId":1001250390297,"lineNumber":"640","boundaryOverrideId":0,"customerUsageType":"","entityUseCode":"","description":"Alconox","destinationAddressId":4002336500334,"originAddressId":5001838598318,"discountAmount":0.0,"discountTypeId":0,"exemptAmount":0.0,"exemptCertId":0,"exemptNo":"","isItemTaxable":true,"isSSTP":false,"itemCode":"1104-1","lineAmount":47.2,"quantity":1.0,"ref1":"","ref2":"","reportingDate":"2021-01-25","revAccount":"","sourcing":"Destination","tax":4.0800,"taxableAmount":47.2,"taxCalculated":4.0800,"taxCode":"P0000000","taxCodeId":4316,"taxDate":"2021-01-25","taxEngine":"","taxOverrideType":"None","businessIdentificationNo":"","taxOverrideAmount":0.0,"taxOverrideReason":"","taxIncluded":false,"details":[{"id":3003810519681,"transactionLineId":3003813914898,"transactionId":1001250390297,"addressId":4002336500334,"country":"US","region":"NY","countyFIPS":"","stateFIPS":"","exemptAmount":0.0000,"exemptReasonId":4,"inState":true,"jurisCode":"36","jurisName":"NEW YORK","jurisdictionId":42,"signatureCode":"BFEQ","stateAssignedNo":"","jurisType":"STA","jurisdictionType":"State","nonTaxableAmount":0.0000,"nonTaxableRuleId":0,"nonTaxableType":"RateRule","rate":0.040000,"rateRuleId":1444970,"rateSourceId":3,"serCode":"","sourcing":"Destination","tax":1.8900,"taxableAmount":47.2000,"taxType":"Sales","taxSubTypeId":"S","taxTypeGroupId":"SalesAndUse","taxName":"NY STATE TAX","taxAuthorityTypeId":45,"taxRegionId":4002424,"taxCalculated":1.8900,"taxOverride":0.0000,"rateType":"General","rateTypeCode":"G","taxableUnits":47.2000,"nonTaxableUnits":0.0000,"exemptUnits":0.0000,"unitOfBasis":"PerCurrencyUnit","isNonPassThru":false,"isFee":false,"reportingTaxableUnits":47.2,"reportingNonTaxableUnits":0.0,"reportingExemptUnits":0.0,"reportingTax":1.89,"reportingTaxCalculated":1.89,"liabilityType":"Seller"},{"id":7002733284306,"transactionLineId":3003813914898,"transactionId":1001250390297,"addressId":4002336500334,"country":"US","region":"NY","countyFIPS":"","stateFIPS":"","exemptAmount":0.0000,"exemptReasonId":4,"inState":true,"jurisCode":"103","jurisName":"SUFFOLK","jurisdictionId":1896,"signatureCode":"BHDK","stateAssignedNo":"SU 4711","jurisType":"CTY","jurisdictionType":"County","nonTaxableAmount":0.0000,"nonTaxableRuleId":0,"nonTaxableType":"RateRule","rate":0.042500,"rateRuleId":1444978,"rateSourceId":3,"serCode":"","sourcing":"Destination","tax":2.0100,"taxableAmount":47.2000,"taxType":"Sales","taxSubTypeId":"S","taxTypeGroupId":"SalesAndUse","taxName":"NY COUNTY TAX","taxAuthorityTypeId":45,"taxRegionId":4002424,"taxCalculated":2.0100,"taxOverride":0.0000,"rateType":"General","rateTypeCode":"G","taxableUnits":47.2000,"nonTaxableUnits":0.0000,"exemptUnits":0.0000,"unitOfBasis":"PerCurrencyUnit","isNonPassThru":false,"isFee":false,"reportingTaxableUnits":47.2,"reportingNonTaxableUnits":0.0,"reportingExemptUnits":0.0,"reportingTax":2.01,"reportingTaxCalculated":2.01,"liabilityType":"Seller"},{"id":10002733284308,"transactionLineId":3003813914898,"transactionId":1001250390297,"addressId":4002336500334,"country":"US","region":"NY","countyFIPS":"","stateFIPS":"","exemptAmount":0.0000,"exemptReasonId":4,"inState":true,"jurisCode":"359079","jurisName":"SUFFOLK CO TRANSIT DISTRICT","jurisdictionId":359079,"signatureCode":"BHDL","stateAssignedNo":"SU 4711","jurisType":"STJ","jurisdictionType":"Special","nonTaxableAmount":0.0000,"nonTaxableRuleId":0,"nonTaxableType":"RateRule","rate":0.003750,"rateRuleId":1444968,"rateSourceId":3,"serCode":"","sourcing":"Destination","tax":0.1800,"taxableAmount":47.2000,"taxType":"Sales","taxSubTypeId":"S","taxTypeGroupId":"SalesAndUse","taxName":"NY SPECIAL TAX","taxAuthorityTypeId":45,"taxRegionId":4002424,"taxCalculated":0.1800,"taxOverride":0.0000,"rateType":"General","rateTypeCode":"G","taxableUnits":47.2000,"nonTaxableUnits":0.0000,"exemptUnits":0.0000,"unitOfBasis":"PerCurrencyUnit","isNonPassThru":false,"isFee":false,"reportingTaxableUnits":47.2,"reportingNonTaxableUnits":0.0,"reportingExemptUnits":0.0,"reportingTax":0.18,"reportingTaxCalculated":0.18,"liabilityType":"Seller"}],"nonPassthroughDetails":[],"lineLocationTypes":[{"documentLineLocationTypeId":5003557305001,"documentLineId":3003813914898,"documentAddressId":5001838598318,"locationTypeCode":"ShipFrom"},{"documentLineLocationTypeId":6003557305001,"documentLineId":3003813914898,"documentAddressId":4002336500334,"locationTypeCode":"ShipTo"}],"hsCode":"","costInsuranceFreight":0.0,"vatCode":"","vatNumberTypeId":0},{"id":4003813914902,"transactionId":1001250390297,"lineNumber":"shipping_641","boundaryOverrideId":0,"customerUsageType":"","entityUseCode":"","description":"Use My Shipping Account","destinationAddressId":4002336500334,"originAddressId":5001838598318,"discountAmount":0.0,"discountTypeId":0,"exemptAmount":0.0,"exemptCertId":0,"exemptNo":"","isItemTaxable":false,"isSSTP":false,"itemCode":"use-my-shipping-account","lineAmount":0.0,"quantity":1.0,"ref1":"","ref2":"","reportingDate":"2021-01-25","revAccount":"","sourcing":"Destination","tax":0.0000,"taxableAmount":0.0,"taxCalculated":0.0000,"taxCode":"FR","taxCodeId":7119,"taxDate":"2021-01-25","taxEngine":"","taxOverrideType":"None","businessIdentificationNo":"","taxOverrideAmount":0.0,"taxOverrideReason":"","taxIncluded":false,"details":[{"id":6003810519681,"transactionLineId":4003813914902,"transactionId":1001250390297,"addressId":4002336500334,"country":"US","region":"NY","countyFIPS":"","stateFIPS":"","exemptAmount":0.0000,"exemptReasonId":4,"inState":true,"jurisCode":"36","jurisName":"NEW YORK","jurisdictionId":42,"signatureCode":"BFEQ","stateAssignedNo":"","jurisType":"STA","jurisdictionType":"State","nonTaxableAmount":0.0000,"nonTaxableRuleId":0,"nonTaxableType":"RateRule","rate":0.040000,"rateRuleId":1444970,"rateSourceId":3,"serCode":"","sourcing":"Destination","tax":0.0000,"taxableAmount":0.0000,"taxType":"Sales","taxSubTypeId":"S","taxTypeGroupId":"SalesAndUse","taxName":"NY STATE TAX","taxAuthorityTypeId":45,"taxRegionId":4002424,"taxCalculated":0.0000,"taxOverride":0.0000,"rateType":"General","rateTypeCode":"G","taxableUnits":0.0000,"nonTaxableUnits":0.0000,"exemptUnits":0.0000,"unitOfBasis":"PerCurrencyUnit","isNonPassThru":false,"isFee":false,"reportingTaxableUnits":0.0,"reportingNonTaxableUnits":0.0,"reportingExemptUnits":0.0,"reportingTax":0.0,"reportingTaxCalculated":0.0,"liabilityType":"Seller"},{"id":8002733284308,"transactionLineId":4003813914902,"transactionId":1001250390297,"addressId":4002336500334,"country":"US","region":"NY","countyFIPS":"","stateFIPS":"","exemptAmount":0.0000,"exemptReasonId":4,"inState":true,"jurisCode":"103","jurisName":"SUFFOLK","jurisdictionId":1896,"signatureCode":"BHDK","stateAssignedNo":"SU 4711","jurisType":"CTY","jurisdictionType":"County","nonTaxableAmount":0.0000,"nonTaxableRuleId":0,"nonTaxableType":"RateRule","rate":0.042500,"rateRuleId":1444978,"rateSourceId":3,"serCode":"","sourcing":"Destination","tax":0.0000,"taxableAmount":0.0000,"taxType":"Sales","taxSubTypeId":"S","taxTypeGroupId":"SalesAndUse","taxName":"NY COUNTY TAX","taxAuthorityTypeId":45,"taxRegionId":4002424,"taxCalculated":0.0000,"taxOverride":0.0000,"rateType":"General","rateTypeCode":"G","taxableUnits":0.0000,"nonTaxableUnits":0.0000,"exemptUnits":0.0000,"unitOfBasis":"PerCurrencyUnit","isNonPassThru":false,"isFee":false,"reportingTaxableUnits":0.0,"reportingNonTaxableUnits":0.0,"reportingExemptUnits":0.0,"reportingTax":0.0,"reportingTaxCalculated":0.0,"liabilityType":"Seller"},{"id":11002733284309,"transactionLineId":4003813914902,"transactionId":1001250390297,"addressId":4002336500334,"country":"US","region":"NY","countyFIPS":"","stateFIPS":"","exemptAmount":0.0000,"exemptReasonId":4,"inState":true,"jurisCode":"359079","jurisName":"SUFFOLK CO TRANSIT DISTRICT","jurisdictionId":359079,"signatureCode":"BHDL","stateAssignedNo":"SU 4711","jurisType":"STJ","jurisdictionType":"Special","nonTaxableAmount":0.0000,"nonTaxableRuleId":0,"nonTaxableType":"RateRule","rate":0.003750,"rateRuleId":1444968,"rateSourceId":3,"serCode":"","sourcing":"Destination","tax":0.0000,"taxableAmount":0.0000,"taxType":"Sales","taxSubTypeId":"S","taxTypeGroupId":"SalesAndUse","taxName":"NY SPECIAL TAX","taxAuthorityTypeId":45,"taxRegionId":4002424,"taxCalculated":0.0000,"taxOverride":0.0000,"rateType":"General","rateTypeCode":"G","taxableUnits":0.0000,"nonTaxableUnits":0.0000,"exemptUnits":0.0000,"unitOfBasis":"PerCurrencyUnit","isNonPassThru":false,"isFee":false,"reportingTaxableUnits":0.0,"reportingNonTaxableUnits":0.0,"reportingExemptUnits":0.0,"reportingTax":0.0,"reportingTaxCalculated":0.0,"liabilityType":"Seller"}],"nonPassthroughDetails":[],"lineLocationTypes":[{"documentLineLocationTypeId":7002578608378,"documentLineId":4003813914902,"documentAddressId":5001838598318,"locationTypeCode":"ShipFrom"},{"documentLineLocationTypeId":10002578608378,"documentLineId":4003813914902,"documentAddressId":4002336500334,"locationTypeCode":"ShipTo"}],"hsCode":"","costInsuranceFreight":0.0,"vatCode":"","vatNumberTypeId":0}],"addresses":[{"id":4002336500334,"transactionId":1001250390297,"boundaryLevel":"Address","line1":"1595 SYCAMORE AVE","line2":"","line3":"","city":"BOHEMIA","region":"NY","postalCode":"11716-1732","country":"US","taxRegionId":4002424,"latitude":"40.782208","longitude":"-73.123612"},{"id":5001838598318,"transactionId":1001250390297,"boundaryLevel":"Address","line1":"30 GLENN ST","line2":"","line3":"","city":"WHITE PLAINS","region":"NY","postalCode":"10603-3254","country":"US","taxRegionId":2090237,"latitude":"41.050608","longitude":"-73.771383"}],"locationTypes":[{"documentLocationTypeId":1002046528309,"documentId":1001250390297,"documentAddressId":5001838598318,"locationTypeCode":"ShipFrom"},{"documentLocationTypeId":2002046528309,"documentId":1001250390297,"documentAddressId":4002336500334,"locationTypeCode":"ShipTo"}],"summary":[{"country":"US","region":"NY","jurisType":"State","jurisCode":"36","jurisName":"NEW YORK","taxAuthorityType":45,"stateAssignedNo":"","taxType":"Sales","taxSubType":"S","taxName":"NY STATE TAX","rateType":"General","taxable":47.20,"rate":0.040000,"tax":1.89,"taxCalculated":1.89,"nonTaxable":0.00,"exemption":0.00},{"country":"US","region":"NY","jurisType":"County","jurisCode":"103","jurisName":"SUFFOLK","taxAuthorityType":45,"stateAssignedNo":"SU 4711","taxType":"Sales","taxSubType":"S","taxName":"NY COUNTY TAX","rateType":"General","taxable":47.20,"rate":0.042500,"tax":2.01,"taxCalculated":2.01,"nonTaxable":0.00,"exemption":0.00},{"country":"US","region":"NY","jurisType":"Special","jurisCode":"359079","jurisName":"SUFFOLK CO TRANSIT DISTRICT","taxAuthorityType":45,"stateAssignedNo":"SU 4711","taxType":"Sales","taxSubType":"S","taxName":"NY SPECIAL TAX","rateType":"General","taxable":47.20,"rate":0.003750,"tax":0.18,"taxCalculated":0.18,"nonTaxable":0.00,"exemption":0.00}]}

01-25-2021 @ 11:21:02 - Request
Request
method: GET
uri: https://rest.avatax.com/api/v2/definitions/entityusecodes
user-agent: WooCommerce-AvaTax/1.11.0 (WooCommerce/4.8.0; WordPress/5.6)
headers: Array
(
    [content-type] => application/json
    [accept] => application/json
    [Authorization] => ******************************************
    [X-Avalara-Client] => WCSkyVerge RESTv2;REST;REST;v2;AlconoxInc
    [X-Avalara-UID] => a0o33000004goTr
)
body:
duration: 0.3194s

01-25-2021 @ 11:21:02 - Response
Response
code: 200
message: OK
headers: Array
(
    [date] => Mon, 25 Jan 2021 16:21:02 GMT
    [content-type] => application/json; charset=utf-8
    [content-length] => 1454
    [x-content-type-options] => nosniff
    [serverduration] => 00:00:00.0001508
    [databasecalls] => 0
    [databaseduration] => 00:00:00
    [serviceduration] => 00:00:00
)
body: {"@recordsetCount":18,"value":[{"code":"A","name":"FEDERAL GOV","description":"","validCountries":["US"]},{"code":"B","name":"STATE GOV","description":"","validCountries":["US"]},{"code":"C","name":"TRIBAL GOVERNMENT","description":"","validCountries":["*"]},{"code":"D","name":"FOREIGN DIPLOMAT","description":"","validCountries":["*"]},{"code":"E","name":"CHARITABLE/EXEMPT ORG","description":"","validCountries":["*"]},{"code":"F","name":"RELIGIOUS ORG","description":"","validCountries":["*"]},{"code":"G","name":"RESALE","description":"","validCountries":["*"]},{"code":"H","name":"AGRICULTURE","description":"","validCountries":["*"]},{"code":"I","name":"INDUSTRIAL PROD/MANUFACTURERS","description":"","validCountries":["*"]},{"code":"J","name":"DIRECT PAY","description":"","validCountries":["*"]},{"code":"K","name":"DIRECT MAIL","description":"","validCountries":["*"]},{"code":"L","name":"OTHER/CUSTOM","description":"","validCountries":["*"]},{"code":"M","name":"EDUCATIONAL ORG","description":"","validCountries":["*"]},{"code":"N","name":"LOCAL GOVERNMENT","description":"","validCountries":["US"]},{"code":"P","name":"COMMERCIAL AQUACULTURE","description":"","validCountries":["CA"]},{"code":"Q","name":"COMMERCIAL FISHERY","description":"","validCountries":["CA"]},{"code":"R","name":"NON-RESIDENT","description":"","validCountries":["CA"]},{"code":"TAXABLE","name":"NON-EXEMPT TAXABLE CUSTOMER","description":"","validCountries":["*"]}]}

01-25-2021 @ 11:32:25 - Request
Request
method: GET
uri: https://rest.avatax.com/api/v2/utilities/ping
user-agent: WooCommerce-AvaTax/1.11.0 (WooCommerce/4.8.0; WordPress/5.6)
headers: Array
(
    [content-type] => application/json
    [accept] => application/json
    [Authorization] => ******************************************
    [X-Avalara-Client] => WCSkyVerge RESTv2;REST;REST;v2;AlconoxInc
    [X-Avalara-UID] => a0o33000004goTr
)
body:
duration: 0.32411s

01-25-2021 @ 11:32:25 - Response
Response
code: 200
message: OK
headers: Array
(
    [date] => Mon, 25 Jan 2021 16:32:25 GMT
    [content-type] => application/json; charset=utf-8
    [content-length] => 225
    [x-content-type-options] => nosniff
    [serverduration] => 00:00:00.0001308
    [databasecalls] => 0
    [databaseduration] => 00:00:00
    [serviceduration] => 00:00:00
)
body: {"version":"21.1.0","authenticated":true,"authenticationType":"AccountIdLicenseKey","authenticatedUserName":"anonymous@2000107471","authenticatedUserId":231879,"authenticatedAccountId":2000107471,"crmid":"0010b00002JHRLYAA5"}

