03-01-2021 @ 15:21:26 - Request
Request
method: GET
uri: https://rest.avatax.com/api/v2/taxrates/byaddress?line1=&line2=&city=White+Plains&region=NY&country=US&postalCode=10603
user-agent: WooCommerce-AvaTax/1.11.2 (WooCommerce/5.0.0; WordPress/5.6.2)
headers: Array
(
    [content-type] => application/json
    [accept] => application/json
    [Authorization] => ******************************************
    [X-Avalara-Client] => WCSkyVerge RESTv2;REST;REST;v2;AlconoxInc
    [X-Avalara-UID] => a0o33000004goTr
)
body:
duration: 2.87654s

03-01-2021 @ 15:21:26 - Response
Response
code: 200
message: OK
headers: Array
(
    [date] => Mon, 01 Mar 2021 20:21:26 GMT
    [content-type] => application/json; charset=utf-8
    [content-length] => 203
    [x-content-type-options] => nosniff
    [serverduration] => 00:00:02.5862265
    [databasecalls] => 0
    [databaseduration] => 00:00:00
    [serviceduration] => 00:00:00
)
body: {"totalRate":0.083750,"rates":[{"rate":0.040000,"name":"NY STATE TAX","type":"State"},{"rate":0.040000,"name":"NY COUNTY TAX","type":"County"},{"rate":0.003750,"name":"NY SPECIAL TAX","type":"Special"}]}

03-01-2021 @ 15:21:29 - Request
Request
method: POST
uri: https://rest.avatax.com/api/v2/transactions/create
user-agent: WooCommerce-AvaTax/1.11.2 (WooCommerce/5.0.0; WordPress/5.6.2)
headers: Array
(
    [content-type] => application/json
    [accept] => application/json
    [Authorization] => ******************************************
    [X-Avalara-Client] => WCSkyVerge RESTv2;REST;REST;v2;AlconoxInc
    [X-Avalara-UID] => a0o33000004goTr
)
body: {"code":"","companyCode":"ALC","customerCode":"mmclaughlin@alconox.com","currencyCode":"USD","date":"2021-03-01","lines":[{"number":"164ee72d57ffeef20dd3902905f7f49d","itemCode":"2405","taxCode":"P0000000","description":"Keylajet","quantity":1,"amount":282},{"number":"ed2b6d3739b123da0d309363b054486a","itemCode":"1605","taxCode":"P0000000","description":"Detojet","quantity":1,"amount":266},{"number":"shipping_1","itemCode":"use-my-shipping-account","taxCode":"FR","description":"Use My Shipping Account","quantity":1}],"addresses":{"shipFrom":{"line1":"30 GLENN ST","line2":"","city":"WHITE PLAINS","region":"NY","country":"US","postalCode":"10603-3254"},"shipTo":{"line1":"30 Glenn","line2":"","city":"White Plains","region":"NY","country":"US","postalCode":"10603"}},"type":"SalesOrder","commit":false}
duration: 0.36793s

03-01-2021 @ 15:21:29 - Response
Response
code: 201
message: Created
headers: Array
(
    [date] => Mon, 01 Mar 2021 20:21:29 GMT
    [content-type] => application/json; charset=utf-8
    [server] => Kestrel
    [content-encoding] => br
    [location] => /api/v2/companies/207925/transactions/0
    [vary] => Accept-Encoding
    [serverduration] => 00:00:00.0508956
)
body: {"id":0,"code":"bb42b4f1-318c-4970-b952-020c0db733a3","companyId":207925,"date":"2021-03-01","paymentDate":"2021-03-01","status":"Temporary","type":"SalesOrder","batchCode":"","currencyCode":"USD","exchangeRateCurrencyCode":"USD","customerUsageType":"","entityUseCode":"","customerVendorCode":"mmclaughlin@alconox.com","customerCode":"mmclaughlin@alconox.com","exemptNo":"","reconciled":false,"locationCode":"","reportingLocationCode":"","purchaseOrderNo":"","referenceCode":"","salespersonCode":"","totalAmount":548.0,"totalExempt":0.0,"totalDiscount":0.0,"totalTax":45.9,"totalTaxable":548.0,"totalTaxCalculated":45.9,"adjustmentReason":"NotAdjusted","locked":false,"version":1,"exchangeRateEffectiveDate":"2021-03-01","exchangeRate":1.0,"modifiedDate":"2021-03-01T20:21:29.9462122Z","modifiedUserId":231879,"taxDate":"2021-03-01T00:00:00Z","lines":[{"id":0,"transactionId":0,"lineNumber":"164ee72d57ffeef20dd3902905f7f49d","customerUsageType":"","entityUseCode":"","description":"Keylajet","discountAmount":0.0,"exemptAmount":0.0,"exemptCertId":0,"exemptNo":"","isItemTaxable":true,"itemCode":"2405","lineAmount":282.0,"quantity":1.0,"ref1":"","ref2":"","reportingDate":"2021-03-01","tax":23.62,"taxableAmount":282.0,"taxCalculated":23.62,"taxCode":"P0000000","taxCodeId":4316,"taxDate":"2021-03-01","taxIncluded":false,"details":[{"id":0,"transactionLineId":0,"transactionId":0,"country":"US","region":"NY","exemptAmount":0.0,"jurisCode":"36","jurisName":"NEW YORK","stateAssignedNo":"","jurisType":"STA","jurisdictionType":"State","nonTaxableAmount":0.0,"rate":0.040000,"tax":11.28,"taxableAmount":282.0,"taxType":"Sales","taxSubTypeId":"S","taxName":"NY STATE TAX","taxAuthorityTypeId":45,"taxCalculated":11.28,"rateType":"General","rateTypeCode":"G","unitOfBasis":"PerCurrencyUnit","isNonPassThru":false,"isFee":false,"reportingTaxableUnits":282.0,"reportingNonTaxableUnits":0.0,"reportingExemptUnits":0.0,"reportingTax":11.28,"reportingTaxCalculated":11.28,"liabilityType":"Seller"},{"id":0,"transactionLineId":0,"transactionId":0,"country":"US","region":"NY","exemptAmount":0.0,"jurisCode":"119","jurisName":"WESTCHESTER","stateAssignedNo":"WH 6513","jurisType":"CTY","jurisdictionType":"County","nonTaxableAmount":0.0,"rate":0.000000,"tax":0.0,"taxableAmount":282.0,"taxType":"Sales","taxSubTypeId":"S","taxName":"NY COUNTY TAX","taxAuthorityTypeId":45,"taxCalculated":0.0,"rateType":"General","rateTypeCode":"G","unitOfBasis":"PerCurrencyUnit","isNonPassThru":false,"isFee":false,"reportingTaxableUnits":282.0,"reportingNonTaxableUnits":0.0,"reportingExemptUnits":0.0,"reportingTax":0.0,"reportingTaxCalculated":0.0,"liabilityType":"Seller"},{"id":0,"transactionLineId":0,"transactionId":0,"country":"US","region":"NY","exemptAmount":0.0,"jurisCode":"81677","jurisName":"WHITE PLAINS","stateAssignedNo":"WH 6513","jurisType":"CIT","jurisdictionType":"City","nonTaxableAmount":0.0,"rate":0.040000,"tax":11.28,"taxableAmount":282.0,"taxType":"Sales","taxSubTypeId":"S","taxName":"NY CITY TAX","taxAuthorityTypeId":45,"taxCalculated":11.28,"rateType":"General","rateTypeCode":"G","unitOfBasis":"PerCurrencyUnit","isNonPassThru":false,"isFee":false,"reportingTaxableUnits":282.0,"reportingNonTaxableUnits":0.0,"reportingExemptUnits":0.0,"reportingTax":11.28,"reportingTaxCalculated":11.28,"liabilityType":"Seller"},{"id":0,"transactionLineId":0,"transactionId":0,"country":"US","region":"NY","exemptAmount":0.0,"jurisCode":"359080","jurisName":"WESTCHESTER CO TRANSIT DISTRICT","stateAssignedNo":"WH 6513","jurisType":"STJ","jurisdictionType":"Special","nonTaxableAmount":0.0,"rate":0.003750,"tax":1.06,"taxableAmount":282.0,"taxType":"Sales","taxSubTypeId":"S","taxName":"NY SPECIAL TAX","taxAuthorityTypeId":45,"taxCalculated":1.06,"rateType":"General","rateTypeCode":"G","unitOfBasis":"PerCurrencyUnit","isNonPassThru":false,"isFee":false,"reportingTaxableUnits":282.0,"reportingNonTaxableUnits":0.0,"reportingExemptUnits":0.0,"reportingTax":1.06,"reportingTaxCalculated":1.06,"liabilityType":"Seller"}],"nonPassthroughDetails":[],"hsCode":"","costInsuranceFreight":0.0,"vatCode":"","vatNumberTypeId":0},{"id":0,"transactionId":0,"lineNumber":"ed2b6d3739b123da0d309363b054486a","customerUsageType":"","entityUseCode":"","description":"Detojet","discountAmount":0.0,"exemptAmount":0.0,"exemptCertId":0,"exemptNo":"","isItemTaxable":true,"itemCode":"1605","lineAmount":266.0,"quantity":1.0,"ref1":"","ref2":"","reportingDate":"2021-03-01","tax":22.28,"taxableAmount":266.0,"taxCalculated":22.28,"taxCode":"P0000000","taxCodeId":4316,"taxDate":"2021-03-01","taxIncluded":false,"details":[{"id":0,"transactionLineId":0,"transactionId":0,"country":"US","region":"NY","exemptAmount":0.0,"jurisCode":"36","jurisName":"NEW YORK","stateAssignedNo":"","jurisType":"STA","jurisdictionType":"State","nonTaxableAmount":0.0,"rate":0.040000,"tax":10.64,"taxableAmount":266.0,"taxType":"Sales","taxSubTypeId":"S","taxName":"NY STATE TAX","taxAuthorityTypeId":45,"taxCalculated":10.64,"rateType":"General","rateTypeCode":"G","unitOfBasis":"PerCurrencyUnit","isNonPassThru":false,"isFee":false,"reportingTaxableUnits":266.0,"reportingNonTaxableUnits":0.0,"reportingExemptUnits":0.0,"reportingTax":10.64,"reportingTaxCalculated":10.64,"liabilityType":"Seller"},{"id":0,"transactionLineId":0,"transactionId":0,"country":"US","region":"NY","exemptAmount":0.0,"jurisCode":"119","jurisName":"WESTCHESTER","stateAssignedNo":"WH 6513","jurisType":"CTY","jurisdictionType":"County","nonTaxableAmount":0.0,"rate":0.000000,"tax":0.0,"taxableAmount":266.0,"taxType":"Sales","taxSubTypeId":"S","taxName":"NY COUNTY TAX","taxAuthorityTypeId":45,"taxCalculated":0.0,"rateType":"General","rateTypeCode":"G","unitOfBasis":"PerCurrencyUnit","isNonPassThru":false,"isFee":false,"reportingTaxableUnits":266.0,"reportingNonTaxableUnits":0.0,"reportingExemptUnits":0.0,"reportingTax":0.0,"reportingTaxCalculated":0.0,"liabilityType":"Seller"},{"id":0,"transactionLineId":0,"transactionId":0,"country":"US","region":"NY","exemptAmount":0.0,"jurisCode":"81677","jurisName":"WHITE PLAINS","stateAssignedNo":"WH 6513","jurisType":"CIT","jurisdictionType":"City","nonTaxableAmount":0.0,"rate":0.040000,"tax":10.64,"taxableAmount":266.0,"taxType":"Sales","taxSubTypeId":"S","taxName":"NY CITY TAX","taxAuthorityTypeId":45,"taxCalculated":10.64,"rateType":"General","rateTypeCode":"G","unitOfBasis":"PerCurrencyUnit","isNonPassThru":false,"isFee":false,"reportingTaxableUnits":266.0,"reportingNonTaxableUnits":0.0,"reportingExemptUnits":0.0,"reportingTax":10.64,"reportingTaxCalculated":10.64,"liabilityType":"Seller"},{"id":0,"transactionLineId":0,"transactionId":0,"country":"US","region":"NY","exemptAmount":0.0,"jurisCode":"359080","jurisName":"WESTCHESTER CO TRANSIT DISTRICT","stateAssignedNo":"WH 6513","jurisType":"STJ","jurisdictionType":"Special","nonTaxableAmount":0.0,"rate":0.003750,"tax":1.0,"taxableAmount":266.0,"taxType":"Sales","taxSubTypeId":"S","taxName":"NY SPECIAL TAX","taxAuthorityTypeId":45,"taxCalculated":1.0,"rateType":"General","rateTypeCode":"G","unitOfBasis":"PerCurrencyUnit","isNonPassThru":false,"isFee":false,"reportingTaxableUnits":266.0,"reportingNonTaxableUnits":0.0,"reportingExemptUnits":0.0,"reportingTax":1.0,"reportingTaxCalculated":1.0,"liabilityType":"Seller"}],"nonPassthroughDetails":[],"hsCode":"","costInsuranceFreight":0.0,"vatCode":"","vatNumberTypeId":0},{"id":0,"transactionId":0,"lineNumber":"shipping_1","customerUsageType":"","entityUseCode":"","description":"Use My Shipping Account","discountAmount":0.0,"exemptAmount":0.0,"exemptCertId":0,"exemptNo":"","isItemTaxable":false,"itemCode":"use-my-shipping-account","lineAmount":0.0,"quantity":1.0,"ref1":"","ref2":"","reportingDate":"2021-03-01","tax":0.0,"taxableAmount":0.0,"taxCalculated":0.0,"taxCode":"FR","taxCodeId":7119,"taxDate":"2021-03-01","taxIncluded":false,"details":[{"id":0,"transactionLineId":0,"transactionId":0,"country":"US","region":"NY","exemptAmount":0.0,"jurisCode":"36","jurisName":"NEW YORK","stateAssignedNo":"","jurisType":"STA","jurisdictionType":"State","nonTaxableAmount":0.0,"rate":0.040000,"tax":0.0,"taxableAmount":0.0,"taxType":"Sales","taxSubTypeId":"S","taxName":"NY STATE TAX","taxAuthorityTypeId":45,"taxCalculated":0.0,"rateType":"General","rateTypeCode":"G","unitOfBasis":"PerCurrencyUnit","isNonPassThru":false,"isFee":false,"reportingTaxableUnits":0.0,"reportingNonTaxableUnits":0.0,"reportingExemptUnits":0.0,"reportingTax":0.0,"reportingTaxCalculated":0.0,"liabilityType":"Seller"},{"id":0,"transactionLineId":0,"transactionId":0,"country":"US","region":"NY","exemptAmount":0.0,"jurisCode":"119","jurisName":"WESTCHESTER","stateAssignedNo":"WH 6513","jurisType":"CTY","jurisdictionType":"County","nonTaxableAmount":0.0,"rate":0.000000,"tax":0.0,"taxableAmount":0.0,"taxType":"Sales","taxSubTypeId":"S","taxName":"NY COUNTY TAX","taxAuthorityTypeId":45,"taxCalculated":0.0,"rateType":"General","rateTypeCode":"G","unitOfBasis":"PerCurrencyUnit","isNonPassThru":false,"isFee":false,"reportingTaxableUnits":0.0,"reportingNonTaxableUnits":0.0,"reportingExemptUnits":0.0,"reportingTax":0.0,"reportingTaxCalculated":0.0,"liabilityType":"Seller"},{"id":0,"transactionLineId":0,"transactionId":0,"country":"US","region":"NY","exemptAmount":0.0,"jurisCode":"81677","jurisName":"WHITE PLAINS","stateAssignedNo":"WH 6513","jurisType":"CIT","jurisdictionType":"City","nonTaxableAmount":0.0,"rate":0.040000,"tax":0.0,"taxableAmount":0.0,"taxType":"Sales","taxSubTypeId":"S","taxName":"NY CITY TAX","taxAuthorityTypeId":45,"taxCalculated":0.0,"rateType":"General","rateTypeCode":"G","unitOfBasis":"PerCurrencyUnit","isNonPassThru":false,"isFee":false,"reportingTaxableUnits":0.0,"reportingNonTaxableUnits":0.0,"reportingExemptUnits":0.0,"reportingTax":0.0,"reportingTaxCalculated":0.0,"liabilityType":"Seller"},{"id":0,"transactionLineId":0,"transactionId":0,"country":"US","region":"NY","exemptAmount":0.0,"jurisCode":"359080","jurisName":"WESTCHESTER CO TRANSIT DISTRICT","stateAssignedNo":"WH 6513","jurisType":"STJ","jurisdictionType":"Special","nonTaxableAmount":0.0,"rate":0.003750,"tax":0.0,"taxableAmount":0.0,"taxType":"Sales","taxSubTypeId":"S","taxName":"NY SPECIAL TAX","taxAuthorityTypeId":45,"taxCalculated":0.0,"rateType":"General","rateTypeCode":"G","unitOfBasis":"PerCurrencyUnit","isNonPassThru":false,"isFee":false,"reportingTaxableUnits":0.0,"reportingNonTaxableUnits":0.0,"reportingExemptUnits":0.0,"reportingTax":0.0,"reportingTaxCalculated":0.0,"liabilityType":"Seller"}],"nonPassthroughDetails":[],"hsCode":"","costInsuranceFreight":0.0,"vatCode":"","vatNumberTypeId":0}],"addresses":[{"id":0,"transactionId":0,"boundaryLevel":"Address","line1":"30 Glenn","line2":"","line3":"","city":"White Plains","region":"NY","postalCode":"10603","country":"US","taxRegionId":2090237,"latitude":"41.050608","longitude":"-73.771383"},{"id":0,"transactionId":0,"boundaryLevel":"Address","line1":"30 GLENN ST","line2":"","line3":"","city":"WHITE PLAINS","region":"NY","postalCode":"10603-3254","country":"US","taxRegionId":2090237,"latitude":"41.050608","longitude":"-73.771383"}],"summary":[{"country":"US","region":"NY","jurisType":"State","jurisCode":"36","jurisName":"NEW YORK","taxAuthorityType":45,"stateAssignedNo":"","taxType":"Sales","taxSubType":"S","taxName":"NY STATE TAX","rateType":"General","taxable":548.0,"rate":0.040000,"tax":21.92,"taxCalculated":21.92,"nonTaxable":0.0,"exemption":0.0},{"country":"US","region":"NY","jurisType":"County","jurisCode":"119","jurisName":"WESTCHESTER","taxAuthorityType":45,"stateAssignedNo":"WH 6513","taxType":"Sales","taxSubType":"S","taxName":"NY COUNTY TAX","rateType":"General","taxable":548.0,"rate":0.000000,"tax":0.0,"taxCalculated":0.0,"nonTaxable":0.0,"exemption":0.0},{"country":"US","region":"NY","jurisType":"City","jurisCode":"81677","jurisName":"WHITE PLAINS","taxAuthorityType":45,"stateAssignedNo":"WH 6513","taxType":"Sales","taxSubType":"S","taxName":"NY CITY TAX","rateType":"General","taxable":548.0,"rate":0.040000,"tax":21.92,"taxCalculated":21.92,"nonTaxable":0.0,"exemption":0.0},{"country":"US","region":"NY","jurisType":"Special","jurisCode":"359080","jurisName":"WESTCHESTER CO TRANSIT DISTRICT","taxAuthorityType":45,"stateAssignedNo":"WH 6513","taxType":"Sales","taxSubType":"S","taxName":"NY SPECIAL TAX","rateType":"General","taxable":548.0,"rate":0.003750,"tax":2.06,"taxCalculated":2.06,"nonTaxable":0.0,"exemption":0.0}]}

