05-01-2021 @ 08:44:29 - Request
Request
method: GET
uri: https://rest.avatax.com/api/v2/taxrates/byaddress?line1=&line2=&city=Wayside&region=NJ&country=US&postalCode=07712
user-agent: WooCommerce-AvaTax/1.12.0 (WooCommerce/5.2.2; WordPress/5.7.1)
headers: Array
(
    [content-type] => application/json
    [accept] => application/json
    [Authorization] => ******************************************
    [X-Avalara-Client] => WCSkyVerge RESTv2;REST;REST;v2;AlconoxInc
    [X-Avalara-UID] => a0o33000004goTr
)
body:
duration: 0.32151s

05-01-2021 @ 08:44:29 - Response
Response
code: 200
message: OK
headers: Array
(
    [date] => Sat, 01 May 2021 12:44:29 GMT
    [content-type] => application/json; charset=utf-8
    [content-length] => 87
    [x-content-type-options] => nosniff
    [serverduration] => 00:00:00.0150139
    [databasecalls] => 0
    [databaseduration] => 00:00:00
    [serviceduration] => 00:00:00
)
body: {"totalRate":0.066250,"rates":[{"rate":0.066250,"name":"NJ STATE TAX","type":"State"}]}

05-01-2021 @ 08:44:33 - Request
Request
method: POST
uri: https://rest.avatax.com/api/v2/transactions/create
user-agent: WooCommerce-AvaTax/1.12.0 (WooCommerce/5.2.2; WordPress/5.7.1)
headers: Array
(
    [content-type] => application/json
    [accept] => application/json
    [Authorization] => ******************************************
    [X-Avalara-Client] => WCSkyVerge RESTv2;REST;REST;v2;AlconoxInc
    [X-Avalara-UID] => a0o33000004goTr
)
body: {"code":"","companyCode":"ALC","customerCode":"merlot1208@aol.com","currencyCode":"USD","date":"2021-05-01","lines":[{"number":"ca67023068969c7df100d80920400183","itemCode":"1104-1","taxCode":"P0000000","description":"Alconox","quantity":1,"amount":47.200000000000003},{"number":"shipping_0","itemCode":"use-my-shipping-account","taxCode":"FR","description":"Use My Shipping Account","quantity":1}],"addresses":{"shipFrom":{"line1":"30 GLENN ST","line2":"","city":"WHITE PLAINS","region":"NY","country":"US","postalCode":"10603-3254"},"shipTo":{"line1":"107 Cold Indian Springs Road","line2":"","city":"Wayside","region":"NJ","country":"US","postalCode":"07712"}},"type":"SalesOrder","commit":false}
duration: 0.33642s

05-01-2021 @ 08:44:33 - Response
Response
code: 201
message: Created
headers: Array
(
    [date] => Sat, 01 May 2021 12:44:33 GMT
    [content-type] => application/json; charset=utf-8
    [server] => Kestrel
    [content-encoding] => br
    [location] => /api/v2/companies/207925/transactions/0
    [vary] => Accept-Encoding
    [serverduration] => 00:00:00.0446463
)
body: {"id":0,"code":"19c94e6e-1ecb-40f8-82d5-f8d9f37c6b45","companyId":207925,"date":"2021-05-01","paymentDate":"2021-05-01","status":"Temporary","type":"SalesOrder","batchCode":"","currencyCode":"USD","exchangeRateCurrencyCode":"USD","customerUsageType":"","entityUseCode":"","customerVendorCode":"merlot1208@aol.com","customerCode":"merlot1208@aol.com","exemptNo":"","reconciled":false,"locationCode":"","reportingLocationCode":"","purchaseOrderNo":"","referenceCode":"","salespersonCode":"","totalAmount":47.2,"totalExempt":0.0,"totalDiscount":0.0,"totalTax":3.13,"totalTaxable":47.2,"totalTaxCalculated":3.13,"adjustmentReason":"NotAdjusted","locked":false,"version":1,"exchangeRateEffectiveDate":"2021-05-01","exchangeRate":1.0,"modifiedDate":"2021-05-01T12:44:33.0558193Z","modifiedUserId":231879,"taxDate":"2021-05-01T00:00:00","lines":[{"id":0,"transactionId":0,"lineNumber":"ca67023068969c7df100d80920400183","customerUsageType":"","entityUseCode":"","description":"Alconox","discountAmount":0.0,"exemptAmount":0.0,"exemptCertId":0,"exemptNo":"","isItemTaxable":true,"itemCode":"1104-1","lineAmount":47.200000000000003,"quantity":1.0,"ref1":"","ref2":"","reportingDate":"2021-05-01","tax":3.13,"taxableAmount":47.2,"taxCalculated":3.13,"taxCode":"P0000000","taxCodeId":4316,"taxDate":"2021-05-01","taxIncluded":false,"details":[{"id":0,"transactionLineId":0,"transactionId":0,"country":"US","region":"NJ","exemptAmount":0.0,"jurisCode":"34","jurisName":"NEW JERSEY","stateAssignedNo":"","jurisType":"STA","jurisdictionType":"State","nonTaxableAmount":0.0,"rate":0.066250,"tax":3.13,"taxableAmount":47.2,"taxType":"Sales","taxSubTypeId":"S","taxName":"NJ STATE TAX","taxAuthorityTypeId":45,"taxCalculated":3.13,"rateType":"General","rateTypeCode":"G","unitOfBasis":"PerCurrencyUnit","isNonPassThru":false,"isFee":false,"reportingTaxableUnits":47.2,"reportingNonTaxableUnits":0.0,"reportingExemptUnits":0.0,"reportingTax":3.13,"reportingTaxCalculated":3.13,"liabilityType":"Seller"}],"nonPassthroughDetails":[],"hsCode":"","costInsuranceFreight":0.0,"vatCode":"","vatNumberTypeId":0},{"id":0,"transactionId":0,"lineNumber":"shipping_0","customerUsageType":"","entityUseCode":"","description":"Use My Shipping Account","discountAmount":0.0,"exemptAmount":0.0,"exemptCertId":0,"exemptNo":"","isItemTaxable":false,"itemCode":"use-my-shipping-account","lineAmount":0.0,"quantity":1.0,"ref1":"","ref2":"","reportingDate":"2021-05-01","tax":0.0,"taxableAmount":0.0,"taxCalculated":0.0,"taxCode":"FR","taxCodeId":7119,"taxDate":"2021-05-01","taxIncluded":false,"details":[{"id":0,"transactionLineId":0,"transactionId":0,"country":"US","region":"NJ","exemptAmount":0.0,"jurisCode":"34","jurisName":"NEW JERSEY","stateAssignedNo":"","jurisType":"STA","jurisdictionType":"State","nonTaxableAmount":0.0,"rate":0.066250,"tax":0.0,"taxableAmount":0.0,"taxType":"Sales","taxSubTypeId":"S","taxName":"NJ STATE TAX","taxAuthorityTypeId":45,"taxCalculated":0.0,"rateType":"General","rateTypeCode":"G","unitOfBasis":"PerCurrencyUnit","isNonPassThru":false,"isFee":false,"reportingTaxableUnits":0.0,"reportingNonTaxableUnits":0.0,"reportingExemptUnits":0.0,"reportingTax":0.0,"reportingTaxCalculated":0.0,"liabilityType":"Seller"}],"nonPassthroughDetails":[],"hsCode":"","costInsuranceFreight":0.0,"vatCode":"","vatNumberTypeId":0}],"addresses":[{"id":0,"transactionId":0,"boundaryLevel":"Address","line1":"107 Cold Indian Springs Road","line2":"","line3":"","city":"Wayside","region":"NJ","postalCode":"07712","country":"US","taxRegionId":4005710,"latitude":"40.241476","longitude":"-74.066603"},{"id":0,"transactionId":0,"boundaryLevel":"Address","line1":"30 GLENN ST","line2":"","line3":"","city":"WHITE PLAINS","region":"NY","postalCode":"10603-3254","country":"US","taxRegionId":2090237,"latitude":"41.050608","longitude":"-73.771383"}],"summary":[{"country":"US","region":"NJ","jurisType":"State","jurisCode":"34","jurisName":"NEW JERSEY","taxAuthorityType":45,"stateAssignedNo":"","taxType":"Sales","taxSubType":"S","taxName":"NJ STATE TAX","rateType":"General","taxable":47.2,"rate":0.066250,"tax":3.13,"taxCalculated":3.13,"nonTaxable":0.0,"exemption":0.0}]}

05-01-2021 @ 08:45:10 - Request
Request
method: GET
uri: https://rest.avatax.com/api/v2/taxrates/byaddress?line1=&line2=&city=Wayside&region=NJ&country=US&postalCode=07712
user-agent: WooCommerce-AvaTax/1.12.0 (WooCommerce/5.2.2; WordPress/5.7.1)
headers: Array
(
    [content-type] => application/json
    [accept] => application/json
    [Authorization] => ******************************************
    [X-Avalara-Client] => WCSkyVerge RESTv2;REST;REST;v2;AlconoxInc
    [X-Avalara-UID] => a0o33000004goTr
)
body:
duration: 0.29539s

05-01-2021 @ 08:45:10 - Response
Response
code: 200
message: OK
headers: Array
(
    [date] => Sat, 01 May 2021 12:45:10 GMT
    [content-type] => application/json; charset=utf-8
    [content-length] => 87
    [x-content-type-options] => nosniff
    [serverduration] => 00:00:00.0010082
    [databasecalls] => 0
    [databaseduration] => 00:00:00
    [serviceduration] => 00:00:00
)
body: {"totalRate":0.066250,"rates":[{"rate":0.066250,"name":"NJ STATE TAX","type":"State"}]}

05-01-2021 @ 08:45:10 - Request
Request
method: POST
uri: https://rest.avatax.com/api/v2/transactions/create
user-agent: WooCommerce-AvaTax/1.12.0 (WooCommerce/5.2.2; WordPress/5.7.1)
headers: Array
(
    [content-type] => application/json
    [accept] => application/json
    [Authorization] => ******************************************
    [X-Avalara-Client] => WCSkyVerge RESTv2;REST;REST;v2;AlconoxInc
    [X-Avalara-UID] => a0o33000004goTr
)
body: {"code":"","companyCode":"ALC","customerCode":"merlot1208@aol.com","currencyCode":"USD","date":"2021-05-01","lines":[{"number":"ca67023068969c7df100d80920400183","itemCode":"1104-1","taxCode":"P0000000","description":"Alconox","quantity":1,"amount":47.200000000000003},{"number":"shipping_0","itemCode":"use-my-shipping-account","taxCode":"FR","description":"Use My Shipping Account","quantity":1}],"addresses":{"shipFrom":{"line1":"30 GLENN ST","line2":"","city":"WHITE PLAINS","region":"NY","country":"US","postalCode":"10603-3254"},"shipTo":{"line1":"10","line2":"","city":"Wayside","region":"NJ","country":"US","postalCode":"07712"}},"type":"SalesOrder","commit":false}
duration: 0.32531s

05-01-2021 @ 08:45:10 - Response
Response
code: 201
message: Created
headers: Array
(
    [date] => Sat, 01 May 2021 12:45:10 GMT
    [content-type] => application/json; charset=utf-8
    [server] => Kestrel
    [content-encoding] => br
    [location] => /api/v2/companies/207925/transactions/0
    [vary] => Accept-Encoding
    [serverduration] => 00:00:00.0365107
)
body: {"id":0,"code":"356712a9-13ea-4d6f-ae97-c0709faffc3f","companyId":207925,"date":"2021-05-01","paymentDate":"2021-05-01","status":"Temporary","type":"SalesOrder","batchCode":"","currencyCode":"USD","exchangeRateCurrencyCode":"USD","customerUsageType":"","entityUseCode":"","customerVendorCode":"merlot1208@aol.com","customerCode":"merlot1208@aol.com","exemptNo":"","reconciled":false,"locationCode":"","reportingLocationCode":"","purchaseOrderNo":"","referenceCode":"","salespersonCode":"","totalAmount":47.2,"totalExempt":0.0,"totalDiscount":0.0,"totalTax":3.13,"totalTaxable":47.2,"totalTaxCalculated":3.13,"adjustmentReason":"NotAdjusted","locked":false,"version":1,"exchangeRateEffectiveDate":"2021-05-01","exchangeRate":1.0,"modifiedDate":"2021-05-01T12:45:10.5592365Z","modifiedUserId":231879,"taxDate":"2021-05-01T00:00:00","lines":[{"id":0,"transactionId":0,"lineNumber":"ca67023068969c7df100d80920400183","customerUsageType":"","entityUseCode":"","description":"Alconox","discountAmount":0.0,"exemptAmount":0.0,"exemptCertId":0,"exemptNo":"","isItemTaxable":true,"itemCode":"1104-1","lineAmount":47.200000000000003,"quantity":1.0,"ref1":"","ref2":"","reportingDate":"2021-05-01","tax":3.13,"taxableAmount":47.2,"taxCalculated":3.13,"taxCode":"P0000000","taxCodeId":4316,"taxDate":"2021-05-01","taxIncluded":false,"details":[{"id":0,"transactionLineId":0,"transactionId":0,"country":"US","region":"NJ","exemptAmount":0.0,"jurisCode":"34","jurisName":"NEW JERSEY","stateAssignedNo":"","jurisType":"STA","jurisdictionType":"State","nonTaxableAmount":0.0,"rate":0.066250,"tax":3.13,"taxableAmount":47.2,"taxType":"Sales","taxSubTypeId":"S","taxName":"NJ STATE TAX","taxAuthorityTypeId":45,"taxCalculated":3.13,"rateType":"General","rateTypeCode":"G","unitOfBasis":"PerCurrencyUnit","isNonPassThru":false,"isFee":false,"reportingTaxableUnits":47.2,"reportingNonTaxableUnits":0.0,"reportingExemptUnits":0.0,"reportingTax":3.13,"reportingTaxCalculated":3.13,"liabilityType":"Seller"}],"nonPassthroughDetails":[],"hsCode":"","costInsuranceFreight":0.0,"vatCode":"","vatNumberTypeId":0},{"id":0,"transactionId":0,"lineNumber":"shipping_0","customerUsageType":"","entityUseCode":"","description":"Use My Shipping Account","discountAmount":0.0,"exemptAmount":0.0,"exemptCertId":0,"exemptNo":"","isItemTaxable":false,"itemCode":"use-my-shipping-account","lineAmount":0.0,"quantity":1.0,"ref1":"","ref2":"","reportingDate":"2021-05-01","tax":0.0,"taxableAmount":0.0,"taxCalculated":0.0,"taxCode":"FR","taxCodeId":7119,"taxDate":"2021-05-01","taxIncluded":false,"details":[{"id":0,"transactionLineId":0,"transactionId":0,"country":"US","region":"NJ","exemptAmount":0.0,"jurisCode":"34","jurisName":"NEW JERSEY","stateAssignedNo":"","jurisType":"STA","jurisdictionType":"State","nonTaxableAmount":0.0,"rate":0.066250,"tax":0.0,"taxableAmount":0.0,"taxType":"Sales","taxSubTypeId":"S","taxName":"NJ STATE TAX","taxAuthorityTypeId":45,"taxCalculated":0.0,"rateType":"General","rateTypeCode":"G","unitOfBasis":"PerCurrencyUnit","isNonPassThru":false,"isFee":false,"reportingTaxableUnits":0.0,"reportingNonTaxableUnits":0.0,"reportingExemptUnits":0.0,"reportingTax":0.0,"reportingTaxCalculated":0.0,"liabilityType":"Seller"}],"nonPassthroughDetails":[],"hsCode":"","costInsuranceFreight":0.0,"vatCode":"","vatNumberTypeId":0}],"addresses":[{"id":0,"transactionId":0,"boundaryLevel":"Zip5","line1":"10","line2":"","line3":"","city":"Wayside","region":"NJ","postalCode":"07712","country":"US","taxRegionId":4005710,"latitude":"40.234386","longitude":"-74.028435"},{"id":0,"transactionId":0,"boundaryLevel":"Address","line1":"30 GLENN ST","line2":"","line3":"","city":"WHITE PLAINS","region":"NY","postalCode":"10603-3254","country":"US","taxRegionId":2090237,"latitude":"41.050608","longitude":"-73.771383"}],"summary":[{"country":"US","region":"NJ","jurisType":"State","jurisCode":"34","jurisName":"NEW JERSEY","taxAuthorityType":45,"stateAssignedNo":"","taxType":"Sales","taxSubType":"S","taxName":"NJ STATE TAX","rateType":"General","taxable":47.2,"rate":0.066250,"tax":3.13,"taxCalculated":3.13,"nonTaxable":0.0,"exemption":0.0}]}

05-01-2021 @ 08:45:15 - Request
Request
method: GET
uri: https://rest.avatax.com/api/v2/taxrates/byaddress?line1=&line2=&city=Wayside&region=NJ&country=US&postalCode=07712
user-agent: WooCommerce-AvaTax/1.12.0 (WooCommerce/5.2.2; WordPress/5.7.1)
headers: Array
(
    [content-type] => application/json
    [accept] => application/json
    [Authorization] => ******************************************
    [X-Avalara-Client] => WCSkyVerge RESTv2;REST;REST;v2;AlconoxInc
    [X-Avalara-UID] => a0o33000004goTr
)
body:
duration: 0.27735s

05-01-2021 @ 08:45:15 - Response
Response
code: 200
message: OK
headers: Array
(
    [date] => Sat, 01 May 2021 12:45:15 GMT
    [content-type] => application/json; charset=utf-8
    [content-length] => 87
    [x-content-type-options] => nosniff
    [serverduration] => 00:00:00.0010912
    [databasecalls] => 0
    [databaseduration] => 00:00:00
    [serviceduration] => 00:00:00
)
body: {"totalRate":0.066250,"rates":[{"rate":0.066250,"name":"NJ STATE TAX","type":"State"}]}

05-01-2021 @ 08:45:15 - Request
Request
method: POST
uri: https://rest.avatax.com/api/v2/transactions/create
user-agent: WooCommerce-AvaTax/1.12.0 (WooCommerce/5.2.2; WordPress/5.7.1)
headers: Array
(
    [content-type] => application/json
    [accept] => application/json
    [Authorization] => ******************************************
    [X-Avalara-Client] => WCSkyVerge RESTv2;REST;REST;v2;AlconoxInc
    [X-Avalara-UID] => a0o33000004goTr
)
body: {"code":"","companyCode":"ALC","customerCode":"merlot1208@aol.com","currencyCode":"USD","date":"2021-05-01","lines":[{"number":"ca67023068969c7df100d80920400183","itemCode":"1104-1","taxCode":"P0000000","description":"Alconox","quantity":1,"amount":47.200000000000003},{"number":"shipping_0","itemCode":"use-my-shipping-account","taxCode":"FR","description":"Use My Shipping Account","quantity":1}],"addresses":{"shipFrom":{"line1":"30 GLENN ST","line2":"","city":"WHITE PLAINS","region":"NY","country":"US","postalCode":"10603-3254"},"shipTo":{"line1":"104 Green Grove Road","line2":"","city":"Wayside","region":"NJ","country":"US","postalCode":"07712"}},"type":"SalesOrder","commit":false}
duration: 0.31567s

05-01-2021 @ 08:45:15 - Response
Response
code: 201
message: Created
headers: Array
(
    [date] => Sat, 01 May 2021 12:45:15 GMT
    [content-type] => application/json; charset=utf-8
    [server] => Kestrel
    [content-encoding] => br
    [location] => /api/v2/companies/207925/transactions/0
    [vary] => Accept-Encoding
    [serverduration] => 00:00:00.0382957
)
body: {"id":0,"code":"55948942-bf5d-4406-8b95-eb7032411124","companyId":207925,"date":"2021-05-01","paymentDate":"2021-05-01","status":"Temporary","type":"SalesOrder","batchCode":"","currencyCode":"USD","exchangeRateCurrencyCode":"USD","customerUsageType":"","entityUseCode":"","customerVendorCode":"merlot1208@aol.com","customerCode":"merlot1208@aol.com","exemptNo":"","reconciled":false,"locationCode":"","reportingLocationCode":"","purchaseOrderNo":"","referenceCode":"","salespersonCode":"","totalAmount":47.2,"totalExempt":0.0,"totalDiscount":0.0,"totalTax":3.13,"totalTaxable":47.2,"totalTaxCalculated":3.13,"adjustmentReason":"NotAdjusted","locked":false,"version":1,"exchangeRateEffectiveDate":"2021-05-01","exchangeRate":1.0,"modifiedDate":"2021-05-01T12:45:15.7218626Z","modifiedUserId":231879,"taxDate":"2021-05-01T00:00:00","lines":[{"id":0,"transactionId":0,"lineNumber":"ca67023068969c7df100d80920400183","customerUsageType":"","entityUseCode":"","description":"Alconox","discountAmount":0.0,"exemptAmount":0.0,"exemptCertId":0,"exemptNo":"","isItemTaxable":true,"itemCode":"1104-1","lineAmount":47.200000000000003,"quantity":1.0,"ref1":"","ref2":"","reportingDate":"2021-05-01","tax":3.13,"taxableAmount":47.2,"taxCalculated":3.13,"taxCode":"P0000000","taxCodeId":4316,"taxDate":"2021-05-01","taxIncluded":false,"details":[{"id":0,"transactionLineId":0,"transactionId":0,"country":"US","region":"NJ","exemptAmount":0.0,"jurisCode":"34","jurisName":"NEW JERSEY","stateAssignedNo":"","jurisType":"STA","jurisdictionType":"State","nonTaxableAmount":0.0,"rate":0.066250,"tax":3.13,"taxableAmount":47.2,"taxType":"Sales","taxSubTypeId":"S","taxName":"NJ STATE TAX","taxAuthorityTypeId":45,"taxCalculated":3.13,"rateType":"General","rateTypeCode":"G","unitOfBasis":"PerCurrencyUnit","isNonPassThru":false,"isFee":false,"reportingTaxableUnits":47.2,"reportingNonTaxableUnits":0.0,"reportingExemptUnits":0.0,"reportingTax":3.13,"reportingTaxCalculated":3.13,"liabilityType":"Seller"}],"nonPassthroughDetails":[],"hsCode":"","costInsuranceFreight":0.0,"vatCode":"","vatNumberTypeId":0},{"id":0,"transactionId":0,"lineNumber":"shipping_0","customerUsageType":"","entityUseCode":"","description":"Use My Shipping Account","discountAmount":0.0,"exemptAmount":0.0,"exemptCertId":0,"exemptNo":"","isItemTaxable":false,"itemCode":"use-my-shipping-account","lineAmount":0.0,"quantity":1.0,"ref1":"","ref2":"","reportingDate":"2021-05-01","tax":0.0,"taxableAmount":0.0,"taxCalculated":0.0,"taxCode":"FR","taxCodeId":7119,"taxDate":"2021-05-01","taxIncluded":false,"details":[{"id":0,"transactionLineId":0,"transactionId":0,"country":"US","region":"NJ","exemptAmount":0.0,"jurisCode":"34","jurisName":"NEW JERSEY","stateAssignedNo":"","jurisType":"STA","jurisdictionType":"State","nonTaxableAmount":0.0,"rate":0.066250,"tax":0.0,"taxableAmount":0.0,"taxType":"Sales","taxSubTypeId":"S","taxName":"NJ STATE TAX","taxAuthorityTypeId":45,"taxCalculated":0.0,"rateType":"General","rateTypeCode":"G","unitOfBasis":"PerCurrencyUnit","isNonPassThru":false,"isFee":false,"reportingTaxableUnits":0.0,"reportingNonTaxableUnits":0.0,"reportingExemptUnits":0.0,"reportingTax":0.0,"reportingTaxCalculated":0.0,"liabilityType":"Seller"}],"nonPassthroughDetails":[],"hsCode":"","costInsuranceFreight":0.0,"vatCode":"","vatNumberTypeId":0}],"addresses":[{"id":0,"transactionId":0,"boundaryLevel":"Address","line1":"104 Green Grove Road","line2":"","line3":"","city":"Wayside","region":"NJ","postalCode":"07712","country":"US","taxRegionId":4005710,"latitude":"40.235112","longitude":"-74.077172"},{"id":0,"transactionId":0,"boundaryLevel":"Address","line1":"30 GLENN ST","line2":"","line3":"","city":"WHITE PLAINS","region":"NY","postalCode":"10603-3254","country":"US","taxRegionId":2090237,"latitude":"41.050608","longitude":"-73.771383"}],"summary":[{"country":"US","region":"NJ","jurisType":"State","jurisCode":"34","jurisName":"NEW JERSEY","taxAuthorityType":45,"stateAssignedNo":"","taxType":"Sales","taxSubType":"S","taxName":"NJ STATE TAX","rateType":"General","taxable":47.2,"rate":0.066250,"tax":3.13,"taxCalculated":3.13,"nonTaxable":0.0,"exemption":0.0}]}

05-01-2021 @ 08:45:34 - Request
Request
method: GET
uri: https://rest.avatax.com/api/v2/taxrates/byaddress?line1=&line2=&city=Ocean&region=NJ&country=US&postalCode=07712
user-agent: WooCommerce-AvaTax/1.12.0 (WooCommerce/5.2.2; WordPress/5.7.1)
headers: Array
(
    [content-type] => application/json
    [accept] => application/json
    [Authorization] => ******************************************
    [X-Avalara-Client] => WCSkyVerge RESTv2;REST;REST;v2;AlconoxInc
    [X-Avalara-UID] => a0o33000004goTr
)
body:
duration: 0.31053s

05-01-2021 @ 08:45:34 - Response
Response
code: 200
message: OK
headers: Array
(
    [date] => Sat, 01 May 2021 12:45:34 GMT
    [content-type] => application/json; charset=utf-8
    [content-length] => 87
    [x-content-type-options] => nosniff
    [serverduration] => 00:00:00.0110614
    [databasecalls] => 0
    [databaseduration] => 00:00:00
    [serviceduration] => 00:00:00
)
body: {"totalRate":0.066250,"rates":[{"rate":0.066250,"name":"NJ STATE TAX","type":"State"}]}

05-01-2021 @ 08:45:35 - Request
Request
method: POST
uri: https://rest.avatax.com/api/v2/transactions/create
user-agent: WooCommerce-AvaTax/1.12.0 (WooCommerce/5.2.2; WordPress/5.7.1)
headers: Array
(
    [content-type] => application/json
    [accept] => application/json
    [Authorization] => ******************************************
    [X-Avalara-Client] => WCSkyVerge RESTv2;REST;REST;v2;AlconoxInc
    [X-Avalara-UID] => a0o33000004goTr
)
body: {"code":"","companyCode":"ALC","customerCode":"merlot1208@aol.com","currencyCode":"USD","date":"2021-05-01","lines":[{"number":"ca67023068969c7df100d80920400183","itemCode":"1104-1","taxCode":"P0000000","description":"Alconox","quantity":1,"amount":47.200000000000003},{"number":"shipping_0","itemCode":"use-my-shipping-account","taxCode":"FR","description":"Use My Shipping Account","quantity":1}],"addresses":{"shipFrom":{"line1":"30 GLENN ST","line2":"","city":"WHITE PLAINS","region":"NY","country":"US","postalCode":"10603-3254"},"shipTo":{"line1":"104 Green Grove Road","line2":"","city":"Ocean","region":"NJ","country":"US","postalCode":"07712"}},"type":"SalesOrder","commit":false}
duration: 0.3378s

05-01-2021 @ 08:45:35 - Response
Response
code: 201
message: Created
headers: Array
(
    [date] => Sat, 01 May 2021 12:45:35 GMT
    [content-type] => application/json; charset=utf-8
    [server] => Kestrel
    [content-encoding] => br
    [location] => /api/v2/companies/207925/transactions/0
    [vary] => Accept-Encoding
    [serverduration] => 00:00:00.0412824
)
body: {"id":0,"code":"8411afcb-601b-444e-b7d9-34c473b7ab8c","companyId":207925,"date":"2021-05-01","paymentDate":"2021-05-01","status":"Temporary","type":"SalesOrder","batchCode":"","currencyCode":"USD","exchangeRateCurrencyCode":"USD","customerUsageType":"","entityUseCode":"","customerVendorCode":"merlot1208@aol.com","customerCode":"merlot1208@aol.com","exemptNo":"","reconciled":false,"locationCode":"","reportingLocationCode":"","purchaseOrderNo":"","referenceCode":"","salespersonCode":"","totalAmount":47.2,"totalExempt":0.0,"totalDiscount":0.0,"totalTax":3.13,"totalTaxable":47.2,"totalTaxCalculated":3.13,"adjustmentReason":"NotAdjusted","locked":false,"version":1,"exchangeRateEffectiveDate":"2021-05-01","exchangeRate":1.0,"modifiedDate":"2021-05-01T12:45:35.0412791Z","modifiedUserId":231879,"taxDate":"2021-05-01T00:00:00","lines":[{"id":0,"transactionId":0,"lineNumber":"ca67023068969c7df100d80920400183","customerUsageType":"","entityUseCode":"","description":"Alconox","discountAmount":0.0,"exemptAmount":0.0,"exemptCertId":0,"exemptNo":"","isItemTaxable":true,"itemCode":"1104-1","lineAmount":47.200000000000003,"quantity":1.0,"ref1":"","ref2":"","reportingDate":"2021-05-01","tax":3.13,"taxableAmount":47.2,"taxCalculated":3.13,"taxCode":"P0000000","taxCodeId":4316,"taxDate":"2021-05-01","taxIncluded":false,"details":[{"id":0,"transactionLineId":0,"transactionId":0,"country":"US","region":"NJ","exemptAmount":0.0,"jurisCode":"34","jurisName":"NEW JERSEY","stateAssignedNo":"","jurisType":"STA","jurisdictionType":"State","nonTaxableAmount":0.0,"rate":0.066250,"tax":3.13,"taxableAmount":47.2,"taxType":"Sales","taxSubTypeId":"S","taxName":"NJ STATE TAX","taxAuthorityTypeId":45,"taxCalculated":3.13,"rateType":"General","rateTypeCode":"G","unitOfBasis":"PerCurrencyUnit","isNonPassThru":false,"isFee":false,"reportingTaxableUnits":47.2,"reportingNonTaxableUnits":0.0,"reportingExemptUnits":0.0,"reportingTax":3.13,"reportingTaxCalculated":3.13,"liabilityType":"Seller"}],"nonPassthroughDetails":[],"hsCode":"","costInsuranceFreight":0.0,"vatCode":"","vatNumberTypeId":0},{"id":0,"transactionId":0,"lineNumber":"shipping_0","customerUsageType":"","entityUseCode":"","description":"Use My Shipping Account","discountAmount":0.0,"exemptAmount":0.0,"exemptCertId":0,"exemptNo":"","isItemTaxable":false,"itemCode":"use-my-shipping-account","lineAmount":0.0,"quantity":1.0,"ref1":"","ref2":"","reportingDate":"2021-05-01","tax":0.0,"taxableAmount":0.0,"taxCalculated":0.0,"taxCode":"FR","taxCodeId":7119,"taxDate":"2021-05-01","taxIncluded":false,"details":[{"id":0,"transactionLineId":0,"transactionId":0,"country":"US","region":"NJ","exemptAmount":0.0,"jurisCode":"34","jurisName":"NEW JERSEY","stateAssignedNo":"","jurisType":"STA","jurisdictionType":"State","nonTaxableAmount":0.0,"rate":0.066250,"tax":0.0,"taxableAmount":0.0,"taxType":"Sales","taxSubTypeId":"S","taxName":"NJ STATE TAX","taxAuthorityTypeId":45,"taxCalculated":0.0,"rateType":"General","rateTypeCode":"G","unitOfBasis":"PerCurrencyUnit","isNonPassThru":false,"isFee":false,"reportingTaxableUnits":0.0,"reportingNonTaxableUnits":0.0,"reportingExemptUnits":0.0,"reportingTax":0.0,"reportingTaxCalculated":0.0,"liabilityType":"Seller"}],"nonPassthroughDetails":[],"hsCode":"","costInsuranceFreight":0.0,"vatCode":"","vatNumberTypeId":0}],"addresses":[{"id":0,"transactionId":0,"boundaryLevel":"Address","line1":"104 Green Grove Road","line2":"","line3":"","city":"Ocean","region":"NJ","postalCode":"07712","country":"US","taxRegionId":4005710,"latitude":"40.235112","longitude":"-74.077172"},{"id":0,"transactionId":0,"boundaryLevel":"Address","line1":"30 GLENN ST","line2":"","line3":"","city":"WHITE PLAINS","region":"NY","postalCode":"10603-3254","country":"US","taxRegionId":2090237,"latitude":"41.050608","longitude":"-73.771383"}],"summary":[{"country":"US","region":"NJ","jurisType":"State","jurisCode":"34","jurisName":"NEW JERSEY","taxAuthorityType":45,"stateAssignedNo":"","taxType":"Sales","taxSubType":"S","taxName":"NJ STATE TAX","rateType":"General","taxable":47.2,"rate":0.066250,"tax":3.13,"taxCalculated":3.13,"nonTaxable":0.0,"exemption":0.0}]}

05-01-2021 @ 08:46:35 - Request
Request
method: GET
uri: https://rest.avatax.com/api/v2/taxrates/byaddress?line1=&line2=&city=Ocean&region=NJ&country=US&postalCode=07712
user-agent: WooCommerce-AvaTax/1.12.0 (WooCommerce/5.2.2; WordPress/5.7.1)
headers: Array
(
    [content-type] => application/json
    [accept] => application/json
    [Authorization] => ******************************************
    [X-Avalara-Client] => WCSkyVerge RESTv2;REST;REST;v2;AlconoxInc
    [X-Avalara-UID] => a0o33000004goTr
)
body:
duration: 0.31556s

05-01-2021 @ 08:46:35 - Response
Response
code: 200
message: OK
headers: Array
(
    [date] => Sat, 01 May 2021 12:46:35 GMT
    [content-type] => application/json; charset=utf-8
    [content-length] => 87
    [x-content-type-options] => nosniff
    [serverduration] => 00:00:00.0010358
    [databasecalls] => 0
    [databaseduration] => 00:00:00
    [serviceduration] => 00:00:00
)
body: {"totalRate":0.066250,"rates":[{"rate":0.066250,"name":"NJ STATE TAX","type":"State"}]}

05-01-2021 @ 08:46:36 - Request
Request
method: POST
uri: https://rest.avatax.com/api/v2/transactions/create
user-agent: WooCommerce-AvaTax/1.12.0 (WooCommerce/5.2.2; WordPress/5.7.1)
headers: Array
(
    [content-type] => application/json
    [accept] => application/json
    [Authorization] => ******************************************
    [X-Avalara-Client] => WCSkyVerge RESTv2;REST;REST;v2;AlconoxInc
    [X-Avalara-UID] => a0o33000004goTr
)
body: {"code":"","companyCode":"ALC","customerCode":"qtlabs@aol.com","currencyCode":"USD","date":"2021-05-01","lines":[{"number":"ca67023068969c7df100d80920400183","itemCode":"1104-1","taxCode":"P0000000","description":"Alconox","quantity":1,"amount":47.200000000000003},{"number":"shipping_0","itemCode":"use-my-shipping-account","taxCode":"FR","description":"Use My Shipping Account","quantity":1}],"addresses":{"shipFrom":{"line1":"30 GLENN ST","line2":"","city":"WHITE PLAINS","region":"NY","country":"US","postalCode":"10603-3254"},"shipTo":{"line1":"104 Green Grove Road","line2":"","city":"Ocean","region":"NJ","country":"US","postalCode":"07712"}},"type":"SalesOrder","commit":false}
duration: 0.33119s

05-01-2021 @ 08:46:36 - Response
Response
code: 201
message: Created
headers: Array
(
    [date] => Sat, 01 May 2021 12:46:36 GMT
    [content-type] => application/json; charset=utf-8
    [server] => Kestrel
    [content-encoding] => br
    [location] => /api/v2/companies/207925/transactions/0
    [vary] => Accept-Encoding
    [serverduration] => 00:00:00.0420583
)
body: {"id":0,"code":"226e36e9-c8ec-437d-b5ec-3fa556a2af1f","companyId":207925,"date":"2021-05-01","paymentDate":"2021-05-01","status":"Temporary","type":"SalesOrder","batchCode":"","currencyCode":"USD","exchangeRateCurrencyCode":"USD","customerUsageType":"","entityUseCode":"","customerVendorCode":"qtlabs@aol.com","customerCode":"qtlabs@aol.com","exemptNo":"","reconciled":false,"locationCode":"","reportingLocationCode":"","purchaseOrderNo":"","referenceCode":"","salespersonCode":"","totalAmount":47.2,"totalExempt":0.0,"totalDiscount":0.0,"totalTax":3.13,"totalTaxable":47.2,"totalTaxCalculated":3.13,"adjustmentReason":"NotAdjusted","locked":false,"version":1,"exchangeRateEffectiveDate":"2021-05-01","exchangeRate":1.0,"modifiedDate":"2021-05-01T12:46:36.2828073Z","modifiedUserId":231879,"taxDate":"2021-05-01T00:00:00","lines":[{"id":0,"transactionId":0,"lineNumber":"ca67023068969c7df100d80920400183","customerUsageType":"","entityUseCode":"","description":"Alconox","discountAmount":0.0,"exemptAmount":0.0,"exemptCertId":0,"exemptNo":"","isItemTaxable":true,"itemCode":"1104-1","lineAmount":47.200000000000003,"quantity":1.0,"ref1":"","ref2":"","reportingDate":"2021-05-01","tax":3.13,"taxableAmount":47.2,"taxCalculated":3.13,"taxCode":"P0000000","taxCodeId":4316,"taxDate":"2021-05-01","taxIncluded":false,"details":[{"id":0,"transactionLineId":0,"transactionId":0,"country":"US","region":"NJ","exemptAmount":0.0,"jurisCode":"34","jurisName":"NEW JERSEY","stateAssignedNo":"","jurisType":"STA","jurisdictionType":"State","nonTaxableAmount":0.0,"rate":0.066250,"tax":3.13,"taxableAmount":47.2,"taxType":"Sales","taxSubTypeId":"S","taxName":"NJ STATE TAX","taxAuthorityTypeId":45,"taxCalculated":3.13,"rateType":"General","rateTypeCode":"G","unitOfBasis":"PerCurrencyUnit","isNonPassThru":false,"isFee":false,"reportingTaxableUnits":47.2,"reportingNonTaxableUnits":0.0,"reportingExemptUnits":0.0,"reportingTax":3.13,"reportingTaxCalculated":3.13,"liabilityType":"Seller"}],"nonPassthroughDetails":[],"hsCode":"","costInsuranceFreight":0.0,"vatCode":"","vatNumberTypeId":0},{"id":0,"transactionId":0,"lineNumber":"shipping_0","customerUsageType":"","entityUseCode":"","description":"Use My Shipping Account","discountAmount":0.0,"exemptAmount":0.0,"exemptCertId":0,"exemptNo":"","isItemTaxable":false,"itemCode":"use-my-shipping-account","lineAmount":0.0,"quantity":1.0,"ref1":"","ref2":"","reportingDate":"2021-05-01","tax":0.0,"taxableAmount":0.0,"taxCalculated":0.0,"taxCode":"FR","taxCodeId":7119,"taxDate":"2021-05-01","taxIncluded":false,"details":[{"id":0,"transactionLineId":0,"transactionId":0,"country":"US","region":"NJ","exemptAmount":0.0,"jurisCode":"34","jurisName":"NEW JERSEY","stateAssignedNo":"","jurisType":"STA","jurisdictionType":"State","nonTaxableAmount":0.0,"rate":0.066250,"tax":0.0,"taxableAmount":0.0,"taxType":"Sales","taxSubTypeId":"S","taxName":"NJ STATE TAX","taxAuthorityTypeId":45,"taxCalculated":0.0,"rateType":"General","rateTypeCode":"G","unitOfBasis":"PerCurrencyUnit","isNonPassThru":false,"isFee":false,"reportingTaxableUnits":0.0,"reportingNonTaxableUnits":0.0,"reportingExemptUnits":0.0,"reportingTax":0.0,"reportingTaxCalculated":0.0,"liabilityType":"Seller"}],"nonPassthroughDetails":[],"hsCode":"","costInsuranceFreight":0.0,"vatCode":"","vatNumberTypeId":0}],"addresses":[{"id":0,"transactionId":0,"boundaryLevel":"Address","line1":"104 Green Grove Road","line2":"","line3":"","city":"Ocean","region":"NJ","postalCode":"07712","country":"US","taxRegionId":4005710,"latitude":"40.235112","longitude":"-74.077172"},{"id":0,"transactionId":0,"boundaryLevel":"Address","line1":"30 GLENN ST","line2":"","line3":"","city":"WHITE PLAINS","region":"NY","postalCode":"10603-3254","country":"US","taxRegionId":2090237,"latitude":"41.050608","longitude":"-73.771383"}],"summary":[{"country":"US","region":"NJ","jurisType":"State","jurisCode":"34","jurisName":"NEW JERSEY","taxAuthorityType":45,"stateAssignedNo":"","taxType":"Sales","taxSubType":"S","taxName":"NJ STATE TAX","rateType":"General","taxable":47.2,"rate":0.066250,"tax":3.13,"taxCalculated":3.13,"nonTaxable":0.0,"exemption":0.0}]}

05-01-2021 @ 08:46:48 - Request
Request
method: GET
uri: https://rest.avatax.com/api/v2/taxrates/byaddress?line1=&line2=&city=Ocean&region=NJ&country=US&postalCode=07712
user-agent: WooCommerce-AvaTax/1.12.0 (WooCommerce/5.2.2; WordPress/5.7.1)
headers: Array
(
    [content-type] => application/json
    [accept] => application/json
    [Authorization] => ******************************************
    [X-Avalara-Client] => WCSkyVerge RESTv2;REST;REST;v2;AlconoxInc
    [X-Avalara-UID] => a0o33000004goTr
)
body:
duration: 0.3346s

05-01-2021 @ 08:46:48 - Response
Response
code: 200
message: OK
headers: Array
(
    [date] => Sat, 01 May 2021 12:46:48 GMT
    [content-type] => application/json; charset=utf-8
    [content-length] => 87
    [x-content-type-options] => nosniff
    [serverduration] => 00:00:00.0011771
    [databasecalls] => 0
    [databaseduration] => 00:00:00
    [serviceduration] => 00:00:00
)
body: {"totalRate":0.066250,"rates":[{"rate":0.066250,"name":"NJ STATE TAX","type":"State"}]}

05-01-2021 @ 08:46:48 - Request
Request
method: POST
uri: https://rest.avatax.com/api/v2/transactions/create
user-agent: WooCommerce-AvaTax/1.12.0 (WooCommerce/5.2.2; WordPress/5.7.1)
headers: Array
(
    [content-type] => application/json
    [accept] => application/json
    [Authorization] => ******************************************
    [X-Avalara-Client] => WCSkyVerge RESTv2;REST;REST;v2;AlconoxInc
    [X-Avalara-UID] => a0o33000004goTr
)
body: {"code":"","companyCode":"ALC","customerCode":"qtlabs@aol.com","currencyCode":"USD","date":"2021-05-01","lines":[{"number":"ca67023068969c7df100d80920400183","itemCode":"1104-1","taxCode":"P0000000","description":"Alconox","quantity":1,"amount":47.200000000000003},{"number":"shipping_0","itemCode":"pt-ups-merger:6:03","taxCode":"FR","description":"Ground (UPS)","quantity":1,"amount":15.66}],"addresses":{"shipFrom":{"line1":"30 GLENN ST","line2":"","city":"WHITE PLAINS","region":"NY","country":"US","postalCode":"10603-3254"},"shipTo":{"line1":"104 Green Grove Road","line2":"","city":"Ocean","region":"NJ","country":"US","postalCode":"07712"}},"type":"SalesOrder","commit":false}
duration: 0.32441s

05-01-2021 @ 08:46:48 - Response
Response
code: 201
message: Created
headers: Array
(
    [date] => Sat, 01 May 2021 12:46:48 GMT
    [content-type] => application/json; charset=utf-8
    [server] => Kestrel
    [content-encoding] => br
    [location] => /api/v2/companies/207925/transactions/0
    [vary] => Accept-Encoding
    [serverduration] => 00:00:00.0434260
)
body: {"id":0,"code":"a6e014eb-7ad3-4c9f-930a-f3de50a0f911","companyId":207925,"date":"2021-05-01","paymentDate":"2021-05-01","status":"Temporary","type":"SalesOrder","batchCode":"","currencyCode":"USD","exchangeRateCurrencyCode":"USD","customerUsageType":"","entityUseCode":"","customerVendorCode":"qtlabs@aol.com","customerCode":"qtlabs@aol.com","exemptNo":"","reconciled":false,"locationCode":"","reportingLocationCode":"","purchaseOrderNo":"","referenceCode":"","salespersonCode":"","totalAmount":62.86,"totalExempt":15.66,"totalDiscount":0.0,"totalTax":3.13,"totalTaxable":47.2,"totalTaxCalculated":3.13,"adjustmentReason":"NotAdjusted","locked":false,"version":1,"exchangeRateEffectiveDate":"2021-05-01","exchangeRate":1.0,"modifiedDate":"2021-05-01T12:46:48.4772037Z","modifiedUserId":231879,"taxDate":"2021-05-01T00:00:00","lines":[{"id":0,"transactionId":0,"lineNumber":"ca67023068969c7df100d80920400183","customerUsageType":"","entityUseCode":"","description":"Alconox","discountAmount":0.0,"exemptAmount":0.0,"exemptCertId":0,"exemptNo":"","isItemTaxable":true,"itemCode":"1104-1","lineAmount":47.200000000000003,"quantity":1.0,"ref1":"","ref2":"","reportingDate":"2021-05-01","tax":3.13,"taxableAmount":47.2,"taxCalculated":3.13,"taxCode":"P0000000","taxCodeId":4316,"taxDate":"2021-05-01","taxIncluded":false,"details":[{"id":0,"transactionLineId":0,"transactionId":0,"country":"US","region":"NJ","exemptAmount":0.0,"jurisCode":"34","jurisName":"NEW JERSEY","stateAssignedNo":"","jurisType":"STA","jurisdictionType":"State","nonTaxableAmount":0.0,"rate":0.066250,"tax":3.13,"taxableAmount":47.2,"taxType":"Sales","taxSubTypeId":"S","taxName":"NJ STATE TAX","taxAuthorityTypeId":45,"taxCalculated":3.13,"rateType":"General","rateTypeCode":"G","unitOfBasis":"PerCurrencyUnit","isNonPassThru":false,"isFee":false,"reportingTaxableUnits":47.2,"reportingNonTaxableUnits":0.0,"reportingExemptUnits":0.0,"reportingTax":3.13,"reportingTaxCalculated":3.13,"liabilityType":"Seller"}],"nonPassthroughDetails":[],"hsCode":"","costInsuranceFreight":0.0,"vatCode":"","vatNumberTypeId":0},{"id":0,"transactionId":0,"lineNumber":"shipping_0","customerUsageType":"","entityUseCode":"","description":"Ground (UPS)","discountAmount":0.0,"exemptAmount":15.66,"exemptCertId":0,"exemptNo":"","isItemTaxable":false,"itemCode":"pt-ups-merger:6:03","lineAmount":15.66,"quantity":1.0,"ref1":"","ref2":"","reportingDate":"2021-05-01","tax":0.0,"taxableAmount":0.0,"taxCalculated":0.0,"taxCode":"FR","taxCodeId":7119,"taxDate":"2021-05-01","taxIncluded":false,"details":[{"id":0,"transactionLineId":0,"transactionId":0,"country":"US","region":"NJ","exemptAmount":0.0,"jurisCode":"34","jurisName":"NEW JERSEY","stateAssignedNo":"","jurisType":"STA","jurisdictionType":"State","nonTaxableAmount":15.66,"rate":0.066250,"tax":0.0,"taxableAmount":0.0,"taxType":"Sales","taxSubTypeId":"S","taxName":"NJ STATE TAX","taxAuthorityTypeId":45,"taxCalculated":0.0,"rateType":"General","rateTypeCode":"G","unitOfBasis":"PerCurrencyUnit","isNonPassThru":false,"isFee":false,"reportingTaxableUnits":0.0,"reportingNonTaxableUnits":15.66,"reportingExemptUnits":0.0,"reportingTax":0.0,"reportingTaxCalculated":0.0,"liabilityType":"Seller"}],"nonPassthroughDetails":[],"hsCode":"","costInsuranceFreight":0.0,"vatCode":"","vatNumberTypeId":0}],"addresses":[{"id":0,"transactionId":0,"boundaryLevel":"Address","line1":"104 Green Grove Road","line2":"","line3":"","city":"Ocean","region":"NJ","postalCode":"07712","country":"US","taxRegionId":4005710,"latitude":"40.235112","longitude":"-74.077172"},{"id":0,"transactionId":0,"boundaryLevel":"Address","line1":"30 GLENN ST","line2":"","line3":"","city":"WHITE PLAINS","region":"NY","postalCode":"10603-3254","country":"US","taxRegionId":2090237,"latitude":"41.050608","longitude":"-73.771383"}],"summary":[{"country":"US","region":"NJ","jurisType":"State","jurisCode":"34","jurisName":"NEW JERSEY","taxAuthorityType":45,"stateAssignedNo":"","taxType":"Sales","taxSubType":"S","taxName":"NJ STATE TAX","rateType":"General","taxable":47.2,"rate":0.066250,"tax":3.13,"taxCalculated":3.13,"nonTaxable":15.66,"exemption":0.0}]}

05-01-2021 @ 08:47:11 - Request
Request
method: GET
uri: https://rest.avatax.com/api/v2/taxrates/byaddress?line1=&line2=&city=Ocean&region=NJ&country=US&postalCode=07712
user-agent: WooCommerce-AvaTax/1.12.0 (WooCommerce/5.2.2; WordPress/5.7.1)
headers: Array
(
    [content-type] => application/json
    [accept] => application/json
    [Authorization] => ******************************************
    [X-Avalara-Client] => WCSkyVerge RESTv2;REST;REST;v2;AlconoxInc
    [X-Avalara-UID] => a0o33000004goTr
)
body:
duration: 0.28797s

05-01-2021 @ 08:47:11 - Response
Response
code: 200
message: OK
headers: Array
(
    [date] => Sat, 01 May 2021 12:47:11 GMT
    [content-type] => application/json; charset=utf-8
    [content-length] => 87
    [x-content-type-options] => nosniff
    [serverduration] => 00:00:00.0018289
    [databasecalls] => 0
    [databaseduration] => 00:00:00
    [serviceduration] => 00:00:00
)
body: {"totalRate":0.066250,"rates":[{"rate":0.066250,"name":"NJ STATE TAX","type":"State"}]}

05-01-2021 @ 08:47:12 - Request
Request
method: POST
uri: https://rest.avatax.com/api/v2/transactions/create
user-agent: WooCommerce-AvaTax/1.12.0 (WooCommerce/5.2.2; WordPress/5.7.1)
headers: Array
(
    [content-type] => application/json
    [accept] => application/json
    [Authorization] => ******************************************
    [X-Avalara-Client] => WCSkyVerge RESTv2;REST;REST;v2;AlconoxInc
    [X-Avalara-UID] => a0o33000004goTr
)
body: {"code":"","companyCode":"ALC","customerCode":"qtlabs@aol.com","currencyCode":"USD","date":"2021-05-01","lines":[{"number":"ca67023068969c7df100d80920400183","itemCode":"1104-1","taxCode":"P0000000","description":"Alconox","quantity":1,"amount":47.200000000000003},{"number":"shipping_0","itemCode":"pt-ups-merger:6:03","taxCode":"FR","description":"Ground (UPS)","quantity":1,"amount":15.66}],"addresses":{"shipFrom":{"line1":"30 GLENN ST","line2":"","city":"WHITE PLAINS","region":"NY","country":"US","postalCode":"10603-3254"},"shipTo":{"line1":"104 Green Grove Road","line2":"","city":"Ocean","region":"NJ","country":"US","postalCode":"07712"}},"type":"SalesOrder","commit":false}
duration: 0.30451s

05-01-2021 @ 08:47:12 - Response
Response
code: 201
message: Created
headers: Array
(
    [date] => Sat, 01 May 2021 12:47:12 GMT
    [content-type] => application/json; charset=utf-8
    [server] => Kestrel
    [content-encoding] => br
    [location] => /api/v2/companies/207925/transactions/0
    [vary] => Accept-Encoding
    [serverduration] => 00:00:00.0396932
)
body: {"id":0,"code":"6485b7f2-0527-4022-ae50-bb5e3a81b5f9","companyId":207925,"date":"2021-05-01","paymentDate":"2021-05-01","status":"Temporary","type":"SalesOrder","batchCode":"","currencyCode":"USD","exchangeRateCurrencyCode":"USD","customerUsageType":"","entityUseCode":"","customerVendorCode":"qtlabs@aol.com","customerCode":"qtlabs@aol.com","exemptNo":"","reconciled":false,"locationCode":"","reportingLocationCode":"","purchaseOrderNo":"","referenceCode":"","salespersonCode":"","totalAmount":62.86,"totalExempt":15.66,"totalDiscount":0.0,"totalTax":3.13,"totalTaxable":47.2,"totalTaxCalculated":3.13,"adjustmentReason":"NotAdjusted","locked":false,"version":1,"exchangeRateEffectiveDate":"2021-05-01","exchangeRate":1.0,"modifiedDate":"2021-05-01T12:47:12.3229897Z","modifiedUserId":231879,"taxDate":"2021-05-01T00:00:00","lines":[{"id":0,"transactionId":0,"lineNumber":"ca67023068969c7df100d80920400183","customerUsageType":"","entityUseCode":"","description":"Alconox","discountAmount":0.0,"exemptAmount":0.0,"exemptCertId":0,"exemptNo":"","isItemTaxable":true,"itemCode":"1104-1","lineAmount":47.200000000000003,"quantity":1.0,"ref1":"","ref2":"","reportingDate":"2021-05-01","tax":3.13,"taxableAmount":47.2,"taxCalculated":3.13,"taxCode":"P0000000","taxCodeId":4316,"taxDate":"2021-05-01","taxIncluded":false,"details":[{"id":0,"transactionLineId":0,"transactionId":0,"country":"US","region":"NJ","exemptAmount":0.0,"jurisCode":"34","jurisName":"NEW JERSEY","stateAssignedNo":"","jurisType":"STA","jurisdictionType":"State","nonTaxableAmount":0.0,"rate":0.066250,"tax":3.13,"taxableAmount":47.2,"taxType":"Sales","taxSubTypeId":"S","taxName":"NJ STATE TAX","taxAuthorityTypeId":45,"taxCalculated":3.13,"rateType":"General","rateTypeCode":"G","unitOfBasis":"PerCurrencyUnit","isNonPassThru":false,"isFee":false,"reportingTaxableUnits":47.2,"reportingNonTaxableUnits":0.0,"reportingExemptUnits":0.0,"reportingTax":3.13,"reportingTaxCalculated":3.13,"liabilityType":"Seller"}],"nonPassthroughDetails":[],"hsCode":"","costInsuranceFreight":0.0,"vatCode":"","vatNumberTypeId":0},{"id":0,"transactionId":0,"lineNumber":"shipping_0","customerUsageType":"","entityUseCode":"","description":"Ground (UPS)","discountAmount":0.0,"exemptAmount":15.66,"exemptCertId":0,"exemptNo":"","isItemTaxable":false,"itemCode":"pt-ups-merger:6:03","lineAmount":15.66,"quantity":1.0,"ref1":"","ref2":"","reportingDate":"2021-05-01","tax":0.0,"taxableAmount":0.0,"taxCalculated":0.0,"taxCode":"FR","taxCodeId":7119,"taxDate":"2021-05-01","taxIncluded":false,"details":[{"id":0,"transactionLineId":0,"transactionId":0,"country":"US","region":"NJ","exemptAmount":0.0,"jurisCode":"34","jurisName":"NEW JERSEY","stateAssignedNo":"","jurisType":"STA","jurisdictionType":"State","nonTaxableAmount":15.66,"rate":0.066250,"tax":0.0,"taxableAmount":0.0,"taxType":"Sales","taxSubTypeId":"S","taxName":"NJ STATE TAX","taxAuthorityTypeId":45,"taxCalculated":0.0,"rateType":"General","rateTypeCode":"G","unitOfBasis":"PerCurrencyUnit","isNonPassThru":false,"isFee":false,"reportingTaxableUnits":0.0,"reportingNonTaxableUnits":15.66,"reportingExemptUnits":0.0,"reportingTax":0.0,"reportingTaxCalculated":0.0,"liabilityType":"Seller"}],"nonPassthroughDetails":[],"hsCode":"","costInsuranceFreight":0.0,"vatCode":"","vatNumberTypeId":0}],"addresses":[{"id":0,"transactionId":0,"boundaryLevel":"Address","line1":"104 Green Grove Road","line2":"","line3":"","city":"Ocean","region":"NJ","postalCode":"07712","country":"US","taxRegionId":4005710,"latitude":"40.235112","longitude":"-74.077172"},{"id":0,"transactionId":0,"boundaryLevel":"Address","line1":"30 GLENN ST","line2":"","line3":"","city":"WHITE PLAINS","region":"NY","postalCode":"10603-3254","country":"US","taxRegionId":2090237,"latitude":"41.050608","longitude":"-73.771383"}],"summary":[{"country":"US","region":"NJ","jurisType":"State","jurisCode":"34","jurisName":"NEW JERSEY","taxAuthorityType":45,"stateAssignedNo":"","taxType":"Sales","taxSubType":"S","taxName":"NJ STATE TAX","rateType":"General","taxable":47.2,"rate":0.066250,"tax":3.13,"taxCalculated":3.13,"nonTaxable":15.66,"exemption":0.0}]}

05-01-2021 @ 08:47:19 - Request
Request
method: POST
uri: https://rest.avatax.com/api/v2/transactions/create
user-agent: WooCommerce-AvaTax/1.12.0 (WooCommerce/5.2.2; WordPress/5.7.1)
headers: Array
(
    [content-type] => application/json
    [accept] => application/json
    [Authorization] => ******************************************
    [X-Avalara-Client] => WCSkyVerge RESTv2;REST;REST;v2;AlconoxInc
    [X-Avalara-UID] => a0o33000004goTr
)
body: {"code":"wc_order_g2Axmyk3deBbH","companyCode":"ALC","customerCode":"qtlabs@aol.com","currencyCode":"USD","date":"2021-05-01","lines":[{"number":23738,"itemCode":"1104-1","taxCode":"P0000000","description":"Alconox","quantity":1,"amount":47.200000000000003},{"number":"shipping_23739","itemCode":"pt-ups-merger","taxCode":"FR","description":"Ground (UPS)","quantity":1,"amount":15.66}],"addresses":{"shipFrom":{"line1":"30 GLENN ST","line2":"","city":"WHITE PLAINS","region":"NY","country":"US","postalCode":"10603-3254"},"shipTo":{"line1":"104 Green Grove Road","line2":"","city":"Ocean","region":"NJ","country":"US","postalCode":"07712"}},"type":"SalesInvoice","purchaseOrderNo":"21478","commit":true}
duration: 0.3861s

05-01-2021 @ 08:47:19 - Response
Response
code: 201
message: Created
headers: Array
(
    [date] => Sat, 01 May 2021 12:47:19 GMT
    [content-type] => application/json; charset=utf-8
    [server] => Kestrel
    [content-encoding] => br
    [location] => /api/v2/companies/207925/transactions/3001548680172
    [vary] => Accept-Encoding
    [serverduration] => 00:00:00.0837237
)
body: {"id":3001548680172,"code":"wc_order_g2Axmyk3deBbH","companyId":207925,"date":"2021-05-01","status":"Committed","type":"SalesInvoice","batchCode":"","currencyCode":"USD","exchangeRateCurrencyCode":"USD","customerUsageType":"","entityUseCode":"","customerVendorCode":"qtlabs@aol.com","customerCode":"qtlabs@aol.com","exemptNo":"","reconciled":false,"locationCode":"","reportingLocationCode":"","purchaseOrderNo":"21478","referenceCode":"","salespersonCode":"","taxOverrideType":"None","taxOverrideAmount":0.0,"taxOverrideReason":"","totalAmount":62.86,"totalExempt":15.66,"totalDiscount":0.0,"totalTax":3.13,"totalTaxable":47.2,"totalTaxCalculated":3.13,"adjustmentReason":"NotAdjusted","adjustmentDescription":"","locked":false,"region":"NJ","country":"US","version":1,"softwareVersion":"21.4.2.0","originAddressId":6002321373767,"destinationAddressId":5002321373766,"exchangeRateEffectiveDate":"2021-05-01","exchangeRate":1.0,"description":"","email":"","businessIdentificationNo":"","modifiedDate":"2021-05-01T12:47:19.4403775Z","modifiedUserId":231879,"taxDate":"2021-05-01T00:00:00","lines":[{"id":4004793197754,"transactionId":3001548680172,"lineNumber":"23738","boundaryOverrideId":0,"customerUsageType":"","entityUseCode":"","description":"Alconox","destinationAddressId":5002321373766,"originAddressId":6002321373767,"discountAmount":0.0,"discountTypeId":0,"exemptAmount":0.0,"exemptCertId":0,"exemptNo":"","isItemTaxable":true,"isSSTP":false,"itemCode":"1104-1","lineAmount":47.2,"quantity":1.0,"ref1":"","ref2":"","reportingDate":"2021-05-01","revAccount":"","sourcing":"Destination","tax":3.1300,"taxableAmount":47.2,"taxCalculated":3.1300,"taxCode":"P0000000","taxCodeId":4316,"taxDate":"2021-05-01","taxEngine":"","taxOverrideType":"None","businessIdentificationNo":"","taxOverrideAmount":0.0,"taxOverrideReason":"","taxIncluded":false,"details":[{"id":2004617117050,"transactionLineId":4004793197754,"transactionId":3001548680172,"addressId":5002321373766,"country":"US","region":"NJ","countyFIPS":"","stateFIPS":"","exemptAmount":0.0000,"exemptReasonId":4,"inState":false,"jurisCode":"34","jurisName":"NEW JERSEY","jurisdictionId":34,"signatureCode":"BEJY","stateAssignedNo":"","jurisType":"STA","jurisdictionType":"State","nonTaxableAmount":0.0000,"nonTaxableRuleId":0,"nonTaxableType":"RateRule","rate":0.066250,"rateRuleId":1457283,"rateSourceId":3,"serCode":"","sourcing":"Destination","tax":3.1300,"taxableAmount":47.2000,"taxType":"Sales","taxSubTypeId":"S","taxTypeGroupId":"SalesAndUse","taxName":"NJ STATE TAX","taxAuthorityTypeId":45,"taxRegionId":4005710,"taxCalculated":3.1300,"taxOverride":0.0000,"rateType":"General","rateTypeCode":"G","taxableUnits":47.2000,"nonTaxableUnits":0.0000,"exemptUnits":0.0000,"unitOfBasis":"PerCurrencyUnit","isNonPassThru":false,"isFee":false,"reportingTaxableUnits":47.2,"reportingNonTaxableUnits":0.0,"reportingExemptUnits":0.0,"reportingTax":3.13,"reportingTaxCalculated":3.13,"liabilityType":"Seller"}],"nonPassthroughDetails":[],"lineLocationTypes":[{"documentLineLocationTypeId":9003360579853,"documentLineId":4004793197754,"documentAddressId":6002321373767,"locationTypeCode":"ShipFrom"},{"documentLineLocationTypeId":12003360579853,"documentLineId":4004793197754,"documentAddressId":5002321373766,"locationTypeCode":"ShipTo"}],"hsCode":"","costInsuranceFreight":0.0,"vatCode":"","vatNumberTypeId":0},{"id":5002770298589,"transactionId":3001548680172,"lineNumber":"shipping_23739","boundaryOverrideId":0,"customerUsageType":"","entityUseCode":"","description":"Ground (UPS)","destinationAddressId":5002321373766,"originAddressId":6002321373767,"discountAmount":0.0,"discountTypeId":0,"exemptAmount":15.66,"exemptCertId":0,"exemptNo":"","isItemTaxable":false,"isSSTP":false,"itemCode":"pt-ups-merger","lineAmount":15.66,"quantity":1.0,"ref1":"","ref2":"","reportingDate":"2021-05-01","revAccount":"","sourcing":"Destination","tax":0.0000,"taxableAmount":0.0,"taxCalculated":0.0000,"taxCode":"FR","taxCodeId":7119,"taxDate":"2021-05-01","taxEngine":"","taxOverrideType":"None","businessIdentificationNo":"","taxOverrideAmount":0.0,"taxOverrideReason":"","taxIncluded":false,"details":[{"id":2004617117051,"transactionLineId":5002770298589,"transactionId":3001548680172,"addressId":5002321373766,"country":"US","region":"NJ","countyFIPS":"","stateFIPS":"","exemptAmount":0.0000,"exemptReasonId":5,"inState":false,"jurisCode":"34","jurisName":"NEW JERSEY","jurisdictionId":34,"signatureCode":"BEJY","stateAssignedNo":"","jurisType":"STA","jurisdictionType":"State","nonTaxableAmount":15.6600,"nonTaxableRuleId":5594535,"nonTaxableType":"ProductTaxabilityRule","rate":0.066250,"rateRuleId":1457283,"rateSourceId":3,"serCode":"","sourcing":"Destination","tax":0.0000,"taxableAmount":0.0000,"taxType":"Sales","taxSubTypeId":"S","taxTypeGroupId":"SalesAndUse","taxName":"NJ STATE TAX","taxAuthorityTypeId":45,"taxRegionId":4005710,"taxCalculated":0.0000,"taxOverride":0.0000,"rateType":"General","rateTypeCode":"G","taxableUnits":0.0000,"nonTaxableUnits":15.6600,"exemptUnits":0.0000,"unitOfBasis":"PerCurrencyUnit","isNonPassThru":false,"isFee":false,"reportingTaxableUnits":0.0,"reportingNonTaxableUnits":15.66,"reportingExemptUnits":0.0,"reportingTax":0.0,"reportingTaxCalculated":0.0,"liabilityType":"Seller"}],"nonPassthroughDetails":[],"lineLocationTypes":[{"documentLineLocationTypeId":12003360579854,"documentLineId":5002770298589,"documentAddressId":6002321373767,"locationTypeCode":"ShipFrom"},{"documentLineLocationTypeId":4006059348120,"documentLineId":5002770298589,"documentAddressId":5002321373766,"locationTypeCode":"ShipTo"}],"hsCode":"","costInsuranceFreight":0.0,"vatCode":"","vatNumberTypeId":0}],"addresses":[{"id":5002321373766,"transactionId":3001548680172,"boundaryLevel":"Address","line1":"104 GREEN GROVE RD","line2":"","line3":"","city":"OCEAN","region":"NJ","postalCode":"07712-3103","country":"US","taxRegionId":4005710,"latitude":"40.235112","longitude":"-74.077172"},{"id":6002321373767,"transactionId":3001548680172,"boundaryLevel":"Address","line1":"30 GLENN ST","line2":"","line3":"","city":"WHITE PLAINS","region":"NY","postalCode":"10603-3254","country":"US","taxRegionId":2090237,"latitude":"41.050608","longitude":"-73.771383"}],"locationTypes":[{"documentLocationTypeId":2002500656172,"documentId":3001548680172,"documentAddressId":6002321373767,"locationTypeCode":"ShipFrom"},{"documentLocationTypeId":3002500656172,"documentId":3001548680172,"documentAddressId":5002321373766,"locationTypeCode":"ShipTo"}],"summary":[{"country":"US","region":"NJ","jurisType":"State","jurisCode":"34","jurisName":"NEW JERSEY","taxAuthorityType":45,"stateAssignedNo":"","taxType":"Sales","taxSubType":"S","taxName":"NJ STATE TAX","rateType":"General","taxable":47.20,"rate":0.066250,"tax":3.13,"taxCalculated":3.13,"nonTaxable":15.66,"exemption":0.00}]}

