04-06-2021 @ 09:51:40 - Request
Request
method: GET
uri: https://rest.avatax.com/api/v2/taxrates/byaddress?line1=&line2=&city=Torrance&region=NJ&country=US&postalCode=90501
user-agent: WooCommerce-AvaTax/1.11.2 (WooCommerce/5.1.0; WordPress/5.7)
headers: Array
(
    [content-type] => application/json
    [accept] => application/json
    [Authorization] => ******************************************
    [X-Avalara-Client] => WCSkyVerge RESTv2;REST;REST;v2;AlconoxInc
    [X-Avalara-UID] => a0o33000004goTr
)
body:
duration: 0.31211s

04-06-2021 @ 09:51:40 - Response
Response
code: 400
message: Bad Request
headers: Array
(
    [date] => Tue, 06 Apr 2021 13:51:40 GMT
    [content-type] => application/json; charset=utf-8
    [content-length] => 539
    [x-content-type-options] => nosniff
    [serverduration] => 00:00:00.0211848
    [databasecalls] => 0
    [databaseduration] => 00:00:00
    [serviceduration] => 00:00:00
)
body: {"error":{"code":"GetTaxError","message":"Tax calculation cannot be determined. Zip is not valid for the state.","target":"Unknown","details":[{"code":"GetTaxError","number":300,"message":"Tax calculation cannot be determined. Zip is not valid for the state.","description":"The provided address contains a postal code and state combination that is not valid.","faultCode":"GetTaxError","faultSubCode":"InvalidZipForStateError","helpLink":"http://developer.avalara.com/avatax/errors/GetTaxError","refersTo":"Address","severity":"Error"}]}}

04-06-2021 @ 09:51:40 - Error estimating tax rate. [300] Tax calculation cannot be determined. Zip is not valid for the state. The provided address contains a postal code and state combination that is not valid.
04-06-2021 @ 09:51:41 - Request
Request
method: POST
uri: https://rest.avatax.com/api/v2/transactions/create
user-agent: WooCommerce-AvaTax/1.11.2 (WooCommerce/5.1.0; WordPress/5.7)
headers: Array
(
    [content-type] => application/json
    [accept] => application/json
    [Authorization] => ******************************************
    [X-Avalara-Client] => WCSkyVerge RESTv2;REST;REST;v2;AlconoxInc
    [X-Avalara-UID] => a0o33000004goTr
)
body: {"code":"","companyCode":"ALC","customerCode":"aaron@seqgen.com","currencyCode":"USD","date":"2021-04-06","lines":[{"number":"802b79f84db873573efdf72c0a8b46d5","itemCode":"1832-1","taxCode":"P0000000","description":"Citranox","quantity":1,"amount":23.5},{"number":"shipping_0","itemCode":"use-my-shipping-account","taxCode":"FR","description":"Use My Shipping Account","quantity":1}],"addresses":{"shipFrom":{"line1":"30 GLENN ST","line2":"","city":"WHITE PLAINS","region":"NY","country":"US","postalCode":"10603-3254"},"shipTo":{"line1":"1725 Del Amo Blvd","line2":"","city":"Torrance","region":"NJ","country":"US","postalCode":"90501"}},"type":"SalesOrder","commit":false}
duration: 0.30026s

04-06-2021 @ 09:51:41 - Response
Response
code: 201
message: Created
headers: Array
(
    [date] => Tue, 06 Apr 2021 13:51:41 GMT
    [content-type] => application/json; charset=utf-8
    [server] => Kestrel
    [content-encoding] => br
    [location] => /api/v2/companies/207925/transactions/0
    [vary] => Accept-Encoding
    [serverduration] => 00:00:00.0336189
)
body: {"id":0,"code":"55461386-8a98-4e4c-8d9f-c765b7392f1a","companyId":207925,"date":"2021-04-06","paymentDate":"2021-04-06","status":"Temporary","type":"SalesOrder","batchCode":"","currencyCode":"USD","exchangeRateCurrencyCode":"USD","customerUsageType":"","entityUseCode":"","customerVendorCode":"aaron@seqgen.com","customerCode":"aaron@seqgen.com","exemptNo":"","reconciled":false,"locationCode":"","reportingLocationCode":"","purchaseOrderNo":"","referenceCode":"","salespersonCode":"","totalAmount":23.5,"totalExempt":23.5,"totalDiscount":0.0,"totalTax":0.0,"totalTaxable":0.0,"totalTaxCalculated":0.0,"adjustmentReason":"NotAdjusted","locked":false,"version":1,"exchangeRateEffectiveDate":"2021-04-06","exchangeRate":1.0,"modifiedDate":"2021-04-06T13:51:41.0659931Z","modifiedUserId":231879,"taxDate":"2021-04-06T00:00:00Z","lines":[{"id":0,"transactionId":0,"lineNumber":"802b79f84db873573efdf72c0a8b46d5","customerUsageType":"","entityUseCode":"","description":"Citranox","discountAmount":0.0,"exemptAmount":23.5,"exemptCertId":0,"exemptNo":"","isItemTaxable":false,"itemCode":"1832-1","lineAmount":23.5,"quantity":1.0,"ref1":"","ref2":"","reportingDate":"2021-04-06","tax":0.0,"taxableAmount":0.0,"taxCalculated":0.0,"taxCode":"P0000000","taxCodeId":4316,"taxDate":"2021-04-06","taxIncluded":false,"details":[{"id":0,"transactionLineId":0,"transactionId":0,"country":"US","region":"CA","exemptAmount":0.0,"jurisCode":"06","jurisName":"CALIFORNIA","stateAssignedNo":"","jurisType":"STA","jurisdictionType":"State","nonTaxableAmount":23.5,"rate":0.000000,"tax":0.0,"taxableAmount":0.0,"taxType":"Use","taxSubTypeId":"U","taxName":"CA STATE TAX","taxAuthorityTypeId":45,"taxCalculated":0.0,"rateType":"General","rateTypeCode":"G","unitOfBasis":"PerCurrencyUnit","isNonPassThru":false,"isFee":false,"reportingTaxableUnits":0.0,"reportingNonTaxableUnits":23.5,"reportingExemptUnits":0.0,"reportingTax":0.0,"reportingTaxCalculated":0.0,"liabilityType":"Seller"}],"nonPassthroughDetails":[],"hsCode":"","costInsuranceFreight":0.0,"vatCode":"","vatNumberTypeId":0},{"id":0,"transactionId":0,"lineNumber":"shipping_0","customerUsageType":"","entityUseCode":"","description":"Use My Shipping Account","discountAmount":0.0,"exemptAmount":0.0,"exemptCertId":0,"exemptNo":"","isItemTaxable":false,"itemCode":"use-my-shipping-account","lineAmount":0.0,"quantity":1.0,"ref1":"","ref2":"","reportingDate":"2021-04-06","tax":0.0,"taxableAmount":0.0,"taxCalculated":0.0,"taxCode":"FR","taxCodeId":7119,"taxDate":"2021-04-06","taxIncluded":false,"details":[{"id":0,"transactionLineId":0,"transactionId":0,"country":"US","region":"CA","exemptAmount":0.0,"jurisCode":"06","jurisName":"CALIFORNIA","stateAssignedNo":"","jurisType":"STA","jurisdictionType":"State","nonTaxableAmount":0.0,"rate":0.000000,"tax":0.0,"taxableAmount":0.0,"taxType":"Use","taxSubTypeId":"U","taxName":"CA STATE TAX","taxAuthorityTypeId":45,"taxCalculated":0.0,"rateType":"General","rateTypeCode":"G","unitOfBasis":"PerCurrencyUnit","isNonPassThru":false,"isFee":false,"reportingTaxableUnits":0.0,"reportingNonTaxableUnits":0.0,"reportingExemptUnits":0.0,"reportingTax":0.0,"reportingTaxCalculated":0.0,"liabilityType":"Seller"}],"nonPassthroughDetails":[],"hsCode":"","costInsuranceFreight":0.0,"vatCode":"","vatNumberTypeId":0}],"addresses":[{"id":0,"transactionId":0,"boundaryLevel":"Address","line1":"1725 Del Amo Blvd","line2":"","line3":"","city":"Torrance","region":"NJ","postalCode":"90501","country":"US","taxRegionId":4017028,"latitude":"33.846946","longitude":"-118.310328"},{"id":0,"transactionId":0,"boundaryLevel":"Address","line1":"30 GLENN ST","line2":"","line3":"","city":"WHITE PLAINS","region":"NY","postalCode":"10603-3254","country":"US","taxRegionId":2090237,"latitude":"41.050608","longitude":"-73.771383"}],"summary":[{"country":"US","region":"CA","jurisType":"State","jurisCode":"06","jurisName":"CALIFORNIA","taxAuthorityType":45,"stateAssignedNo":"","taxType":"Use","taxSubType":"U","taxName":"CA STATE TAX","rateType":"General","taxable":0.0,"rate":0.000000,"tax":0.0,"taxCalculated":0.0,"nonTaxable":23.5,"exemption":0.0}]}

04-06-2021 @ 09:58:09 - Request
Request
method: GET
uri: https://rest.avatax.com/api/v2/taxrates/byaddress?line1=&line2=&city=White+Plain&region=NY&country=US&postalCode=10603
user-agent: WooCommerce-AvaTax/1.11.2 (WooCommerce/5.1.0; WordPress/5.7)
headers: Array
(
    [content-type] => application/json
    [accept] => application/json
    [Authorization] => ******************************************
    [X-Avalara-Client] => WCSkyVerge RESTv2;REST;REST;v2;AlconoxInc
    [X-Avalara-UID] => a0o33000004goTr
)
body:
duration: 0.30688s

04-06-2021 @ 09:58:09 - Response
Response
code: 200
message: OK
headers: Array
(
    [date] => Tue, 06 Apr 2021 13:58:09 GMT
    [content-type] => application/json; charset=utf-8
    [content-length] => 203
    [x-content-type-options] => nosniff
    [serverduration] => 00:00:00.0167018
    [databasecalls] => 0
    [databaseduration] => 00:00:00
    [serviceduration] => 00:00:00
)
body: {"totalRate":0.083750,"rates":[{"rate":0.040000,"name":"NY STATE TAX","type":"State"},{"rate":0.040000,"name":"NY COUNTY TAX","type":"County"},{"rate":0.003750,"name":"NY SPECIAL TAX","type":"Special"}]}

04-06-2021 @ 09:58:11 - Request
Request
method: POST
uri: https://rest.avatax.com/api/v2/transactions/create
user-agent: WooCommerce-AvaTax/1.11.2 (WooCommerce/5.1.0; WordPress/5.7)
headers: Array
(
    [content-type] => application/json
    [accept] => application/json
    [Authorization] => ******************************************
    [X-Avalara-Client] => WCSkyVerge RESTv2;REST;REST;v2;AlconoxInc
    [X-Avalara-UID] => a0o33000004goTr
)
body: {"code":"","companyCode":"ALC","customerCode":"aaron@seqgen.com","currencyCode":"USD","date":"2021-04-06","lines":[{"number":"802b79f84db873573efdf72c0a8b46d5","itemCode":"1832-1","taxCode":"P0000000","description":"Citranox","quantity":1,"amount":23.5},{"number":"shipping_0","itemCode":"use-my-shipping-account","taxCode":"FR","description":"Use My Shipping Account","quantity":1}],"addresses":{"shipFrom":{"line1":"30 GLENN ST","line2":"","city":"WHITE PLAINS","region":"NY","country":"US","postalCode":"10603-3254"},"shipTo":{"line1":"30 Glenn st.","line2":"Suite #309","city":"White Plain","region":"NY","country":"US","postalCode":"10603"}},"type":"SalesOrder","commit":false}
duration: 0.30985s

04-06-2021 @ 09:58:11 - Response
Response
code: 201
message: Created
headers: Array
(
    [date] => Tue, 06 Apr 2021 13:58:11 GMT
    [content-type] => application/json; charset=utf-8
    [server] => Kestrel
    [content-encoding] => br
    [location] => /api/v2/companies/207925/transactions/0
    [vary] => Accept-Encoding
    [serverduration] => 00:00:00.0422190
)
body: {"id":0,"code":"05cb0489-0d4c-4d9a-9dc8-33e9e0b6becd","companyId":207925,"date":"2021-04-06","paymentDate":"2021-04-06","status":"Temporary","type":"SalesOrder","batchCode":"","currencyCode":"USD","exchangeRateCurrencyCode":"USD","customerUsageType":"","entityUseCode":"","customerVendorCode":"aaron@seqgen.com","customerCode":"aaron@seqgen.com","exemptNo":"","reconciled":false,"locationCode":"","reportingLocationCode":"","purchaseOrderNo":"","referenceCode":"","salespersonCode":"","totalAmount":23.5,"totalExempt":0.0,"totalDiscount":0.0,"totalTax":1.97,"totalTaxable":23.5,"totalTaxCalculated":1.97,"adjustmentReason":"NotAdjusted","locked":false,"version":1,"exchangeRateEffectiveDate":"2021-04-06","exchangeRate":1.0,"modifiedDate":"2021-04-06T13:58:11.2966723Z","modifiedUserId":231879,"taxDate":"2021-04-06T00:00:00Z","lines":[{"id":0,"transactionId":0,"lineNumber":"802b79f84db873573efdf72c0a8b46d5","customerUsageType":"","entityUseCode":"","description":"Citranox","discountAmount":0.0,"exemptAmount":0.0,"exemptCertId":0,"exemptNo":"","isItemTaxable":true,"itemCode":"1832-1","lineAmount":23.5,"quantity":1.0,"ref1":"","ref2":"","reportingDate":"2021-04-06","tax":1.97,"taxableAmount":23.5,"taxCalculated":1.97,"taxCode":"P0000000","taxCodeId":4316,"taxDate":"2021-04-06","taxIncluded":false,"details":[{"id":0,"transactionLineId":0,"transactionId":0,"country":"US","region":"NY","exemptAmount":0.0,"jurisCode":"36","jurisName":"NEW YORK","stateAssignedNo":"","jurisType":"STA","jurisdictionType":"State","nonTaxableAmount":0.0,"rate":0.040000,"tax":0.94,"taxableAmount":23.5,"taxType":"Sales","taxSubTypeId":"S","taxName":"NY STATE TAX","taxAuthorityTypeId":45,"taxCalculated":0.94,"rateType":"General","rateTypeCode":"G","unitOfBasis":"PerCurrencyUnit","isNonPassThru":false,"isFee":false,"reportingTaxableUnits":23.5,"reportingNonTaxableUnits":0.0,"reportingExemptUnits":0.0,"reportingTax":0.94,"reportingTaxCalculated":0.94,"liabilityType":"Seller"},{"id":0,"transactionLineId":0,"transactionId":0,"country":"US","region":"NY","exemptAmount":0.0,"jurisCode":"119","jurisName":"WESTCHESTER","stateAssignedNo":"WH 6513","jurisType":"CTY","jurisdictionType":"County","nonTaxableAmount":0.0,"rate":0.000000,"tax":0.0,"taxableAmount":23.5,"taxType":"Sales","taxSubTypeId":"S","taxName":"NY COUNTY TAX","taxAuthorityTypeId":45,"taxCalculated":0.0,"rateType":"General","rateTypeCode":"G","unitOfBasis":"PerCurrencyUnit","isNonPassThru":false,"isFee":false,"reportingTaxableUnits":23.5,"reportingNonTaxableUnits":0.0,"reportingExemptUnits":0.0,"reportingTax":0.0,"reportingTaxCalculated":0.0,"liabilityType":"Seller"},{"id":0,"transactionLineId":0,"transactionId":0,"country":"US","region":"NY","exemptAmount":0.0,"jurisCode":"81677","jurisName":"WHITE PLAINS","stateAssignedNo":"WH 6513","jurisType":"CIT","jurisdictionType":"City","nonTaxableAmount":0.0,"rate":0.040000,"tax":0.94,"taxableAmount":23.5,"taxType":"Sales","taxSubTypeId":"S","taxName":"NY CITY TAX","taxAuthorityTypeId":45,"taxCalculated":0.94,"rateType":"General","rateTypeCode":"G","unitOfBasis":"PerCurrencyUnit","isNonPassThru":false,"isFee":false,"reportingTaxableUnits":23.5,"reportingNonTaxableUnits":0.0,"reportingExemptUnits":0.0,"reportingTax":0.94,"reportingTaxCalculated":0.94,"liabilityType":"Seller"},{"id":0,"transactionLineId":0,"transactionId":0,"country":"US","region":"NY","exemptAmount":0.0,"jurisCode":"359080","jurisName":"WESTCHESTER CO TRANSIT DISTRICT","stateAssignedNo":"WH 6513","jurisType":"STJ","jurisdictionType":"Special","nonTaxableAmount":0.0,"rate":0.003750,"tax":0.09,"taxableAmount":23.5,"taxType":"Sales","taxSubTypeId":"S","taxName":"NY SPECIAL TAX","taxAuthorityTypeId":45,"taxCalculated":0.09,"rateType":"General","rateTypeCode":"G","unitOfBasis":"PerCurrencyUnit","isNonPassThru":false,"isFee":false,"reportingTaxableUnits":23.5,"reportingNonTaxableUnits":0.0,"reportingExemptUnits":0.0,"reportingTax":0.09,"reportingTaxCalculated":0.09,"liabilityType":"Seller"}],"nonPassthroughDetails":[],"hsCode":"","costInsuranceFreight":0.0,"vatCode":"","vatNumberTypeId":0},{"id":0,"transactionId":0,"lineNumber":"shipping_0","customerUsageType":"","entityUseCode":"","description":"Use My Shipping Account","discountAmount":0.0,"exemptAmount":0.0,"exemptCertId":0,"exemptNo":"","isItemTaxable":false,"itemCode":"use-my-shipping-account","lineAmount":0.0,"quantity":1.0,"ref1":"","ref2":"","reportingDate":"2021-04-06","tax":0.0,"taxableAmount":0.0,"taxCalculated":0.0,"taxCode":"FR","taxCodeId":7119,"taxDate":"2021-04-06","taxIncluded":false,"details":[{"id":0,"transactionLineId":0,"transactionId":0,"country":"US","region":"NY","exemptAmount":0.0,"jurisCode":"36","jurisName":"NEW YORK","stateAssignedNo":"","jurisType":"STA","jurisdictionType":"State","nonTaxableAmount":0.0,"rate":0.040000,"tax":0.0,"taxableAmount":0.0,"taxType":"Sales","taxSubTypeId":"S","taxName":"NY STATE TAX","taxAuthorityTypeId":45,"taxCalculated":0.0,"rateType":"General","rateTypeCode":"G","unitOfBasis":"PerCurrencyUnit","isNonPassThru":false,"isFee":false,"reportingTaxableUnits":0.0,"reportingNonTaxableUnits":0.0,"reportingExemptUnits":0.0,"reportingTax":0.0,"reportingTaxCalculated":0.0,"liabilityType":"Seller"},{"id":0,"transactionLineId":0,"transactionId":0,"country":"US","region":"NY","exemptAmount":0.0,"jurisCode":"119","jurisName":"WESTCHESTER","stateAssignedNo":"WH 6513","jurisType":"CTY","jurisdictionType":"County","nonTaxableAmount":0.0,"rate":0.000000,"tax":0.0,"taxableAmount":0.0,"taxType":"Sales","taxSubTypeId":"S","taxName":"NY COUNTY TAX","taxAuthorityTypeId":45,"taxCalculated":0.0,"rateType":"General","rateTypeCode":"G","unitOfBasis":"PerCurrencyUnit","isNonPassThru":false,"isFee":false,"reportingTaxableUnits":0.0,"reportingNonTaxableUnits":0.0,"reportingExemptUnits":0.0,"reportingTax":0.0,"reportingTaxCalculated":0.0,"liabilityType":"Seller"},{"id":0,"transactionLineId":0,"transactionId":0,"country":"US","region":"NY","exemptAmount":0.0,"jurisCode":"81677","jurisName":"WHITE PLAINS","stateAssignedNo":"WH 6513","jurisType":"CIT","jurisdictionType":"City","nonTaxableAmount":0.0,"rate":0.040000,"tax":0.0,"taxableAmount":0.0,"taxType":"Sales","taxSubTypeId":"S","taxName":"NY CITY TAX","taxAuthorityTypeId":45,"taxCalculated":0.0,"rateType":"General","rateTypeCode":"G","unitOfBasis":"PerCurrencyUnit","isNonPassThru":false,"isFee":false,"reportingTaxableUnits":0.0,"reportingNonTaxableUnits":0.0,"reportingExemptUnits":0.0,"reportingTax":0.0,"reportingTaxCalculated":0.0,"liabilityType":"Seller"},{"id":0,"transactionLineId":0,"transactionId":0,"country":"US","region":"NY","exemptAmount":0.0,"jurisCode":"359080","jurisName":"WESTCHESTER CO TRANSIT DISTRICT","stateAssignedNo":"WH 6513","jurisType":"STJ","jurisdictionType":"Special","nonTaxableAmount":0.0,"rate":0.003750,"tax":0.0,"taxableAmount":0.0,"taxType":"Sales","taxSubTypeId":"S","taxName":"NY SPECIAL TAX","taxAuthorityTypeId":45,"taxCalculated":0.0,"rateType":"General","rateTypeCode":"G","unitOfBasis":"PerCurrencyUnit","isNonPassThru":false,"isFee":false,"reportingTaxableUnits":0.0,"reportingNonTaxableUnits":0.0,"reportingExemptUnits":0.0,"reportingTax":0.0,"reportingTaxCalculated":0.0,"liabilityType":"Seller"}],"nonPassthroughDetails":[],"hsCode":"","costInsuranceFreight":0.0,"vatCode":"","vatNumberTypeId":0}],"addresses":[{"id":0,"transactionId":0,"boundaryLevel":"Address","line1":"30 Glenn st.","line2":"Suite #309","line3":"","city":"White Plain","region":"NY","postalCode":"10603","country":"US","taxRegionId":2090237,"latitude":"41.050608","longitude":"-73.771383"},{"id":0,"transactionId":0,"boundaryLevel":"Address","line1":"30 GLENN ST","line2":"","line3":"","city":"WHITE PLAINS","region":"NY","postalCode":"10603-3254","country":"US","taxRegionId":2090237,"latitude":"41.050608","longitude":"-73.771383"}],"summary":[{"country":"US","region":"NY","jurisType":"State","jurisCode":"36","jurisName":"NEW YORK","taxAuthorityType":45,"stateAssignedNo":"","taxType":"Sales","taxSubType":"S","taxName":"NY STATE TAX","rateType":"General","taxable":23.5,"rate":0.040000,"tax":0.94,"taxCalculated":0.94,"nonTaxable":0.0,"exemption":0.0},{"country":"US","region":"NY","jurisType":"County","jurisCode":"119","jurisName":"WESTCHESTER","taxAuthorityType":45,"stateAssignedNo":"WH 6513","taxType":"Sales","taxSubType":"S","taxName":"NY COUNTY TAX","rateType":"General","taxable":23.5,"rate":0.000000,"tax":0.0,"taxCalculated":0.0,"nonTaxable":0.0,"exemption":0.0},{"country":"US","region":"NY","jurisType":"City","jurisCode":"81677","jurisName":"WHITE PLAINS","taxAuthorityType":45,"stateAssignedNo":"WH 6513","taxType":"Sales","taxSubType":"S","taxName":"NY CITY TAX","rateType":"General","taxable":23.5,"rate":0.040000,"tax":0.94,"taxCalculated":0.94,"nonTaxable":0.0,"exemption":0.0},{"country":"US","region":"NY","jurisType":"Special","jurisCode":"359080","jurisName":"WESTCHESTER CO TRANSIT DISTRICT","taxAuthorityType":45,"stateAssignedNo":"WH 6513","taxType":"Sales","taxSubType":"S","taxName":"NY SPECIAL TAX","rateType":"General","taxable":23.5,"rate":0.003750,"tax":0.09,"taxCalculated":0.09,"nonTaxable":0.0,"exemption":0.0}]}

04-06-2021 @ 10:07:12 - Request
Request
method: GET
uri: https://rest.avatax.com/api/v2/taxrates/byaddress?line1=&line2=&city=White+Plain&region=NY&country=US&postalCode=10603
user-agent: WooCommerce-AvaTax/1.11.2 (WooCommerce/5.1.0; WordPress/5.7)
headers: Array
(
    [content-type] => application/json
    [accept] => application/json
    [Authorization] => ******************************************
    [X-Avalara-Client] => WCSkyVerge RESTv2;REST;REST;v2;AlconoxInc
    [X-Avalara-UID] => a0o33000004goTr
)
body:
duration: 0.31257s

04-06-2021 @ 10:07:12 - Response
Response
code: 200
message: OK
headers: Array
(
    [date] => Tue, 06 Apr 2021 14:07:11 GMT
    [content-type] => application/json; charset=utf-8
    [content-length] => 203
    [x-content-type-options] => nosniff
    [serverduration] => 00:00:00.0009962
    [databasecalls] => 0
    [databaseduration] => 00:00:00
    [serviceduration] => 00:00:00
)
body: {"totalRate":0.083750,"rates":[{"rate":0.040000,"name":"NY STATE TAX","type":"State"},{"rate":0.040000,"name":"NY COUNTY TAX","type":"County"},{"rate":0.003750,"name":"NY SPECIAL TAX","type":"Special"}]}

04-06-2021 @ 10:07:12 - Request
Request
method: POST
uri: https://rest.avatax.com/api/v2/transactions/create
user-agent: WooCommerce-AvaTax/1.11.2 (WooCommerce/5.1.0; WordPress/5.7)
headers: Array
(
    [content-type] => application/json
    [accept] => application/json
    [Authorization] => ******************************************
    [X-Avalara-Client] => WCSkyVerge RESTv2;REST;REST;v2;AlconoxInc
    [X-Avalara-UID] => a0o33000004goTr
)
body: {"code":"","companyCode":"ALC","customerCode":"aaron@seqgen.com","currencyCode":"USD","date":"2021-04-06","lines":[{"number":"802b79f84db873573efdf72c0a8b46d5","itemCode":"1832-1","taxCode":"P0000000","description":"Citranox","quantity":1,"amount":23.5},{"number":"shipping_0","itemCode":"use-my-shipping-account","taxCode":"FR","description":"Use My Shipping Account","quantity":1}],"addresses":{"shipFrom":{"line1":"30 GLENN ST","line2":"","city":"WHITE PLAINS","region":"NY","country":"US","postalCode":"10603-3254"},"shipTo":{"line1":"30 Glenn st.","line2":"Suite #309","city":"White Plain","region":"NY","country":"US","postalCode":"10603"}},"type":"SalesOrder","commit":false}
duration: 0.33242s

04-06-2021 @ 10:07:12 - Response
Response
code: 201
message: Created
headers: Array
(
    [date] => Tue, 06 Apr 2021 14:07:12 GMT
    [content-type] => application/json; charset=utf-8
    [server] => Kestrel
    [content-encoding] => br
    [location] => /api/v2/companies/207925/transactions/0
    [vary] => Accept-Encoding
    [serverduration] => 00:00:00.0394503
)
body: {"id":0,"code":"68ec22fc-9aa0-4acb-843e-351abb96228f","companyId":207925,"date":"2021-04-06","paymentDate":"2021-04-06","status":"Temporary","type":"SalesOrder","batchCode":"","currencyCode":"USD","exchangeRateCurrencyCode":"USD","customerUsageType":"","entityUseCode":"","customerVendorCode":"aaron@seqgen.com","customerCode":"aaron@seqgen.com","exemptNo":"","reconciled":false,"locationCode":"","reportingLocationCode":"","purchaseOrderNo":"","referenceCode":"","salespersonCode":"","totalAmount":23.5,"totalExempt":0.0,"totalDiscount":0.0,"totalTax":1.97,"totalTaxable":23.5,"totalTaxCalculated":1.97,"adjustmentReason":"NotAdjusted","locked":false,"version":1,"exchangeRateEffectiveDate":"2021-04-06","exchangeRate":1.0,"modifiedDate":"2021-04-06T14:07:12.3814282Z","modifiedUserId":231879,"taxDate":"2021-04-06T00:00:00Z","lines":[{"id":0,"transactionId":0,"lineNumber":"802b79f84db873573efdf72c0a8b46d5","customerUsageType":"","entityUseCode":"","description":"Citranox","discountAmount":0.0,"exemptAmount":0.0,"exemptCertId":0,"exemptNo":"","isItemTaxable":true,"itemCode":"1832-1","lineAmount":23.5,"quantity":1.0,"ref1":"","ref2":"","reportingDate":"2021-04-06","tax":1.97,"taxableAmount":23.5,"taxCalculated":1.97,"taxCode":"P0000000","taxCodeId":4316,"taxDate":"2021-04-06","taxIncluded":false,"details":[{"id":0,"transactionLineId":0,"transactionId":0,"country":"US","region":"NY","exemptAmount":0.0,"jurisCode":"36","jurisName":"NEW YORK","stateAssignedNo":"","jurisType":"STA","jurisdictionType":"State","nonTaxableAmount":0.0,"rate":0.040000,"tax":0.94,"taxableAmount":23.5,"taxType":"Sales","taxSubTypeId":"S","taxName":"NY STATE TAX","taxAuthorityTypeId":45,"taxCalculated":0.94,"rateType":"General","rateTypeCode":"G","unitOfBasis":"PerCurrencyUnit","isNonPassThru":false,"isFee":false,"reportingTaxableUnits":23.5,"reportingNonTaxableUnits":0.0,"reportingExemptUnits":0.0,"reportingTax":0.94,"reportingTaxCalculated":0.94,"liabilityType":"Seller"},{"id":0,"transactionLineId":0,"transactionId":0,"country":"US","region":"NY","exemptAmount":0.0,"jurisCode":"119","jurisName":"WESTCHESTER","stateAssignedNo":"WH 6513","jurisType":"CTY","jurisdictionType":"County","nonTaxableAmount":0.0,"rate":0.000000,"tax":0.0,"taxableAmount":23.5,"taxType":"Sales","taxSubTypeId":"S","taxName":"NY COUNTY TAX","taxAuthorityTypeId":45,"taxCalculated":0.0,"rateType":"General","rateTypeCode":"G","unitOfBasis":"PerCurrencyUnit","isNonPassThru":false,"isFee":false,"reportingTaxableUnits":23.5,"reportingNonTaxableUnits":0.0,"reportingExemptUnits":0.0,"reportingTax":0.0,"reportingTaxCalculated":0.0,"liabilityType":"Seller"},{"id":0,"transactionLineId":0,"transactionId":0,"country":"US","region":"NY","exemptAmount":0.0,"jurisCode":"81677","jurisName":"WHITE PLAINS","stateAssignedNo":"WH 6513","jurisType":"CIT","jurisdictionType":"City","nonTaxableAmount":0.0,"rate":0.040000,"tax":0.94,"taxableAmount":23.5,"taxType":"Sales","taxSubTypeId":"S","taxName":"NY CITY TAX","taxAuthorityTypeId":45,"taxCalculated":0.94,"rateType":"General","rateTypeCode":"G","unitOfBasis":"PerCurrencyUnit","isNonPassThru":false,"isFee":false,"reportingTaxableUnits":23.5,"reportingNonTaxableUnits":0.0,"reportingExemptUnits":0.0,"reportingTax":0.94,"reportingTaxCalculated":0.94,"liabilityType":"Seller"},{"id":0,"transactionLineId":0,"transactionId":0,"country":"US","region":"NY","exemptAmount":0.0,"jurisCode":"359080","jurisName":"WESTCHESTER CO TRANSIT DISTRICT","stateAssignedNo":"WH 6513","jurisType":"STJ","jurisdictionType":"Special","nonTaxableAmount":0.0,"rate":0.003750,"tax":0.09,"taxableAmount":23.5,"taxType":"Sales","taxSubTypeId":"S","taxName":"NY SPECIAL TAX","taxAuthorityTypeId":45,"taxCalculated":0.09,"rateType":"General","rateTypeCode":"G","unitOfBasis":"PerCurrencyUnit","isNonPassThru":false,"isFee":false,"reportingTaxableUnits":23.5,"reportingNonTaxableUnits":0.0,"reportingExemptUnits":0.0,"reportingTax":0.09,"reportingTaxCalculated":0.09,"liabilityType":"Seller"}],"nonPassthroughDetails":[],"hsCode":"","costInsuranceFreight":0.0,"vatCode":"","vatNumberTypeId":0},{"id":0,"transactionId":0,"lineNumber":"shipping_0","customerUsageType":"","entityUseCode":"","description":"Use My Shipping Account","discountAmount":0.0,"exemptAmount":0.0,"exemptCertId":0,"exemptNo":"","isItemTaxable":false,"itemCode":"use-my-shipping-account","lineAmount":0.0,"quantity":1.0,"ref1":"","ref2":"","reportingDate":"2021-04-06","tax":0.0,"taxableAmount":0.0,"taxCalculated":0.0,"taxCode":"FR","taxCodeId":7119,"taxDate":"2021-04-06","taxIncluded":false,"details":[{"id":0,"transactionLineId":0,"transactionId":0,"country":"US","region":"NY","exemptAmount":0.0,"jurisCode":"36","jurisName":"NEW YORK","stateAssignedNo":"","jurisType":"STA","jurisdictionType":"State","nonTaxableAmount":0.0,"rate":0.040000,"tax":0.0,"taxableAmount":0.0,"taxType":"Sales","taxSubTypeId":"S","taxName":"NY STATE TAX","taxAuthorityTypeId":45,"taxCalculated":0.0,"rateType":"General","rateTypeCode":"G","unitOfBasis":"PerCurrencyUnit","isNonPassThru":false,"isFee":false,"reportingTaxableUnits":0.0,"reportingNonTaxableUnits":0.0,"reportingExemptUnits":0.0,"reportingTax":0.0,"reportingTaxCalculated":0.0,"liabilityType":"Seller"},{"id":0,"transactionLineId":0,"transactionId":0,"country":"US","region":"NY","exemptAmount":0.0,"jurisCode":"119","jurisName":"WESTCHESTER","stateAssignedNo":"WH 6513","jurisType":"CTY","jurisdictionType":"County","nonTaxableAmount":0.0,"rate":0.000000,"tax":0.0,"taxableAmount":0.0,"taxType":"Sales","taxSubTypeId":"S","taxName":"NY COUNTY TAX","taxAuthorityTypeId":45,"taxCalculated":0.0,"rateType":"General","rateTypeCode":"G","unitOfBasis":"PerCurrencyUnit","isNonPassThru":false,"isFee":false,"reportingTaxableUnits":0.0,"reportingNonTaxableUnits":0.0,"reportingExemptUnits":0.0,"reportingTax":0.0,"reportingTaxCalculated":0.0,"liabilityType":"Seller"},{"id":0,"transactionLineId":0,"transactionId":0,"country":"US","region":"NY","exemptAmount":0.0,"jurisCode":"81677","jurisName":"WHITE PLAINS","stateAssignedNo":"WH 6513","jurisType":"CIT","jurisdictionType":"City","nonTaxableAmount":0.0,"rate":0.040000,"tax":0.0,"taxableAmount":0.0,"taxType":"Sales","taxSubTypeId":"S","taxName":"NY CITY TAX","taxAuthorityTypeId":45,"taxCalculated":0.0,"rateType":"General","rateTypeCode":"G","unitOfBasis":"PerCurrencyUnit","isNonPassThru":false,"isFee":false,"reportingTaxableUnits":0.0,"reportingNonTaxableUnits":0.0,"reportingExemptUnits":0.0,"reportingTax":0.0,"reportingTaxCalculated":0.0,"liabilityType":"Seller"},{"id":0,"transactionLineId":0,"transactionId":0,"country":"US","region":"NY","exemptAmount":0.0,"jurisCode":"359080","jurisName":"WESTCHESTER CO TRANSIT DISTRICT","stateAssignedNo":"WH 6513","jurisType":"STJ","jurisdictionType":"Special","nonTaxableAmount":0.0,"rate":0.003750,"tax":0.0,"taxableAmount":0.0,"taxType":"Sales","taxSubTypeId":"S","taxName":"NY SPECIAL TAX","taxAuthorityTypeId":45,"taxCalculated":0.0,"rateType":"General","rateTypeCode":"G","unitOfBasis":"PerCurrencyUnit","isNonPassThru":false,"isFee":false,"reportingTaxableUnits":0.0,"reportingNonTaxableUnits":0.0,"reportingExemptUnits":0.0,"reportingTax":0.0,"reportingTaxCalculated":0.0,"liabilityType":"Seller"}],"nonPassthroughDetails":[],"hsCode":"","costInsuranceFreight":0.0,"vatCode":"","vatNumberTypeId":0}],"addresses":[{"id":0,"transactionId":0,"boundaryLevel":"Address","line1":"30 Glenn st.","line2":"Suite #309","line3":"","city":"White Plain","region":"NY","postalCode":"10603","country":"US","taxRegionId":2090237,"latitude":"41.050608","longitude":"-73.771383"},{"id":0,"transactionId":0,"boundaryLevel":"Address","line1":"30 GLENN ST","line2":"","line3":"","city":"WHITE PLAINS","region":"NY","postalCode":"10603-3254","country":"US","taxRegionId":2090237,"latitude":"41.050608","longitude":"-73.771383"}],"summary":[{"country":"US","region":"NY","jurisType":"State","jurisCode":"36","jurisName":"NEW YORK","taxAuthorityType":45,"stateAssignedNo":"","taxType":"Sales","taxSubType":"S","taxName":"NY STATE TAX","rateType":"General","taxable":23.5,"rate":0.040000,"tax":0.94,"taxCalculated":0.94,"nonTaxable":0.0,"exemption":0.0},{"country":"US","region":"NY","jurisType":"County","jurisCode":"119","jurisName":"WESTCHESTER","taxAuthorityType":45,"stateAssignedNo":"WH 6513","taxType":"Sales","taxSubType":"S","taxName":"NY COUNTY TAX","rateType":"General","taxable":23.5,"rate":0.000000,"tax":0.0,"taxCalculated":0.0,"nonTaxable":0.0,"exemption":0.0},{"country":"US","region":"NY","jurisType":"City","jurisCode":"81677","jurisName":"WHITE PLAINS","taxAuthorityType":45,"stateAssignedNo":"WH 6513","taxType":"Sales","taxSubType":"S","taxName":"NY CITY TAX","rateType":"General","taxable":23.5,"rate":0.040000,"tax":0.94,"taxCalculated":0.94,"nonTaxable":0.0,"exemption":0.0},{"country":"US","region":"NY","jurisType":"Special","jurisCode":"359080","jurisName":"WESTCHESTER CO TRANSIT DISTRICT","taxAuthorityType":45,"stateAssignedNo":"WH 6513","taxType":"Sales","taxSubType":"S","taxName":"NY SPECIAL TAX","rateType":"General","taxable":23.5,"rate":0.003750,"tax":0.09,"taxCalculated":0.09,"nonTaxable":0.0,"exemption":0.0}]}

04-06-2021 @ 10:07:17 - Request
Request
method: POST
uri: https://rest.avatax.com/api/v2/transactions/create
user-agent: WooCommerce-AvaTax/1.11.2 (WooCommerce/5.1.0; WordPress/5.7)
headers: Array
(
    [content-type] => application/json
    [accept] => application/json
    [Authorization] => ******************************************
    [X-Avalara-Client] => WCSkyVerge RESTv2;REST;REST;v2;AlconoxInc
    [X-Avalara-UID] => a0o33000004goTr
)
body: {"code":"wc_order_e3ZjFmcf5NacE","companyCode":"ALC","customerCode":"aaron@seqgen.com","currencyCode":"USD","date":"2021-04-06","lines":[{"number":23497,"itemCode":"1832-1","taxCode":"P0000000","description":"Citranox","quantity":1,"amount":23.5},{"number":"shipping_23498","itemCode":"use-my-shipping-account","taxCode":"FR","description":"Use My Shipping Account","quantity":1}],"addresses":{"shipFrom":{"line1":"30 GLENN ST","line2":"","city":"WHITE PLAINS","region":"NY","country":"US","postalCode":"10603-3254"},"shipTo":{"line1":"30 Glenn st.","line2":"Suite #309","city":"White Plain","region":"NY","country":"US","postalCode":"10603"}},"type":"SalesInvoice","purchaseOrderNo":"21346","commit":true}
duration: 0.34878s

04-06-2021 @ 10:07:17 - Response
Response
code: 201
message: Created
headers: Array
(
    [date] => Tue, 06 Apr 2021 14:07:17 GMT
    [content-type] => application/json; charset=utf-8
    [server] => Kestrel
    [content-encoding] => br
    [location] => /api/v2/companies/207925/transactions/5000979812623
    [vary] => Accept-Encoding
    [serverduration] => 00:00:00.0613028
)
body: {"id":5000979812623,"code":"wc_order_e3ZjFmcf5NacE","companyId":207925,"date":"2021-04-06","status":"Committed","type":"SalesInvoice","batchCode":"","currencyCode":"USD","exchangeRateCurrencyCode":"USD","customerUsageType":"","entityUseCode":"","customerVendorCode":"aaron@seqgen.com","customerCode":"aaron@seqgen.com","exemptNo":"","reconciled":false,"locationCode":"","reportingLocationCode":"","purchaseOrderNo":"21346","referenceCode":"","salespersonCode":"","taxOverrideType":"None","taxOverrideAmount":0.0,"taxOverrideReason":"","totalAmount":23.5,"totalExempt":0.0,"totalDiscount":0.0,"totalTax":1.97,"totalTaxable":23.5,"totalTaxCalculated":1.97,"adjustmentReason":"NotAdjusted","adjustmentDescription":"","locked":false,"region":"NY","country":"US","version":1,"softwareVersion":"21.3.2.0","originAddressId":1002693584258,"destinationAddressId":5002195682240,"exchangeRateEffectiveDate":"2021-04-06","exchangeRate":1.0,"description":"","email":"","businessIdentificationNo":"","modifiedDate":"2021-04-06T14:07:17.513503Z","modifiedUserId":231879,"taxDate":"2021-04-06T00:00:00Z","lines":[{"id":4004594320434,"transactionId":5000979812623,"lineNumber":"23497","boundaryOverrideId":0,"customerUsageType":"","entityUseCode":"","description":"Citranox","destinationAddressId":5002195682240,"originAddressId":1002693584258,"discountAmount":0.0,"discountTypeId":0,"exemptAmount":0.0,"exemptCertId":0,"exemptNo":"","isItemTaxable":true,"isSSTP":false,"itemCode":"1832-1","lineAmount":23.5,"quantity":1.0,"ref1":"","ref2":"","reportingDate":"2021-04-06","revAccount":"","sourcing":"Destination","tax":1.9700,"taxableAmount":23.5,"taxCalculated":1.9700,"taxCode":"P0000000","taxCodeId":4316,"taxDate":"2021-04-06","taxEngine":"","taxOverrideType":"None","businessIdentificationNo":"","taxOverrideAmount":0.0,"taxOverrideReason":"","taxIncluded":false,"details":[{"id":5004395831128,"transactionLineId":4004594320434,"transactionId":5000979812623,"addressId":5002195682240,"country":"US","region":"NY","countyFIPS":"","stateFIPS":"","exemptAmount":0.0000,"exemptReasonId":4,"inState":true,"jurisCode":"36","jurisName":"NEW YORK","jurisdictionId":42,"signatureCode":"BFEQ","stateAssignedNo":"","jurisType":"STA","jurisdictionType":"State","nonTaxableAmount":0.0000,"nonTaxableRuleId":0,"nonTaxableType":"RateRule","rate":0.040000,"rateRuleId":1083067,"rateSourceId":3,"serCode":"","sourcing":"Destination","tax":0.9400,"taxableAmount":23.5000,"taxType":"Sales","taxSubTypeId":"S","taxTypeGroupId":"SalesAndUse","taxName":"NY STATE TAX","taxAuthorityTypeId":45,"taxRegionId":2090237,"taxCalculated":0.9400,"taxOverride":0.0000,"rateType":"General","rateTypeCode":"G","taxableUnits":23.5000,"nonTaxableUnits":0.0000,"exemptUnits":0.0000,"unitOfBasis":"PerCurrencyUnit","isNonPassThru":false,"isFee":false,"reportingTaxableUnits":23.5,"reportingNonTaxableUnits":0.0,"reportingExemptUnits":0.0,"reportingTax":0.94,"reportingTaxCalculated":0.94,"liabilityType":"Seller"},{"id":7003318595753,"transactionLineId":4004594320434,"transactionId":5000979812623,"addressId":5002195682240,"country":"US","region":"NY","countyFIPS":"","stateFIPS":"","exemptAmount":0.0000,"exemptReasonId":4,"inState":true,"jurisCode":"119","jurisName":"WESTCHESTER","jurisdictionId":1904,"signatureCode":"BHQB","stateAssignedNo":"WH 6513","jurisType":"CTY","jurisdictionType":"County","nonTaxableAmount":0.0000,"nonTaxableRuleId":0,"nonTaxableType":"RateRule","rate":0.000000,"rateRuleId":1234062,"rateSourceId":3,"serCode":"","sourcing":"Destination","tax":0.0000,"taxableAmount":23.5000,"taxType":"Sales","taxSubTypeId":"S","taxTypeGroupId":"SalesAndUse","taxName":"NY COUNTY TAX","taxAuthorityTypeId":45,"taxRegionId":2090237,"taxCalculated":0.0000,"taxOverride":0.0000,"rateType":"General","rateTypeCode":"G","taxableUnits":23.5000,"nonTaxableUnits":0.0000,"exemptUnits":0.0000,"unitOfBasis":"PerCurrencyUnit","isNonPassThru":false,"isFee":false,"reportingTaxableUnits":23.5,"reportingNonTaxableUnits":0.0,"reportingExemptUnits":0.0,"reportingTax":0.0,"reportingTaxCalculated":0.0,"liabilityType":"Seller"},{"id":10003318595755,"transactionLineId":4004594320434,"transactionId":5000979812623,"addressId":5002195682240,"country":"US","region":"NY","countyFIPS":"","stateFIPS":"","exemptAmount":0.0000,"exemptReasonId":4,"inState":true,"jurisCode":"81677","jurisName":"WHITE PLAINS","jurisdictionId":108163,"signatureCode":"BHSK","stateAssignedNo":"WH 6513","jurisType":"CIT","jurisdictionType":"City","nonTaxableAmount":0.0000,"nonTaxableRuleId":0,"nonTaxableType":"RateRule","rate":0.040000,"rateRuleId":1234055,"rateSourceId":3,"serCode":"","sourcing":"Destination","tax":0.9400,"taxableAmount":23.5000,"taxType":"Sales","taxSubTypeId":"S","taxTypeGroupId":"SalesAndUse","taxName":"NY CITY TAX","taxAuthorityTypeId":45,"taxRegionId":2090237,"taxCalculated":0.9400,"taxOverride":0.0000,"rateType":"General","rateTypeCode":"G","taxableUnits":23.5000,"nonTaxableUnits":0.0000,"exemptUnits":0.0000,"unitOfBasis":"PerCurrencyUnit","isNonPassThru":false,"isFee":false,"reportingTaxableUnits":23.5,"reportingNonTaxableUnits":0.0,"reportingExemptUnits":0.0,"reportingTax":0.94,"reportingTaxCalculated":0.94,"liabilityType":"Seller"},{"id":1004395831131,"transactionLineId":4004594320434,"transactionId":5000979812623,"addressId":5002195682240,"country":"US","region":"NY","countyFIPS":"","stateFIPS":"","exemptAmount":0.0000,"exemptReasonId":4,"inState":true,"jurisCode":"359080","jurisName":"WESTCHESTER CO TRANSIT DISTRICT","jurisdictionId":359080,"signatureCode":"BHQC","stateAssignedNo":"WH 6513","jurisType":"STJ","jurisdictionType":"Special","nonTaxableAmount":0.0000,"nonTaxableRuleId":0,"nonTaxableType":"RateRule","rate":0.003750,"rateRuleId":1085576,"rateSourceId":3,"serCode":"","sourcing":"Destination","tax":0.0900,"taxableAmount":23.5000,"taxType":"Sales","taxSubTypeId":"S","taxTypeGroupId":"SalesAndUse","taxName":"NY SPECIAL TAX","taxAuthorityTypeId":45,"taxRegionId":2090237,"taxCalculated":0.0900,"taxOverride":0.0000,"rateType":"General","rateTypeCode":"G","taxableUnits":23.5000,"nonTaxableUnits":0.0000,"exemptUnits":0.0000,"unitOfBasis":"PerCurrencyUnit","isNonPassThru":false,"isFee":false,"reportingTaxableUnits":23.5,"reportingNonTaxableUnits":0.0,"reportingExemptUnits":0.0,"reportingTax":0.09,"reportingTaxCalculated":0.09,"liabilityType":"Seller"}],"nonPassthroughDetails":[],"lineLocationTypes":[{"documentLineLocationTypeId":11003143732647,"documentLineId":4004594320434,"documentAddressId":1002693584258,"locationTypeCode":"ShipFrom"},{"documentLineLocationTypeId":2005842500908,"documentLineId":4004594320434,"documentAddressId":5002195682240,"locationTypeCode":"ShipTo"}],"hsCode":"","costInsuranceFreight":0.0,"vatCode":"","vatNumberTypeId":0},{"id":1004594320431,"transactionId":5000979812623,"lineNumber":"shipping_23498","boundaryOverrideId":0,"customerUsageType":"","entityUseCode":"","description":"Use My Shipping Account","destinationAddressId":5002195682240,"originAddressId":1002693584258,"discountAmount":0.0,"discountTypeId":0,"exemptAmount":0.0,"exemptCertId":0,"exemptNo":"","isItemTaxable":false,"isSSTP":false,"itemCode":"use-my-shipping-account","lineAmount":0.0,"quantity":1.0,"ref1":"","ref2":"","reportingDate":"2021-04-06","revAccount":"","sourcing":"Destination","tax":0.0000,"taxableAmount":0.0,"taxCalculated":0.0000,"taxCode":"FR","taxCodeId":7119,"taxDate":"2021-04-06","taxEngine":"","taxOverrideType":"None","businessIdentificationNo":"","taxOverrideAmount":0.0,"taxOverrideReason":"","taxIncluded":false,"details":[{"id":3004395831129,"transactionLineId":1004594320431,"transactionId":5000979812623,"addressId":5002195682240,"country":"US","region":"NY","countyFIPS":"","stateFIPS":"","exemptAmount":0.0000,"exemptReasonId":4,"inState":true,"jurisCode":"36","jurisName":"NEW YORK","jurisdictionId":42,"signatureCode":"BFEQ","stateAssignedNo":"","jurisType":"STA","jurisdictionType":"State","nonTaxableAmount":0.0000,"nonTaxableRuleId":0,"nonTaxableType":"RateRule","rate":0.040000,"rateRuleId":1083067,"rateSourceId":3,"serCode":"","sourcing":"Destination","tax":0.0000,"taxableAmount":0.0000,"taxType":"Sales","taxSubTypeId":"S","taxTypeGroupId":"SalesAndUse","taxName":"NY STATE TAX","taxAuthorityTypeId":45,"taxRegionId":2090237,"taxCalculated":0.0000,"taxOverride":0.0000,"rateType":"General","rateTypeCode":"G","taxableUnits":0.0000,"nonTaxableUnits":0.0000,"exemptUnits":0.0000,"unitOfBasis":"PerCurrencyUnit","isNonPassThru":false,"isFee":false,"reportingTaxableUnits":0.0,"reportingNonTaxableUnits":0.0,"reportingExemptUnits":0.0,"reportingTax":0.0,"reportingTaxCalculated":0.0,"liabilityType":"Seller"},{"id":4004395831130,"transactionLineId":1004594320431,"transactionId":5000979812623,"addressId":5002195682240,"country":"US","region":"NY","countyFIPS":"","stateFIPS":"","exemptAmount":0.0000,"exemptReasonId":4,"inState":true,"jurisCode":"119","jurisName":"WESTCHESTER","jurisdictionId":1904,"signatureCode":"BHQB","stateAssignedNo":"WH 6513","jurisType":"CTY","jurisdictionType":"County","nonTaxableAmount":0.0000,"nonTaxableRuleId":0,"nonTaxableType":"RateRule","rate":0.000000,"rateRuleId":1234062,"rateSourceId":3,"serCode":"","sourcing":"Destination","tax":0.0000,"taxableAmount":0.0000,"taxType":"Sales","taxSubTypeId":"S","taxTypeGroupId":"SalesAndUse","taxName":"NY COUNTY TAX","taxAuthorityTypeId":45,"taxRegionId":2090237,"taxCalculated":0.0000,"taxOverride":0.0000,"rateType":"General","rateTypeCode":"G","taxableUnits":0.0000,"nonTaxableUnits":0.0000,"exemptUnits":0.0000,"unitOfBasis":"PerCurrencyUnit","isNonPassThru":false,"isFee":false,"reportingTaxableUnits":0.0,"reportingNonTaxableUnits":0.0,"reportingExemptUnits":0.0,"reportingTax":0.0,"reportingTaxCalculated":0.0,"liabilityType":"Seller"},{"id":7003318595754,"transactionLineId":1004594320431,"transactionId":5000979812623,"addressId":5002195682240,"country":"US","region":"NY","countyFIPS":"","stateFIPS":"","exemptAmount":0.0000,"exemptReasonId":4,"inState":true,"jurisCode":"81677","jurisName":"WHITE PLAINS","jurisdictionId":108163,"signatureCode":"BHSK","stateAssignedNo":"WH 6513","jurisType":"CIT","jurisdictionType":"City","nonTaxableAmount":0.0000,"nonTaxableRuleId":0,"nonTaxableType":"RateRule","rate":0.040000,"rateRuleId":1234055,"rateSourceId":3,"serCode":"","sourcing":"Destination","tax":0.0000,"taxableAmount":0.0000,"taxType":"Sales","taxSubTypeId":"S","taxTypeGroupId":"SalesAndUse","taxName":"NY CITY TAX","taxAuthorityTypeId":45,"taxRegionId":2090237,"taxCalculated":0.0000,"taxOverride":0.0000,"rateType":"General","rateTypeCode":"G","taxableUnits":0.0000,"nonTaxableUnits":0.0000,"exemptUnits":0.0000,"unitOfBasis":"PerCurrencyUnit","isNonPassThru":false,"isFee":false,"reportingTaxableUnits":0.0,"reportingNonTaxableUnits":0.0,"reportingExemptUnits":0.0,"reportingTax":0.0,"reportingTaxCalculated":0.0,"liabilityType":"Seller"},{"id":10003318595756,"transactionLineId":1004594320431,"transactionId":5000979812623,"addressId":5002195682240,"country":"US","region":"NY","countyFIPS":"","stateFIPS":"","exemptAmount":0.0000,"exemptReasonId":4,"inState":true,"jurisCode":"359080","jurisName":"WESTCHESTER CO TRANSIT DISTRICT","jurisdictionId":359080,"signatureCode":"BHQC","stateAssignedNo":"WH 6513","jurisType":"STJ","jurisdictionType":"Special","nonTaxableAmount":0.0000,"nonTaxableRuleId":0,"nonTaxableType":"RateRule","rate":0.003750,"rateRuleId":1085576,"rateSourceId":3,"serCode":"","sourcing":"Destination","tax":0.0000,"taxableAmount":0.0000,"taxType":"Sales","taxSubTypeId":"S","taxTypeGroupId":"SalesAndUse","taxName":"NY SPECIAL TAX","taxAuthorityTypeId":45,"taxRegionId":2090237,"taxCalculated":0.0000,"taxOverride":0.0000,"rateType":"General","rateTypeCode":"G","taxableUnits":0.0000,"nonTaxableUnits":0.0000,"exemptUnits":0.0000,"unitOfBasis":"PerCurrencyUnit","isNonPassThru":false,"isFee":false,"reportingTaxableUnits":0.0,"reportingNonTaxableUnits":0.0,"reportingExemptUnits":0.0,"reportingTax":0.0,"reportingTaxCalculated":0.0,"liabilityType":"Seller"}],"nonPassthroughDetails":[],"lineLocationTypes":[{"documentLineLocationTypeId":5004122429272,"documentLineId":1004594320431,"documentAddressId":1002693584258,"locationTypeCode":"ShipFrom"},{"documentLineLocationTypeId":7003143732648,"documentLineId":1004594320431,"documentAddressId":5002195682240,"locationTypeCode":"ShipTo"}],"hsCode":"","costInsuranceFreight":0.0,"vatCode":"","vatNumberTypeId":0}],"addresses":[{"id":5002195682240,"transactionId":5000979812623,"boundaryLevel":"Address","line1":"30 GLENN ST STE 309","line2":"","line3":"","city":"WHITE PLAINS","region":"NY","postalCode":"10603-3252","country":"US","taxRegionId":2090237,"latitude":"41.050608","longitude":"-73.771383"},{"id":1002693584258,"transactionId":5000979812623,"boundaryLevel":"Address","line1":"30 GLENN ST","line2":"","line3":"","city":"WHITE PLAINS","region":"NY","postalCode":"10603-3254","country":"US","taxRegionId":2090237,"latitude":"41.050608","longitude":"-73.771383"}],"locationTypes":[{"documentLocationTypeId":3002378461746,"documentId":5000979812623,"documentAddressId":1002693584258,"locationTypeCode":"ShipFrom"},{"documentLocationTypeId":4002378461745,"documentId":5000979812623,"documentAddressId":5002195682240,"locationTypeCode":"ShipTo"}],"summary":[{"country":"US","region":"NY","jurisType":"State","jurisCode":"36","jurisName":"NEW YORK","taxAuthorityType":45,"stateAssignedNo":"","taxType":"Sales","taxSubType":"S","taxName":"NY STATE TAX","rateType":"General","taxable":23.50,"rate":0.040000,"tax":0.94,"taxCalculated":0.94,"nonTaxable":0.00,"exemption":0.00},{"country":"US","region":"NY","jurisType":"County","jurisCode":"119","jurisName":"WESTCHESTER","taxAuthorityType":45,"stateAssignedNo":"WH 6513","taxType":"Sales","taxSubType":"S","taxName":"NY COUNTY TAX","rateType":"General","taxable":23.50,"rate":0.000000,"tax":0.00,"taxCalculated":0.00,"nonTaxable":0.00,"exemption":0.00},{"country":"US","region":"NY","jurisType":"City","jurisCode":"81677","jurisName":"WHITE PLAINS","taxAuthorityType":45,"stateAssignedNo":"WH 6513","taxType":"Sales","taxSubType":"S","taxName":"NY CITY TAX","rateType":"General","taxable":23.50,"rate":0.040000,"tax":0.94,"taxCalculated":0.94,"nonTaxable":0.00,"exemption":0.00},{"country":"US","region":"NY","jurisType":"Special","jurisCode":"359080","jurisName":"WESTCHESTER CO TRANSIT DISTRICT","taxAuthorityType":45,"stateAssignedNo":"WH 6513","taxType":"Sales","taxSubType":"S","taxName":"NY SPECIAL TAX","rateType":"General","taxable":23.50,"rate":0.003750,"tax":0.09,"taxCalculated":0.09,"nonTaxable":0.00,"exemption":0.00}]}

