05-03-2021 @ 10:16:43 - Request
Request
method: GET
uri: https://rest.avatax.com/api/v2/definitions/entityusecodes
user-agent: WooCommerce-AvaTax/1.12.0 (WooCommerce/5.2.2; WordPress/5.7.1)
headers: Array
(
    [content-type] => application/json
    [accept] => application/json
    [Authorization] => ******************************************
    [X-Avalara-Client] => WCSkyVerge RESTv2;REST;REST;v2;AlconoxInc
    [X-Avalara-UID] => a0o33000004goTr
)
body:
duration: 0.29361s

05-03-2021 @ 10:16:43 - Response
Response
code: 200
message: OK
headers: Array
(
    [date] => Mon, 03 May 2021 14:16:43 GMT
    [content-type] => application/json; charset=utf-8
    [content-length] => 1454
    [x-content-type-options] => nosniff
    [serverduration] => 00:00:00.0001634
    [databasecalls] => 0
    [databaseduration] => 00:00:00
    [serviceduration] => 00:00:00
)
body: {"@recordsetCount":18,"value":[{"code":"A","name":"FEDERAL GOV","description":"","validCountries":["US"]},{"code":"B","name":"STATE GOV","description":"","validCountries":["US"]},{"code":"C","name":"TRIBAL GOVERNMENT","description":"","validCountries":["*"]},{"code":"D","name":"FOREIGN DIPLOMAT","description":"","validCountries":["*"]},{"code":"E","name":"CHARITABLE/EXEMPT ORG","description":"","validCountries":["*"]},{"code":"F","name":"RELIGIOUS ORG","description":"","validCountries":["*"]},{"code":"G","name":"RESALE","description":"","validCountries":["*"]},{"code":"H","name":"AGRICULTURE","description":"","validCountries":["*"]},{"code":"I","name":"INDUSTRIAL PROD/MANUFACTURERS","description":"","validCountries":["*"]},{"code":"J","name":"DIRECT PAY","description":"","validCountries":["*"]},{"code":"K","name":"DIRECT MAIL","description":"","validCountries":["*"]},{"code":"L","name":"OTHER/CUSTOM","description":"","validCountries":["*"]},{"code":"M","name":"EDUCATIONAL ORG","description":"","validCountries":["*"]},{"code":"N","name":"LOCAL GOVERNMENT","description":"","validCountries":["US"]},{"code":"P","name":"COMMERCIAL AQUACULTURE","description":"","validCountries":["CA"]},{"code":"Q","name":"COMMERCIAL FISHERY","description":"","validCountries":["CA"]},{"code":"R","name":"NON-RESIDENT","description":"","validCountries":["CA"]},{"code":"TAXABLE","name":"NON-EXEMPT TAXABLE CUSTOMER","description":"","validCountries":["*"]}]}

05-03-2021 @ 10:46:03 - Request
Request
method: GET
uri: https://rest.avatax.com/api/v2/definitions/entityusecodes
user-agent: WooCommerce-AvaTax/1.12.0 (WooCommerce/5.2.2; WordPress/5.7.1)
headers: Array
(
    [content-type] => application/json
    [accept] => application/json
    [Authorization] => ******************************************
    [X-Avalara-Client] => WCSkyVerge RESTv2;REST;REST;v2;AlconoxInc
    [X-Avalara-UID] => a0o33000004goTr
)
body:
duration: 0.31641s

05-03-2021 @ 10:46:03 - Response
Response
code: 200
message: OK
headers: Array
(
    [date] => Mon, 03 May 2021 14:46:03 GMT
    [content-type] => application/json; charset=utf-8
    [content-length] => 1454
    [x-content-type-options] => nosniff
    [serverduration] => 00:00:00.0001314
    [databasecalls] => 0
    [databaseduration] => 00:00:00
    [serviceduration] => 00:00:00
)
body: {"@recordsetCount":18,"value":[{"code":"A","name":"FEDERAL GOV","description":"","validCountries":["US"]},{"code":"B","name":"STATE GOV","description":"","validCountries":["US"]},{"code":"C","name":"TRIBAL GOVERNMENT","description":"","validCountries":["*"]},{"code":"D","name":"FOREIGN DIPLOMAT","description":"","validCountries":["*"]},{"code":"E","name":"CHARITABLE/EXEMPT ORG","description":"","validCountries":["*"]},{"code":"F","name":"RELIGIOUS ORG","description":"","validCountries":["*"]},{"code":"G","name":"RESALE","description":"","validCountries":["*"]},{"code":"H","name":"AGRICULTURE","description":"","validCountries":["*"]},{"code":"I","name":"INDUSTRIAL PROD/MANUFACTURERS","description":"","validCountries":["*"]},{"code":"J","name":"DIRECT PAY","description":"","validCountries":["*"]},{"code":"K","name":"DIRECT MAIL","description":"","validCountries":["*"]},{"code":"L","name":"OTHER/CUSTOM","description":"","validCountries":["*"]},{"code":"M","name":"EDUCATIONAL ORG","description":"","validCountries":["*"]},{"code":"N","name":"LOCAL GOVERNMENT","description":"","validCountries":["US"]},{"code":"P","name":"COMMERCIAL AQUACULTURE","description":"","validCountries":["CA"]},{"code":"Q","name":"COMMERCIAL FISHERY","description":"","validCountries":["CA"]},{"code":"R","name":"NON-RESIDENT","description":"","validCountries":["CA"]},{"code":"TAXABLE","name":"NON-EXEMPT TAXABLE CUSTOMER","description":"","validCountries":["*"]}]}

05-03-2021 @ 11:19:57 - Request
Request
method: GET
uri: https://rest.avatax.com/api/v2/taxrates/byaddress?line1=&line2=&city=Ocean&region=NJ&country=US&postalCode=07712
user-agent: WooCommerce-AvaTax/1.12.0 (WooCommerce/5.2.2; WordPress/5.7.1)
headers: Array
(
    [content-type] => application/json
    [accept] => application/json
    [Authorization] => ******************************************
    [X-Avalara-Client] => WCSkyVerge RESTv2;REST;REST;v2;AlconoxInc
    [X-Avalara-UID] => a0o33000004goTr
)
body:
duration: 0.31688s

05-03-2021 @ 11:19:57 - Response
Response
code: 200
message: OK
headers: Array
(
    [date] => Mon, 03 May 2021 15:19:57 GMT
    [content-type] => application/json; charset=utf-8
    [content-length] => 87
    [x-content-type-options] => nosniff
    [serverduration] => 00:00:00.0172578
    [databasecalls] => 0
    [databaseduration] => 00:00:00
    [serviceduration] => 00:00:00
)
body: {"totalRate":0.066250,"rates":[{"rate":0.066250,"name":"NJ STATE TAX","type":"State"}]}

05-03-2021 @ 11:19:58 - Request
Request
method: POST
uri: https://rest.avatax.com/api/v2/transactions/create
user-agent: WooCommerce-AvaTax/1.12.0 (WooCommerce/5.2.2; WordPress/5.7.1)
headers: Array
(
    [content-type] => application/json
    [accept] => application/json
    [Authorization] => ******************************************
    [X-Avalara-Client] => WCSkyVerge RESTv2;REST;REST;v2;AlconoxInc
    [X-Avalara-UID] => a0o33000004goTr
)
body: {"code":"","companyCode":"ALC","customerCode":"Guest","currencyCode":"USD","date":"2021-05-03","lines":[{"number":"ca67023068969c7df100d80920400183","itemCode":"1104-1","taxCode":"P0000000","description":"Alconox","quantity":1,"amount":47.200000000000003},{"number":"shipping_0","itemCode":"use-my-shipping-account","taxCode":"FR","description":"Use My Shipping Account","quantity":1}],"addresses":{"shipFrom":{"line1":"30 GLENN ST","line2":"","city":"WHITE PLAINS","region":"NY","country":"US","postalCode":"10603-3254"},"shipTo":{"line1":"104 Green Grove Rd","line2":"","city":"Ocean","region":"NJ","country":"US","postalCode":"07712"}},"type":"SalesOrder","commit":false}
duration: 0.34702s

05-03-2021 @ 11:19:58 - Response
Response
code: 201
message: Created
headers: Array
(
    [date] => Mon, 03 May 2021 15:19:58 GMT
    [content-type] => application/json; charset=utf-8
    [server] => Kestrel
    [content-encoding] => br
    [location] => /api/v2/companies/207925/transactions/0
    [vary] => Accept-Encoding
    [serverduration] => 00:00:00.0605560
)
body: {"id":0,"code":"6d7c1fbf-81cb-4633-aac8-82c0bdec36db","companyId":207925,"date":"2021-05-03","paymentDate":"2021-05-03","status":"Temporary","type":"SalesOrder","batchCode":"","currencyCode":"USD","exchangeRateCurrencyCode":"USD","customerUsageType":"","entityUseCode":"","customerVendorCode":"Guest","customerCode":"Guest","exemptNo":"","reconciled":false,"locationCode":"","reportingLocationCode":"","purchaseOrderNo":"","referenceCode":"","salespersonCode":"","totalAmount":47.2,"totalExempt":0.0,"totalDiscount":0.0,"totalTax":3.13,"totalTaxable":47.2,"totalTaxCalculated":3.13,"adjustmentReason":"NotAdjusted","locked":false,"version":1,"exchangeRateEffectiveDate":"2021-05-03","exchangeRate":1.0,"modifiedDate":"2021-05-03T15:19:58.2322513Z","modifiedUserId":231879,"taxDate":"2021-05-03T00:00:00","lines":[{"id":0,"transactionId":0,"lineNumber":"ca67023068969c7df100d80920400183","customerUsageType":"","entityUseCode":"","description":"Alconox","discountAmount":0.0,"exemptAmount":0.0,"exemptCertId":0,"exemptNo":"","isItemTaxable":true,"itemCode":"1104-1","lineAmount":47.200000000000003,"quantity":1.0,"ref1":"","ref2":"","reportingDate":"2021-05-03","tax":3.13,"taxableAmount":47.2,"taxCalculated":3.13,"taxCode":"P0000000","taxCodeId":4316,"taxDate":"2021-05-03","taxIncluded":false,"details":[{"id":0,"transactionLineId":0,"transactionId":0,"country":"US","region":"NJ","exemptAmount":0.0,"jurisCode":"34","jurisName":"NEW JERSEY","stateAssignedNo":"","jurisType":"STA","jurisdictionType":"State","nonTaxableAmount":0.0,"rate":0.066250,"tax":3.13,"taxableAmount":47.2,"taxType":"Sales","taxSubTypeId":"S","taxName":"NJ STATE TAX","taxAuthorityTypeId":45,"taxCalculated":3.13,"rateType":"General","rateTypeCode":"G","unitOfBasis":"PerCurrencyUnit","isNonPassThru":false,"isFee":false,"reportingTaxableUnits":47.2,"reportingNonTaxableUnits":0.0,"reportingExemptUnits":0.0,"reportingTax":3.13,"reportingTaxCalculated":3.13,"liabilityType":"Seller"}],"nonPassthroughDetails":[],"hsCode":"","costInsuranceFreight":0.0,"vatCode":"","vatNumberTypeId":0},{"id":0,"transactionId":0,"lineNumber":"shipping_0","customerUsageType":"","entityUseCode":"","description":"Use My Shipping Account","discountAmount":0.0,"exemptAmount":0.0,"exemptCertId":0,"exemptNo":"","isItemTaxable":false,"itemCode":"use-my-shipping-account","lineAmount":0.0,"quantity":1.0,"ref1":"","ref2":"","reportingDate":"2021-05-03","tax":0.0,"taxableAmount":0.0,"taxCalculated":0.0,"taxCode":"FR","taxCodeId":7119,"taxDate":"2021-05-03","taxIncluded":false,"details":[{"id":0,"transactionLineId":0,"transactionId":0,"country":"US","region":"NJ","exemptAmount":0.0,"jurisCode":"34","jurisName":"NEW JERSEY","stateAssignedNo":"","jurisType":"STA","jurisdictionType":"State","nonTaxableAmount":0.0,"rate":0.066250,"tax":0.0,"taxableAmount":0.0,"taxType":"Sales","taxSubTypeId":"S","taxName":"NJ STATE TAX","taxAuthorityTypeId":45,"taxCalculated":0.0,"rateType":"General","rateTypeCode":"G","unitOfBasis":"PerCurrencyUnit","isNonPassThru":false,"isFee":false,"reportingTaxableUnits":0.0,"reportingNonTaxableUnits":0.0,"reportingExemptUnits":0.0,"reportingTax":0.0,"reportingTaxCalculated":0.0,"liabilityType":"Seller"}],"nonPassthroughDetails":[],"hsCode":"","costInsuranceFreight":0.0,"vatCode":"","vatNumberTypeId":0}],"addresses":[{"id":0,"transactionId":0,"boundaryLevel":"Address","line1":"104 Green Grove Rd","line2":"","line3":"","city":"Ocean","region":"NJ","postalCode":"07712","country":"US","taxRegionId":4005710,"latitude":"40.235112","longitude":"-74.077172"},{"id":0,"transactionId":0,"boundaryLevel":"Address","line1":"30 GLENN ST","line2":"","line3":"","city":"WHITE PLAINS","region":"NY","postalCode":"10603-3254","country":"US","taxRegionId":2090237,"latitude":"41.050608","longitude":"-73.771383"}],"summary":[{"country":"US","region":"NJ","jurisType":"State","jurisCode":"34","jurisName":"NEW JERSEY","taxAuthorityType":45,"stateAssignedNo":"","taxType":"Sales","taxSubType":"S","taxName":"NJ STATE TAX","rateType":"General","taxable":47.2,"rate":0.066250,"tax":3.13,"taxCalculated":3.13,"nonTaxable":0.0,"exemption":0.0}]}

