02-02-2021 @ 09:06:06 - Request
Request
method: GET
uri: https://rest.avatax.com/api/v2/utilities/ping
user-agent: WooCommerce-AvaTax/1.11.0 (WooCommerce/4.8.0; WordPress/5.6)
headers: Array
(
    [content-type] => application/json
    [accept] => application/json
    [Authorization] => ******************************************
    [X-Avalara-Client] => WCSkyVerge RESTv2;REST;REST;v2;AlconoxInc
    [X-Avalara-UID] => a0o33000004goTr
)
body:
duration: 0.30846s

02-02-2021 @ 09:06:06 - Response
Response
code: 200
message: OK
headers: Array
(
    [date] => Tue, 02 Feb 2021 14:06:06 GMT
    [content-type] => application/json; charset=utf-8
    [content-length] => 225
    [x-content-type-options] => nosniff
    [serverduration] => 00:00:00.0000975
    [databasecalls] => 0
    [databaseduration] => 00:00:00
    [serviceduration] => 00:00:00
)
body: {"version":"21.1.0","authenticated":true,"authenticationType":"AccountIdLicenseKey","authenticatedUserName":"anonymous@2000107471","authenticatedUserId":231879,"authenticatedAccountId":2000107471,"crmid":"0010b00002JHRLYAA5"}

02-02-2021 @ 09:16:03 - Request
Request
method: GET
uri: https://rest.avatax.com/api/v2/taxrates/byaddress?line1=&line2=&city=New+York&region=NY&country=US&postalCode=10010
user-agent: WooCommerce-AvaTax/1.11.0 (WooCommerce/4.8.0; WordPress/5.6)
headers: Array
(
    [content-type] => application/json
    [accept] => application/json
    [Authorization] => ******************************************
    [X-Avalara-Client] => WCSkyVerge RESTv2;REST;REST;v2;AlconoxInc
    [X-Avalara-UID] => a0o33000004goTr
)
body:
duration: 4.31318s

02-02-2021 @ 09:16:03 - Response
Response
code: 200
message: OK
headers: Array
(
    [date] => Tue, 02 Feb 2021 14:16:03 GMT
    [content-type] => application/json; charset=utf-8
    [content-length] => 199
    [x-content-type-options] => nosniff
    [serverduration] => 00:00:03.9729638
    [databasecalls] => 0
    [databaseduration] => 00:00:00
    [serviceduration] => 00:00:00
)
body: {"totalRate":0.088750,"rates":[{"rate":0.040000,"name":"NY STATE TAX","type":"State"},{"rate":0.003750,"name":"NY SPECIAL TAX","type":"Special"},{"rate":0.045000,"name":"NY CITY TAX","type":"City"}]}

02-02-2021 @ 09:16:08 - Request
Request
method: POST
uri: https://rest.avatax.com/api/v2/transactions/create
user-agent: WooCommerce-AvaTax/1.11.0 (WooCommerce/4.8.0; WordPress/5.6)
headers: Array
(
    [content-type] => application/json
    [accept] => application/json
    [Authorization] => ******************************************
    [X-Avalara-Client] => WCSkyVerge RESTv2;REST;REST;v2;AlconoxInc
    [X-Avalara-UID] => a0o33000004goTr
)
body: {"code":"","companyCode":"ALC","customerCode":"Guest","currencyCode":"USD","date":"2021-02-02","lines":[{"number":"5d646e4afac70385e6052bd72723e1ff","itemCode":"1104","taxCode":"P0000000","description":"Alconox","quantity":1,"amount":354},{"number":"ca67023068969c7df100d80920400183","itemCode":"1104-1","taxCode":"P0000000","description":"Alconox","quantity":1,"amount":47.200000000000003},{"number":"shipping_0","itemCode":"pt-ups-merger:6:03","taxCode":"FR","description":"Ground (UPS)","quantity":1,"amount":28.200000000000003}],"addresses":{"shipFrom":{"line1":"30 GLENN ST","line2":"","city":"WHITE PLAINS","region":"NY","country":"US","postalCode":"10603-3254"},"shipTo":{"line1":"175 5th Ave","line2":"","city":"New York","region":"NY","country":"US","postalCode":"10010"}},"type":"SalesOrder","commit":false}
duration: 0.37902s

02-02-2021 @ 09:16:08 - Response
Response
code: 201
message: Created
headers: Array
(
    [date] => Tue, 02 Feb 2021 14:16:08 GMT
    [content-type] => application/json; charset=utf-8
    [server] => Kestrel
    [content-encoding] => br
    [location] => /api/v2/companies/207925/transactions/0
    [vary] => Accept-Encoding
    [serverduration] => 00:00:00.0701652
)
body: {"id":0,"code":"0f0d2403-c78e-40c5-ba56-f7b61557df3e","companyId":207925,"date":"2021-02-02","paymentDate":"2021-02-02","status":"Temporary","type":"SalesOrder","batchCode":"","currencyCode":"USD","exchangeRateCurrencyCode":"USD","customerUsageType":"","entityUseCode":"","customerVendorCode":"Guest","customerCode":"Guest","exemptNo":"","reconciled":false,"locationCode":"","reportingLocationCode":"","purchaseOrderNo":"","referenceCode":"","salespersonCode":"","totalAmount":429.4,"totalExempt":28.2,"totalDiscount":0.0,"totalTax":35.61,"totalTaxable":401.2,"totalTaxCalculated":35.61,"adjustmentReason":"NotAdjusted","locked":false,"version":1,"exchangeRateEffectiveDate":"2021-02-02","exchangeRate":1.0,"modifiedDate":"2021-02-02T14:16:08.43225Z","modifiedUserId":231879,"taxDate":"2021-02-02T00:00:00Z","lines":[{"id":0,"transactionId":0,"lineNumber":"5d646e4afac70385e6052bd72723e1ff","customerUsageType":"","entityUseCode":"","description":"Alconox","discountAmount":0.0,"exemptAmount":0.0,"exemptCertId":0,"exemptNo":"","isItemTaxable":true,"itemCode":"1104","lineAmount":354.0,"quantity":1.0,"ref1":"","ref2":"","reportingDate":"2021-02-02","tax":31.42,"taxableAmount":354.0,"taxCalculated":31.42,"taxCode":"P0000000","taxCodeId":4316,"taxDate":"2021-02-02","taxIncluded":false,"details":[{"id":0,"transactionLineId":0,"transactionId":0,"country":"US","region":"NY","exemptAmount":0.0,"jurisCode":"36","jurisName":"NEW YORK","stateAssignedNo":"","jurisType":"STA","jurisdictionType":"State","nonTaxableAmount":0.0,"rate":0.040000,"tax":14.16,"taxableAmount":354.0,"taxType":"Sales","taxSubTypeId":"S","taxName":"NY STATE TAX","taxAuthorityTypeId":45,"taxCalculated":14.16,"rateType":"General","rateTypeCode":"G","unitOfBasis":"PerCurrencyUnit","isNonPassThru":false,"isFee":false,"reportingTaxableUnits":354.0,"reportingNonTaxableUnits":0.0,"reportingExemptUnits":0.0,"reportingTax":14.16,"reportingTaxCalculated":14.16,"liabilityType":"Seller"},{"id":0,"transactionLineId":0,"transactionId":0,"country":"US","region":"NY","exemptAmount":0.0,"jurisCode":"51000","jurisName":"NEW YORK CITY","stateAssignedNo":"NE 8081","jurisType":"CIT","jurisdictionType":"City","nonTaxableAmount":0.0,"rate":0.045000,"tax":15.93,"taxableAmount":354.0,"taxType":"Sales","taxSubTypeId":"S","taxName":"NY CITY TAX","taxAuthorityTypeId":45,"taxCalculated":15.93,"rateType":"General","rateTypeCode":"G","unitOfBasis":"PerCurrencyUnit","isNonPassThru":false,"isFee":false,"reportingTaxableUnits":354.0,"reportingNonTaxableUnits":0.0,"reportingExemptUnits":0.0,"reportingTax":15.93,"reportingTaxCalculated":15.93,"liabilityType":"Seller"},{"id":0,"transactionLineId":0,"transactionId":0,"country":"US","region":"NY","exemptAmount":0.0,"jurisCode":"359071","jurisName":"METROPOLITAN COMMUTER TRANSPORTATION DISTRICT","stateAssignedNo":"NE 8081","jurisType":"STJ","jurisdictionType":"Special","nonTaxableAmount":0.0,"rate":0.003750,"tax":1.33,"taxableAmount":354.0,"taxType":"Sales","taxSubTypeId":"S","taxName":"NY SPECIAL TAX","taxAuthorityTypeId":45,"taxCalculated":1.33,"rateType":"General","rateTypeCode":"G","unitOfBasis":"PerCurrencyUnit","isNonPassThru":false,"isFee":false,"reportingTaxableUnits":354.0,"reportingNonTaxableUnits":0.0,"reportingExemptUnits":0.0,"reportingTax":1.33,"reportingTaxCalculated":1.33,"liabilityType":"Seller"}],"nonPassthroughDetails":[],"hsCode":"","costInsuranceFreight":0.0,"vatCode":"","vatNumberTypeId":0},{"id":0,"transactionId":0,"lineNumber":"ca67023068969c7df100d80920400183","customerUsageType":"","entityUseCode":"","description":"Alconox","discountAmount":0.0,"exemptAmount":0.0,"exemptCertId":0,"exemptNo":"","isItemTaxable":true,"itemCode":"1104-1","lineAmount":47.200000000000003,"quantity":1.0,"ref1":"","ref2":"","reportingDate":"2021-02-02","tax":4.19,"taxableAmount":47.2,"taxCalculated":4.19,"taxCode":"P0000000","taxCodeId":4316,"taxDate":"2021-02-02","taxIncluded":false,"details":[{"id":0,"transactionLineId":0,"transactionId":0,"country":"US","region":"NY","exemptAmount":0.0,"jurisCode":"36","jurisName":"NEW YORK","stateAssignedNo":"","jurisType":"STA","jurisdictionType":"State","nonTaxableAmount":0.0,"rate":0.040000,"tax":1.89,"taxableAmount":47.2,"taxType":"Sales","taxSubTypeId":"S","taxName":"NY STATE TAX","taxAuthorityTypeId":45,"taxCalculated":1.89,"rateType":"General","rateTypeCode":"G","unitOfBasis":"PerCurrencyUnit","isNonPassThru":false,"isFee":false,"reportingTaxableUnits":47.2,"reportingNonTaxableUnits":0.0,"reportingExemptUnits":0.0,"reportingTax":1.89,"reportingTaxCalculated":1.89,"liabilityType":"Seller"},{"id":0,"transactionLineId":0,"transactionId":0,"country":"US","region":"NY","exemptAmount":0.0,"jurisCode":"51000","jurisName":"NEW YORK CITY","stateAssignedNo":"NE 8081","jurisType":"CIT","jurisdictionType":"City","nonTaxableAmount":0.0,"rate":0.045000,"tax":2.12,"taxableAmount":47.2,"taxType":"Sales","taxSubTypeId":"S","taxName":"NY CITY TAX","taxAuthorityTypeId":45,"taxCalculated":2.12,"rateType":"General","rateTypeCode":"G","unitOfBasis":"PerCurrencyUnit","isNonPassThru":false,"isFee":false,"reportingTaxableUnits":47.2,"reportingNonTaxableUnits":0.0,"reportingExemptUnits":0.0,"reportingTax":2.12,"reportingTaxCalculated":2.12,"liabilityType":"Seller"},{"id":0,"transactionLineId":0,"transactionId":0,"country":"US","region":"NY","exemptAmount":0.0,"jurisCode":"359071","jurisName":"METROPOLITAN COMMUTER TRANSPORTATION DISTRICT","stateAssignedNo":"NE 8081","jurisType":"STJ","jurisdictionType":"Special","nonTaxableAmount":0.0,"rate":0.003750,"tax":0.18,"taxableAmount":47.2,"taxType":"Sales","taxSubTypeId":"S","taxName":"NY SPECIAL TAX","taxAuthorityTypeId":45,"taxCalculated":0.18,"rateType":"General","rateTypeCode":"G","unitOfBasis":"PerCurrencyUnit","isNonPassThru":false,"isFee":false,"reportingTaxableUnits":47.2,"reportingNonTaxableUnits":0.0,"reportingExemptUnits":0.0,"reportingTax":0.18,"reportingTaxCalculated":0.18,"liabilityType":"Seller"}],"nonPassthroughDetails":[],"hsCode":"","costInsuranceFreight":0.0,"vatCode":"","vatNumberTypeId":0},{"id":0,"transactionId":0,"lineNumber":"shipping_0","customerUsageType":"","entityUseCode":"","description":"Ground (UPS)","discountAmount":0.0,"exemptAmount":28.2,"exemptCertId":0,"exemptNo":"","isItemTaxable":false,"itemCode":"pt-ups-merger:6:03","lineAmount":28.200000000000003,"quantity":1.0,"ref1":"","ref2":"","reportingDate":"2021-02-02","tax":0.0,"taxableAmount":0.0,"taxCalculated":0.0,"taxCode":"FR","taxCodeId":7119,"taxDate":"2021-02-02","taxIncluded":false,"details":[{"id":0,"transactionLineId":0,"transactionId":0,"country":"US","region":"NY","exemptAmount":0.0,"jurisCode":"36","jurisName":"NEW YORK","stateAssignedNo":"","jurisType":"STA","jurisdictionType":"State","nonTaxableAmount":28.2,"rate":0.040000,"tax":0.0,"taxableAmount":0.0,"taxType":"Sales","taxSubTypeId":"S","taxName":"NY STATE TAX","taxAuthorityTypeId":45,"taxCalculated":0.0,"rateType":"General","rateTypeCode":"G","unitOfBasis":"PerCurrencyUnit","isNonPassThru":false,"isFee":false,"reportingTaxableUnits":0.0,"reportingNonTaxableUnits":28.2,"reportingExemptUnits":0.0,"reportingTax":0.0,"reportingTaxCalculated":0.0,"liabilityType":"Seller"},{"id":0,"transactionLineId":0,"transactionId":0,"country":"US","region":"NY","exemptAmount":0.0,"jurisCode":"51000","jurisName":"NEW YORK CITY","stateAssignedNo":"NE 8081","jurisType":"CIT","jurisdictionType":"City","nonTaxableAmount":28.2,"rate":0.045000,"tax":0.0,"taxableAmount":0.0,"taxType":"Sales","taxSubTypeId":"S","taxName":"NY CITY TAX","taxAuthorityTypeId":45,"taxCalculated":0.0,"rateType":"General","rateTypeCode":"G","unitOfBasis":"PerCurrencyUnit","isNonPassThru":false,"isFee":false,"reportingTaxableUnits":0.0,"reportingNonTaxableUnits":28.2,"reportingExemptUnits":0.0,"reportingTax":0.0,"reportingTaxCalculated":0.0,"liabilityType":"Seller"},{"id":0,"transactionLineId":0,"transactionId":0,"country":"US","region":"NY","exemptAmount":0.0,"jurisCode":"359071","jurisName":"METROPOLITAN COMMUTER TRANSPORTATION DISTRICT","stateAssignedNo":"NE 8081","jurisType":"STJ","jurisdictionType":"Special","nonTaxableAmount":28.2,"rate":0.003750,"tax":0.0,"taxableAmount":0.0,"taxType":"Sales","taxSubTypeId":"S","taxName":"NY SPECIAL TAX","taxAuthorityTypeId":45,"taxCalculated":0.0,"rateType":"General","rateTypeCode":"G","unitOfBasis":"PerCurrencyUnit","isNonPassThru":false,"isFee":false,"reportingTaxableUnits":0.0,"reportingNonTaxableUnits":28.2,"reportingExemptUnits":0.0,"reportingTax":0.0,"reportingTaxCalculated":0.0,"liabilityType":"Seller"}],"nonPassthroughDetails":[],"hsCode":"","costInsuranceFreight":0.0,"vatCode":"","vatNumberTypeId":0}],"addresses":[{"id":0,"transactionId":0,"boundaryLevel":"Address","line1":"175 5th Ave","line2":"","line3":"","city":"New York","region":"NY","postalCode":"10010","country":"US","taxRegionId":2088629,"latitude":"40.740942","longitude":"-73.989884"},{"id":0,"transactionId":0,"boundaryLevel":"Address","line1":"30 GLENN ST","line2":"","line3":"","city":"WHITE PLAINS","region":"NY","postalCode":"10603-3254","country":"US","taxRegionId":2090237,"latitude":"41.050608","longitude":"-73.771383"}],"summary":[{"country":"US","region":"NY","jurisType":"State","jurisCode":"36","jurisName":"NEW YORK","taxAuthorityType":45,"stateAssignedNo":"","taxType":"Sales","taxSubType":"S","taxName":"NY STATE TAX","rateType":"General","taxable":401.2,"rate":0.040000,"tax":16.05,"taxCalculated":16.05,"nonTaxable":28.2,"exemption":0.0},{"country":"US","region":"NY","jurisType":"City","jurisCode":"51000","jurisName":"NEW YORK CITY","taxAuthorityType":45,"stateAssignedNo":"NE 8081","taxType":"Sales","taxSubType":"S","taxName":"NY CITY TAX","rateType":"General","taxable":401.2,"rate":0.045000,"tax":18.05,"taxCalculated":18.05,"nonTaxable":28.2,"exemption":0.0},{"country":"US","region":"NY","jurisType":"Special","jurisCode":"359071","jurisName":"METROPOLITAN COMMUTER TRANSPORTATION DISTRICT","taxAuthorityType":45,"stateAssignedNo":"NE 8081","taxType":"Sales","taxSubType":"S","taxName":"NY SPECIAL TAX","rateType":"General","taxable":401.2,"rate":0.003750,"tax":1.51,"taxCalculated":1.51,"nonTaxable":28.2,"exemption":0.0}]}

02-02-2021 @ 09:16:11 - Request
Request
method: GET
uri: https://rest.avatax.com/api/v2/utilities/ping
user-agent: WooCommerce-AvaTax/1.11.0 (WooCommerce/4.8.0; WordPress/5.6)
headers: Array
(
    [content-type] => application/json
    [accept] => application/json
    [Authorization] => ******************************************
    [X-Avalara-Client] => WCSkyVerge RESTv2;REST;REST;v2;AlconoxInc
    [X-Avalara-UID] => a0o33000004goTr
)
body:
duration: 0.28919s

02-02-2021 @ 09:16:11 - Response
Response
code: 200
message: OK
headers: Array
(
    [date] => Tue, 02 Feb 2021 14:16:11 GMT
    [content-type] => application/json; charset=utf-8
    [content-length] => 225
    [x-content-type-options] => nosniff
    [serverduration] => 00:00:00.0001318
    [databasecalls] => 0
    [databaseduration] => 00:00:00
    [serviceduration] => 00:00:00
)
body: {"version":"21.1.0","authenticated":true,"authenticationType":"AccountIdLicenseKey","authenticatedUserName":"anonymous@2000107471","authenticatedUserId":231879,"authenticatedAccountId":2000107471,"crmid":"0010b00002JHRLYAA5"}

02-02-2021 @ 09:16:20 - Request
Request
method: GET
uri: https://rest.avatax.com/api/v2/taxrates/byaddress?line1=&line2=&city=New+York&region=NY&country=US&postalCode=10010
user-agent: WooCommerce-AvaTax/1.11.0 (WooCommerce/4.8.0; WordPress/5.6)
headers: Array
(
    [content-type] => application/json
    [accept] => application/json
    [Authorization] => ******************************************
    [X-Avalara-Client] => WCSkyVerge RESTv2;REST;REST;v2;AlconoxInc
    [X-Avalara-UID] => a0o33000004goTr
)
body:
duration: 0.35966s

02-02-2021 @ 09:16:20 - Response
Response
code: 200
message: OK
headers: Array
(
    [date] => Tue, 02 Feb 2021 14:16:20 GMT
    [content-type] => application/json; charset=utf-8
    [content-length] => 199
    [x-content-type-options] => nosniff
    [serverduration] => 00:00:00.0012466
    [databasecalls] => 0
    [databaseduration] => 00:00:00
    [serviceduration] => 00:00:00
)
body: {"totalRate":0.088750,"rates":[{"rate":0.040000,"name":"NY STATE TAX","type":"State"},{"rate":0.003750,"name":"NY SPECIAL TAX","type":"Special"},{"rate":0.045000,"name":"NY CITY TAX","type":"City"}]}

02-02-2021 @ 09:16:26 - Request
Request
method: POST
uri: https://rest.avatax.com/api/v2/transactions/create
user-agent: WooCommerce-AvaTax/1.11.0 (WooCommerce/4.8.0; WordPress/5.6)
headers: Array
(
    [content-type] => application/json
    [accept] => application/json
    [Authorization] => ******************************************
    [X-Avalara-Client] => WCSkyVerge RESTv2;REST;REST;v2;AlconoxInc
    [X-Avalara-UID] => a0o33000004goTr
)
body: {"code":"","companyCode":"ALC","customerCode":"codeable@ppgr.com.br","currencyCode":"USD","date":"2021-02-02","lines":[{"number":"5d646e4afac70385e6052bd72723e1ff","itemCode":"1104","taxCode":"P0000000","description":"Alconox","quantity":1,"amount":354},{"number":"ca67023068969c7df100d80920400183","itemCode":"1104-1","taxCode":"P0000000","description":"Alconox","quantity":1,"amount":47.200000000000003},{"number":"shipping_0","itemCode":"pt-ups-merger:6:03","taxCode":"FR","description":"Ground (UPS)","quantity":1,"amount":28.200000000000003}],"addresses":{"shipFrom":{"line1":"30 GLENN ST","line2":"","city":"WHITE PLAINS","region":"NY","country":"US","postalCode":"10603-3254"},"shipTo":{"line1":"175 5th Ave","line2":"","city":"New York","region":"NY","country":"US","postalCode":"10010"}},"type":"SalesOrder","commit":false}
duration: 0.44656s

02-02-2021 @ 09:16:26 - Response
Response
code: 201
message: Created
headers: Array
(
    [date] => Tue, 02 Feb 2021 14:16:26 GMT
    [content-type] => application/json; charset=utf-8
    [server] => Kestrel
    [content-encoding] => br
    [location] => /api/v2/companies/207925/transactions/0
    [vary] => Accept-Encoding
    [serverduration] => 00:00:00.1027714
)
body: {"id":0,"code":"bf67a1af-f883-4eca-b2c9-185878bae91b","companyId":207925,"date":"2021-02-02","paymentDate":"2021-02-02","status":"Temporary","type":"SalesOrder","batchCode":"","currencyCode":"USD","exchangeRateCurrencyCode":"USD","customerUsageType":"","entityUseCode":"","customerVendorCode":"codeable@ppgr.com.br","customerCode":"codeable@ppgr.com.br","exemptNo":"","reconciled":false,"locationCode":"","reportingLocationCode":"","purchaseOrderNo":"","referenceCode":"","salespersonCode":"","totalAmount":429.4,"totalExempt":28.2,"totalDiscount":0.0,"totalTax":35.61,"totalTaxable":401.2,"totalTaxCalculated":35.61,"adjustmentReason":"NotAdjusted","locked":false,"version":1,"exchangeRateEffectiveDate":"2021-02-02","exchangeRate":1.0,"modifiedDate":"2021-02-02T14:16:26.059609Z","modifiedUserId":231879,"taxDate":"2021-02-02T00:00:00Z","lines":[{"id":0,"transactionId":0,"lineNumber":"5d646e4afac70385e6052bd72723e1ff","customerUsageType":"","entityUseCode":"","description":"Alconox","discountAmount":0.0,"exemptAmount":0.0,"exemptCertId":0,"exemptNo":"","isItemTaxable":true,"itemCode":"1104","lineAmount":354.0,"quantity":1.0,"ref1":"","ref2":"","reportingDate":"2021-02-02","tax":31.42,"taxableAmount":354.0,"taxCalculated":31.42,"taxCode":"P0000000","taxCodeId":4316,"taxDate":"2021-02-02","taxIncluded":false,"details":[{"id":0,"transactionLineId":0,"transactionId":0,"country":"US","region":"NY","exemptAmount":0.0,"jurisCode":"36","jurisName":"NEW YORK","stateAssignedNo":"","jurisType":"STA","jurisdictionType":"State","nonTaxableAmount":0.0,"rate":0.040000,"tax":14.16,"taxableAmount":354.0,"taxType":"Sales","taxSubTypeId":"S","taxName":"NY STATE TAX","taxAuthorityTypeId":45,"taxCalculated":14.16,"rateType":"General","rateTypeCode":"G","unitOfBasis":"PerCurrencyUnit","isNonPassThru":false,"isFee":false,"reportingTaxableUnits":354.0,"reportingNonTaxableUnits":0.0,"reportingExemptUnits":0.0,"reportingTax":14.16,"reportingTaxCalculated":14.16,"liabilityType":"Seller"},{"id":0,"transactionLineId":0,"transactionId":0,"country":"US","region":"NY","exemptAmount":0.0,"jurisCode":"51000","jurisName":"NEW YORK CITY","stateAssignedNo":"NE 8081","jurisType":"CIT","jurisdictionType":"City","nonTaxableAmount":0.0,"rate":0.045000,"tax":15.93,"taxableAmount":354.0,"taxType":"Sales","taxSubTypeId":"S","taxName":"NY CITY TAX","taxAuthorityTypeId":45,"taxCalculated":15.93,"rateType":"General","rateTypeCode":"G","unitOfBasis":"PerCurrencyUnit","isNonPassThru":false,"isFee":false,"reportingTaxableUnits":354.0,"reportingNonTaxableUnits":0.0,"reportingExemptUnits":0.0,"reportingTax":15.93,"reportingTaxCalculated":15.93,"liabilityType":"Seller"},{"id":0,"transactionLineId":0,"transactionId":0,"country":"US","region":"NY","exemptAmount":0.0,"jurisCode":"359071","jurisName":"METROPOLITAN COMMUTER TRANSPORTATION DISTRICT","stateAssignedNo":"NE 8081","jurisType":"STJ","jurisdictionType":"Special","nonTaxableAmount":0.0,"rate":0.003750,"tax":1.33,"taxableAmount":354.0,"taxType":"Sales","taxSubTypeId":"S","taxName":"NY SPECIAL TAX","taxAuthorityTypeId":45,"taxCalculated":1.33,"rateType":"General","rateTypeCode":"G","unitOfBasis":"PerCurrencyUnit","isNonPassThru":false,"isFee":false,"reportingTaxableUnits":354.0,"reportingNonTaxableUnits":0.0,"reportingExemptUnits":0.0,"reportingTax":1.33,"reportingTaxCalculated":1.33,"liabilityType":"Seller"}],"nonPassthroughDetails":[],"hsCode":"","costInsuranceFreight":0.0,"vatCode":"","vatNumberTypeId":0},{"id":0,"transactionId":0,"lineNumber":"ca67023068969c7df100d80920400183","customerUsageType":"","entityUseCode":"","description":"Alconox","discountAmount":0.0,"exemptAmount":0.0,"exemptCertId":0,"exemptNo":"","isItemTaxable":true,"itemCode":"1104-1","lineAmount":47.200000000000003,"quantity":1.0,"ref1":"","ref2":"","reportingDate":"2021-02-02","tax":4.19,"taxableAmount":47.2,"taxCalculated":4.19,"taxCode":"P0000000","taxCodeId":4316,"taxDate":"2021-02-02","taxIncluded":false,"details":[{"id":0,"transactionLineId":0,"transactionId":0,"country":"US","region":"NY","exemptAmount":0.0,"jurisCode":"36","jurisName":"NEW YORK","stateAssignedNo":"","jurisType":"STA","jurisdictionType":"State","nonTaxableAmount":0.0,"rate":0.040000,"tax":1.89,"taxableAmount":47.2,"taxType":"Sales","taxSubTypeId":"S","taxName":"NY STATE TAX","taxAuthorityTypeId":45,"taxCalculated":1.89,"rateType":"General","rateTypeCode":"G","unitOfBasis":"PerCurrencyUnit","isNonPassThru":false,"isFee":false,"reportingTaxableUnits":47.2,"reportingNonTaxableUnits":0.0,"reportingExemptUnits":0.0,"reportingTax":1.89,"reportingTaxCalculated":1.89,"liabilityType":"Seller"},{"id":0,"transactionLineId":0,"transactionId":0,"country":"US","region":"NY","exemptAmount":0.0,"jurisCode":"51000","jurisName":"NEW YORK CITY","stateAssignedNo":"NE 8081","jurisType":"CIT","jurisdictionType":"City","nonTaxableAmount":0.0,"rate":0.045000,"tax":2.12,"taxableAmount":47.2,"taxType":"Sales","taxSubTypeId":"S","taxName":"NY CITY TAX","taxAuthorityTypeId":45,"taxCalculated":2.12,"rateType":"General","rateTypeCode":"G","unitOfBasis":"PerCurrencyUnit","isNonPassThru":false,"isFee":false,"reportingTaxableUnits":47.2,"reportingNonTaxableUnits":0.0,"reportingExemptUnits":0.0,"reportingTax":2.12,"reportingTaxCalculated":2.12,"liabilityType":"Seller"},{"id":0,"transactionLineId":0,"transactionId":0,"country":"US","region":"NY","exemptAmount":0.0,"jurisCode":"359071","jurisName":"METROPOLITAN COMMUTER TRANSPORTATION DISTRICT","stateAssignedNo":"NE 8081","jurisType":"STJ","jurisdictionType":"Special","nonTaxableAmount":0.0,"rate":0.003750,"tax":0.18,"taxableAmount":47.2,"taxType":"Sales","taxSubTypeId":"S","taxName":"NY SPECIAL TAX","taxAuthorityTypeId":45,"taxCalculated":0.18,"rateType":"General","rateTypeCode":"G","unitOfBasis":"PerCurrencyUnit","isNonPassThru":false,"isFee":false,"reportingTaxableUnits":47.2,"reportingNonTaxableUnits":0.0,"reportingExemptUnits":0.0,"reportingTax":0.18,"reportingTaxCalculated":0.18,"liabilityType":"Seller"}],"nonPassthroughDetails":[],"hsCode":"","costInsuranceFreight":0.0,"vatCode":"","vatNumberTypeId":0},{"id":0,"transactionId":0,"lineNumber":"shipping_0","customerUsageType":"","entityUseCode":"","description":"Ground (UPS)","discountAmount":0.0,"exemptAmount":28.2,"exemptCertId":0,"exemptNo":"","isItemTaxable":false,"itemCode":"pt-ups-merger:6:03","lineAmount":28.200000000000003,"quantity":1.0,"ref1":"","ref2":"","reportingDate":"2021-02-02","tax":0.0,"taxableAmount":0.0,"taxCalculated":0.0,"taxCode":"FR","taxCodeId":7119,"taxDate":"2021-02-02","taxIncluded":false,"details":[{"id":0,"transactionLineId":0,"transactionId":0,"country":"US","region":"NY","exemptAmount":0.0,"jurisCode":"36","jurisName":"NEW YORK","stateAssignedNo":"","jurisType":"STA","jurisdictionType":"State","nonTaxableAmount":28.2,"rate":0.040000,"tax":0.0,"taxableAmount":0.0,"taxType":"Sales","taxSubTypeId":"S","taxName":"NY STATE TAX","taxAuthorityTypeId":45,"taxCalculated":0.0,"rateType":"General","rateTypeCode":"G","unitOfBasis":"PerCurrencyUnit","isNonPassThru":false,"isFee":false,"reportingTaxableUnits":0.0,"reportingNonTaxableUnits":28.2,"reportingExemptUnits":0.0,"reportingTax":0.0,"reportingTaxCalculated":0.0,"liabilityType":"Seller"},{"id":0,"transactionLineId":0,"transactionId":0,"country":"US","region":"NY","exemptAmount":0.0,"jurisCode":"51000","jurisName":"NEW YORK CITY","stateAssignedNo":"NE 8081","jurisType":"CIT","jurisdictionType":"City","nonTaxableAmount":28.2,"rate":0.045000,"tax":0.0,"taxableAmount":0.0,"taxType":"Sales","taxSubTypeId":"S","taxName":"NY CITY TAX","taxAuthorityTypeId":45,"taxCalculated":0.0,"rateType":"General","rateTypeCode":"G","unitOfBasis":"PerCurrencyUnit","isNonPassThru":false,"isFee":false,"reportingTaxableUnits":0.0,"reportingNonTaxableUnits":28.2,"reportingExemptUnits":0.0,"reportingTax":0.0,"reportingTaxCalculated":0.0,"liabilityType":"Seller"},{"id":0,"transactionLineId":0,"transactionId":0,"country":"US","region":"NY","exemptAmount":0.0,"jurisCode":"359071","jurisName":"METROPOLITAN COMMUTER TRANSPORTATION DISTRICT","stateAssignedNo":"NE 8081","jurisType":"STJ","jurisdictionType":"Special","nonTaxableAmount":28.2,"rate":0.003750,"tax":0.0,"taxableAmount":0.0,"taxType":"Sales","taxSubTypeId":"S","taxName":"NY SPECIAL TAX","taxAuthorityTypeId":45,"taxCalculated":0.0,"rateType":"General","rateTypeCode":"G","unitOfBasis":"PerCurrencyUnit","isNonPassThru":false,"isFee":false,"reportingTaxableUnits":0.0,"reportingNonTaxableUnits":28.2,"reportingExemptUnits":0.0,"reportingTax":0.0,"reportingTaxCalculated":0.0,"liabilityType":"Seller"}],"nonPassthroughDetails":[],"hsCode":"","costInsuranceFreight":0.0,"vatCode":"","vatNumberTypeId":0}],"addresses":[{"id":0,"transactionId":0,"boundaryLevel":"Address","line1":"175 5th Ave","line2":"","line3":"","city":"New York","region":"NY","postalCode":"10010","country":"US","taxRegionId":2088629,"latitude":"40.740942","longitude":"-73.989884"},{"id":0,"transactionId":0,"boundaryLevel":"Address","line1":"30 GLENN ST","line2":"","line3":"","city":"WHITE PLAINS","region":"NY","postalCode":"10603-3254","country":"US","taxRegionId":2090237,"latitude":"41.050608","longitude":"-73.771383"}],"summary":[{"country":"US","region":"NY","jurisType":"State","jurisCode":"36","jurisName":"NEW YORK","taxAuthorityType":45,"stateAssignedNo":"","taxType":"Sales","taxSubType":"S","taxName":"NY STATE TAX","rateType":"General","taxable":401.2,"rate":0.040000,"tax":16.05,"taxCalculated":16.05,"nonTaxable":28.2,"exemption":0.0},{"country":"US","region":"NY","jurisType":"City","jurisCode":"51000","jurisName":"NEW YORK CITY","taxAuthorityType":45,"stateAssignedNo":"NE 8081","taxType":"Sales","taxSubType":"S","taxName":"NY CITY TAX","rateType":"General","taxable":401.2,"rate":0.045000,"tax":18.05,"taxCalculated":18.05,"nonTaxable":28.2,"exemption":0.0},{"country":"US","region":"NY","jurisType":"Special","jurisCode":"359071","jurisName":"METROPOLITAN COMMUTER TRANSPORTATION DISTRICT","taxAuthorityType":45,"stateAssignedNo":"NE 8081","taxType":"Sales","taxSubType":"S","taxName":"NY SPECIAL TAX","rateType":"General","taxable":401.2,"rate":0.003750,"tax":1.51,"taxCalculated":1.51,"nonTaxable":28.2,"exemption":0.0}]}

02-02-2021 @ 10:55:09 - Request
Request
method: GET
uri: https://rest.avatax.com/api/v2/utilities/ping
user-agent: WooCommerce-AvaTax/1.11.0 (WooCommerce/4.8.0; WordPress/5.6)
headers: Array
(
    [content-type] => application/json
    [accept] => application/json
    [Authorization] => ******************************************
    [X-Avalara-Client] => WCSkyVerge RESTv2;REST;REST;v2;AlconoxInc
    [X-Avalara-UID] => a0o33000004goTr
)
body:
duration: 0.31225s

02-02-2021 @ 10:55:09 - Response
Response
code: 200
message: OK
headers: Array
(
    [date] => Tue, 02 Feb 2021 15:55:09 GMT
    [content-type] => application/json; charset=utf-8
    [content-length] => 225
    [x-content-type-options] => nosniff
    [serverduration] => 00:00:00.0001189
    [databasecalls] => 0
    [databaseduration] => 00:00:00
    [serviceduration] => 00:00:00
)
body: {"version":"21.1.0","authenticated":true,"authenticationType":"AccountIdLicenseKey","authenticatedUserName":"anonymous@2000107471","authenticatedUserId":231879,"authenticatedAccountId":2000107471,"crmid":"0010b00002JHRLYAA5"}

02-02-2021 @ 11:03:41 - Request
Request
method: GET
uri: https://rest.avatax.com/api/v2/utilities/ping
user-agent: WooCommerce-AvaTax/1.11.0 (WooCommerce/4.8.0; WordPress/5.6)
headers: Array
(
    [content-type] => application/json
    [accept] => application/json
    [Authorization] => ******************************************
    [X-Avalara-Client] => WCSkyVerge RESTv2;REST;REST;v2;AlconoxInc
    [X-Avalara-UID] => a0o33000004goTr
)
body:
duration: 0.312s

02-02-2021 @ 11:03:41 - Response
Response
code: 200
message: OK
headers: Array
(
    [date] => Tue, 02 Feb 2021 16:03:41 GMT
    [content-type] => application/json; charset=utf-8
    [content-length] => 225
    [x-content-type-options] => nosniff
    [serverduration] => 00:00:00.0001168
    [databasecalls] => 0
    [databaseduration] => 00:00:00
    [serviceduration] => 00:00:00
)
body: {"version":"21.1.0","authenticated":true,"authenticationType":"AccountIdLicenseKey","authenticatedUserName":"anonymous@2000107471","authenticatedUserId":231879,"authenticatedAccountId":2000107471,"crmid":"0010b00002JHRLYAA5"}

02-02-2021 @ 11:10:40 - Request
Request
method: GET
uri: https://rest.avatax.com/api/v2/utilities/ping
user-agent: WooCommerce-AvaTax/1.11.0 (WooCommerce/4.8.0; WordPress/5.6)
headers: Array
(
    [content-type] => application/json
    [accept] => application/json
    [Authorization] => ******************************************
    [X-Avalara-Client] => WCSkyVerge RESTv2;REST;REST;v2;AlconoxInc
    [X-Avalara-UID] => a0o33000004goTr
)
body:
duration: 0.3338s

02-02-2021 @ 11:10:40 - Response
Response
code: 200
message: OK
headers: Array
(
    [date] => Tue, 02 Feb 2021 16:10:40 GMT
    [content-type] => application/json; charset=utf-8
    [content-length] => 225
    [x-content-type-options] => nosniff
    [serverduration] => 00:00:00.0001132
    [databasecalls] => 0
    [databaseduration] => 00:00:00
    [serviceduration] => 00:00:00
)
body: {"version":"21.1.0","authenticated":true,"authenticationType":"AccountIdLicenseKey","authenticatedUserName":"anonymous@2000107471","authenticatedUserId":231879,"authenticatedAccountId":2000107471,"crmid":"0010b00002JHRLYAA5"}

02-02-2021 @ 16:15:12 - Request
Request
method: GET
uri: https://rest.avatax.com/api/v2/utilities/ping
user-agent: WooCommerce-AvaTax/1.11.0 (WooCommerce/4.8.0; WordPress/5.6)
headers: Array
(
    [content-type] => application/json
    [accept] => application/json
    [Authorization] => ******************************************
    [X-Avalara-Client] => WCSkyVerge RESTv2;REST;REST;v2;AlconoxInc
    [X-Avalara-UID] => a0o33000004goTr
)
body:
duration: 0.29533s

02-02-2021 @ 16:15:12 - Response
Response
code: 200
message: OK
headers: Array
(
    [date] => Tue, 02 Feb 2021 21:15:12 GMT
    [content-type] => application/json; charset=utf-8
    [content-length] => 225
    [x-content-type-options] => nosniff
    [serverduration] => 00:00:00.0001496
    [databasecalls] => 0
    [databaseduration] => 00:00:00
    [serviceduration] => 00:00:00
)
body: {"version":"21.1.0","authenticated":true,"authenticationType":"AccountIdLicenseKey","authenticatedUserName":"anonymous@2000107471","authenticatedUserId":231879,"authenticatedAccountId":2000107471,"crmid":"0010b00002JHRLYAA5"}

02-02-2021 @ 16:20:37 - Request
Request
method: GET
uri: https://rest.avatax.com/api/v2/utilities/ping
user-agent: WooCommerce-AvaTax/1.11.0 (WooCommerce/4.8.0; WordPress/5.6)
headers: Array
(
    [content-type] => application/json
    [accept] => application/json
    [Authorization] => ******************************************
    [X-Avalara-Client] => WCSkyVerge RESTv2;REST;REST;v2;AlconoxInc
    [X-Avalara-UID] => a0o33000004goTr
)
body:
duration: 0.33377s

02-02-2021 @ 16:20:37 - Response
Response
code: 200
message: OK
headers: Array
(
    [date] => Tue, 02 Feb 2021 21:20:37 GMT
    [content-type] => application/json; charset=utf-8
    [content-length] => 225
    [x-content-type-options] => nosniff
    [serverduration] => 00:00:00.0001635
    [databasecalls] => 0
    [databaseduration] => 00:00:00
    [serviceduration] => 00:00:00
)
body: {"version":"21.1.0","authenticated":true,"authenticationType":"AccountIdLicenseKey","authenticatedUserName":"anonymous@2000107471","authenticatedUserId":231879,"authenticatedAccountId":2000107471,"crmid":"0010b00002JHRLYAA5"}

02-02-2021 @ 16:27:27 - Request
Request
method: GET
uri: https://rest.avatax.com/api/v2/utilities/ping
user-agent: WooCommerce-AvaTax/1.11.0 (WooCommerce/4.8.0; WordPress/5.6)
headers: Array
(
    [content-type] => application/json
    [accept] => application/json
    [Authorization] => ******************************************
    [X-Avalara-Client] => WCSkyVerge RESTv2;REST;REST;v2;AlconoxInc
    [X-Avalara-UID] => a0o33000004goTr
)
body:
duration: 0.3033s

02-02-2021 @ 16:27:27 - Response
Response
code: 200
message: OK
headers: Array
(
    [date] => Tue, 02 Feb 2021 21:27:27 GMT
    [content-type] => application/json; charset=utf-8
    [content-length] => 225
    [x-content-type-options] => nosniff
    [serverduration] => 00:00:00.0000989
    [databasecalls] => 0
    [databaseduration] => 00:00:00
    [serviceduration] => 00:00:00
)
body: {"version":"21.1.0","authenticated":true,"authenticationType":"AccountIdLicenseKey","authenticatedUserName":"anonymous@2000107471","authenticatedUserId":231879,"authenticatedAccountId":2000107471,"crmid":"0010b00002JHRLYAA5"}

02-02-2021 @ 16:33:54 - Request
Request
method: GET
uri: https://rest.avatax.com/api/v2/utilities/ping
user-agent: WooCommerce-AvaTax/1.11.0 (WooCommerce/4.8.0; WordPress/5.6)
headers: Array
(
    [content-type] => application/json
    [accept] => application/json
    [Authorization] => ******************************************
    [X-Avalara-Client] => WCSkyVerge RESTv2;REST;REST;v2;AlconoxInc
    [X-Avalara-UID] => a0o33000004goTr
)
body:
duration: 0.31149s

02-02-2021 @ 16:33:54 - Response
Response
code: 200
message: OK
headers: Array
(
    [date] => Tue, 02 Feb 2021 21:33:54 GMT
    [content-type] => application/json; charset=utf-8
    [content-length] => 225
    [x-content-type-options] => nosniff
    [serverduration] => 00:00:00.0000914
    [databasecalls] => 0
    [databaseduration] => 00:00:00
    [serviceduration] => 00:00:00
)
body: {"version":"21.1.0","authenticated":true,"authenticationType":"AccountIdLicenseKey","authenticatedUserName":"anonymous@2000107471","authenticatedUserId":231879,"authenticatedAccountId":2000107471,"crmid":"0010b00002JHRLYAA5"}

02-02-2021 @ 16:35:33 - Request
Request
method: GET
uri: https://rest.avatax.com/api/v2/taxrates/byaddress?line1=&line2=&city=New+York&region=NY&country=US&postalCode=10010
user-agent: WooCommerce-AvaTax/1.11.0 (WooCommerce/4.8.0; WordPress/5.6)
headers: Array
(
    [content-type] => application/json
    [accept] => application/json
    [Authorization] => ******************************************
    [X-Avalara-Client] => WCSkyVerge RESTv2;REST;REST;v2;AlconoxInc
    [X-Avalara-UID] => a0o33000004goTr
)
body:
duration: 0.31006s

02-02-2021 @ 16:35:33 - Response
Response
code: 200
message: OK
headers: Array
(
    [date] => Tue, 02 Feb 2021 21:35:33 GMT
    [content-type] => application/json; charset=utf-8
    [content-length] => 199
    [x-content-type-options] => nosniff
    [serverduration] => 00:00:00.0002541
    [databasecalls] => 0
    [databaseduration] => 00:00:00
    [serviceduration] => 00:00:00
)
body: {"totalRate":0.088750,"rates":[{"rate":0.040000,"name":"NY STATE TAX","type":"State"},{"rate":0.003750,"name":"NY SPECIAL TAX","type":"Special"},{"rate":0.045000,"name":"NY CITY TAX","type":"City"}]}

02-02-2021 @ 16:35:40 - Request
Request
method: POST
uri: https://rest.avatax.com/api/v2/transactions/create
user-agent: WooCommerce-AvaTax/1.11.0 (WooCommerce/4.8.0; WordPress/5.6)
headers: Array
(
    [content-type] => application/json
    [accept] => application/json
    [Authorization] => ******************************************
    [X-Avalara-Client] => WCSkyVerge RESTv2;REST;REST;v2;AlconoxInc
    [X-Avalara-UID] => a0o33000004goTr
)
body: {"code":"","companyCode":"ALC","customerCode":"codeable@ppgr.com.br","currencyCode":"USD","date":"2021-02-02","lines":[{"number":"5d646e4afac70385e6052bd72723e1ff","itemCode":"1104","taxCode":"P0000000","description":"Alconox","quantity":11,"amount":3894},{"number":"ca67023068969c7df100d80920400183","itemCode":"1104-1","taxCode":"P0000000","description":"Alconox","quantity":11,"amount":519.20000000000005},{"number":"shipping_0","itemCode":"use-my-shipping-account","taxCode":"FR","description":"Use My Shipping Account","quantity":1}],"addresses":{"shipFrom":{"line1":"30 GLENN ST","line2":"","city":"WHITE PLAINS","region":"NY","country":"US","postalCode":"10603-3254"},"shipTo":{"line1":"175 5th Ave","line2":"","city":"New York","region":"NY","country":"US","postalCode":"10010"}},"type":"SalesOrder","commit":false}
duration: 0.37996s

02-02-2021 @ 16:35:40 - Response
Response
code: 201
message: Created
headers: Array
(
    [date] => Tue, 02 Feb 2021 21:35:40 GMT
    [content-type] => application/json; charset=utf-8
    [server] => Kestrel
    [content-encoding] => br
    [location] => /api/v2/companies/207925/transactions/0
    [vary] => Accept-Encoding
    [serverduration] => 00:00:00.0708328
)
body: {"id":0,"code":"09406676-576e-404d-af5c-ce115b3dbe08","companyId":207925,"date":"2021-02-02","paymentDate":"2021-02-02","status":"Temporary","type":"SalesOrder","batchCode":"","currencyCode":"USD","exchangeRateCurrencyCode":"USD","customerUsageType":"","entityUseCode":"","customerVendorCode":"codeable@ppgr.com.br","customerCode":"codeable@ppgr.com.br","exemptNo":"","reconciled":false,"locationCode":"","reportingLocationCode":"","purchaseOrderNo":"","referenceCode":"","salespersonCode":"","totalAmount":4413.2,"totalExempt":0.0,"totalDiscount":0.0,"totalTax":391.67,"totalTaxable":4413.2,"totalTaxCalculated":391.67,"adjustmentReason":"NotAdjusted","locked":false,"version":1,"exchangeRateEffectiveDate":"2021-02-02","exchangeRate":1.0,"modifiedDate":"2021-02-02T21:35:40.5517422Z","modifiedUserId":231879,"taxDate":"2021-02-02T00:00:00Z","lines":[{"id":0,"transactionId":0,"lineNumber":"5d646e4afac70385e6052bd72723e1ff","customerUsageType":"","entityUseCode":"","description":"Alconox","discountAmount":0.0,"exemptAmount":0.0,"exemptCertId":0,"exemptNo":"","isItemTaxable":true,"itemCode":"1104","lineAmount":3894.0,"quantity":11.0,"ref1":"","ref2":"","reportingDate":"2021-02-02","tax":345.59,"taxableAmount":3894.0,"taxCalculated":345.59,"taxCode":"P0000000","taxCodeId":4316,"taxDate":"2021-02-02","taxIncluded":false,"details":[{"id":0,"transactionLineId":0,"transactionId":0,"country":"US","region":"NY","exemptAmount":0.0,"jurisCode":"36","jurisName":"NEW YORK","stateAssignedNo":"","jurisType":"STA","jurisdictionType":"State","nonTaxableAmount":0.0,"rate":0.040000,"tax":155.76,"taxableAmount":3894.0,"taxType":"Sales","taxSubTypeId":"S","taxName":"NY STATE TAX","taxAuthorityTypeId":45,"taxCalculated":155.76,"rateType":"General","rateTypeCode":"G","unitOfBasis":"PerCurrencyUnit","isNonPassThru":false,"isFee":false,"reportingTaxableUnits":3894.0,"reportingNonTaxableUnits":0.0,"reportingExemptUnits":0.0,"reportingTax":155.76,"reportingTaxCalculated":155.76,"liabilityType":"Seller"},{"id":0,"transactionLineId":0,"transactionId":0,"country":"US","region":"NY","exemptAmount":0.0,"jurisCode":"51000","jurisName":"NEW YORK CITY","stateAssignedNo":"NE 8081","jurisType":"CIT","jurisdictionType":"City","nonTaxableAmount":0.0,"rate":0.045000,"tax":175.23,"taxableAmount":3894.0,"taxType":"Sales","taxSubTypeId":"S","taxName":"NY CITY TAX","taxAuthorityTypeId":45,"taxCalculated":175.23,"rateType":"General","rateTypeCode":"G","unitOfBasis":"PerCurrencyUnit","isNonPassThru":false,"isFee":false,"reportingTaxableUnits":3894.0,"reportingNonTaxableUnits":0.0,"reportingExemptUnits":0.0,"reportingTax":175.23,"reportingTaxCalculated":175.23,"liabilityType":"Seller"},{"id":0,"transactionLineId":0,"transactionId":0,"country":"US","region":"NY","exemptAmount":0.0,"jurisCode":"359071","jurisName":"METROPOLITAN COMMUTER TRANSPORTATION DISTRICT","stateAssignedNo":"NE 8081","jurisType":"STJ","jurisdictionType":"Special","nonTaxableAmount":0.0,"rate":0.003750,"tax":14.6,"taxableAmount":3894.0,"taxType":"Sales","taxSubTypeId":"S","taxName":"NY SPECIAL TAX","taxAuthorityTypeId":45,"taxCalculated":14.6,"rateType":"General","rateTypeCode":"G","unitOfBasis":"PerCurrencyUnit","isNonPassThru":false,"isFee":false,"reportingTaxableUnits":3894.0,"reportingNonTaxableUnits":0.0,"reportingExemptUnits":0.0,"reportingTax":14.6,"reportingTaxCalculated":14.6,"liabilityType":"Seller"}],"nonPassthroughDetails":[],"hsCode":"","costInsuranceFreight":0.0,"vatCode":"","vatNumberTypeId":0},{"id":0,"transactionId":0,"lineNumber":"ca67023068969c7df100d80920400183","customerUsageType":"","entityUseCode":"","description":"Alconox","discountAmount":0.0,"exemptAmount":0.0,"exemptCertId":0,"exemptNo":"","isItemTaxable":true,"itemCode":"1104-1","lineAmount":519.20000000000005,"quantity":11.0,"ref1":"","ref2":"","reportingDate":"2021-02-02","tax":46.08,"taxableAmount":519.2,"taxCalculated":46.08,"taxCode":"P0000000","taxCodeId":4316,"taxDate":"2021-02-02","taxIncluded":false,"details":[{"id":0,"transactionLineId":0,"transactionId":0,"country":"US","region":"NY","exemptAmount":0.0,"jurisCode":"36","jurisName":"NEW YORK","stateAssignedNo":"","jurisType":"STA","jurisdictionType":"State","nonTaxableAmount":0.0,"rate":0.040000,"tax":20.77,"taxableAmount":519.2,"taxType":"Sales","taxSubTypeId":"S","taxName":"NY STATE TAX","taxAuthorityTypeId":45,"taxCalculated":20.77,"rateType":"General","rateTypeCode":"G","unitOfBasis":"PerCurrencyUnit","isNonPassThru":false,"isFee":false,"reportingTaxableUnits":519.2,"reportingNonTaxableUnits":0.0,"reportingExemptUnits":0.0,"reportingTax":20.77,"reportingTaxCalculated":20.77,"liabilityType":"Seller"},{"id":0,"transactionLineId":0,"transactionId":0,"country":"US","region":"NY","exemptAmount":0.0,"jurisCode":"51000","jurisName":"NEW YORK CITY","stateAssignedNo":"NE 8081","jurisType":"CIT","jurisdictionType":"City","nonTaxableAmount":0.0,"rate":0.045000,"tax":23.36,"taxableAmount":519.2,"taxType":"Sales","taxSubTypeId":"S","taxName":"NY CITY TAX","taxAuthorityTypeId":45,"taxCalculated":23.36,"rateType":"General","rateTypeCode":"G","unitOfBasis":"PerCurrencyUnit","isNonPassThru":false,"isFee":false,"reportingTaxableUnits":519.2,"reportingNonTaxableUnits":0.0,"reportingExemptUnits":0.0,"reportingTax":23.36,"reportingTaxCalculated":23.36,"liabilityType":"Seller"},{"id":0,"transactionLineId":0,"transactionId":0,"country":"US","region":"NY","exemptAmount":0.0,"jurisCode":"359071","jurisName":"METROPOLITAN COMMUTER TRANSPORTATION DISTRICT","stateAssignedNo":"NE 8081","jurisType":"STJ","jurisdictionType":"Special","nonTaxableAmount":0.0,"rate":0.003750,"tax":1.95,"taxableAmount":519.2,"taxType":"Sales","taxSubTypeId":"S","taxName":"NY SPECIAL TAX","taxAuthorityTypeId":45,"taxCalculated":1.95,"rateType":"General","rateTypeCode":"G","unitOfBasis":"PerCurrencyUnit","isNonPassThru":false,"isFee":false,"reportingTaxableUnits":519.2,"reportingNonTaxableUnits":0.0,"reportingExemptUnits":0.0,"reportingTax":1.95,"reportingTaxCalculated":1.95,"liabilityType":"Seller"}],"nonPassthroughDetails":[],"hsCode":"","costInsuranceFreight":0.0,"vatCode":"","vatNumberTypeId":0},{"id":0,"transactionId":0,"lineNumber":"shipping_0","customerUsageType":"","entityUseCode":"","description":"Use My Shipping Account","discountAmount":0.0,"exemptAmount":0.0,"exemptCertId":0,"exemptNo":"","isItemTaxable":false,"itemCode":"use-my-shipping-account","lineAmount":0.0,"quantity":1.0,"ref1":"","ref2":"","reportingDate":"2021-02-02","tax":0.0,"taxableAmount":0.0,"taxCalculated":0.0,"taxCode":"FR","taxCodeId":7119,"taxDate":"2021-02-02","taxIncluded":false,"details":[{"id":0,"transactionLineId":0,"transactionId":0,"country":"US","region":"NY","exemptAmount":0.0,"jurisCode":"36","jurisName":"NEW YORK","stateAssignedNo":"","jurisType":"STA","jurisdictionType":"State","nonTaxableAmount":0.0,"rate":0.040000,"tax":0.0,"taxableAmount":0.0,"taxType":"Sales","taxSubTypeId":"S","taxName":"NY STATE TAX","taxAuthorityTypeId":45,"taxCalculated":0.0,"rateType":"General","rateTypeCode":"G","unitOfBasis":"PerCurrencyUnit","isNonPassThru":false,"isFee":false,"reportingTaxableUnits":0.0,"reportingNonTaxableUnits":0.0,"reportingExemptUnits":0.0,"reportingTax":0.0,"reportingTaxCalculated":0.0,"liabilityType":"Seller"},{"id":0,"transactionLineId":0,"transactionId":0,"country":"US","region":"NY","exemptAmount":0.0,"jurisCode":"51000","jurisName":"NEW YORK CITY","stateAssignedNo":"NE 8081","jurisType":"CIT","jurisdictionType":"City","nonTaxableAmount":0.0,"rate":0.045000,"tax":0.0,"taxableAmount":0.0,"taxType":"Sales","taxSubTypeId":"S","taxName":"NY CITY TAX","taxAuthorityTypeId":45,"taxCalculated":0.0,"rateType":"General","rateTypeCode":"G","unitOfBasis":"PerCurrencyUnit","isNonPassThru":false,"isFee":false,"reportingTaxableUnits":0.0,"reportingNonTaxableUnits":0.0,"reportingExemptUnits":0.0,"reportingTax":0.0,"reportingTaxCalculated":0.0,"liabilityType":"Seller"},{"id":0,"transactionLineId":0,"transactionId":0,"country":"US","region":"NY","exemptAmount":0.0,"jurisCode":"359071","jurisName":"METROPOLITAN COMMUTER TRANSPORTATION DISTRICT","stateAssignedNo":"NE 8081","jurisType":"STJ","jurisdictionType":"Special","nonTaxableAmount":0.0,"rate":0.003750,"tax":0.0,"taxableAmount":0.0,"taxType":"Sales","taxSubTypeId":"S","taxName":"NY SPECIAL TAX","taxAuthorityTypeId":45,"taxCalculated":0.0,"rateType":"General","rateTypeCode":"G","unitOfBasis":"PerCurrencyUnit","isNonPassThru":false,"isFee":false,"reportingTaxableUnits":0.0,"reportingNonTaxableUnits":0.0,"reportingExemptUnits":0.0,"reportingTax":0.0,"reportingTaxCalculated":0.0,"liabilityType":"Seller"}],"nonPassthroughDetails":[],"hsCode":"","costInsuranceFreight":0.0,"vatCode":"","vatNumberTypeId":0}],"addresses":[{"id":0,"transactionId":0,"boundaryLevel":"Address","line1":"175 5th Ave","line2":"","line3":"","city":"New York","region":"NY","postalCode":"10010","country":"US","taxRegionId":2088629,"latitude":"40.740942","longitude":"-73.989884"},{"id":0,"transactionId":0,"boundaryLevel":"Address","line1":"30 GLENN ST","line2":"","line3":"","city":"WHITE PLAINS","region":"NY","postalCode":"10603-3254","country":"US","taxRegionId":2090237,"latitude":"41.050608","longitude":"-73.771383"}],"summary":[{"country":"US","region":"NY","jurisType":"State","jurisCode":"36","jurisName":"NEW YORK","taxAuthorityType":45,"stateAssignedNo":"","taxType":"Sales","taxSubType":"S","taxName":"NY STATE TAX","rateType":"General","taxable":4413.2,"rate":0.040000,"tax":176.53,"taxCalculated":176.53,"nonTaxable":0.0,"exemption":0.0},{"country":"US","region":"NY","jurisType":"City","jurisCode":"51000","jurisName":"NEW YORK CITY","taxAuthorityType":45,"stateAssignedNo":"NE 8081","taxType":"Sales","taxSubType":"S","taxName":"NY CITY TAX","rateType":"General","taxable":4413.2,"rate":0.045000,"tax":198.59,"taxCalculated":198.59,"nonTaxable":0.0,"exemption":0.0},{"country":"US","region":"NY","jurisType":"Special","jurisCode":"359071","jurisName":"METROPOLITAN COMMUTER TRANSPORTATION DISTRICT","taxAuthorityType":45,"stateAssignedNo":"NE 8081","taxType":"Sales","taxSubType":"S","taxName":"NY SPECIAL TAX","rateType":"General","taxable":4413.2,"rate":0.003750,"tax":16.55,"taxCalculated":16.55,"nonTaxable":0.0,"exemption":0.0}]}

02-02-2021 @ 16:35:54 - Request
Request
method: POST
uri: https://rest.avatax.com/api/v2/transactions/create
user-agent: WooCommerce-AvaTax/1.11.0 (WooCommerce/4.8.0; WordPress/5.6)
headers: Array
(
    [content-type] => application/json
    [accept] => application/json
    [Authorization] => ******************************************
    [X-Avalara-Client] => WCSkyVerge RESTv2;REST;REST;v2;AlconoxInc
    [X-Avalara-UID] => a0o33000004goTr
)
body: {"code":"","companyCode":"ALC","customerCode":"codeable@ppgr.com.br","currencyCode":"USD","date":"2021-02-02","lines":[{"number":"5d646e4afac70385e6052bd72723e1ff","itemCode":"1104","taxCode":"P0000000","description":"Alconox","quantity":11,"amount":3894},{"number":"ca67023068969c7df100d80920400183","itemCode":"1104-1","taxCode":"P0000000","description":"Alconox","quantity":11,"amount":519.20000000000005},{"number":"shipping_0","itemCode":"use-my-shipping-account","taxCode":"FR","description":"Use My Shipping Account","quantity":1}],"addresses":{"shipFrom":{"line1":"30 GLENN ST","line2":"","city":"WHITE PLAINS","region":"NY","country":"US","postalCode":"10603-3254"},"shipTo":{"line1":"175 5th Ave","line2":"","city":"New York","region":"NY","country":"US","postalCode":"10010"}},"type":"SalesOrder","commit":false}
duration: 0.35671s

02-02-2021 @ 16:35:54 - Response
Response
code: 201
message: Created
headers: Array
(
    [date] => Tue, 02 Feb 2021 21:35:54 GMT
    [content-type] => application/json; charset=utf-8
    [server] => Kestrel
    [content-encoding] => br
    [location] => /api/v2/companies/207925/transactions/0
    [vary] => Accept-Encoding
    [serverduration] => 00:00:00.0610978
)
body: {"id":0,"code":"8ec42936-20c5-4df2-97aa-748e2ca839d3","companyId":207925,"date":"2021-02-02","paymentDate":"2021-02-02","status":"Temporary","type":"SalesOrder","batchCode":"","currencyCode":"USD","exchangeRateCurrencyCode":"USD","customerUsageType":"","entityUseCode":"","customerVendorCode":"codeable@ppgr.com.br","customerCode":"codeable@ppgr.com.br","exemptNo":"","reconciled":false,"locationCode":"","reportingLocationCode":"","purchaseOrderNo":"","referenceCode":"","salespersonCode":"","totalAmount":4413.2,"totalExempt":0.0,"totalDiscount":0.0,"totalTax":391.67,"totalTaxable":4413.2,"totalTaxCalculated":391.67,"adjustmentReason":"NotAdjusted","locked":false,"version":1,"exchangeRateEffectiveDate":"2021-02-02","exchangeRate":1.0,"modifiedDate":"2021-02-02T21:35:54.094459Z","modifiedUserId":231879,"taxDate":"2021-02-02T00:00:00Z","lines":[{"id":0,"transactionId":0,"lineNumber":"5d646e4afac70385e6052bd72723e1ff","customerUsageType":"","entityUseCode":"","description":"Alconox","discountAmount":0.0,"exemptAmount":0.0,"exemptCertId":0,"exemptNo":"","isItemTaxable":true,"itemCode":"1104","lineAmount":3894.0,"quantity":11.0,"ref1":"","ref2":"","reportingDate":"2021-02-02","tax":345.59,"taxableAmount":3894.0,"taxCalculated":345.59,"taxCode":"P0000000","taxCodeId":4316,"taxDate":"2021-02-02","taxIncluded":false,"details":[{"id":0,"transactionLineId":0,"transactionId":0,"country":"US","region":"NY","exemptAmount":0.0,"jurisCode":"36","jurisName":"NEW YORK","stateAssignedNo":"","jurisType":"STA","jurisdictionType":"State","nonTaxableAmount":0.0,"rate":0.040000,"tax":155.76,"taxableAmount":3894.0,"taxType":"Sales","taxSubTypeId":"S","taxName":"NY STATE TAX","taxAuthorityTypeId":45,"taxCalculated":155.76,"rateType":"General","rateTypeCode":"G","unitOfBasis":"PerCurrencyUnit","isNonPassThru":false,"isFee":false,"reportingTaxableUnits":3894.0,"reportingNonTaxableUnits":0.0,"reportingExemptUnits":0.0,"reportingTax":155.76,"reportingTaxCalculated":155.76,"liabilityType":"Seller"},{"id":0,"transactionLineId":0,"transactionId":0,"country":"US","region":"NY","exemptAmount":0.0,"jurisCode":"51000","jurisName":"NEW YORK CITY","stateAssignedNo":"NE 8081","jurisType":"CIT","jurisdictionType":"City","nonTaxableAmount":0.0,"rate":0.045000,"tax":175.23,"taxableAmount":3894.0,"taxType":"Sales","taxSubTypeId":"S","taxName":"NY CITY TAX","taxAuthorityTypeId":45,"taxCalculated":175.23,"rateType":"General","rateTypeCode":"G","unitOfBasis":"PerCurrencyUnit","isNonPassThru":false,"isFee":false,"reportingTaxableUnits":3894.0,"reportingNonTaxableUnits":0.0,"reportingExemptUnits":0.0,"reportingTax":175.23,"reportingTaxCalculated":175.23,"liabilityType":"Seller"},{"id":0,"transactionLineId":0,"transactionId":0,"country":"US","region":"NY","exemptAmount":0.0,"jurisCode":"359071","jurisName":"METROPOLITAN COMMUTER TRANSPORTATION DISTRICT","stateAssignedNo":"NE 8081","jurisType":"STJ","jurisdictionType":"Special","nonTaxableAmount":0.0,"rate":0.003750,"tax":14.6,"taxableAmount":3894.0,"taxType":"Sales","taxSubTypeId":"S","taxName":"NY SPECIAL TAX","taxAuthorityTypeId":45,"taxCalculated":14.6,"rateType":"General","rateTypeCode":"G","unitOfBasis":"PerCurrencyUnit","isNonPassThru":false,"isFee":false,"reportingTaxableUnits":3894.0,"reportingNonTaxableUnits":0.0,"reportingExemptUnits":0.0,"reportingTax":14.6,"reportingTaxCalculated":14.6,"liabilityType":"Seller"}],"nonPassthroughDetails":[],"hsCode":"","costInsuranceFreight":0.0,"vatCode":"","vatNumberTypeId":0},{"id":0,"transactionId":0,"lineNumber":"ca67023068969c7df100d80920400183","customerUsageType":"","entityUseCode":"","description":"Alconox","discountAmount":0.0,"exemptAmount":0.0,"exemptCertId":0,"exemptNo":"","isItemTaxable":true,"itemCode":"1104-1","lineAmount":519.20000000000005,"quantity":11.0,"ref1":"","ref2":"","reportingDate":"2021-02-02","tax":46.08,"taxableAmount":519.2,"taxCalculated":46.08,"taxCode":"P0000000","taxCodeId":4316,"taxDate":"2021-02-02","taxIncluded":false,"details":[{"id":0,"transactionLineId":0,"transactionId":0,"country":"US","region":"NY","exemptAmount":0.0,"jurisCode":"36","jurisName":"NEW YORK","stateAssignedNo":"","jurisType":"STA","jurisdictionType":"State","nonTaxableAmount":0.0,"rate":0.040000,"tax":20.77,"taxableAmount":519.2,"taxType":"Sales","taxSubTypeId":"S","taxName":"NY STATE TAX","taxAuthorityTypeId":45,"taxCalculated":20.77,"rateType":"General","rateTypeCode":"G","unitOfBasis":"PerCurrencyUnit","isNonPassThru":false,"isFee":false,"reportingTaxableUnits":519.2,"reportingNonTaxableUnits":0.0,"reportingExemptUnits":0.0,"reportingTax":20.77,"reportingTaxCalculated":20.77,"liabilityType":"Seller"},{"id":0,"transactionLineId":0,"transactionId":0,"country":"US","region":"NY","exemptAmount":0.0,"jurisCode":"51000","jurisName":"NEW YORK CITY","stateAssignedNo":"NE 8081","jurisType":"CIT","jurisdictionType":"City","nonTaxableAmount":0.0,"rate":0.045000,"tax":23.36,"taxableAmount":519.2,"taxType":"Sales","taxSubTypeId":"S","taxName":"NY CITY TAX","taxAuthorityTypeId":45,"taxCalculated":23.36,"rateType":"General","rateTypeCode":"G","unitOfBasis":"PerCurrencyUnit","isNonPassThru":false,"isFee":false,"reportingTaxableUnits":519.2,"reportingNonTaxableUnits":0.0,"reportingExemptUnits":0.0,"reportingTax":23.36,"reportingTaxCalculated":23.36,"liabilityType":"Seller"},{"id":0,"transactionLineId":0,"transactionId":0,"country":"US","region":"NY","exemptAmount":0.0,"jurisCode":"359071","jurisName":"METROPOLITAN COMMUTER TRANSPORTATION DISTRICT","stateAssignedNo":"NE 8081","jurisType":"STJ","jurisdictionType":"Special","nonTaxableAmount":0.0,"rate":0.003750,"tax":1.95,"taxableAmount":519.2,"taxType":"Sales","taxSubTypeId":"S","taxName":"NY SPECIAL TAX","taxAuthorityTypeId":45,"taxCalculated":1.95,"rateType":"General","rateTypeCode":"G","unitOfBasis":"PerCurrencyUnit","isNonPassThru":false,"isFee":false,"reportingTaxableUnits":519.2,"reportingNonTaxableUnits":0.0,"reportingExemptUnits":0.0,"reportingTax":1.95,"reportingTaxCalculated":1.95,"liabilityType":"Seller"}],"nonPassthroughDetails":[],"hsCode":"","costInsuranceFreight":0.0,"vatCode":"","vatNumberTypeId":0},{"id":0,"transactionId":0,"lineNumber":"shipping_0","customerUsageType":"","entityUseCode":"","description":"Use My Shipping Account","discountAmount":0.0,"exemptAmount":0.0,"exemptCertId":0,"exemptNo":"","isItemTaxable":false,"itemCode":"use-my-shipping-account","lineAmount":0.0,"quantity":1.0,"ref1":"","ref2":"","reportingDate":"2021-02-02","tax":0.0,"taxableAmount":0.0,"taxCalculated":0.0,"taxCode":"FR","taxCodeId":7119,"taxDate":"2021-02-02","taxIncluded":false,"details":[{"id":0,"transactionLineId":0,"transactionId":0,"country":"US","region":"NY","exemptAmount":0.0,"jurisCode":"36","jurisName":"NEW YORK","stateAssignedNo":"","jurisType":"STA","jurisdictionType":"State","nonTaxableAmount":0.0,"rate":0.040000,"tax":0.0,"taxableAmount":0.0,"taxType":"Sales","taxSubTypeId":"S","taxName":"NY STATE TAX","taxAuthorityTypeId":45,"taxCalculated":0.0,"rateType":"General","rateTypeCode":"G","unitOfBasis":"PerCurrencyUnit","isNonPassThru":false,"isFee":false,"reportingTaxableUnits":0.0,"reportingNonTaxableUnits":0.0,"reportingExemptUnits":0.0,"reportingTax":0.0,"reportingTaxCalculated":0.0,"liabilityType":"Seller"},{"id":0,"transactionLineId":0,"transactionId":0,"country":"US","region":"NY","exemptAmount":0.0,"jurisCode":"51000","jurisName":"NEW YORK CITY","stateAssignedNo":"NE 8081","jurisType":"CIT","jurisdictionType":"City","nonTaxableAmount":0.0,"rate":0.045000,"tax":0.0,"taxableAmount":0.0,"taxType":"Sales","taxSubTypeId":"S","taxName":"NY CITY TAX","taxAuthorityTypeId":45,"taxCalculated":0.0,"rateType":"General","rateTypeCode":"G","unitOfBasis":"PerCurrencyUnit","isNonPassThru":false,"isFee":false,"reportingTaxableUnits":0.0,"reportingNonTaxableUnits":0.0,"reportingExemptUnits":0.0,"reportingTax":0.0,"reportingTaxCalculated":0.0,"liabilityType":"Seller"},{"id":0,"transactionLineId":0,"transactionId":0,"country":"US","region":"NY","exemptAmount":0.0,"jurisCode":"359071","jurisName":"METROPOLITAN COMMUTER TRANSPORTATION DISTRICT","stateAssignedNo":"NE 8081","jurisType":"STJ","jurisdictionType":"Special","nonTaxableAmount":0.0,"rate":0.003750,"tax":0.0,"taxableAmount":0.0,"taxType":"Sales","taxSubTypeId":"S","taxName":"NY SPECIAL TAX","taxAuthorityTypeId":45,"taxCalculated":0.0,"rateType":"General","rateTypeCode":"G","unitOfBasis":"PerCurrencyUnit","isNonPassThru":false,"isFee":false,"reportingTaxableUnits":0.0,"reportingNonTaxableUnits":0.0,"reportingExemptUnits":0.0,"reportingTax":0.0,"reportingTaxCalculated":0.0,"liabilityType":"Seller"}],"nonPassthroughDetails":[],"hsCode":"","costInsuranceFreight":0.0,"vatCode":"","vatNumberTypeId":0}],"addresses":[{"id":0,"transactionId":0,"boundaryLevel":"Address","line1":"175 5th Ave","line2":"","line3":"","city":"New York","region":"NY","postalCode":"10010","country":"US","taxRegionId":2088629,"latitude":"40.740942","longitude":"-73.989884"},{"id":0,"transactionId":0,"boundaryLevel":"Address","line1":"30 GLENN ST","line2":"","line3":"","city":"WHITE PLAINS","region":"NY","postalCode":"10603-3254","country":"US","taxRegionId":2090237,"latitude":"41.050608","longitude":"-73.771383"}],"summary":[{"country":"US","region":"NY","jurisType":"State","jurisCode":"36","jurisName":"NEW YORK","taxAuthorityType":45,"stateAssignedNo":"","taxType":"Sales","taxSubType":"S","taxName":"NY STATE TAX","rateType":"General","taxable":4413.2,"rate":0.040000,"tax":176.53,"taxCalculated":176.53,"nonTaxable":0.0,"exemption":0.0},{"country":"US","region":"NY","jurisType":"City","jurisCode":"51000","jurisName":"NEW YORK CITY","taxAuthorityType":45,"stateAssignedNo":"NE 8081","taxType":"Sales","taxSubType":"S","taxName":"NY CITY TAX","rateType":"General","taxable":4413.2,"rate":0.045000,"tax":198.59,"taxCalculated":198.59,"nonTaxable":0.0,"exemption":0.0},{"country":"US","region":"NY","jurisType":"Special","jurisCode":"359071","jurisName":"METROPOLITAN COMMUTER TRANSPORTATION DISTRICT","taxAuthorityType":45,"stateAssignedNo":"NE 8081","taxType":"Sales","taxSubType":"S","taxName":"NY SPECIAL TAX","rateType":"General","taxable":4413.2,"rate":0.003750,"tax":16.55,"taxCalculated":16.55,"nonTaxable":0.0,"exemption":0.0}]}

