03-11-2021 @ 09:24:39 - Request
Request
method: GET
uri: https://rest.avatax.com/api/v2/taxrates/byaddress?line1=&line2=&city=Clyde&region=NY&country=US&postalCode=14433
user-agent: WooCommerce-AvaTax/1.11.2 (WooCommerce/5.0.0; WordPress/5.6.2)
headers: Array
(
    [content-type] => application/json
    [accept] => application/json
    [Authorization] => ******************************************
    [X-Avalara-Client] => WCSkyVerge RESTv2;REST;REST;v2;AlconoxInc
    [X-Avalara-UID] => a0o33000004goTr
)
body:
duration: 0.35086s

03-11-2021 @ 09:24:39 - Response
Response
code: 200
message: OK
headers: Array
(
    [date] => Thu, 11 Mar 2021 14:24:39 GMT
    [content-type] => application/json; charset=utf-8
    [content-length] => 144
    [x-content-type-options] => nosniff
    [serverduration] => 00:00:00.0179491
    [databasecalls] => 0
    [databaseduration] => 00:00:00
    [serviceduration] => 00:00:00
)
body: {"totalRate":0.080000,"rates":[{"rate":0.040000,"name":"NY STATE TAX","type":"State"},{"rate":0.040000,"name":"NY COUNTY TAX","type":"County"}]}

03-11-2021 @ 09:24:42 - Request
Request
method: POST
uri: https://rest.avatax.com/api/v2/transactions/create
user-agent: WooCommerce-AvaTax/1.11.2 (WooCommerce/5.0.0; WordPress/5.6.2)
headers: Array
(
    [content-type] => application/json
    [accept] => application/json
    [Authorization] => ******************************************
    [X-Avalara-Client] => WCSkyVerge RESTv2;REST;REST;v2;AlconoxInc
    [X-Avalara-UID] => a0o33000004goTr
)
body: {"code":"","companyCode":"ALC","customerCode":"dawn.oconnor@thomaselectronics.com","currencyCode":"USD","date":"2021-03-11","lines":[{"number":"2ba399f928d3a7a608a2ad8af4dcb1e9","itemCode":"1701-1","taxCode":"P0000000","description":"Detergent 8","quantity":1,"amount":138.59999999999999},{"number":"shipping_1","itemCode":"use-my-shipping-account","taxCode":"FR","description":"Use My Shipping Account","quantity":1}],"addresses":{"shipFrom":{"line1":"30 GLENN ST","line2":"","city":"WHITE PLAINS","region":"NY","country":"US","postalCode":"10603-3254"},"shipTo":{"line1":"208 Davis Parkway","line2":"","city":"Clyde","region":"NY","country":"US","postalCode":"14433"}},"type":"SalesOrder","commit":false}
duration: 0.34533s

03-11-2021 @ 09:24:42 - Response
Response
code: 201
message: Created
headers: Array
(
    [date] => Thu, 11 Mar 2021 14:24:42 GMT
    [content-type] => application/json; charset=utf-8
    [server] => Kestrel
    [content-encoding] => br
    [location] => /api/v2/companies/207925/transactions/0
    [vary] => Accept-Encoding
    [serverduration] => 00:00:00.0429277
)
body: {"id":0,"code":"04639c1f-d70e-4198-8489-78e13ab7548a","companyId":207925,"date":"2021-03-11","paymentDate":"2021-03-11","status":"Temporary","type":"SalesOrder","batchCode":"","currencyCode":"USD","exchangeRateCurrencyCode":"USD","customerUsageType":"","entityUseCode":"","customerVendorCode":"dawn.oconnor@thomaselectronics.com","customerCode":"dawn.oconnor@thomaselectronics.com","exemptNo":"","reconciled":false,"locationCode":"","reportingLocationCode":"","purchaseOrderNo":"","referenceCode":"","salespersonCode":"","totalAmount":138.6,"totalExempt":0.0,"totalDiscount":0.0,"totalTax":11.08,"totalTaxable":138.6,"totalTaxCalculated":11.08,"adjustmentReason":"NotAdjusted","locked":false,"version":1,"exchangeRateEffectiveDate":"2021-03-11","exchangeRate":1.0,"modifiedDate":"2021-03-11T14:24:42.1363766Z","modifiedUserId":231879,"taxDate":"2021-03-11T00:00:00Z","lines":[{"id":0,"transactionId":0,"lineNumber":"2ba399f928d3a7a608a2ad8af4dcb1e9","customerUsageType":"","entityUseCode":"","description":"Detergent 8","discountAmount":0.0,"exemptAmount":0.0,"exemptCertId":0,"exemptNo":"","isItemTaxable":true,"itemCode":"1701-1","lineAmount":138.59999999999999,"quantity":1.0,"ref1":"","ref2":"","reportingDate":"2021-03-11","tax":11.08,"taxableAmount":138.6,"taxCalculated":11.08,"taxCode":"P0000000","taxCodeId":4316,"taxDate":"2021-03-11","taxIncluded":false,"details":[{"id":0,"transactionLineId":0,"transactionId":0,"country":"US","region":"NY","exemptAmount":0.0,"jurisCode":"36","jurisName":"NEW YORK","stateAssignedNo":"","jurisType":"STA","jurisdictionType":"State","nonTaxableAmount":0.0,"rate":0.040000,"tax":5.54,"taxableAmount":138.6,"taxType":"Sales","taxSubTypeId":"S","taxName":"NY STATE TAX","taxAuthorityTypeId":45,"taxCalculated":5.54,"rateType":"General","rateTypeCode":"G","unitOfBasis":"PerCurrencyUnit","isNonPassThru":false,"isFee":false,"reportingTaxableUnits":138.6,"reportingNonTaxableUnits":0.0,"reportingExemptUnits":0.0,"reportingTax":5.54,"reportingTaxCalculated":5.54,"liabilityType":"Seller"},{"id":0,"transactionLineId":0,"transactionId":0,"country":"US","region":"NY","exemptAmount":0.0,"jurisCode":"117","jurisName":"WAYNE","stateAssignedNo":"WA 5421","jurisType":"CTY","jurisdictionType":"County","nonTaxableAmount":0.0,"rate":0.040000,"tax":5.54,"taxableAmount":138.6,"taxType":"Sales","taxSubTypeId":"S","taxName":"NY COUNTY TAX","taxAuthorityTypeId":45,"taxCalculated":5.54,"rateType":"General","rateTypeCode":"G","unitOfBasis":"PerCurrencyUnit","isNonPassThru":false,"isFee":false,"reportingTaxableUnits":138.6,"reportingNonTaxableUnits":0.0,"reportingExemptUnits":0.0,"reportingTax":5.54,"reportingTaxCalculated":5.54,"liabilityType":"Seller"}],"nonPassthroughDetails":[],"hsCode":"","costInsuranceFreight":0.0,"vatCode":"","vatNumberTypeId":0},{"id":0,"transactionId":0,"lineNumber":"shipping_1","customerUsageType":"","entityUseCode":"","description":"Use My Shipping Account","discountAmount":0.0,"exemptAmount":0.0,"exemptCertId":0,"exemptNo":"","isItemTaxable":false,"itemCode":"use-my-shipping-account","lineAmount":0.0,"quantity":1.0,"ref1":"","ref2":"","reportingDate":"2021-03-11","tax":0.0,"taxableAmount":0.0,"taxCalculated":0.0,"taxCode":"FR","taxCodeId":7119,"taxDate":"2021-03-11","taxIncluded":false,"details":[{"id":0,"transactionLineId":0,"transactionId":0,"country":"US","region":"NY","exemptAmount":0.0,"jurisCode":"36","jurisName":"NEW YORK","stateAssignedNo":"","jurisType":"STA","jurisdictionType":"State","nonTaxableAmount":0.0,"rate":0.040000,"tax":0.0,"taxableAmount":0.0,"taxType":"Sales","taxSubTypeId":"S","taxName":"NY STATE TAX","taxAuthorityTypeId":45,"taxCalculated":0.0,"rateType":"General","rateTypeCode":"G","unitOfBasis":"PerCurrencyUnit","isNonPassThru":false,"isFee":false,"reportingTaxableUnits":0.0,"reportingNonTaxableUnits":0.0,"reportingExemptUnits":0.0,"reportingTax":0.0,"reportingTaxCalculated":0.0,"liabilityType":"Seller"},{"id":0,"transactionLineId":0,"transactionId":0,"country":"US","region":"NY","exemptAmount":0.0,"jurisCode":"117","jurisName":"WAYNE","stateAssignedNo":"WA 5421","jurisType":"CTY","jurisdictionType":"County","nonTaxableAmount":0.0,"rate":0.040000,"tax":0.0,"taxableAmount":0.0,"taxType":"Sales","taxSubTypeId":"S","taxName":"NY COUNTY TAX","taxAuthorityTypeId":45,"taxCalculated":0.0,"rateType":"General","rateTypeCode":"G","unitOfBasis":"PerCurrencyUnit","isNonPassThru":false,"isFee":false,"reportingTaxableUnits":0.0,"reportingNonTaxableUnits":0.0,"reportingExemptUnits":0.0,"reportingTax":0.0,"reportingTaxCalculated":0.0,"liabilityType":"Seller"}],"nonPassthroughDetails":[],"hsCode":"","costInsuranceFreight":0.0,"vatCode":"","vatNumberTypeId":0}],"addresses":[{"id":0,"transactionId":0,"boundaryLevel":"Address","line1":"208 Davis Parkway","line2":"","line3":"","city":"Clyde","region":"NY","postalCode":"14433","country":"US","taxRegionId":4004542,"latitude":"43.079975","longitude":"-76.860678"},{"id":0,"transactionId":0,"boundaryLevel":"Address","line1":"30 GLENN ST","line2":"","line3":"","city":"WHITE PLAINS","region":"NY","postalCode":"10603-3254","country":"US","taxRegionId":2090237,"latitude":"41.050608","longitude":"-73.771383"}],"summary":[{"country":"US","region":"NY","jurisType":"State","jurisCode":"36","jurisName":"NEW YORK","taxAuthorityType":45,"stateAssignedNo":"","taxType":"Sales","taxSubType":"S","taxName":"NY STATE TAX","rateType":"General","taxable":138.6,"rate":0.040000,"tax":5.54,"taxCalculated":5.54,"nonTaxable":0.0,"exemption":0.0},{"country":"US","region":"NY","jurisType":"County","jurisCode":"117","jurisName":"WAYNE","taxAuthorityType":45,"stateAssignedNo":"WA 5421","taxType":"Sales","taxSubType":"S","taxName":"NY COUNTY TAX","rateType":"General","taxable":138.6,"rate":0.040000,"tax":5.54,"taxCalculated":5.54,"nonTaxable":0.0,"exemption":0.0}]}

03-11-2021 @ 09:26:06 - Request
Request
method: GET
uri: https://rest.avatax.com/api/v2/taxrates/byaddress?line1=&line2=&city=Clyde&region=NY&country=US&postalCode=14433
user-agent: WooCommerce-AvaTax/1.11.2 (WooCommerce/5.0.0; WordPress/5.6.2)
headers: Array
(
    [content-type] => application/json
    [accept] => application/json
    [Authorization] => ******************************************
    [X-Avalara-Client] => WCSkyVerge RESTv2;REST;REST;v2;AlconoxInc
    [X-Avalara-UID] => a0o33000004goTr
)
body:
duration: 0.33702s

03-11-2021 @ 09:26:06 - Response
Response
code: 200
message: OK
headers: Array
(
    [date] => Thu, 11 Mar 2021 14:26:06 GMT
    [content-type] => application/json; charset=utf-8
    [content-length] => 144
    [x-content-type-options] => nosniff
    [serverduration] => 00:00:00.0010565
    [databasecalls] => 0
    [databaseduration] => 00:00:00
    [serviceduration] => 00:00:00
)
body: {"totalRate":0.080000,"rates":[{"rate":0.040000,"name":"NY STATE TAX","type":"State"},{"rate":0.040000,"name":"NY COUNTY TAX","type":"County"}]}

03-11-2021 @ 09:26:06 - Request
Request
method: POST
uri: https://rest.avatax.com/api/v2/transactions/create
user-agent: WooCommerce-AvaTax/1.11.2 (WooCommerce/5.0.0; WordPress/5.6.2)
headers: Array
(
    [content-type] => application/json
    [accept] => application/json
    [Authorization] => ******************************************
    [X-Avalara-Client] => WCSkyVerge RESTv2;REST;REST;v2;AlconoxInc
    [X-Avalara-UID] => a0o33000004goTr
)
body: {"code":"","companyCode":"ALC","customerCode":"dawn.oconnor@thomaselectronics.com","currencyCode":"USD","date":"2021-03-11","lines":[{"number":"2ba399f928d3a7a608a2ad8af4dcb1e9","itemCode":"1701-1","taxCode":"P0000000","description":"Detergent 8","quantity":1,"amount":138.59999999999999},{"number":"shipping_1","itemCode":"use-my-shipping-account","taxCode":"FR","description":"Use My Shipping Account","quantity":1}],"addresses":{"shipFrom":{"line1":"30 GLENN ST","line2":"","city":"WHITE PLAINS","region":"NY","country":"US","postalCode":"10603-3254"},"shipTo":{"line1":"208 Davis Parkway","line2":"","city":"Clyde","region":"NY","country":"US","postalCode":"14433"}},"type":"SalesOrder","commit":false}
duration: 0.33267s

03-11-2021 @ 09:26:06 - Response
Response
code: 201
message: Created
headers: Array
(
    [date] => Thu, 11 Mar 2021 14:26:06 GMT
    [content-type] => application/json; charset=utf-8
    [server] => Kestrel
    [content-encoding] => br
    [location] => /api/v2/companies/207925/transactions/0
    [vary] => Accept-Encoding
    [serverduration] => 00:00:00.0430699
)
body: {"id":0,"code":"04aacffc-110e-4895-b44e-5e5017649fcd","companyId":207925,"date":"2021-03-11","paymentDate":"2021-03-11","status":"Temporary","type":"SalesOrder","batchCode":"","currencyCode":"USD","exchangeRateCurrencyCode":"USD","customerUsageType":"","entityUseCode":"","customerVendorCode":"dawn.oconnor@thomaselectronics.com","customerCode":"dawn.oconnor@thomaselectronics.com","exemptNo":"","reconciled":false,"locationCode":"","reportingLocationCode":"","purchaseOrderNo":"","referenceCode":"","salespersonCode":"","totalAmount":138.6,"totalExempt":0.0,"totalDiscount":0.0,"totalTax":11.08,"totalTaxable":138.6,"totalTaxCalculated":11.08,"adjustmentReason":"NotAdjusted","locked":false,"version":1,"exchangeRateEffectiveDate":"2021-03-11","exchangeRate":1.0,"modifiedDate":"2021-03-11T14:26:06.508362Z","modifiedUserId":231879,"taxDate":"2021-03-11T00:00:00Z","lines":[{"id":0,"transactionId":0,"lineNumber":"2ba399f928d3a7a608a2ad8af4dcb1e9","customerUsageType":"","entityUseCode":"","description":"Detergent 8","discountAmount":0.0,"exemptAmount":0.0,"exemptCertId":0,"exemptNo":"","isItemTaxable":true,"itemCode":"1701-1","lineAmount":138.59999999999999,"quantity":1.0,"ref1":"","ref2":"","reportingDate":"2021-03-11","tax":11.08,"taxableAmount":138.6,"taxCalculated":11.08,"taxCode":"P0000000","taxCodeId":4316,"taxDate":"2021-03-11","taxIncluded":false,"details":[{"id":0,"transactionLineId":0,"transactionId":0,"country":"US","region":"NY","exemptAmount":0.0,"jurisCode":"36","jurisName":"NEW YORK","stateAssignedNo":"","jurisType":"STA","jurisdictionType":"State","nonTaxableAmount":0.0,"rate":0.040000,"tax":5.54,"taxableAmount":138.6,"taxType":"Sales","taxSubTypeId":"S","taxName":"NY STATE TAX","taxAuthorityTypeId":45,"taxCalculated":5.54,"rateType":"General","rateTypeCode":"G","unitOfBasis":"PerCurrencyUnit","isNonPassThru":false,"isFee":false,"reportingTaxableUnits":138.6,"reportingNonTaxableUnits":0.0,"reportingExemptUnits":0.0,"reportingTax":5.54,"reportingTaxCalculated":5.54,"liabilityType":"Seller"},{"id":0,"transactionLineId":0,"transactionId":0,"country":"US","region":"NY","exemptAmount":0.0,"jurisCode":"117","jurisName":"WAYNE","stateAssignedNo":"WA 5421","jurisType":"CTY","jurisdictionType":"County","nonTaxableAmount":0.0,"rate":0.040000,"tax":5.54,"taxableAmount":138.6,"taxType":"Sales","taxSubTypeId":"S","taxName":"NY COUNTY TAX","taxAuthorityTypeId":45,"taxCalculated":5.54,"rateType":"General","rateTypeCode":"G","unitOfBasis":"PerCurrencyUnit","isNonPassThru":false,"isFee":false,"reportingTaxableUnits":138.6,"reportingNonTaxableUnits":0.0,"reportingExemptUnits":0.0,"reportingTax":5.54,"reportingTaxCalculated":5.54,"liabilityType":"Seller"}],"nonPassthroughDetails":[],"hsCode":"","costInsuranceFreight":0.0,"vatCode":"","vatNumberTypeId":0},{"id":0,"transactionId":0,"lineNumber":"shipping_1","customerUsageType":"","entityUseCode":"","description":"Use My Shipping Account","discountAmount":0.0,"exemptAmount":0.0,"exemptCertId":0,"exemptNo":"","isItemTaxable":false,"itemCode":"use-my-shipping-account","lineAmount":0.0,"quantity":1.0,"ref1":"","ref2":"","reportingDate":"2021-03-11","tax":0.0,"taxableAmount":0.0,"taxCalculated":0.0,"taxCode":"FR","taxCodeId":7119,"taxDate":"2021-03-11","taxIncluded":false,"details":[{"id":0,"transactionLineId":0,"transactionId":0,"country":"US","region":"NY","exemptAmount":0.0,"jurisCode":"36","jurisName":"NEW YORK","stateAssignedNo":"","jurisType":"STA","jurisdictionType":"State","nonTaxableAmount":0.0,"rate":0.040000,"tax":0.0,"taxableAmount":0.0,"taxType":"Sales","taxSubTypeId":"S","taxName":"NY STATE TAX","taxAuthorityTypeId":45,"taxCalculated":0.0,"rateType":"General","rateTypeCode":"G","unitOfBasis":"PerCurrencyUnit","isNonPassThru":false,"isFee":false,"reportingTaxableUnits":0.0,"reportingNonTaxableUnits":0.0,"reportingExemptUnits":0.0,"reportingTax":0.0,"reportingTaxCalculated":0.0,"liabilityType":"Seller"},{"id":0,"transactionLineId":0,"transactionId":0,"country":"US","region":"NY","exemptAmount":0.0,"jurisCode":"117","jurisName":"WAYNE","stateAssignedNo":"WA 5421","jurisType":"CTY","jurisdictionType":"County","nonTaxableAmount":0.0,"rate":0.040000,"tax":0.0,"taxableAmount":0.0,"taxType":"Sales","taxSubTypeId":"S","taxName":"NY COUNTY TAX","taxAuthorityTypeId":45,"taxCalculated":0.0,"rateType":"General","rateTypeCode":"G","unitOfBasis":"PerCurrencyUnit","isNonPassThru":false,"isFee":false,"reportingTaxableUnits":0.0,"reportingNonTaxableUnits":0.0,"reportingExemptUnits":0.0,"reportingTax":0.0,"reportingTaxCalculated":0.0,"liabilityType":"Seller"}],"nonPassthroughDetails":[],"hsCode":"","costInsuranceFreight":0.0,"vatCode":"","vatNumberTypeId":0}],"addresses":[{"id":0,"transactionId":0,"boundaryLevel":"Address","line1":"208 Davis Parkway","line2":"","line3":"","city":"Clyde","region":"NY","postalCode":"14433","country":"US","taxRegionId":4004542,"latitude":"43.079975","longitude":"-76.860678"},{"id":0,"transactionId":0,"boundaryLevel":"Address","line1":"30 GLENN ST","line2":"","line3":"","city":"WHITE PLAINS","region":"NY","postalCode":"10603-3254","country":"US","taxRegionId":2090237,"latitude":"41.050608","longitude":"-73.771383"}],"summary":[{"country":"US","region":"NY","jurisType":"State","jurisCode":"36","jurisName":"NEW YORK","taxAuthorityType":45,"stateAssignedNo":"","taxType":"Sales","taxSubType":"S","taxName":"NY STATE TAX","rateType":"General","taxable":138.6,"rate":0.040000,"tax":5.54,"taxCalculated":5.54,"nonTaxable":0.0,"exemption":0.0},{"country":"US","region":"NY","jurisType":"County","jurisCode":"117","jurisName":"WAYNE","taxAuthorityType":45,"stateAssignedNo":"WA 5421","taxType":"Sales","taxSubType":"S","taxName":"NY COUNTY TAX","rateType":"General","taxable":138.6,"rate":0.040000,"tax":5.54,"taxCalculated":5.54,"nonTaxable":0.0,"exemption":0.0}]}

03-11-2021 @ 09:26:12 - Request
Request
method: POST
uri: https://rest.avatax.com/api/v2/transactions/create
user-agent: WooCommerce-AvaTax/1.11.2 (WooCommerce/5.0.0; WordPress/5.6.2)
headers: Array
(
    [content-type] => application/json
    [accept] => application/json
    [Authorization] => ******************************************
    [X-Avalara-Client] => WCSkyVerge RESTv2;REST;REST;v2;AlconoxInc
    [X-Avalara-UID] => a0o33000004goTr
)
body: {"code":"wc_order_aIPwJHNn4GbFs","companyCode":"ALC","customerCode":"dawn.oconnor@thomaselectronics.com","currencyCode":"USD","date":"2021-03-11","lines":[{"number":23379,"itemCode":"1701-1","taxCode":"P0000000","description":"Detergent 8","quantity":1,"amount":138.59999999999999},{"number":"shipping_23380","itemCode":"use-my-shipping-account","taxCode":"FR","description":"Use My Shipping Account","quantity":1}],"addresses":{"shipFrom":{"line1":"30 GLENN ST","line2":"","city":"WHITE PLAINS","region":"NY","country":"US","postalCode":"10603-3254"},"shipTo":{"line1":"208 Davis Parkway","line2":"","city":"Clyde","region":"NY","country":"US","postalCode":"14433"}},"type":"SalesInvoice","purchaseOrderNo":"21225","commit":true}
duration: 0.36637s

03-11-2021 @ 09:26:12 - Response
Response
code: 201
message: Created
headers: Array
(
    [date] => Thu, 11 Mar 2021 14:26:12 GMT
    [content-type] => application/json; charset=utf-8
    [server] => Kestrel
    [content-encoding] => br
    [location] => /api/v2/companies/207925/transactions/5000914521736
    [vary] => Accept-Encoding
    [serverduration] => 00:00:00.0615840
)
body: {"id":5000914521736,"code":"wc_order_aIPwJHNn4GbFs","companyId":207925,"date":"2021-03-11","status":"Committed","type":"SalesInvoice","batchCode":"","currencyCode":"USD","exchangeRateCurrencyCode":"USD","customerUsageType":"","entityUseCode":"","customerVendorCode":"dawn.oconnor@thomaselectronics.com","customerCode":"dawn.oconnor@thomaselectronics.com","exemptNo":"","reconciled":false,"locationCode":"","reportingLocationCode":"","purchaseOrderNo":"21225","referenceCode":"","salespersonCode":"","taxOverrideType":"None","taxOverrideAmount":0.0,"taxOverrideReason":"","totalAmount":138.6,"totalExempt":0.0,"totalDiscount":0.0,"totalTax":11.08,"totalTaxable":138.6,"totalTaxCalculated":11.08,"adjustmentReason":"NotAdjusted","adjustmentDescription":"","locked":false,"region":"NY","country":"US","version":1,"softwareVersion":"21.3.1.0","originAddressId":4002569397414,"destinationAddressId":2002569397414,"exchangeRateEffectiveDate":"2021-03-11","exchangeRate":1.0,"description":"","email":"","businessIdentificationNo":"","modifiedDate":"2021-03-11T14:26:12.4845898Z","modifiedUserId":231879,"taxDate":"2021-03-11T00:00:00Z","lines":[{"id":3004313111671,"transactionId":5000914521736,"lineNumber":"23379","boundaryOverrideId":0,"customerUsageType":"","entityUseCode":"","description":"Detergent 8","destinationAddressId":2002569397414,"originAddressId":4002569397414,"discountAmount":0.0,"discountTypeId":0,"exemptAmount":0.0,"exemptCertId":0,"exemptNo":"","isItemTaxable":true,"isSSTP":false,"itemCode":"1701-1","lineAmount":138.6,"quantity":1.0,"ref1":"","ref2":"","reportingDate":"2021-03-11","revAccount":"","sourcing":"Destination","tax":11.0800,"taxableAmount":138.6,"taxCalculated":11.0800,"taxCode":"P0000000","taxCodeId":4316,"taxDate":"2021-03-11","taxEngine":"","taxOverrideType":"None","businessIdentificationNo":"","taxOverrideAmount":0.0,"taxOverrideReason":"","taxIncluded":false,"details":[{"id":9003109297278,"transactionLineId":3004313111671,"transactionId":5000914521736,"addressId":2002569397414,"country":"US","region":"NY","countyFIPS":"","stateFIPS":"","exemptAmount":0.0000,"exemptReasonId":4,"inState":true,"jurisCode":"36","jurisName":"NEW YORK","jurisdictionId":42,"signatureCode":"BFEQ","stateAssignedNo":"","jurisType":"STA","jurisdictionType":"State","nonTaxableAmount":0.0000,"nonTaxableRuleId":0,"nonTaxableType":"RateRule","rate":0.040000,"rateRuleId":1437946,"rateSourceId":3,"serCode":"","sourcing":"Destination","tax":5.5400,"taxableAmount":138.6000,"taxType":"Sales","taxSubTypeId":"S","taxTypeGroupId":"SalesAndUse","taxName":"NY STATE TAX","taxAuthorityTypeId":45,"taxRegionId":4004542,"taxCalculated":5.5400,"taxOverride":0.0000,"rateType":"General","rateTypeCode":"G","taxableUnits":138.6000,"nonTaxableUnits":0.0000,"exemptUnits":0.0000,"unitOfBasis":"PerCurrencyUnit","isNonPassThru":false,"isFee":false,"reportingTaxableUnits":138.6,"reportingNonTaxableUnits":0.0,"reportingExemptUnits":0.0,"reportingTax":5.54,"reportingTaxCalculated":5.54,"liabilityType":"Seller"},{"id":10003109297278,"transactionLineId":3004313111671,"transactionId":5000914521736,"addressId":2002569397414,"country":"US","region":"NY","countyFIPS":"","stateFIPS":"","exemptAmount":0.0000,"exemptReasonId":4,"inState":true,"jurisCode":"117","jurisName":"WAYNE","jurisdictionId":1903,"signatureCode":"BHPB","stateAssignedNo":"WA 5421","jurisType":"CTY","jurisdictionType":"County","nonTaxableAmount":0.0000,"nonTaxableRuleId":0,"nonTaxableType":"RateRule","rate":0.040000,"rateRuleId":1437942,"rateSourceId":3,"serCode":"","sourcing":"Destination","tax":5.5400,"taxableAmount":138.6000,"taxType":"Sales","taxSubTypeId":"S","taxTypeGroupId":"SalesAndUse","taxName":"NY COUNTY TAX","taxAuthorityTypeId":45,"taxRegionId":4004542,"taxCalculated":5.5400,"taxOverride":0.0000,"rateType":"General","rateTypeCode":"G","taxableUnits":138.6000,"nonTaxableUnits":0.0000,"exemptUnits":0.0000,"unitOfBasis":"PerCurrencyUnit","isNonPassThru":false,"isFee":false,"reportingTaxableUnits":138.6,"reportingNonTaxableUnits":0.0,"reportingExemptUnits":0.0,"reportingTax":5.54,"reportingTaxCalculated":5.54,"liabilityType":"Seller"}],"nonPassthroughDetails":[],"lineLocationTypes":[{"documentLineLocationTypeId":9002939544356,"documentLineId":3004313111671,"documentAddressId":4002569397414,"locationTypeCode":"ShipFrom"},{"documentLineLocationTypeId":10002939544356,"documentLineId":3004313111671,"documentAddressId":2002569397414,"locationTypeCode":"ShipTo"}],"hsCode":"","costInsuranceFreight":0.0,"vatCode":"","vatNumberTypeId":0},{"id":4004313111675,"transactionId":5000914521736,"lineNumber":"shipping_23380","boundaryOverrideId":0,"customerUsageType":"","entityUseCode":"","description":"Use My Shipping Account","destinationAddressId":2002569397414,"originAddressId":4002569397414,"discountAmount":0.0,"discountTypeId":0,"exemptAmount":0.0,"exemptCertId":0,"exemptNo":"","isItemTaxable":false,"isSSTP":false,"itemCode":"use-my-shipping-account","lineAmount":0.0,"quantity":1.0,"ref1":"","ref2":"","reportingDate":"2021-03-11","revAccount":"","sourcing":"Destination","tax":0.0000,"taxableAmount":0.0,"taxCalculated":0.0000,"taxCode":"FR","taxCodeId":7119,"taxDate":"2021-03-11","taxEngine":"","taxOverrideType":"None","businessIdentificationNo":"","taxOverrideAmount":0.0,"taxOverrideReason":"","taxIncluded":false,"details":[{"id":1004186532654,"transactionLineId":4004313111675,"transactionId":5000914521736,"addressId":2002569397414,"country":"US","region":"NY","countyFIPS":"","stateFIPS":"","exemptAmount":0.0000,"exemptReasonId":4,"inState":true,"jurisCode":"36","jurisName":"NEW YORK","jurisdictionId":42,"signatureCode":"BFEQ","stateAssignedNo":"","jurisType":"STA","jurisdictionType":"State","nonTaxableAmount":0.0000,"nonTaxableRuleId":0,"nonTaxableType":"RateRule","rate":0.040000,"rateRuleId":1437946,"rateSourceId":3,"serCode":"","sourcing":"Destination","tax":0.0000,"taxableAmount":0.0000,"taxType":"Sales","taxSubTypeId":"S","taxTypeGroupId":"SalesAndUse","taxName":"NY STATE TAX","taxAuthorityTypeId":45,"taxRegionId":4004542,"taxCalculated":0.0000,"taxOverride":0.0000,"rateType":"General","rateTypeCode":"G","taxableUnits":0.0000,"nonTaxableUnits":0.0000,"exemptUnits":0.0000,"unitOfBasis":"PerCurrencyUnit","isNonPassThru":false,"isFee":false,"reportingTaxableUnits":0.0,"reportingNonTaxableUnits":0.0,"reportingExemptUnits":0.0,"reportingTax":0.0,"reportingTaxCalculated":0.0,"liabilityType":"Seller"},{"id":2004186532654,"transactionLineId":4004313111675,"transactionId":5000914521736,"addressId":2002569397414,"country":"US","region":"NY","countyFIPS":"","stateFIPS":"","exemptAmount":0.0000,"exemptReasonId":4,"inState":true,"jurisCode":"117","jurisName":"WAYNE","jurisdictionId":1903,"signatureCode":"BHPB","stateAssignedNo":"WA 5421","jurisType":"CTY","jurisdictionType":"County","nonTaxableAmount":0.0000,"nonTaxableRuleId":0,"nonTaxableType":"RateRule","rate":0.040000,"rateRuleId":1437942,"rateSourceId":3,"serCode":"","sourcing":"Destination","tax":0.0000,"taxableAmount":0.0000,"taxType":"Sales","taxSubTypeId":"S","taxTypeGroupId":"SalesAndUse","taxName":"NY COUNTY TAX","taxAuthorityTypeId":45,"taxRegionId":4004542,"taxCalculated":0.0000,"taxOverride":0.0000,"rateType":"General","rateTypeCode":"G","taxableUnits":0.0000,"nonTaxableUnits":0.0000,"exemptUnits":0.0000,"unitOfBasis":"PerCurrencyUnit","isNonPassThru":false,"isFee":false,"reportingTaxableUnits":0.0,"reportingNonTaxableUnits":0.0,"reportingExemptUnits":0.0,"reportingTax":0.0,"reportingTaxCalculated":0.0,"liabilityType":"Seller"}],"nonPassthroughDetails":[],"lineLocationTypes":[{"documentLineLocationTypeId":2005638312617,"documentLineId":4004313111675,"documentAddressId":4002569397414,"locationTypeCode":"ShipFrom"},{"documentLineLocationTypeId":3005638312619,"documentLineId":4004313111675,"documentAddressId":2002569397414,"locationTypeCode":"ShipTo"}],"hsCode":"","costInsuranceFreight":0.0,"vatCode":"","vatNumberTypeId":0}],"addresses":[{"id":2002569397414,"transactionId":5000914521736,"boundaryLevel":"Address","line1":"208 DAVIS PKWY","line2":"","line3":"","city":"CLYDE","region":"NY","postalCode":"14433-9550","country":"US","taxRegionId":4004542,"latitude":"43.079975","longitude":"-76.860678"},{"id":4002569397414,"transactionId":5000914521736,"boundaryLevel":"Address","line1":"30 GLENN ST","line2":"","line3":"","city":"WHITE PLAINS","region":"NY","postalCode":"10603-3254","country":"US","taxRegionId":2090237,"latitude":"41.050608","longitude":"-73.771383"}],"locationTypes":[{"documentLocationTypeId":1002262564100,"documentId":5000914521736,"documentAddressId":4002569397414,"locationTypeCode":"ShipFrom"},{"documentLocationTypeId":2002262564100,"documentId":5000914521736,"documentAddressId":2002569397414,"locationTypeCode":"ShipTo"}],"summary":[{"country":"US","region":"NY","jurisType":"State","jurisCode":"36","jurisName":"NEW YORK","taxAuthorityType":45,"stateAssignedNo":"","taxType":"Sales","taxSubType":"S","taxName":"NY STATE TAX","rateType":"General","taxable":138.60,"rate":0.040000,"tax":5.54,"taxCalculated":5.54,"nonTaxable":0.00,"exemption":0.00},{"country":"US","region":"NY","jurisType":"County","jurisCode":"117","jurisName":"WAYNE","taxAuthorityType":45,"stateAssignedNo":"WA 5421","taxType":"Sales","taxSubType":"S","taxName":"NY COUNTY TAX","rateType":"General","taxable":138.60,"rate":0.040000,"tax":5.54,"taxCalculated":5.54,"nonTaxable":0.00,"exemption":0.00}]}

03-11-2021 @ 14:27:51 - Request
Request
method: GET
uri: https://rest.avatax.com/api/v2/definitions/entityusecodes
user-agent: WooCommerce-AvaTax/1.11.2 (WooCommerce/5.0.0; WordPress/5.6.2)
headers: Array
(
    [content-type] => application/json
    [accept] => application/json
    [Authorization] => ******************************************
    [X-Avalara-Client] => WCSkyVerge RESTv2;REST;REST;v2;AlconoxInc
    [X-Avalara-UID] => a0o33000004goTr
)
body:
duration: 0.34608s

03-11-2021 @ 14:27:51 - Response
Response
code: 200
message: OK
headers: Array
(
    [date] => Thu, 11 Mar 2021 19:27:51 GMT
    [content-type] => application/json; charset=utf-8
    [content-length] => 1454
    [x-content-type-options] => nosniff
    [serverduration] => 00:00:00.0001521
    [databasecalls] => 0
    [databaseduration] => 00:00:00
    [serviceduration] => 00:00:00
)
body: {"@recordsetCount":18,"value":[{"code":"A","name":"FEDERAL GOV","description":"","validCountries":["US"]},{"code":"B","name":"STATE GOV","description":"","validCountries":["US"]},{"code":"C","name":"TRIBAL GOVERNMENT","description":"","validCountries":["*"]},{"code":"D","name":"FOREIGN DIPLOMAT","description":"","validCountries":["*"]},{"code":"E","name":"CHARITABLE/EXEMPT ORG","description":"","validCountries":["*"]},{"code":"F","name":"RELIGIOUS ORG","description":"","validCountries":["*"]},{"code":"G","name":"RESALE","description":"","validCountries":["*"]},{"code":"H","name":"AGRICULTURE","description":"","validCountries":["*"]},{"code":"I","name":"INDUSTRIAL PROD/MANUFACTURERS","description":"","validCountries":["*"]},{"code":"J","name":"DIRECT PAY","description":"","validCountries":["*"]},{"code":"K","name":"DIRECT MAIL","description":"","validCountries":["*"]},{"code":"L","name":"OTHER/CUSTOM","description":"","validCountries":["*"]},{"code":"M","name":"EDUCATIONAL ORG","description":"","validCountries":["*"]},{"code":"N","name":"LOCAL GOVERNMENT","description":"","validCountries":["US"]},{"code":"P","name":"COMMERCIAL AQUACULTURE","description":"","validCountries":["CA"]},{"code":"Q","name":"COMMERCIAL FISHERY","description":"","validCountries":["CA"]},{"code":"R","name":"NON-RESIDENT","description":"","validCountries":["CA"]},{"code":"TAXABLE","name":"NON-EXEMPT TAXABLE CUSTOMER","description":"","validCountries":["*"]}]}

03-11-2021 @ 14:28:36 - Request
Request
method: GET
uri: https://rest.avatax.com/api/v2/definitions/entityusecodes
user-agent: WooCommerce-AvaTax/1.11.2 (WooCommerce/5.0.0; WordPress/5.6.2)
headers: Array
(
    [content-type] => application/json
    [accept] => application/json
    [Authorization] => ******************************************
    [X-Avalara-Client] => WCSkyVerge RESTv2;REST;REST;v2;AlconoxInc
    [X-Avalara-UID] => a0o33000004goTr
)
body:
duration: 0.28993s

03-11-2021 @ 14:28:36 - Response
Response
code: 200
message: OK
headers: Array
(
    [date] => Thu, 11 Mar 2021 19:28:36 GMT
    [content-type] => application/json; charset=utf-8
    [content-length] => 1454
    [x-content-type-options] => nosniff
    [serverduration] => 00:00:00.0001793
    [databasecalls] => 0
    [databaseduration] => 00:00:00
    [serviceduration] => 00:00:00
)
body: {"@recordsetCount":18,"value":[{"code":"A","name":"FEDERAL GOV","description":"","validCountries":["US"]},{"code":"B","name":"STATE GOV","description":"","validCountries":["US"]},{"code":"C","name":"TRIBAL GOVERNMENT","description":"","validCountries":["*"]},{"code":"D","name":"FOREIGN DIPLOMAT","description":"","validCountries":["*"]},{"code":"E","name":"CHARITABLE/EXEMPT ORG","description":"","validCountries":["*"]},{"code":"F","name":"RELIGIOUS ORG","description":"","validCountries":["*"]},{"code":"G","name":"RESALE","description":"","validCountries":["*"]},{"code":"H","name":"AGRICULTURE","description":"","validCountries":["*"]},{"code":"I","name":"INDUSTRIAL PROD/MANUFACTURERS","description":"","validCountries":["*"]},{"code":"J","name":"DIRECT PAY","description":"","validCountries":["*"]},{"code":"K","name":"DIRECT MAIL","description":"","validCountries":["*"]},{"code":"L","name":"OTHER/CUSTOM","description":"","validCountries":["*"]},{"code":"M","name":"EDUCATIONAL ORG","description":"","validCountries":["*"]},{"code":"N","name":"LOCAL GOVERNMENT","description":"","validCountries":["US"]},{"code":"P","name":"COMMERCIAL AQUACULTURE","description":"","validCountries":["CA"]},{"code":"Q","name":"COMMERCIAL FISHERY","description":"","validCountries":["CA"]},{"code":"R","name":"NON-RESIDENT","description":"","validCountries":["CA"]},{"code":"TAXABLE","name":"NON-EXEMPT TAXABLE CUSTOMER","description":"","validCountries":["*"]}]}

03-11-2021 @ 14:50:22 - Request
Request
method: GET
uri: https://rest.avatax.com/api/v2/definitions/entityusecodes
user-agent: WooCommerce-AvaTax/1.11.2 (WooCommerce/5.0.0; WordPress/5.6.2)
headers: Array
(
    [content-type] => application/json
    [accept] => application/json
    [Authorization] => ******************************************
    [X-Avalara-Client] => WCSkyVerge RESTv2;REST;REST;v2;AlconoxInc
    [X-Avalara-UID] => a0o33000004goTr
)
body:
duration: 0.39612s

03-11-2021 @ 14:50:22 - Response
Response
code: 200
message: OK
headers: Array
(
    [date] => Thu, 11 Mar 2021 19:50:22 GMT
    [content-type] => application/json; charset=utf-8
    [content-length] => 1454
    [x-content-type-options] => nosniff
    [serverduration] => 00:00:00.0001697
    [databasecalls] => 0
    [databaseduration] => 00:00:00
    [serviceduration] => 00:00:00
)
body: {"@recordsetCount":18,"value":[{"code":"A","name":"FEDERAL GOV","description":"","validCountries":["US"]},{"code":"B","name":"STATE GOV","description":"","validCountries":["US"]},{"code":"C","name":"TRIBAL GOVERNMENT","description":"","validCountries":["*"]},{"code":"D","name":"FOREIGN DIPLOMAT","description":"","validCountries":["*"]},{"code":"E","name":"CHARITABLE/EXEMPT ORG","description":"","validCountries":["*"]},{"code":"F","name":"RELIGIOUS ORG","description":"","validCountries":["*"]},{"code":"G","name":"RESALE","description":"","validCountries":["*"]},{"code":"H","name":"AGRICULTURE","description":"","validCountries":["*"]},{"code":"I","name":"INDUSTRIAL PROD/MANUFACTURERS","description":"","validCountries":["*"]},{"code":"J","name":"DIRECT PAY","description":"","validCountries":["*"]},{"code":"K","name":"DIRECT MAIL","description":"","validCountries":["*"]},{"code":"L","name":"OTHER/CUSTOM","description":"","validCountries":["*"]},{"code":"M","name":"EDUCATIONAL ORG","description":"","validCountries":["*"]},{"code":"N","name":"LOCAL GOVERNMENT","description":"","validCountries":["US"]},{"code":"P","name":"COMMERCIAL AQUACULTURE","description":"","validCountries":["CA"]},{"code":"Q","name":"COMMERCIAL FISHERY","description":"","validCountries":["CA"]},{"code":"R","name":"NON-RESIDENT","description":"","validCountries":["CA"]},{"code":"TAXABLE","name":"NON-EXEMPT TAXABLE CUSTOMER","description":"","validCountries":["*"]}]}

03-11-2021 @ 15:39:44 - Request
Request
method: GET
uri: https://rest.avatax.com/api/v2/definitions/entityusecodes
user-agent: WooCommerce-AvaTax/1.11.2 (WooCommerce/5.0.0; WordPress/5.6.2)
headers: Array
(
    [content-type] => application/json
    [accept] => application/json
    [Authorization] => ******************************************
    [X-Avalara-Client] => WCSkyVerge RESTv2;REST;REST;v2;AlconoxInc
    [X-Avalara-UID] => a0o33000004goTr
)
body:
duration: 0.31751s

03-11-2021 @ 15:39:44 - Response
Response
code: 200
message: OK
headers: Array
(
    [date] => Thu, 11 Mar 2021 20:39:44 GMT
    [content-type] => application/json; charset=utf-8
    [content-length] => 1454
    [x-content-type-options] => nosniff
    [serverduration] => 00:00:00.0001823
    [databasecalls] => 0
    [databaseduration] => 00:00:00
    [serviceduration] => 00:00:00
)
body: {"@recordsetCount":18,"value":[{"code":"A","name":"FEDERAL GOV","description":"","validCountries":["US"]},{"code":"B","name":"STATE GOV","description":"","validCountries":["US"]},{"code":"C","name":"TRIBAL GOVERNMENT","description":"","validCountries":["*"]},{"code":"D","name":"FOREIGN DIPLOMAT","description":"","validCountries":["*"]},{"code":"E","name":"CHARITABLE/EXEMPT ORG","description":"","validCountries":["*"]},{"code":"F","name":"RELIGIOUS ORG","description":"","validCountries":["*"]},{"code":"G","name":"RESALE","description":"","validCountries":["*"]},{"code":"H","name":"AGRICULTURE","description":"","validCountries":["*"]},{"code":"I","name":"INDUSTRIAL PROD/MANUFACTURERS","description":"","validCountries":["*"]},{"code":"J","name":"DIRECT PAY","description":"","validCountries":["*"]},{"code":"K","name":"DIRECT MAIL","description":"","validCountries":["*"]},{"code":"L","name":"OTHER/CUSTOM","description":"","validCountries":["*"]},{"code":"M","name":"EDUCATIONAL ORG","description":"","validCountries":["*"]},{"code":"N","name":"LOCAL GOVERNMENT","description":"","validCountries":["US"]},{"code":"P","name":"COMMERCIAL AQUACULTURE","description":"","validCountries":["CA"]},{"code":"Q","name":"COMMERCIAL FISHERY","description":"","validCountries":["CA"]},{"code":"R","name":"NON-RESIDENT","description":"","validCountries":["CA"]},{"code":"TAXABLE","name":"NON-EXEMPT TAXABLE CUSTOMER","description":"","validCountries":["*"]}]}

03-11-2021 @ 15:39:59 - Request
Request
method: GET
uri: https://rest.avatax.com/api/v2/definitions/entityusecodes
user-agent: WooCommerce-AvaTax/1.11.2 (WooCommerce/5.0.0; WordPress/5.6.2)
headers: Array
(
    [content-type] => application/json
    [accept] => application/json
    [Authorization] => ******************************************
    [X-Avalara-Client] => WCSkyVerge RESTv2;REST;REST;v2;AlconoxInc
    [X-Avalara-UID] => a0o33000004goTr
)
body:
duration: 0.30408s

03-11-2021 @ 15:39:59 - Response
Response
code: 200
message: OK
headers: Array
(
    [date] => Thu, 11 Mar 2021 20:39:59 GMT
    [content-type] => application/json; charset=utf-8
    [content-length] => 1454
    [x-content-type-options] => nosniff
    [serverduration] => 00:00:00.0001692
    [databasecalls] => 0
    [databaseduration] => 00:00:00
    [serviceduration] => 00:00:00
)
body: {"@recordsetCount":18,"value":[{"code":"A","name":"FEDERAL GOV","description":"","validCountries":["US"]},{"code":"B","name":"STATE GOV","description":"","validCountries":["US"]},{"code":"C","name":"TRIBAL GOVERNMENT","description":"","validCountries":["*"]},{"code":"D","name":"FOREIGN DIPLOMAT","description":"","validCountries":["*"]},{"code":"E","name":"CHARITABLE/EXEMPT ORG","description":"","validCountries":["*"]},{"code":"F","name":"RELIGIOUS ORG","description":"","validCountries":["*"]},{"code":"G","name":"RESALE","description":"","validCountries":["*"]},{"code":"H","name":"AGRICULTURE","description":"","validCountries":["*"]},{"code":"I","name":"INDUSTRIAL PROD/MANUFACTURERS","description":"","validCountries":["*"]},{"code":"J","name":"DIRECT PAY","description":"","validCountries":["*"]},{"code":"K","name":"DIRECT MAIL","description":"","validCountries":["*"]},{"code":"L","name":"OTHER/CUSTOM","description":"","validCountries":["*"]},{"code":"M","name":"EDUCATIONAL ORG","description":"","validCountries":["*"]},{"code":"N","name":"LOCAL GOVERNMENT","description":"","validCountries":["US"]},{"code":"P","name":"COMMERCIAL AQUACULTURE","description":"","validCountries":["CA"]},{"code":"Q","name":"COMMERCIAL FISHERY","description":"","validCountries":["CA"]},{"code":"R","name":"NON-RESIDENT","description":"","validCountries":["CA"]},{"code":"TAXABLE","name":"NON-EXEMPT TAXABLE CUSTOMER","description":"","validCountries":["*"]}]}

03-11-2021 @ 15:49:27 - Request
Request
method: GET
uri: https://rest.avatax.com/api/v2/definitions/entityusecodes
user-agent: WooCommerce-AvaTax/1.11.2 (WooCommerce/5.0.0; WordPress/5.6.2)
headers: Array
(
    [content-type] => application/json
    [accept] => application/json
    [Authorization] => ******************************************
    [X-Avalara-Client] => WCSkyVerge RESTv2;REST;REST;v2;AlconoxInc
    [X-Avalara-UID] => a0o33000004goTr
)
body:
duration: 0.29311s

03-11-2021 @ 15:49:27 - Response
Response
code: 200
message: OK
headers: Array
(
    [date] => Thu, 11 Mar 2021 20:49:27 GMT
    [content-type] => application/json; charset=utf-8
    [content-length] => 1454
    [x-content-type-options] => nosniff
    [serverduration] => 00:00:00.0001776
    [databasecalls] => 0
    [databaseduration] => 00:00:00
    [serviceduration] => 00:00:00
)
body: {"@recordsetCount":18,"value":[{"code":"A","name":"FEDERAL GOV","description":"","validCountries":["US"]},{"code":"B","name":"STATE GOV","description":"","validCountries":["US"]},{"code":"C","name":"TRIBAL GOVERNMENT","description":"","validCountries":["*"]},{"code":"D","name":"FOREIGN DIPLOMAT","description":"","validCountries":["*"]},{"code":"E","name":"CHARITABLE/EXEMPT ORG","description":"","validCountries":["*"]},{"code":"F","name":"RELIGIOUS ORG","description":"","validCountries":["*"]},{"code":"G","name":"RESALE","description":"","validCountries":["*"]},{"code":"H","name":"AGRICULTURE","description":"","validCountries":["*"]},{"code":"I","name":"INDUSTRIAL PROD/MANUFACTURERS","description":"","validCountries":["*"]},{"code":"J","name":"DIRECT PAY","description":"","validCountries":["*"]},{"code":"K","name":"DIRECT MAIL","description":"","validCountries":["*"]},{"code":"L","name":"OTHER/CUSTOM","description":"","validCountries":["*"]},{"code":"M","name":"EDUCATIONAL ORG","description":"","validCountries":["*"]},{"code":"N","name":"LOCAL GOVERNMENT","description":"","validCountries":["US"]},{"code":"P","name":"COMMERCIAL AQUACULTURE","description":"","validCountries":["CA"]},{"code":"Q","name":"COMMERCIAL FISHERY","description":"","validCountries":["CA"]},{"code":"R","name":"NON-RESIDENT","description":"","validCountries":["CA"]},{"code":"TAXABLE","name":"NON-EXEMPT TAXABLE CUSTOMER","description":"","validCountries":["*"]}]}

03-11-2021 @ 15:51:27 - Request
Request
method: GET
uri: https://rest.avatax.com/api/v2/definitions/entityusecodes
user-agent: WooCommerce-AvaTax/1.11.2 (WooCommerce/5.0.0; WordPress/5.6.2)
headers: Array
(
    [content-type] => application/json
    [accept] => application/json
    [Authorization] => ******************************************
    [X-Avalara-Client] => WCSkyVerge RESTv2;REST;REST;v2;AlconoxInc
    [X-Avalara-UID] => a0o33000004goTr
)
body:
duration: 0.33889s

03-11-2021 @ 15:51:27 - Response
Response
code: 200
message: OK
headers: Array
(
    [date] => Thu, 11 Mar 2021 20:51:27 GMT
    [content-type] => application/json; charset=utf-8
    [content-length] => 1454
    [x-content-type-options] => nosniff
    [serverduration] => 00:00:00.0001345
    [databasecalls] => 0
    [databaseduration] => 00:00:00
    [serviceduration] => 00:00:00
)
body: {"@recordsetCount":18,"value":[{"code":"A","name":"FEDERAL GOV","description":"","validCountries":["US"]},{"code":"B","name":"STATE GOV","description":"","validCountries":["US"]},{"code":"C","name":"TRIBAL GOVERNMENT","description":"","validCountries":["*"]},{"code":"D","name":"FOREIGN DIPLOMAT","description":"","validCountries":["*"]},{"code":"E","name":"CHARITABLE/EXEMPT ORG","description":"","validCountries":["*"]},{"code":"F","name":"RELIGIOUS ORG","description":"","validCountries":["*"]},{"code":"G","name":"RESALE","description":"","validCountries":["*"]},{"code":"H","name":"AGRICULTURE","description":"","validCountries":["*"]},{"code":"I","name":"INDUSTRIAL PROD/MANUFACTURERS","description":"","validCountries":["*"]},{"code":"J","name":"DIRECT PAY","description":"","validCountries":["*"]},{"code":"K","name":"DIRECT MAIL","description":"","validCountries":["*"]},{"code":"L","name":"OTHER/CUSTOM","description":"","validCountries":["*"]},{"code":"M","name":"EDUCATIONAL ORG","description":"","validCountries":["*"]},{"code":"N","name":"LOCAL GOVERNMENT","description":"","validCountries":["US"]},{"code":"P","name":"COMMERCIAL AQUACULTURE","description":"","validCountries":["CA"]},{"code":"Q","name":"COMMERCIAL FISHERY","description":"","validCountries":["CA"]},{"code":"R","name":"NON-RESIDENT","description":"","validCountries":["CA"]},{"code":"TAXABLE","name":"NON-EXEMPT TAXABLE CUSTOMER","description":"","validCountries":["*"]}]}

03-11-2021 @ 16:19:57 - Request
Request
method: GET
uri: https://rest.avatax.com/api/v2/definitions/entityusecodes
user-agent: WooCommerce-AvaTax/1.11.2 (WooCommerce/5.0.0; WordPress/5.6.2)
headers: Array
(
    [content-type] => application/json
    [accept] => application/json
    [Authorization] => ******************************************
    [X-Avalara-Client] => WCSkyVerge RESTv2;REST;REST;v2;AlconoxInc
    [X-Avalara-UID] => a0o33000004goTr
)
body:
duration: 0.32849s

03-11-2021 @ 16:19:57 - Response
Response
code: 200
message: OK
headers: Array
(
    [date] => Thu, 11 Mar 2021 21:19:57 GMT
    [content-type] => application/json; charset=utf-8
    [content-length] => 1454
    [x-content-type-options] => nosniff
    [serverduration] => 00:00:00.0001304
    [databasecalls] => 0
    [databaseduration] => 00:00:00
    [serviceduration] => 00:00:00
)
body: {"@recordsetCount":18,"value":[{"code":"A","name":"FEDERAL GOV","description":"","validCountries":["US"]},{"code":"B","name":"STATE GOV","description":"","validCountries":["US"]},{"code":"C","name":"TRIBAL GOVERNMENT","description":"","validCountries":["*"]},{"code":"D","name":"FOREIGN DIPLOMAT","description":"","validCountries":["*"]},{"code":"E","name":"CHARITABLE/EXEMPT ORG","description":"","validCountries":["*"]},{"code":"F","name":"RELIGIOUS ORG","description":"","validCountries":["*"]},{"code":"G","name":"RESALE","description":"","validCountries":["*"]},{"code":"H","name":"AGRICULTURE","description":"","validCountries":["*"]},{"code":"I","name":"INDUSTRIAL PROD/MANUFACTURERS","description":"","validCountries":["*"]},{"code":"J","name":"DIRECT PAY","description":"","validCountries":["*"]},{"code":"K","name":"DIRECT MAIL","description":"","validCountries":["*"]},{"code":"L","name":"OTHER/CUSTOM","description":"","validCountries":["*"]},{"code":"M","name":"EDUCATIONAL ORG","description":"","validCountries":["*"]},{"code":"N","name":"LOCAL GOVERNMENT","description":"","validCountries":["US"]},{"code":"P","name":"COMMERCIAL AQUACULTURE","description":"","validCountries":["CA"]},{"code":"Q","name":"COMMERCIAL FISHERY","description":"","validCountries":["CA"]},{"code":"R","name":"NON-RESIDENT","description":"","validCountries":["CA"]},{"code":"TAXABLE","name":"NON-EXEMPT TAXABLE CUSTOMER","description":"","validCountries":["*"]}]}

03-11-2021 @ 16:22:23 - Request
Request
method: GET
uri: https://rest.avatax.com/api/v2/definitions/entityusecodes
user-agent: WooCommerce-AvaTax/1.11.2 (WooCommerce/5.0.0; WordPress/5.6.2)
headers: Array
(
    [content-type] => application/json
    [accept] => application/json
    [Authorization] => ******************************************
    [X-Avalara-Client] => WCSkyVerge RESTv2;REST;REST;v2;AlconoxInc
    [X-Avalara-UID] => a0o33000004goTr
)
body:
duration: 0.31015s

03-11-2021 @ 16:22:23 - Response
Response
code: 200
message: OK
headers: Array
(
    [date] => Thu, 11 Mar 2021 21:22:23 GMT
    [content-type] => application/json; charset=utf-8
    [content-length] => 1454
    [x-content-type-options] => nosniff
    [serverduration] => 00:00:00.0001591
    [databasecalls] => 0
    [databaseduration] => 00:00:00
    [serviceduration] => 00:00:00
)
body: {"@recordsetCount":18,"value":[{"code":"A","name":"FEDERAL GOV","description":"","validCountries":["US"]},{"code":"B","name":"STATE GOV","description":"","validCountries":["US"]},{"code":"C","name":"TRIBAL GOVERNMENT","description":"","validCountries":["*"]},{"code":"D","name":"FOREIGN DIPLOMAT","description":"","validCountries":["*"]},{"code":"E","name":"CHARITABLE/EXEMPT ORG","description":"","validCountries":["*"]},{"code":"F","name":"RELIGIOUS ORG","description":"","validCountries":["*"]},{"code":"G","name":"RESALE","description":"","validCountries":["*"]},{"code":"H","name":"AGRICULTURE","description":"","validCountries":["*"]},{"code":"I","name":"INDUSTRIAL PROD/MANUFACTURERS","description":"","validCountries":["*"]},{"code":"J","name":"DIRECT PAY","description":"","validCountries":["*"]},{"code":"K","name":"DIRECT MAIL","description":"","validCountries":["*"]},{"code":"L","name":"OTHER/CUSTOM","description":"","validCountries":["*"]},{"code":"M","name":"EDUCATIONAL ORG","description":"","validCountries":["*"]},{"code":"N","name":"LOCAL GOVERNMENT","description":"","validCountries":["US"]},{"code":"P","name":"COMMERCIAL AQUACULTURE","description":"","validCountries":["CA"]},{"code":"Q","name":"COMMERCIAL FISHERY","description":"","validCountries":["CA"]},{"code":"R","name":"NON-RESIDENT","description":"","validCountries":["CA"]},{"code":"TAXABLE","name":"NON-EXEMPT TAXABLE CUSTOMER","description":"","validCountries":["*"]}]}

03-11-2021 @ 16:22:27 - Request
Request
method: GET
uri: https://rest.avatax.com/api/v2/definitions/entityusecodes
user-agent: WooCommerce-AvaTax/1.11.2 (WooCommerce/5.0.0; WordPress/5.6.2)
headers: Array
(
    [content-type] => application/json
    [accept] => application/json
    [Authorization] => ******************************************
    [X-Avalara-Client] => WCSkyVerge RESTv2;REST;REST;v2;AlconoxInc
    [X-Avalara-UID] => a0o33000004goTr
)
body:
duration: 0.28555s

03-11-2021 @ 16:22:27 - Response
Response
code: 200
message: OK
headers: Array
(
    [date] => Thu, 11 Mar 2021 21:22:27 GMT
    [content-type] => application/json; charset=utf-8
    [content-length] => 1454
    [x-content-type-options] => nosniff
    [serverduration] => 00:00:00.0001721
    [databasecalls] => 0
    [databaseduration] => 00:00:00
    [serviceduration] => 00:00:00
)
body: {"@recordsetCount":18,"value":[{"code":"A","name":"FEDERAL GOV","description":"","validCountries":["US"]},{"code":"B","name":"STATE GOV","description":"","validCountries":["US"]},{"code":"C","name":"TRIBAL GOVERNMENT","description":"","validCountries":["*"]},{"code":"D","name":"FOREIGN DIPLOMAT","description":"","validCountries":["*"]},{"code":"E","name":"CHARITABLE/EXEMPT ORG","description":"","validCountries":["*"]},{"code":"F","name":"RELIGIOUS ORG","description":"","validCountries":["*"]},{"code":"G","name":"RESALE","description":"","validCountries":["*"]},{"code":"H","name":"AGRICULTURE","description":"","validCountries":["*"]},{"code":"I","name":"INDUSTRIAL PROD/MANUFACTURERS","description":"","validCountries":["*"]},{"code":"J","name":"DIRECT PAY","description":"","validCountries":["*"]},{"code":"K","name":"DIRECT MAIL","description":"","validCountries":["*"]},{"code":"L","name":"OTHER/CUSTOM","description":"","validCountries":["*"]},{"code":"M","name":"EDUCATIONAL ORG","description":"","validCountries":["*"]},{"code":"N","name":"LOCAL GOVERNMENT","description":"","validCountries":["US"]},{"code":"P","name":"COMMERCIAL AQUACULTURE","description":"","validCountries":["CA"]},{"code":"Q","name":"COMMERCIAL FISHERY","description":"","validCountries":["CA"]},{"code":"R","name":"NON-RESIDENT","description":"","validCountries":["CA"]},{"code":"TAXABLE","name":"NON-EXEMPT TAXABLE CUSTOMER","description":"","validCountries":["*"]}]}

03-11-2021 @ 16:23:38 - Request
Request
method: GET
uri: https://rest.avatax.com/api/v2/definitions/entityusecodes
user-agent: WooCommerce-AvaTax/1.11.2 (WooCommerce/5.0.0; WordPress/5.6.2)
headers: Array
(
    [content-type] => application/json
    [accept] => application/json
    [Authorization] => ******************************************
    [X-Avalara-Client] => WCSkyVerge RESTv2;REST;REST;v2;AlconoxInc
    [X-Avalara-UID] => a0o33000004goTr
)
body:
duration: 0.37849s

03-11-2021 @ 16:23:38 - Response
Response
code: 200
message: OK
headers: Array
(
    [date] => Thu, 11 Mar 2021 21:23:38 GMT
    [content-type] => application/json; charset=utf-8
    [content-length] => 1454
    [x-content-type-options] => nosniff
    [serverduration] => 00:00:00.0001709
    [databasecalls] => 0
    [databaseduration] => 00:00:00
    [serviceduration] => 00:00:00
)
body: {"@recordsetCount":18,"value":[{"code":"A","name":"FEDERAL GOV","description":"","validCountries":["US"]},{"code":"B","name":"STATE GOV","description":"","validCountries":["US"]},{"code":"C","name":"TRIBAL GOVERNMENT","description":"","validCountries":["*"]},{"code":"D","name":"FOREIGN DIPLOMAT","description":"","validCountries":["*"]},{"code":"E","name":"CHARITABLE/EXEMPT ORG","description":"","validCountries":["*"]},{"code":"F","name":"RELIGIOUS ORG","description":"","validCountries":["*"]},{"code":"G","name":"RESALE","description":"","validCountries":["*"]},{"code":"H","name":"AGRICULTURE","description":"","validCountries":["*"]},{"code":"I","name":"INDUSTRIAL PROD/MANUFACTURERS","description":"","validCountries":["*"]},{"code":"J","name":"DIRECT PAY","description":"","validCountries":["*"]},{"code":"K","name":"DIRECT MAIL","description":"","validCountries":["*"]},{"code":"L","name":"OTHER/CUSTOM","description":"","validCountries":["*"]},{"code":"M","name":"EDUCATIONAL ORG","description":"","validCountries":["*"]},{"code":"N","name":"LOCAL GOVERNMENT","description":"","validCountries":["US"]},{"code":"P","name":"COMMERCIAL AQUACULTURE","description":"","validCountries":["CA"]},{"code":"Q","name":"COMMERCIAL FISHERY","description":"","validCountries":["CA"]},{"code":"R","name":"NON-RESIDENT","description":"","validCountries":["CA"]},{"code":"TAXABLE","name":"NON-EXEMPT TAXABLE CUSTOMER","description":"","validCountries":["*"]}]}

