01-20-2021 @ 11:32:24 - Request
Request
method: GET
uri: https://rest.avatax.com/api/v2/utilities/ping
user-agent: WooCommerce-AvaTax/1.11.0 (WooCommerce/4.8.0; WordPress/5.6)
headers: Array
(
    [content-type] => application/json
    [accept] => application/json
    [Authorization] => ******************************************
    [X-Avalara-Client] => WCSkyVerge RESTv2;REST;REST;v2;AlconoxInc
    [X-Avalara-UID] => a0o33000004goTr
)
body:
duration: 0.31207s

01-20-2021 @ 11:32:24 - Response
Response
code: 200
message: OK
headers: Array
(
    [date] => Wed, 20 Jan 2021 16:32:24 GMT
    [content-type] => application/json; charset=utf-8
    [content-length] => 225
    [x-content-type-options] => nosniff
    [serverduration] => 00:00:00.0001595
    [databasecalls] => 0
    [databaseduration] => 00:00:00
    [serviceduration] => 00:00:00
)
body: {"version":"21.1.0","authenticated":true,"authenticationType":"AccountIdLicenseKey","authenticatedUserName":"anonymous@2000107471","authenticatedUserId":231879,"authenticatedAccountId":2000107471,"crmid":"0010b00002JHRLYAA5"}

01-20-2021 @ 12:09:58 - Request
Request
method: GET
uri: https://rest.avatax.com/api/v2/utilities/ping
user-agent: WooCommerce-AvaTax/1.11.0 (WooCommerce/4.8.0; WordPress/5.6)
headers: Array
(
    [content-type] => application/json
    [accept] => application/json
    [Authorization] => ******************************************
    [X-Avalara-Client] => WCSkyVerge RESTv2;REST;REST;v2;AlconoxInc
    [X-Avalara-UID] => a0o33000004goTr
)
body:
duration: 0.31434s

01-20-2021 @ 12:09:58 - Response
Response
code: 200
message: OK
headers: Array
(
    [date] => Wed, 20 Jan 2021 17:09:58 GMT
    [content-type] => application/json; charset=utf-8
    [content-length] => 225
    [x-content-type-options] => nosniff
    [serverduration] => 00:00:00.0001150
    [databasecalls] => 0
    [databaseduration] => 00:00:00
    [serviceduration] => 00:00:00
)
body: {"version":"21.1.0","authenticated":true,"authenticationType":"AccountIdLicenseKey","authenticatedUserName":"anonymous@2000107471","authenticatedUserId":231879,"authenticatedAccountId":2000107471,"crmid":"0010b00002JHRLYAA5"}

01-20-2021 @ 12:15:04 - Request
Request
method: GET
uri: https://rest.avatax.com/api/v2/utilities/ping
user-agent: WooCommerce-AvaTax/1.11.0 (WooCommerce/4.8.0; WordPress/5.6)
headers: Array
(
    [content-type] => application/json
    [accept] => application/json
    [Authorization] => ******************************************
    [X-Avalara-Client] => WCSkyVerge RESTv2;REST;REST;v2;AlconoxInc
    [X-Avalara-UID] => a0o33000004goTr
)
body:
duration: 0.31682s

01-20-2021 @ 12:15:04 - Response
Response
code: 200
message: OK
headers: Array
(
    [date] => Wed, 20 Jan 2021 17:15:04 GMT
    [content-type] => application/json; charset=utf-8
    [content-length] => 225
    [x-content-type-options] => nosniff
    [serverduration] => 00:00:00.0001445
    [databasecalls] => 0
    [databaseduration] => 00:00:00
    [serviceduration] => 00:00:00
)
body: {"version":"21.1.0","authenticated":true,"authenticationType":"AccountIdLicenseKey","authenticatedUserName":"anonymous@2000107471","authenticatedUserId":231879,"authenticatedAccountId":2000107471,"crmid":"0010b00002JHRLYAA5"}

01-20-2021 @ 13:09:44 - Request
Request
method: GET
uri: https://rest.avatax.com/api/v2/utilities/ping
user-agent: WooCommerce-AvaTax/1.11.0 (WooCommerce/4.8.0; WordPress/5.6)
headers: Array
(
    [content-type] => application/json
    [accept] => application/json
    [Authorization] => ******************************************
    [X-Avalara-Client] => WCSkyVerge RESTv2;REST;REST;v2;AlconoxInc
    [X-Avalara-UID] => a0o33000004goTr
)
body:
duration: 0.31808s

01-20-2021 @ 13:09:44 - Response
Response
code: 200
message: OK
headers: Array
(
    [date] => Wed, 20 Jan 2021 18:09:44 GMT
    [content-type] => application/json; charset=utf-8
    [content-length] => 225
    [x-content-type-options] => nosniff
    [serverduration] => 00:00:00.0001395
    [databasecalls] => 0
    [databaseduration] => 00:00:00
    [serviceduration] => 00:00:00
)
body: {"version":"21.1.0","authenticated":true,"authenticationType":"AccountIdLicenseKey","authenticatedUserName":"anonymous@2000107471","authenticatedUserId":231879,"authenticatedAccountId":2000107471,"crmid":"0010b00002JHRLYAA5"}

01-20-2021 @ 13:24:18 - Request
Request
method: GET
uri: https://rest.avatax.com/api/v2/utilities/ping
user-agent: WooCommerce-AvaTax/1.11.0 (WooCommerce/4.8.0; WordPress/5.6)
headers: Array
(
    [content-type] => application/json
    [accept] => application/json
    [Authorization] => ******************************************
    [X-Avalara-Client] => WCSkyVerge RESTv2;REST;REST;v2;AlconoxInc
    [X-Avalara-UID] => a0o33000004goTr
)
body:
duration: 0.30516s

01-20-2021 @ 13:24:18 - Response
Response
code: 200
message: OK
headers: Array
(
    [date] => Wed, 20 Jan 2021 18:24:18 GMT
    [content-type] => application/json; charset=utf-8
    [content-length] => 225
    [x-content-type-options] => nosniff
    [serverduration] => 00:00:00.0001423
    [databasecalls] => 0
    [databaseduration] => 00:00:00
    [serviceduration] => 00:00:00
)
body: {"version":"21.1.0","authenticated":true,"authenticationType":"AccountIdLicenseKey","authenticatedUserName":"anonymous@2000107471","authenticatedUserId":231879,"authenticatedAccountId":2000107471,"crmid":"0010b00002JHRLYAA5"}

01-20-2021 @ 13:37:01 - Request
Request
method: GET
uri: https://rest.avatax.com/api/v2/utilities/ping
user-agent: WooCommerce-AvaTax/1.11.0 (WooCommerce/4.8.0; WordPress/5.6)
headers: Array
(
    [content-type] => application/json
    [accept] => application/json
    [Authorization] => ******************************************
    [X-Avalara-Client] => WCSkyVerge RESTv2;REST;REST;v2;AlconoxInc
    [X-Avalara-UID] => a0o33000004goTr
)
body:
duration: 0.45413s

01-20-2021 @ 13:37:01 - Response
Response
code: 200
message: OK
headers: Array
(
    [date] => Wed, 20 Jan 2021 18:37:01 GMT
    [content-type] => application/json; charset=utf-8
    [content-length] => 225
    [x-content-type-options] => nosniff
    [serverduration] => 00:00:00.0001345
    [databasecalls] => 0
    [databaseduration] => 00:00:00
    [serviceduration] => 00:00:00
)
body: {"version":"21.1.0","authenticated":true,"authenticationType":"AccountIdLicenseKey","authenticatedUserName":"anonymous@2000107471","authenticatedUserId":231879,"authenticatedAccountId":2000107471,"crmid":"0010b00002JHRLYAA5"}

01-20-2021 @ 13:49:37 - Request
Request
method: GET
uri: https://rest.avatax.com/api/v2/utilities/ping
user-agent: WooCommerce-AvaTax/1.11.0 (WooCommerce/4.8.0; WordPress/5.6)
headers: Array
(
    [content-type] => application/json
    [accept] => application/json
    [Authorization] => ******************************************
    [X-Avalara-Client] => WCSkyVerge RESTv2;REST;REST;v2;AlconoxInc
    [X-Avalara-UID] => a0o33000004goTr
)
body:
duration: 0.3151s

01-20-2021 @ 13:49:37 - Response
Response
code: 200
message: OK
headers: Array
(
    [date] => Wed, 20 Jan 2021 18:49:37 GMT
    [content-type] => application/json; charset=utf-8
    [content-length] => 225
    [x-content-type-options] => nosniff
    [serverduration] => 00:00:00.0001240
    [databasecalls] => 0
    [databaseduration] => 00:00:00
    [serviceduration] => 00:00:00
)
body: {"version":"21.1.0","authenticated":true,"authenticationType":"AccountIdLicenseKey","authenticatedUserName":"anonymous@2000107471","authenticatedUserId":231879,"authenticatedAccountId":2000107471,"crmid":"0010b00002JHRLYAA5"}

01-20-2021 @ 13:49:38 - Request
Request
method: GET
uri: https://rest.avatax.com/api/v2/utilities/ping
user-agent: WooCommerce-AvaTax/1.11.0 (WooCommerce/4.8.0; WordPress/5.6)
headers: Array
(
    [content-type] => application/json
    [accept] => application/json
    [Authorization] => ******************************************
    [X-Avalara-Client] => WCSkyVerge RESTv2;REST;REST;v2;AlconoxInc
    [X-Avalara-UID] => a0o33000004goTr
)
body:
duration: 0.27301s

01-20-2021 @ 13:49:38 - Response
Response
code: 200
message: OK
headers: Array
(
    [date] => Wed, 20 Jan 2021 18:49:38 GMT
    [content-type] => application/json; charset=utf-8
    [content-length] => 225
    [x-content-type-options] => nosniff
    [serverduration] => 00:00:00.0001346
    [databasecalls] => 0
    [databaseduration] => 00:00:00
    [serviceduration] => 00:00:00
)
body: {"version":"21.1.0","authenticated":true,"authenticationType":"AccountIdLicenseKey","authenticatedUserName":"anonymous@2000107471","authenticatedUserId":231879,"authenticatedAccountId":2000107471,"crmid":"0010b00002JHRLYAA5"}

01-20-2021 @ 13:54:41 - Request
Request
method: GET
uri: https://rest.avatax.com/api/v2/utilities/ping
user-agent: WooCommerce-AvaTax/1.11.0 (WooCommerce/4.8.0; WordPress/5.6)
headers: Array
(
    [content-type] => application/json
    [accept] => application/json
    [Authorization] => ******************************************
    [X-Avalara-Client] => WCSkyVerge RESTv2;REST;REST;v2;AlconoxInc
    [X-Avalara-UID] => a0o33000004goTr
)
body:
duration: 0.35637s

01-20-2021 @ 13:54:41 - Response
Response
code: 200
message: OK
headers: Array
(
    [date] => Wed, 20 Jan 2021 18:54:41 GMT
    [content-type] => application/json; charset=utf-8
    [content-length] => 225
    [x-content-type-options] => nosniff
    [serverduration] => 00:00:00.0001347
    [databasecalls] => 0
    [databaseduration] => 00:00:00
    [serviceduration] => 00:00:00
)
body: {"version":"21.1.0","authenticated":true,"authenticationType":"AccountIdLicenseKey","authenticatedUserName":"anonymous@2000107471","authenticatedUserId":231879,"authenticatedAccountId":2000107471,"crmid":"0010b00002JHRLYAA5"}

01-20-2021 @ 13:54:41 - Request
Request
method: GET
uri: https://rest.avatax.com/api/v2/utilities/ping
user-agent: WooCommerce-AvaTax/1.11.0 (WooCommerce/4.8.0; WordPress/5.6)
headers: Array
(
    [content-type] => application/json
    [accept] => application/json
    [Authorization] => ******************************************
    [X-Avalara-Client] => WCSkyVerge RESTv2;REST;REST;v2;AlconoxInc
    [X-Avalara-UID] => a0o33000004goTr
)
body:
duration: 0.27014s

01-20-2021 @ 13:54:41 - Response
Response
code: 200
message: OK
headers: Array
(
    [date] => Wed, 20 Jan 2021 18:54:41 GMT
    [content-type] => application/json; charset=utf-8
    [content-length] => 225
    [x-content-type-options] => nosniff
    [serverduration] => 00:00:00.0001106
    [databasecalls] => 0
    [databaseduration] => 00:00:00
    [serviceduration] => 00:00:00
)
body: {"version":"21.1.0","authenticated":true,"authenticationType":"AccountIdLicenseKey","authenticatedUserName":"anonymous@2000107471","authenticatedUserId":231879,"authenticatedAccountId":2000107471,"crmid":"0010b00002JHRLYAA5"}

01-20-2021 @ 14:01:31 - Request
Request
method: GET
uri: https://rest.avatax.com/api/v2/utilities/ping
user-agent: WooCommerce-AvaTax/1.11.0 (WooCommerce/4.8.0; WordPress/5.6)
headers: Array
(
    [content-type] => application/json
    [accept] => application/json
    [Authorization] => ******************************************
    [X-Avalara-Client] => WCSkyVerge RESTv2;REST;REST;v2;AlconoxInc
    [X-Avalara-UID] => a0o33000004goTr
)
body:
duration: 0.33057s

01-20-2021 @ 14:01:31 - Response
Response
code: 200
message: OK
headers: Array
(
    [date] => Wed, 20 Jan 2021 19:01:31 GMT
    [content-type] => application/json; charset=utf-8
    [content-length] => 225
    [x-content-type-options] => nosniff
    [serverduration] => 00:00:00.0001392
    [databasecalls] => 0
    [databaseduration] => 00:00:00
    [serviceduration] => 00:00:00
)
body: {"version":"21.1.0","authenticated":true,"authenticationType":"AccountIdLicenseKey","authenticatedUserName":"anonymous@2000107471","authenticatedUserId":231879,"authenticatedAccountId":2000107471,"crmid":"0010b00002JHRLYAA5"}

01-20-2021 @ 14:10:13 - Request
Request
method: GET
uri: https://rest.avatax.com/api/v2/utilities/ping
user-agent: WooCommerce-AvaTax/1.11.0 (WooCommerce/4.8.0; WordPress/5.6)
headers: Array
(
    [content-type] => application/json
    [accept] => application/json
    [Authorization] => ******************************************
    [X-Avalara-Client] => WCSkyVerge RESTv2;REST;REST;v2;AlconoxInc
    [X-Avalara-UID] => a0o33000004goTr
)
body:
duration: 0.29903s

01-20-2021 @ 14:10:13 - Response
Response
code: 200
message: OK
headers: Array
(
    [date] => Wed, 20 Jan 2021 19:10:13 GMT
    [content-type] => application/json; charset=utf-8
    [content-length] => 225
    [x-content-type-options] => nosniff
    [serverduration] => 00:00:00.0001276
    [databasecalls] => 0
    [databaseduration] => 00:00:00
    [serviceduration] => 00:00:00
)
body: {"version":"21.1.0","authenticated":true,"authenticationType":"AccountIdLicenseKey","authenticatedUserName":"anonymous@2000107471","authenticatedUserId":231879,"authenticatedAccountId":2000107471,"crmid":"0010b00002JHRLYAA5"}

