04-13-2021 @ 15:21:51 - Request
Request
method: GET
uri: https://rest.avatax.com/api/v2/taxrates/byaddress?line1=&line2=&city=Holtsville&region=NY&country=US&postalCode=11742
user-agent: WooCommerce-AvaTax/1.11.2 (WooCommerce/5.1.0; WordPress/5.7)
headers: Array
(
    [content-type] => application/json
    [accept] => application/json
    [Authorization] => ******************************************
    [X-Avalara-Client] => WCSkyVerge RESTv2;REST;REST;v2;AlconoxInc
    [X-Avalara-UID] => a0o33000004goTr
)
body:
duration: 0.35882s

04-13-2021 @ 15:21:51 - Response
Response
code: 200
message: OK
headers: Array
(
    [date] => Tue, 13 Apr 2021 19:21:51 GMT
    [content-type] => application/json; charset=utf-8
    [content-length] => 203
    [x-content-type-options] => nosniff
    [serverduration] => 00:00:00.0181695
    [databasecalls] => 0
    [databaseduration] => 00:00:00
    [serviceduration] => 00:00:00
)
body: {"totalRate":0.086250,"rates":[{"rate":0.040000,"name":"NY STATE TAX","type":"State"},{"rate":0.042500,"name":"NY COUNTY TAX","type":"County"},{"rate":0.003750,"name":"NY SPECIAL TAX","type":"Special"}]}

04-13-2021 @ 15:21:54 - Request
Request
method: POST
uri: https://rest.avatax.com/api/v2/transactions/create
user-agent: WooCommerce-AvaTax/1.11.2 (WooCommerce/5.1.0; WordPress/5.7)
headers: Array
(
    [content-type] => application/json
    [accept] => application/json
    [Authorization] => ******************************************
    [X-Avalara-Client] => WCSkyVerge RESTv2;REST;REST;v2;AlconoxInc
    [X-Avalara-UID] => a0o33000004goTr
)
body: {"code":"","companyCode":"ALC","customerCode":"Guest","currencyCode":"USD","date":"2021-04-13","lines":[{"number":"9c8588aaa93d1af9c564923a605b6ec8","itemCode":"1425","taxCode":"P0000000","description":"Alcojet","quantity":1,"amount":211},{"number":"shipping_0","itemCode":"use-my-shipping-account","taxCode":"FR","description":"Use My Shipping Account","quantity":1}],"addresses":{"shipFrom":{"line1":"30 GLENN ST","line2":"","city":"WHITE PLAINS","region":"NY","country":"US","postalCode":"10603-3254"},"shipTo":{"line1":"85 Corporate Drive","line2":"","city":"Holtsville","region":"NY","country":"US","postalCode":"11742"}},"type":"SalesOrder","commit":false}
duration: 0.35055s

04-13-2021 @ 15:21:54 - Response
Response
code: 201
message: Created
headers: Array
(
    [date] => Tue, 13 Apr 2021 19:21:54 GMT
    [content-type] => application/json; charset=utf-8
    [server] => Kestrel
    [content-encoding] => br
    [location] => /api/v2/companies/207925/transactions/0
    [vary] => Accept-Encoding
    [serverduration] => 00:00:00.0589132
)
body: {"id":0,"code":"4164970d-449c-485b-92a8-8c23fd79a629","companyId":207925,"date":"2021-04-13","paymentDate":"2021-04-13","status":"Temporary","type":"SalesOrder","batchCode":"","currencyCode":"USD","exchangeRateCurrencyCode":"USD","customerUsageType":"","entityUseCode":"","customerVendorCode":"Guest","customerCode":"Guest","exemptNo":"","reconciled":false,"locationCode":"","reportingLocationCode":"","purchaseOrderNo":"","referenceCode":"","salespersonCode":"","totalAmount":211.0,"totalExempt":0.0,"totalDiscount":0.0,"totalTax":18.2,"totalTaxable":211.0,"totalTaxCalculated":18.2,"adjustmentReason":"NotAdjusted","locked":false,"version":1,"exchangeRateEffectiveDate":"2021-04-13","exchangeRate":1.0,"modifiedDate":"2021-04-13T19:21:54.9332801Z","modifiedUserId":231879,"taxDate":"2021-04-13T00:00:00Z","lines":[{"id":0,"transactionId":0,"lineNumber":"9c8588aaa93d1af9c564923a605b6ec8","customerUsageType":"","entityUseCode":"","description":"Alcojet","discountAmount":0.0,"exemptAmount":0.0,"exemptCertId":0,"exemptNo":"","isItemTaxable":true,"itemCode":"1425","lineAmount":211.0,"quantity":1.0,"ref1":"","ref2":"","reportingDate":"2021-04-13","tax":18.2,"taxableAmount":211.0,"taxCalculated":18.2,"taxCode":"P0000000","taxCodeId":4316,"taxDate":"2021-04-13","taxIncluded":false,"details":[{"id":0,"transactionLineId":0,"transactionId":0,"country":"US","region":"NY","exemptAmount":0.0,"jurisCode":"36","jurisName":"NEW YORK","stateAssignedNo":"","jurisType":"STA","jurisdictionType":"State","nonTaxableAmount":0.0,"rate":0.040000,"tax":8.44,"taxableAmount":211.0,"taxType":"Sales","taxSubTypeId":"S","taxName":"NY STATE TAX","taxAuthorityTypeId":45,"taxCalculated":8.44,"rateType":"General","rateTypeCode":"G","unitOfBasis":"PerCurrencyUnit","isNonPassThru":false,"isFee":false,"reportingTaxableUnits":211.0,"reportingNonTaxableUnits":0.0,"reportingExemptUnits":0.0,"reportingTax":8.44,"reportingTaxCalculated":8.44,"liabilityType":"Seller"},{"id":0,"transactionLineId":0,"transactionId":0,"country":"US","region":"NY","exemptAmount":0.0,"jurisCode":"103","jurisName":"SUFFOLK","stateAssignedNo":"SU 4711","jurisType":"CTY","jurisdictionType":"County","nonTaxableAmount":0.0,"rate":0.042500,"tax":8.97,"taxableAmount":211.0,"taxType":"Sales","taxSubTypeId":"S","taxName":"NY COUNTY TAX","taxAuthorityTypeId":45,"taxCalculated":8.97,"rateType":"General","rateTypeCode":"G","unitOfBasis":"PerCurrencyUnit","isNonPassThru":false,"isFee":false,"reportingTaxableUnits":211.0,"reportingNonTaxableUnits":0.0,"reportingExemptUnits":0.0,"reportingTax":8.97,"reportingTaxCalculated":8.97,"liabilityType":"Seller"},{"id":0,"transactionLineId":0,"transactionId":0,"country":"US","region":"NY","exemptAmount":0.0,"jurisCode":"359079","jurisName":"SUFFOLK CO TRANSIT DISTRICT","stateAssignedNo":"SU 4711","jurisType":"STJ","jurisdictionType":"Special","nonTaxableAmount":0.0,"rate":0.003750,"tax":0.79,"taxableAmount":211.0,"taxType":"Sales","taxSubTypeId":"S","taxName":"NY SPECIAL TAX","taxAuthorityTypeId":45,"taxCalculated":0.79,"rateType":"General","rateTypeCode":"G","unitOfBasis":"PerCurrencyUnit","isNonPassThru":false,"isFee":false,"reportingTaxableUnits":211.0,"reportingNonTaxableUnits":0.0,"reportingExemptUnits":0.0,"reportingTax":0.79,"reportingTaxCalculated":0.79,"liabilityType":"Seller"}],"nonPassthroughDetails":[],"hsCode":"","costInsuranceFreight":0.0,"vatCode":"","vatNumberTypeId":0},{"id":0,"transactionId":0,"lineNumber":"shipping_0","customerUsageType":"","entityUseCode":"","description":"Use My Shipping Account","discountAmount":0.0,"exemptAmount":0.0,"exemptCertId":0,"exemptNo":"","isItemTaxable":false,"itemCode":"use-my-shipping-account","lineAmount":0.0,"quantity":1.0,"ref1":"","ref2":"","reportingDate":"2021-04-13","tax":0.0,"taxableAmount":0.0,"taxCalculated":0.0,"taxCode":"FR","taxCodeId":7119,"taxDate":"2021-04-13","taxIncluded":false,"details":[{"id":0,"transactionLineId":0,"transactionId":0,"country":"US","region":"NY","exemptAmount":0.0,"jurisCode":"36","jurisName":"NEW YORK","stateAssignedNo":"","jurisType":"STA","jurisdictionType":"State","nonTaxableAmount":0.0,"rate":0.040000,"tax":0.0,"taxableAmount":0.0,"taxType":"Sales","taxSubTypeId":"S","taxName":"NY STATE TAX","taxAuthorityTypeId":45,"taxCalculated":0.0,"rateType":"General","rateTypeCode":"G","unitOfBasis":"PerCurrencyUnit","isNonPassThru":false,"isFee":false,"reportingTaxableUnits":0.0,"reportingNonTaxableUnits":0.0,"reportingExemptUnits":0.0,"reportingTax":0.0,"reportingTaxCalculated":0.0,"liabilityType":"Seller"},{"id":0,"transactionLineId":0,"transactionId":0,"country":"US","region":"NY","exemptAmount":0.0,"jurisCode":"103","jurisName":"SUFFOLK","stateAssignedNo":"SU 4711","jurisType":"CTY","jurisdictionType":"County","nonTaxableAmount":0.0,"rate":0.042500,"tax":0.0,"taxableAmount":0.0,"taxType":"Sales","taxSubTypeId":"S","taxName":"NY COUNTY TAX","taxAuthorityTypeId":45,"taxCalculated":0.0,"rateType":"General","rateTypeCode":"G","unitOfBasis":"PerCurrencyUnit","isNonPassThru":false,"isFee":false,"reportingTaxableUnits":0.0,"reportingNonTaxableUnits":0.0,"reportingExemptUnits":0.0,"reportingTax":0.0,"reportingTaxCalculated":0.0,"liabilityType":"Seller"},{"id":0,"transactionLineId":0,"transactionId":0,"country":"US","region":"NY","exemptAmount":0.0,"jurisCode":"359079","jurisName":"SUFFOLK CO TRANSIT DISTRICT","stateAssignedNo":"SU 4711","jurisType":"STJ","jurisdictionType":"Special","nonTaxableAmount":0.0,"rate":0.003750,"tax":0.0,"taxableAmount":0.0,"taxType":"Sales","taxSubTypeId":"S","taxName":"NY SPECIAL TAX","taxAuthorityTypeId":45,"taxCalculated":0.0,"rateType":"General","rateTypeCode":"G","unitOfBasis":"PerCurrencyUnit","isNonPassThru":false,"isFee":false,"reportingTaxableUnits":0.0,"reportingNonTaxableUnits":0.0,"reportingExemptUnits":0.0,"reportingTax":0.0,"reportingTaxCalculated":0.0,"liabilityType":"Seller"}],"nonPassthroughDetails":[],"hsCode":"","costInsuranceFreight":0.0,"vatCode":"","vatNumberTypeId":0}],"addresses":[{"id":0,"transactionId":0,"boundaryLevel":"Address","line1":"85 Corporate Drive","line2":"","line3":"","city":"Holtsville","region":"NY","postalCode":"11742","country":"US","taxRegionId":4002435,"latitude":"40.806542","longitude":"-73.037976"},{"id":0,"transactionId":0,"boundaryLevel":"Address","line1":"30 GLENN ST","line2":"","line3":"","city":"WHITE PLAINS","region":"NY","postalCode":"10603-3254","country":"US","taxRegionId":2090237,"latitude":"41.050608","longitude":"-73.771383"}],"summary":[{"country":"US","region":"NY","jurisType":"State","jurisCode":"36","jurisName":"NEW YORK","taxAuthorityType":45,"stateAssignedNo":"","taxType":"Sales","taxSubType":"S","taxName":"NY STATE TAX","rateType":"General","taxable":211.0,"rate":0.040000,"tax":8.44,"taxCalculated":8.44,"nonTaxable":0.0,"exemption":0.0},{"country":"US","region":"NY","jurisType":"County","jurisCode":"103","jurisName":"SUFFOLK","taxAuthorityType":45,"stateAssignedNo":"SU 4711","taxType":"Sales","taxSubType":"S","taxName":"NY COUNTY TAX","rateType":"General","taxable":211.0,"rate":0.042500,"tax":8.97,"taxCalculated":8.97,"nonTaxable":0.0,"exemption":0.0},{"country":"US","region":"NY","jurisType":"Special","jurisCode":"359079","jurisName":"SUFFOLK CO TRANSIT DISTRICT","taxAuthorityType":45,"stateAssignedNo":"SU 4711","taxType":"Sales","taxSubType":"S","taxName":"NY SPECIAL TAX","rateType":"General","taxable":211.0,"rate":0.003750,"tax":0.79,"taxCalculated":0.79,"nonTaxable":0.0,"exemption":0.0}]}

04-13-2021 @ 15:22:17 - Request
Request
method: GET
uri: https://rest.avatax.com/api/v2/taxrates/byaddress?line1=&line2=&city=Holtsville&region=NY&country=US&postalCode=11742
user-agent: WooCommerce-AvaTax/1.11.2 (WooCommerce/5.1.0; WordPress/5.7)
headers: Array
(
    [content-type] => application/json
    [accept] => application/json
    [Authorization] => ******************************************
    [X-Avalara-Client] => WCSkyVerge RESTv2;REST;REST;v2;AlconoxInc
    [X-Avalara-UID] => a0o33000004goTr
)
body:
duration: 0.30125s

04-13-2021 @ 15:22:17 - Response
Response
code: 200
message: OK
headers: Array
(
    [date] => Tue, 13 Apr 2021 19:22:17 GMT
    [content-type] => application/json; charset=utf-8
    [content-length] => 203
    [x-content-type-options] => nosniff
    [serverduration] => 00:00:00.0012968
    [databasecalls] => 0
    [databaseduration] => 00:00:00
    [serviceduration] => 00:00:00
)
body: {"totalRate":0.086250,"rates":[{"rate":0.040000,"name":"NY STATE TAX","type":"State"},{"rate":0.042500,"name":"NY COUNTY TAX","type":"County"},{"rate":0.003750,"name":"NY SPECIAL TAX","type":"Special"}]}

04-13-2021 @ 15:22:17 - Request
Request
method: POST
uri: https://rest.avatax.com/api/v2/transactions/create
user-agent: WooCommerce-AvaTax/1.11.2 (WooCommerce/5.1.0; WordPress/5.7)
headers: Array
(
    [content-type] => application/json
    [accept] => application/json
    [Authorization] => ******************************************
    [X-Avalara-Client] => WCSkyVerge RESTv2;REST;REST;v2;AlconoxInc
    [X-Avalara-UID] => a0o33000004goTr
)
body: {"code":"","companyCode":"ALC","customerCode":"ffarbizio@koehlerinstrument.com","currencyCode":"USD","date":"2021-04-13","lines":[{"number":"9c8588aaa93d1af9c564923a605b6ec8","itemCode":"1425","taxCode":"P0000000","description":"Alcojet","quantity":1,"amount":211},{"number":"shipping_0","itemCode":"use-my-shipping-account","taxCode":"FR","description":"Use My Shipping Account","quantity":1}],"addresses":{"shipFrom":{"line1":"30 GLENN ST","line2":"","city":"WHITE PLAINS","region":"NY","country":"US","postalCode":"10603-3254"},"shipTo":{"line1":"85 Corporate Drive","line2":"","city":"Holtsville","region":"NY","country":"US","postalCode":"11742"}},"type":"SalesOrder","commit":false}
duration: 0.33314s

04-13-2021 @ 15:22:18 - Response
Response
code: 201
message: Created
headers: Array
(
    [date] => Tue, 13 Apr 2021 19:22:17 GMT
    [content-type] => application/json; charset=utf-8
    [server] => Kestrel
    [content-encoding] => br
    [location] => /api/v2/companies/207925/transactions/0
    [vary] => Accept-Encoding
    [serverduration] => 00:00:00.0523191
)
body: {"id":0,"code":"3aa3bfe9-f3d2-4a5b-b3eb-ac85a2a9a115","companyId":207925,"date":"2021-04-13","paymentDate":"2021-04-13","status":"Temporary","type":"SalesOrder","batchCode":"","currencyCode":"USD","exchangeRateCurrencyCode":"USD","customerUsageType":"","entityUseCode":"","customerVendorCode":"ffarbizio@koehlerinstrument.com","customerCode":"ffarbizio@koehlerinstrument.com","exemptNo":"","reconciled":false,"locationCode":"","reportingLocationCode":"","purchaseOrderNo":"","referenceCode":"","salespersonCode":"","totalAmount":211.0,"totalExempt":0.0,"totalDiscount":0.0,"totalTax":18.2,"totalTaxable":211.0,"totalTaxCalculated":18.2,"adjustmentReason":"NotAdjusted","locked":false,"version":1,"exchangeRateEffectiveDate":"2021-04-13","exchangeRate":1.0,"modifiedDate":"2021-04-13T19:22:17.9688078Z","modifiedUserId":231879,"taxDate":"2021-04-13T00:00:00Z","lines":[{"id":0,"transactionId":0,"lineNumber":"9c8588aaa93d1af9c564923a605b6ec8","customerUsageType":"","entityUseCode":"","description":"Alcojet","discountAmount":0.0,"exemptAmount":0.0,"exemptCertId":0,"exemptNo":"","isItemTaxable":true,"itemCode":"1425","lineAmount":211.0,"quantity":1.0,"ref1":"","ref2":"","reportingDate":"2021-04-13","tax":18.2,"taxableAmount":211.0,"taxCalculated":18.2,"taxCode":"P0000000","taxCodeId":4316,"taxDate":"2021-04-13","taxIncluded":false,"details":[{"id":0,"transactionLineId":0,"transactionId":0,"country":"US","region":"NY","exemptAmount":0.0,"jurisCode":"36","jurisName":"NEW YORK","stateAssignedNo":"","jurisType":"STA","jurisdictionType":"State","nonTaxableAmount":0.0,"rate":0.040000,"tax":8.44,"taxableAmount":211.0,"taxType":"Sales","taxSubTypeId":"S","taxName":"NY STATE TAX","taxAuthorityTypeId":45,"taxCalculated":8.44,"rateType":"General","rateTypeCode":"G","unitOfBasis":"PerCurrencyUnit","isNonPassThru":false,"isFee":false,"reportingTaxableUnits":211.0,"reportingNonTaxableUnits":0.0,"reportingExemptUnits":0.0,"reportingTax":8.44,"reportingTaxCalculated":8.44,"liabilityType":"Seller"},{"id":0,"transactionLineId":0,"transactionId":0,"country":"US","region":"NY","exemptAmount":0.0,"jurisCode":"103","jurisName":"SUFFOLK","stateAssignedNo":"SU 4711","jurisType":"CTY","jurisdictionType":"County","nonTaxableAmount":0.0,"rate":0.042500,"tax":8.97,"taxableAmount":211.0,"taxType":"Sales","taxSubTypeId":"S","taxName":"NY COUNTY TAX","taxAuthorityTypeId":45,"taxCalculated":8.97,"rateType":"General","rateTypeCode":"G","unitOfBasis":"PerCurrencyUnit","isNonPassThru":false,"isFee":false,"reportingTaxableUnits":211.0,"reportingNonTaxableUnits":0.0,"reportingExemptUnits":0.0,"reportingTax":8.97,"reportingTaxCalculated":8.97,"liabilityType":"Seller"},{"id":0,"transactionLineId":0,"transactionId":0,"country":"US","region":"NY","exemptAmount":0.0,"jurisCode":"359079","jurisName":"SUFFOLK CO TRANSIT DISTRICT","stateAssignedNo":"SU 4711","jurisType":"STJ","jurisdictionType":"Special","nonTaxableAmount":0.0,"rate":0.003750,"tax":0.79,"taxableAmount":211.0,"taxType":"Sales","taxSubTypeId":"S","taxName":"NY SPECIAL TAX","taxAuthorityTypeId":45,"taxCalculated":0.79,"rateType":"General","rateTypeCode":"G","unitOfBasis":"PerCurrencyUnit","isNonPassThru":false,"isFee":false,"reportingTaxableUnits":211.0,"reportingNonTaxableUnits":0.0,"reportingExemptUnits":0.0,"reportingTax":0.79,"reportingTaxCalculated":0.79,"liabilityType":"Seller"}],"nonPassthroughDetails":[],"hsCode":"","costInsuranceFreight":0.0,"vatCode":"","vatNumberTypeId":0},{"id":0,"transactionId":0,"lineNumber":"shipping_0","customerUsageType":"","entityUseCode":"","description":"Use My Shipping Account","discountAmount":0.0,"exemptAmount":0.0,"exemptCertId":0,"exemptNo":"","isItemTaxable":false,"itemCode":"use-my-shipping-account","lineAmount":0.0,"quantity":1.0,"ref1":"","ref2":"","reportingDate":"2021-04-13","tax":0.0,"taxableAmount":0.0,"taxCalculated":0.0,"taxCode":"FR","taxCodeId":7119,"taxDate":"2021-04-13","taxIncluded":false,"details":[{"id":0,"transactionLineId":0,"transactionId":0,"country":"US","region":"NY","exemptAmount":0.0,"jurisCode":"36","jurisName":"NEW YORK","stateAssignedNo":"","jurisType":"STA","jurisdictionType":"State","nonTaxableAmount":0.0,"rate":0.040000,"tax":0.0,"taxableAmount":0.0,"taxType":"Sales","taxSubTypeId":"S","taxName":"NY STATE TAX","taxAuthorityTypeId":45,"taxCalculated":0.0,"rateType":"General","rateTypeCode":"G","unitOfBasis":"PerCurrencyUnit","isNonPassThru":false,"isFee":false,"reportingTaxableUnits":0.0,"reportingNonTaxableUnits":0.0,"reportingExemptUnits":0.0,"reportingTax":0.0,"reportingTaxCalculated":0.0,"liabilityType":"Seller"},{"id":0,"transactionLineId":0,"transactionId":0,"country":"US","region":"NY","exemptAmount":0.0,"jurisCode":"103","jurisName":"SUFFOLK","stateAssignedNo":"SU 4711","jurisType":"CTY","jurisdictionType":"County","nonTaxableAmount":0.0,"rate":0.042500,"tax":0.0,"taxableAmount":0.0,"taxType":"Sales","taxSubTypeId":"S","taxName":"NY COUNTY TAX","taxAuthorityTypeId":45,"taxCalculated":0.0,"rateType":"General","rateTypeCode":"G","unitOfBasis":"PerCurrencyUnit","isNonPassThru":false,"isFee":false,"reportingTaxableUnits":0.0,"reportingNonTaxableUnits":0.0,"reportingExemptUnits":0.0,"reportingTax":0.0,"reportingTaxCalculated":0.0,"liabilityType":"Seller"},{"id":0,"transactionLineId":0,"transactionId":0,"country":"US","region":"NY","exemptAmount":0.0,"jurisCode":"359079","jurisName":"SUFFOLK CO TRANSIT DISTRICT","stateAssignedNo":"SU 4711","jurisType":"STJ","jurisdictionType":"Special","nonTaxableAmount":0.0,"rate":0.003750,"tax":0.0,"taxableAmount":0.0,"taxType":"Sales","taxSubTypeId":"S","taxName":"NY SPECIAL TAX","taxAuthorityTypeId":45,"taxCalculated":0.0,"rateType":"General","rateTypeCode":"G","unitOfBasis":"PerCurrencyUnit","isNonPassThru":false,"isFee":false,"reportingTaxableUnits":0.0,"reportingNonTaxableUnits":0.0,"reportingExemptUnits":0.0,"reportingTax":0.0,"reportingTaxCalculated":0.0,"liabilityType":"Seller"}],"nonPassthroughDetails":[],"hsCode":"","costInsuranceFreight":0.0,"vatCode":"","vatNumberTypeId":0}],"addresses":[{"id":0,"transactionId":0,"boundaryLevel":"Address","line1":"85 Corporate Drive","line2":"","line3":"","city":"Holtsville","region":"NY","postalCode":"11742","country":"US","taxRegionId":4002435,"latitude":"40.806542","longitude":"-73.037976"},{"id":0,"transactionId":0,"boundaryLevel":"Address","line1":"30 GLENN ST","line2":"","line3":"","city":"WHITE PLAINS","region":"NY","postalCode":"10603-3254","country":"US","taxRegionId":2090237,"latitude":"41.050608","longitude":"-73.771383"}],"summary":[{"country":"US","region":"NY","jurisType":"State","jurisCode":"36","jurisName":"NEW YORK","taxAuthorityType":45,"stateAssignedNo":"","taxType":"Sales","taxSubType":"S","taxName":"NY STATE TAX","rateType":"General","taxable":211.0,"rate":0.040000,"tax":8.44,"taxCalculated":8.44,"nonTaxable":0.0,"exemption":0.0},{"country":"US","region":"NY","jurisType":"County","jurisCode":"103","jurisName":"SUFFOLK","taxAuthorityType":45,"stateAssignedNo":"SU 4711","taxType":"Sales","taxSubType":"S","taxName":"NY COUNTY TAX","rateType":"General","taxable":211.0,"rate":0.042500,"tax":8.97,"taxCalculated":8.97,"nonTaxable":0.0,"exemption":0.0},{"country":"US","region":"NY","jurisType":"Special","jurisCode":"359079","jurisName":"SUFFOLK CO TRANSIT DISTRICT","taxAuthorityType":45,"stateAssignedNo":"SU 4711","taxType":"Sales","taxSubType":"S","taxName":"NY SPECIAL TAX","rateType":"General","taxable":211.0,"rate":0.003750,"tax":0.79,"taxCalculated":0.79,"nonTaxable":0.0,"exemption":0.0}]}

04-13-2021 @ 15:22:18 - Request
Request
method: GET
uri: https://rest.avatax.com/api/v2/taxrates/byaddress?line1=&line2=&city=Holtsville&region=NY&country=US&postalCode=11742
user-agent: WooCommerce-AvaTax/1.11.2 (WooCommerce/5.1.0; WordPress/5.7)
headers: Array
(
    [content-type] => application/json
    [accept] => application/json
    [Authorization] => ******************************************
    [X-Avalara-Client] => WCSkyVerge RESTv2;REST;REST;v2;AlconoxInc
    [X-Avalara-UID] => a0o33000004goTr
)
body:
duration: 0.31759s

04-13-2021 @ 15:22:18 - Response
Response
code: 200
message: OK
headers: Array
(
    [date] => Tue, 13 Apr 2021 19:22:18 GMT
    [content-type] => application/json; charset=utf-8
    [content-length] => 203
    [x-content-type-options] => nosniff
    [serverduration] => 00:00:00.0001877
    [databasecalls] => 0
    [databaseduration] => 00:00:00
    [serviceduration] => 00:00:00
)
body: {"totalRate":0.086250,"rates":[{"rate":0.040000,"name":"NY STATE TAX","type":"State"},{"rate":0.042500,"name":"NY COUNTY TAX","type":"County"},{"rate":0.003750,"name":"NY SPECIAL TAX","type":"Special"}]}

04-13-2021 @ 15:22:19 - Request
Request
method: POST
uri: https://rest.avatax.com/api/v2/transactions/create
user-agent: WooCommerce-AvaTax/1.11.2 (WooCommerce/5.1.0; WordPress/5.7)
headers: Array
(
    [content-type] => application/json
    [accept] => application/json
    [Authorization] => ******************************************
    [X-Avalara-Client] => WCSkyVerge RESTv2;REST;REST;v2;AlconoxInc
    [X-Avalara-UID] => a0o33000004goTr
)
body: {"code":"","companyCode":"ALC","customerCode":"ffarbizio@koehlerinstrument.com","currencyCode":"USD","date":"2021-04-13","lines":[{"number":"9c8588aaa93d1af9c564923a605b6ec8","itemCode":"1425","taxCode":"P0000000","description":"Alcojet","quantity":1,"amount":211},{"number":"shipping_0","itemCode":"use-my-shipping-account","taxCode":"FR","description":"Use My Shipping Account","quantity":1}],"addresses":{"shipFrom":{"line1":"30 GLENN ST","line2":"","city":"WHITE PLAINS","region":"NY","country":"US","postalCode":"10603-3254"},"shipTo":{"line1":"85 Corporate Drive","line2":"","city":"Holtsville","region":"NY","country":"US","postalCode":"11742"}},"type":"SalesOrder","commit":false}
duration: 0.33582s

04-13-2021 @ 15:22:19 - Response
Response
code: 201
message: Created
headers: Array
(
    [date] => Tue, 13 Apr 2021 19:22:19 GMT
    [content-type] => application/json; charset=utf-8
    [server] => Kestrel
    [content-encoding] => br
    [location] => /api/v2/companies/207925/transactions/0
    [vary] => Accept-Encoding
    [serverduration] => 00:00:00.0651741
)
body: {"id":0,"code":"4012cadc-fdc0-4448-81fd-dc03d40a58de","companyId":207925,"date":"2021-04-13","paymentDate":"2021-04-13","status":"Temporary","type":"SalesOrder","batchCode":"","currencyCode":"USD","exchangeRateCurrencyCode":"USD","customerUsageType":"","entityUseCode":"","customerVendorCode":"ffarbizio@koehlerinstrument.com","customerCode":"ffarbizio@koehlerinstrument.com","exemptNo":"","reconciled":false,"locationCode":"","reportingLocationCode":"","purchaseOrderNo":"","referenceCode":"","salespersonCode":"","totalAmount":211.0,"totalExempt":0.0,"totalDiscount":0.0,"totalTax":18.2,"totalTaxable":211.0,"totalTaxCalculated":18.2,"adjustmentReason":"NotAdjusted","locked":false,"version":1,"exchangeRateEffectiveDate":"2021-04-13","exchangeRate":1.0,"modifiedDate":"2021-04-13T19:22:19.2833761Z","modifiedUserId":231879,"taxDate":"2021-04-13T00:00:00Z","lines":[{"id":0,"transactionId":0,"lineNumber":"9c8588aaa93d1af9c564923a605b6ec8","customerUsageType":"","entityUseCode":"","description":"Alcojet","discountAmount":0.0,"exemptAmount":0.0,"exemptCertId":0,"exemptNo":"","isItemTaxable":true,"itemCode":"1425","lineAmount":211.0,"quantity":1.0,"ref1":"","ref2":"","reportingDate":"2021-04-13","tax":18.2,"taxableAmount":211.0,"taxCalculated":18.2,"taxCode":"P0000000","taxCodeId":4316,"taxDate":"2021-04-13","taxIncluded":false,"details":[{"id":0,"transactionLineId":0,"transactionId":0,"country":"US","region":"NY","exemptAmount":0.0,"jurisCode":"36","jurisName":"NEW YORK","stateAssignedNo":"","jurisType":"STA","jurisdictionType":"State","nonTaxableAmount":0.0,"rate":0.040000,"tax":8.44,"taxableAmount":211.0,"taxType":"Sales","taxSubTypeId":"S","taxName":"NY STATE TAX","taxAuthorityTypeId":45,"taxCalculated":8.44,"rateType":"General","rateTypeCode":"G","unitOfBasis":"PerCurrencyUnit","isNonPassThru":false,"isFee":false,"reportingTaxableUnits":211.0,"reportingNonTaxableUnits":0.0,"reportingExemptUnits":0.0,"reportingTax":8.44,"reportingTaxCalculated":8.44,"liabilityType":"Seller"},{"id":0,"transactionLineId":0,"transactionId":0,"country":"US","region":"NY","exemptAmount":0.0,"jurisCode":"103","jurisName":"SUFFOLK","stateAssignedNo":"SU 4711","jurisType":"CTY","jurisdictionType":"County","nonTaxableAmount":0.0,"rate":0.042500,"tax":8.97,"taxableAmount":211.0,"taxType":"Sales","taxSubTypeId":"S","taxName":"NY COUNTY TAX","taxAuthorityTypeId":45,"taxCalculated":8.97,"rateType":"General","rateTypeCode":"G","unitOfBasis":"PerCurrencyUnit","isNonPassThru":false,"isFee":false,"reportingTaxableUnits":211.0,"reportingNonTaxableUnits":0.0,"reportingExemptUnits":0.0,"reportingTax":8.97,"reportingTaxCalculated":8.97,"liabilityType":"Seller"},{"id":0,"transactionLineId":0,"transactionId":0,"country":"US","region":"NY","exemptAmount":0.0,"jurisCode":"359079","jurisName":"SUFFOLK CO TRANSIT DISTRICT","stateAssignedNo":"SU 4711","jurisType":"STJ","jurisdictionType":"Special","nonTaxableAmount":0.0,"rate":0.003750,"tax":0.79,"taxableAmount":211.0,"taxType":"Sales","taxSubTypeId":"S","taxName":"NY SPECIAL TAX","taxAuthorityTypeId":45,"taxCalculated":0.79,"rateType":"General","rateTypeCode":"G","unitOfBasis":"PerCurrencyUnit","isNonPassThru":false,"isFee":false,"reportingTaxableUnits":211.0,"reportingNonTaxableUnits":0.0,"reportingExemptUnits":0.0,"reportingTax":0.79,"reportingTaxCalculated":0.79,"liabilityType":"Seller"}],"nonPassthroughDetails":[],"hsCode":"","costInsuranceFreight":0.0,"vatCode":"","vatNumberTypeId":0},{"id":0,"transactionId":0,"lineNumber":"shipping_0","customerUsageType":"","entityUseCode":"","description":"Use My Shipping Account","discountAmount":0.0,"exemptAmount":0.0,"exemptCertId":0,"exemptNo":"","isItemTaxable":false,"itemCode":"use-my-shipping-account","lineAmount":0.0,"quantity":1.0,"ref1":"","ref2":"","reportingDate":"2021-04-13","tax":0.0,"taxableAmount":0.0,"taxCalculated":0.0,"taxCode":"FR","taxCodeId":7119,"taxDate":"2021-04-13","taxIncluded":false,"details":[{"id":0,"transactionLineId":0,"transactionId":0,"country":"US","region":"NY","exemptAmount":0.0,"jurisCode":"36","jurisName":"NEW YORK","stateAssignedNo":"","jurisType":"STA","jurisdictionType":"State","nonTaxableAmount":0.0,"rate":0.040000,"tax":0.0,"taxableAmount":0.0,"taxType":"Sales","taxSubTypeId":"S","taxName":"NY STATE TAX","taxAuthorityTypeId":45,"taxCalculated":0.0,"rateType":"General","rateTypeCode":"G","unitOfBasis":"PerCurrencyUnit","isNonPassThru":false,"isFee":false,"reportingTaxableUnits":0.0,"reportingNonTaxableUnits":0.0,"reportingExemptUnits":0.0,"reportingTax":0.0,"reportingTaxCalculated":0.0,"liabilityType":"Seller"},{"id":0,"transactionLineId":0,"transactionId":0,"country":"US","region":"NY","exemptAmount":0.0,"jurisCode":"103","jurisName":"SUFFOLK","stateAssignedNo":"SU 4711","jurisType":"CTY","jurisdictionType":"County","nonTaxableAmount":0.0,"rate":0.042500,"tax":0.0,"taxableAmount":0.0,"taxType":"Sales","taxSubTypeId":"S","taxName":"NY COUNTY TAX","taxAuthorityTypeId":45,"taxCalculated":0.0,"rateType":"General","rateTypeCode":"G","unitOfBasis":"PerCurrencyUnit","isNonPassThru":false,"isFee":false,"reportingTaxableUnits":0.0,"reportingNonTaxableUnits":0.0,"reportingExemptUnits":0.0,"reportingTax":0.0,"reportingTaxCalculated":0.0,"liabilityType":"Seller"},{"id":0,"transactionLineId":0,"transactionId":0,"country":"US","region":"NY","exemptAmount":0.0,"jurisCode":"359079","jurisName":"SUFFOLK CO TRANSIT DISTRICT","stateAssignedNo":"SU 4711","jurisType":"STJ","jurisdictionType":"Special","nonTaxableAmount":0.0,"rate":0.003750,"tax":0.0,"taxableAmount":0.0,"taxType":"Sales","taxSubTypeId":"S","taxName":"NY SPECIAL TAX","taxAuthorityTypeId":45,"taxCalculated":0.0,"rateType":"General","rateTypeCode":"G","unitOfBasis":"PerCurrencyUnit","isNonPassThru":false,"isFee":false,"reportingTaxableUnits":0.0,"reportingNonTaxableUnits":0.0,"reportingExemptUnits":0.0,"reportingTax":0.0,"reportingTaxCalculated":0.0,"liabilityType":"Seller"}],"nonPassthroughDetails":[],"hsCode":"","costInsuranceFreight":0.0,"vatCode":"","vatNumberTypeId":0}],"addresses":[{"id":0,"transactionId":0,"boundaryLevel":"Address","line1":"85 Corporate Drive","line2":"","line3":"","city":"Holtsville","region":"NY","postalCode":"11742","country":"US","taxRegionId":4002435,"latitude":"40.806542","longitude":"-73.037976"},{"id":0,"transactionId":0,"boundaryLevel":"Address","line1":"30 GLENN ST","line2":"","line3":"","city":"WHITE PLAINS","region":"NY","postalCode":"10603-3254","country":"US","taxRegionId":2090237,"latitude":"41.050608","longitude":"-73.771383"}],"summary":[{"country":"US","region":"NY","jurisType":"State","jurisCode":"36","jurisName":"NEW YORK","taxAuthorityType":45,"stateAssignedNo":"","taxType":"Sales","taxSubType":"S","taxName":"NY STATE TAX","rateType":"General","taxable":211.0,"rate":0.040000,"tax":8.44,"taxCalculated":8.44,"nonTaxable":0.0,"exemption":0.0},{"country":"US","region":"NY","jurisType":"County","jurisCode":"103","jurisName":"SUFFOLK","taxAuthorityType":45,"stateAssignedNo":"SU 4711","taxType":"Sales","taxSubType":"S","taxName":"NY COUNTY TAX","rateType":"General","taxable":211.0,"rate":0.042500,"tax":8.97,"taxCalculated":8.97,"nonTaxable":0.0,"exemption":0.0},{"country":"US","region":"NY","jurisType":"Special","jurisCode":"359079","jurisName":"SUFFOLK CO TRANSIT DISTRICT","taxAuthorityType":45,"stateAssignedNo":"SU 4711","taxType":"Sales","taxSubType":"S","taxName":"NY SPECIAL TAX","rateType":"General","taxable":211.0,"rate":0.003750,"tax":0.79,"taxCalculated":0.79,"nonTaxable":0.0,"exemption":0.0}]}

04-13-2021 @ 15:22:27 - Request
Request
method: GET
uri: https://rest.avatax.com/api/v2/taxrates/byaddress?line1=&line2=&city=Bohemia&region=NY&country=US&postalCode=11716
user-agent: WooCommerce-AvaTax/1.11.2 (WooCommerce/5.1.0; WordPress/5.7)
headers: Array
(
    [content-type] => application/json
    [accept] => application/json
    [Authorization] => ******************************************
    [X-Avalara-Client] => WCSkyVerge RESTv2;REST;REST;v2;AlconoxInc
    [X-Avalara-UID] => a0o33000004goTr
)
body:
duration: 0.28944s

04-13-2021 @ 15:22:27 - Response
Response
code: 200
message: OK
headers: Array
(
    [date] => Tue, 13 Apr 2021 19:22:27 GMT
    [content-type] => application/json; charset=utf-8
    [content-length] => 203
    [x-content-type-options] => nosniff
    [serverduration] => 00:00:00.0142702
    [databasecalls] => 0
    [databaseduration] => 00:00:00
    [serviceduration] => 00:00:00
)
body: {"totalRate":0.086250,"rates":[{"rate":0.040000,"name":"NY STATE TAX","type":"State"},{"rate":0.042500,"name":"NY COUNTY TAX","type":"County"},{"rate":0.003750,"name":"NY SPECIAL TAX","type":"Special"}]}

04-13-2021 @ 15:22:29 - Request
Request
method: POST
uri: https://rest.avatax.com/api/v2/transactions/create
user-agent: WooCommerce-AvaTax/1.11.2 (WooCommerce/5.1.0; WordPress/5.7)
headers: Array
(
    [content-type] => application/json
    [accept] => application/json
    [Authorization] => ******************************************
    [X-Avalara-Client] => WCSkyVerge RESTv2;REST;REST;v2;AlconoxInc
    [X-Avalara-UID] => a0o33000004goTr
)
body: {"code":"","companyCode":"ALC","customerCode":"ffarbizio@koehlerinstrument.com","currencyCode":"USD","date":"2021-04-13","lines":[{"number":"9c8588aaa93d1af9c564923a605b6ec8","itemCode":"1425","taxCode":"P0000000","description":"Alcojet","quantity":1,"amount":211},{"number":"shipping_0","itemCode":"use-my-shipping-account","taxCode":"FR","description":"Use My Shipping Account","quantity":1}],"addresses":{"shipFrom":{"line1":"30 GLENN ST","line2":"","city":"WHITE PLAINS","region":"NY","country":"US","postalCode":"10603-3254"},"shipTo":{"line1":"1595 Sycamore Avenue","line2":"","city":"Bohemia","region":"NY","country":"US","postalCode":"11716"}},"type":"SalesOrder","commit":false}
duration: 0.3138s

04-13-2021 @ 15:22:29 - Response
Response
code: 201
message: Created
headers: Array
(
    [date] => Tue, 13 Apr 2021 19:22:29 GMT
    [content-type] => application/json; charset=utf-8
    [server] => Kestrel
    [content-encoding] => br
    [location] => /api/v2/companies/207925/transactions/0
    [vary] => Accept-Encoding
    [serverduration] => 00:00:00.0513191
)
body: {"id":0,"code":"6f9e5455-adb0-45b1-b66a-a1b24a112391","companyId":207925,"date":"2021-04-13","paymentDate":"2021-04-13","status":"Temporary","type":"SalesOrder","batchCode":"","currencyCode":"USD","exchangeRateCurrencyCode":"USD","customerUsageType":"","entityUseCode":"","customerVendorCode":"ffarbizio@koehlerinstrument.com","customerCode":"ffarbizio@koehlerinstrument.com","exemptNo":"","reconciled":false,"locationCode":"","reportingLocationCode":"","purchaseOrderNo":"","referenceCode":"","salespersonCode":"","totalAmount":211.0,"totalExempt":0.0,"totalDiscount":0.0,"totalTax":18.2,"totalTaxable":211.0,"totalTaxCalculated":18.2,"adjustmentReason":"NotAdjusted","locked":false,"version":1,"exchangeRateEffectiveDate":"2021-04-13","exchangeRate":1.0,"modifiedDate":"2021-04-13T19:22:29.6774233Z","modifiedUserId":231879,"taxDate":"2021-04-13T00:00:00Z","lines":[{"id":0,"transactionId":0,"lineNumber":"9c8588aaa93d1af9c564923a605b6ec8","customerUsageType":"","entityUseCode":"","description":"Alcojet","discountAmount":0.0,"exemptAmount":0.0,"exemptCertId":0,"exemptNo":"","isItemTaxable":true,"itemCode":"1425","lineAmount":211.0,"quantity":1.0,"ref1":"","ref2":"","reportingDate":"2021-04-13","tax":18.2,"taxableAmount":211.0,"taxCalculated":18.2,"taxCode":"P0000000","taxCodeId":4316,"taxDate":"2021-04-13","taxIncluded":false,"details":[{"id":0,"transactionLineId":0,"transactionId":0,"country":"US","region":"NY","exemptAmount":0.0,"jurisCode":"36","jurisName":"NEW YORK","stateAssignedNo":"","jurisType":"STA","jurisdictionType":"State","nonTaxableAmount":0.0,"rate":0.040000,"tax":8.44,"taxableAmount":211.0,"taxType":"Sales","taxSubTypeId":"S","taxName":"NY STATE TAX","taxAuthorityTypeId":45,"taxCalculated":8.44,"rateType":"General","rateTypeCode":"G","unitOfBasis":"PerCurrencyUnit","isNonPassThru":false,"isFee":false,"reportingTaxableUnits":211.0,"reportingNonTaxableUnits":0.0,"reportingExemptUnits":0.0,"reportingTax":8.44,"reportingTaxCalculated":8.44,"liabilityType":"Seller"},{"id":0,"transactionLineId":0,"transactionId":0,"country":"US","region":"NY","exemptAmount":0.0,"jurisCode":"103","jurisName":"SUFFOLK","stateAssignedNo":"SU 4711","jurisType":"CTY","jurisdictionType":"County","nonTaxableAmount":0.0,"rate":0.042500,"tax":8.97,"taxableAmount":211.0,"taxType":"Sales","taxSubTypeId":"S","taxName":"NY COUNTY TAX","taxAuthorityTypeId":45,"taxCalculated":8.97,"rateType":"General","rateTypeCode":"G","unitOfBasis":"PerCurrencyUnit","isNonPassThru":false,"isFee":false,"reportingTaxableUnits":211.0,"reportingNonTaxableUnits":0.0,"reportingExemptUnits":0.0,"reportingTax":8.97,"reportingTaxCalculated":8.97,"liabilityType":"Seller"},{"id":0,"transactionLineId":0,"transactionId":0,"country":"US","region":"NY","exemptAmount":0.0,"jurisCode":"359079","jurisName":"SUFFOLK CO TRANSIT DISTRICT","stateAssignedNo":"SU 4711","jurisType":"STJ","jurisdictionType":"Special","nonTaxableAmount":0.0,"rate":0.003750,"tax":0.79,"taxableAmount":211.0,"taxType":"Sales","taxSubTypeId":"S","taxName":"NY SPECIAL TAX","taxAuthorityTypeId":45,"taxCalculated":0.79,"rateType":"General","rateTypeCode":"G","unitOfBasis":"PerCurrencyUnit","isNonPassThru":false,"isFee":false,"reportingTaxableUnits":211.0,"reportingNonTaxableUnits":0.0,"reportingExemptUnits":0.0,"reportingTax":0.79,"reportingTaxCalculated":0.79,"liabilityType":"Seller"}],"nonPassthroughDetails":[],"hsCode":"","costInsuranceFreight":0.0,"vatCode":"","vatNumberTypeId":0},{"id":0,"transactionId":0,"lineNumber":"shipping_0","customerUsageType":"","entityUseCode":"","description":"Use My Shipping Account","discountAmount":0.0,"exemptAmount":0.0,"exemptCertId":0,"exemptNo":"","isItemTaxable":false,"itemCode":"use-my-shipping-account","lineAmount":0.0,"quantity":1.0,"ref1":"","ref2":"","reportingDate":"2021-04-13","tax":0.0,"taxableAmount":0.0,"taxCalculated":0.0,"taxCode":"FR","taxCodeId":7119,"taxDate":"2021-04-13","taxIncluded":false,"details":[{"id":0,"transactionLineId":0,"transactionId":0,"country":"US","region":"NY","exemptAmount":0.0,"jurisCode":"36","jurisName":"NEW YORK","stateAssignedNo":"","jurisType":"STA","jurisdictionType":"State","nonTaxableAmount":0.0,"rate":0.040000,"tax":0.0,"taxableAmount":0.0,"taxType":"Sales","taxSubTypeId":"S","taxName":"NY STATE TAX","taxAuthorityTypeId":45,"taxCalculated":0.0,"rateType":"General","rateTypeCode":"G","unitOfBasis":"PerCurrencyUnit","isNonPassThru":false,"isFee":false,"reportingTaxableUnits":0.0,"reportingNonTaxableUnits":0.0,"reportingExemptUnits":0.0,"reportingTax":0.0,"reportingTaxCalculated":0.0,"liabilityType":"Seller"},{"id":0,"transactionLineId":0,"transactionId":0,"country":"US","region":"NY","exemptAmount":0.0,"jurisCode":"103","jurisName":"SUFFOLK","stateAssignedNo":"SU 4711","jurisType":"CTY","jurisdictionType":"County","nonTaxableAmount":0.0,"rate":0.042500,"tax":0.0,"taxableAmount":0.0,"taxType":"Sales","taxSubTypeId":"S","taxName":"NY COUNTY TAX","taxAuthorityTypeId":45,"taxCalculated":0.0,"rateType":"General","rateTypeCode":"G","unitOfBasis":"PerCurrencyUnit","isNonPassThru":false,"isFee":false,"reportingTaxableUnits":0.0,"reportingNonTaxableUnits":0.0,"reportingExemptUnits":0.0,"reportingTax":0.0,"reportingTaxCalculated":0.0,"liabilityType":"Seller"},{"id":0,"transactionLineId":0,"transactionId":0,"country":"US","region":"NY","exemptAmount":0.0,"jurisCode":"359079","jurisName":"SUFFOLK CO TRANSIT DISTRICT","stateAssignedNo":"SU 4711","jurisType":"STJ","jurisdictionType":"Special","nonTaxableAmount":0.0,"rate":0.003750,"tax":0.0,"taxableAmount":0.0,"taxType":"Sales","taxSubTypeId":"S","taxName":"NY SPECIAL TAX","taxAuthorityTypeId":45,"taxCalculated":0.0,"rateType":"General","rateTypeCode":"G","unitOfBasis":"PerCurrencyUnit","isNonPassThru":false,"isFee":false,"reportingTaxableUnits":0.0,"reportingNonTaxableUnits":0.0,"reportingExemptUnits":0.0,"reportingTax":0.0,"reportingTaxCalculated":0.0,"liabilityType":"Seller"}],"nonPassthroughDetails":[],"hsCode":"","costInsuranceFreight":0.0,"vatCode":"","vatNumberTypeId":0}],"addresses":[{"id":0,"transactionId":0,"boundaryLevel":"Address","line1":"1595 Sycamore Avenue","line2":"","line3":"","city":"Bohemia","region":"NY","postalCode":"11716","country":"US","taxRegionId":4002424,"latitude":"40.782208","longitude":"-73.123612"},{"id":0,"transactionId":0,"boundaryLevel":"Address","line1":"30 GLENN ST","line2":"","line3":"","city":"WHITE PLAINS","region":"NY","postalCode":"10603-3254","country":"US","taxRegionId":2090237,"latitude":"41.050608","longitude":"-73.771383"}],"summary":[{"country":"US","region":"NY","jurisType":"State","jurisCode":"36","jurisName":"NEW YORK","taxAuthorityType":45,"stateAssignedNo":"","taxType":"Sales","taxSubType":"S","taxName":"NY STATE TAX","rateType":"General","taxable":211.0,"rate":0.040000,"tax":8.44,"taxCalculated":8.44,"nonTaxable":0.0,"exemption":0.0},{"country":"US","region":"NY","jurisType":"County","jurisCode":"103","jurisName":"SUFFOLK","taxAuthorityType":45,"stateAssignedNo":"SU 4711","taxType":"Sales","taxSubType":"S","taxName":"NY COUNTY TAX","rateType":"General","taxable":211.0,"rate":0.042500,"tax":8.97,"taxCalculated":8.97,"nonTaxable":0.0,"exemption":0.0},{"country":"US","region":"NY","jurisType":"Special","jurisCode":"359079","jurisName":"SUFFOLK CO TRANSIT DISTRICT","taxAuthorityType":45,"stateAssignedNo":"SU 4711","taxType":"Sales","taxSubType":"S","taxName":"NY SPECIAL TAX","rateType":"General","taxable":211.0,"rate":0.003750,"tax":0.79,"taxCalculated":0.79,"nonTaxable":0.0,"exemption":0.0}]}

04-13-2021 @ 15:31:16 - Request
Request
method: GET
uri: https://rest.avatax.com/api/v2/taxrates/byaddress?line1=&line2=&city=Bohemia&region=NY&country=US&postalCode=11716
user-agent: WooCommerce-AvaTax/1.11.2 (WooCommerce/5.1.0; WordPress/5.7)
headers: Array
(
    [content-type] => application/json
    [accept] => application/json
    [Authorization] => ******************************************
    [X-Avalara-Client] => WCSkyVerge RESTv2;REST;REST;v2;AlconoxInc
    [X-Avalara-UID] => a0o33000004goTr
)
body:
duration: 0.31724s

04-13-2021 @ 15:31:16 - Response
Response
code: 200
message: OK
headers: Array
(
    [date] => Tue, 13 Apr 2021 19:31:16 GMT
    [content-type] => application/json; charset=utf-8
    [content-length] => 203
    [x-content-type-options] => nosniff
    [serverduration] => 00:00:00.0009757
    [databasecalls] => 0
    [databaseduration] => 00:00:00
    [serviceduration] => 00:00:00
)
body: {"totalRate":0.086250,"rates":[{"rate":0.040000,"name":"NY STATE TAX","type":"State"},{"rate":0.042500,"name":"NY COUNTY TAX","type":"County"},{"rate":0.003750,"name":"NY SPECIAL TAX","type":"Special"}]}

04-13-2021 @ 15:31:17 - Request
Request
method: POST
uri: https://rest.avatax.com/api/v2/transactions/create
user-agent: WooCommerce-AvaTax/1.11.2 (WooCommerce/5.1.0; WordPress/5.7)
headers: Array
(
    [content-type] => application/json
    [accept] => application/json
    [Authorization] => ******************************************
    [X-Avalara-Client] => WCSkyVerge RESTv2;REST;REST;v2;AlconoxInc
    [X-Avalara-UID] => a0o33000004goTr
)
body: {"code":"","companyCode":"ALC","customerCode":"ffarbizio@koehlerinstrument.com","currencyCode":"USD","date":"2021-04-13","lines":[{"number":"9c8588aaa93d1af9c564923a605b6ec8","itemCode":"1425","taxCode":"P0000000","description":"Alcojet","quantity":1,"amount":211},{"number":"shipping_0","itemCode":"use-my-shipping-account","taxCode":"FR","description":"Use My Shipping Account","quantity":1}],"addresses":{"shipFrom":{"line1":"30 GLENN ST","line2":"","city":"WHITE PLAINS","region":"NY","country":"US","postalCode":"10603-3254"},"shipTo":{"line1":"1595 Sycamore Avenue","line2":"","city":"Bohemia","region":"NY","country":"US","postalCode":"11716"}},"type":"SalesOrder","commit":false}
duration: 0.32783s

04-13-2021 @ 15:31:17 - Response
Response
code: 201
message: Created
headers: Array
(
    [date] => Tue, 13 Apr 2021 19:31:17 GMT
    [content-type] => application/json; charset=utf-8
    [server] => Kestrel
    [content-encoding] => br
    [location] => /api/v2/companies/207925/transactions/0
    [vary] => Accept-Encoding
    [serverduration] => 00:00:00.0540417
)
body: {"id":0,"code":"03e7158e-c7f7-4d6b-8025-316f37d9a4af","companyId":207925,"date":"2021-04-13","paymentDate":"2021-04-13","status":"Temporary","type":"SalesOrder","batchCode":"","currencyCode":"USD","exchangeRateCurrencyCode":"USD","customerUsageType":"","entityUseCode":"","customerVendorCode":"ffarbizio@koehlerinstrument.com","customerCode":"ffarbizio@koehlerinstrument.com","exemptNo":"","reconciled":false,"locationCode":"","reportingLocationCode":"","purchaseOrderNo":"","referenceCode":"","salespersonCode":"","totalAmount":211.0,"totalExempt":0.0,"totalDiscount":0.0,"totalTax":18.2,"totalTaxable":211.0,"totalTaxCalculated":18.2,"adjustmentReason":"NotAdjusted","locked":false,"version":1,"exchangeRateEffectiveDate":"2021-04-13","exchangeRate":1.0,"modifiedDate":"2021-04-13T19:31:17.3815575Z","modifiedUserId":231879,"taxDate":"2021-04-13T00:00:00Z","lines":[{"id":0,"transactionId":0,"lineNumber":"9c8588aaa93d1af9c564923a605b6ec8","customerUsageType":"","entityUseCode":"","description":"Alcojet","discountAmount":0.0,"exemptAmount":0.0,"exemptCertId":0,"exemptNo":"","isItemTaxable":true,"itemCode":"1425","lineAmount":211.0,"quantity":1.0,"ref1":"","ref2":"","reportingDate":"2021-04-13","tax":18.2,"taxableAmount":211.0,"taxCalculated":18.2,"taxCode":"P0000000","taxCodeId":4316,"taxDate":"2021-04-13","taxIncluded":false,"details":[{"id":0,"transactionLineId":0,"transactionId":0,"country":"US","region":"NY","exemptAmount":0.0,"jurisCode":"36","jurisName":"NEW YORK","stateAssignedNo":"","jurisType":"STA","jurisdictionType":"State","nonTaxableAmount":0.0,"rate":0.040000,"tax":8.44,"taxableAmount":211.0,"taxType":"Sales","taxSubTypeId":"S","taxName":"NY STATE TAX","taxAuthorityTypeId":45,"taxCalculated":8.44,"rateType":"General","rateTypeCode":"G","unitOfBasis":"PerCurrencyUnit","isNonPassThru":false,"isFee":false,"reportingTaxableUnits":211.0,"reportingNonTaxableUnits":0.0,"reportingExemptUnits":0.0,"reportingTax":8.44,"reportingTaxCalculated":8.44,"liabilityType":"Seller"},{"id":0,"transactionLineId":0,"transactionId":0,"country":"US","region":"NY","exemptAmount":0.0,"jurisCode":"103","jurisName":"SUFFOLK","stateAssignedNo":"SU 4711","jurisType":"CTY","jurisdictionType":"County","nonTaxableAmount":0.0,"rate":0.042500,"tax":8.97,"taxableAmount":211.0,"taxType":"Sales","taxSubTypeId":"S","taxName":"NY COUNTY TAX","taxAuthorityTypeId":45,"taxCalculated":8.97,"rateType":"General","rateTypeCode":"G","unitOfBasis":"PerCurrencyUnit","isNonPassThru":false,"isFee":false,"reportingTaxableUnits":211.0,"reportingNonTaxableUnits":0.0,"reportingExemptUnits":0.0,"reportingTax":8.97,"reportingTaxCalculated":8.97,"liabilityType":"Seller"},{"id":0,"transactionLineId":0,"transactionId":0,"country":"US","region":"NY","exemptAmount":0.0,"jurisCode":"359079","jurisName":"SUFFOLK CO TRANSIT DISTRICT","stateAssignedNo":"SU 4711","jurisType":"STJ","jurisdictionType":"Special","nonTaxableAmount":0.0,"rate":0.003750,"tax":0.79,"taxableAmount":211.0,"taxType":"Sales","taxSubTypeId":"S","taxName":"NY SPECIAL TAX","taxAuthorityTypeId":45,"taxCalculated":0.79,"rateType":"General","rateTypeCode":"G","unitOfBasis":"PerCurrencyUnit","isNonPassThru":false,"isFee":false,"reportingTaxableUnits":211.0,"reportingNonTaxableUnits":0.0,"reportingExemptUnits":0.0,"reportingTax":0.79,"reportingTaxCalculated":0.79,"liabilityType":"Seller"}],"nonPassthroughDetails":[],"hsCode":"","costInsuranceFreight":0.0,"vatCode":"","vatNumberTypeId":0},{"id":0,"transactionId":0,"lineNumber":"shipping_0","customerUsageType":"","entityUseCode":"","description":"Use My Shipping Account","discountAmount":0.0,"exemptAmount":0.0,"exemptCertId":0,"exemptNo":"","isItemTaxable":false,"itemCode":"use-my-shipping-account","lineAmount":0.0,"quantity":1.0,"ref1":"","ref2":"","reportingDate":"2021-04-13","tax":0.0,"taxableAmount":0.0,"taxCalculated":0.0,"taxCode":"FR","taxCodeId":7119,"taxDate":"2021-04-13","taxIncluded":false,"details":[{"id":0,"transactionLineId":0,"transactionId":0,"country":"US","region":"NY","exemptAmount":0.0,"jurisCode":"36","jurisName":"NEW YORK","stateAssignedNo":"","jurisType":"STA","jurisdictionType":"State","nonTaxableAmount":0.0,"rate":0.040000,"tax":0.0,"taxableAmount":0.0,"taxType":"Sales","taxSubTypeId":"S","taxName":"NY STATE TAX","taxAuthorityTypeId":45,"taxCalculated":0.0,"rateType":"General","rateTypeCode":"G","unitOfBasis":"PerCurrencyUnit","isNonPassThru":false,"isFee":false,"reportingTaxableUnits":0.0,"reportingNonTaxableUnits":0.0,"reportingExemptUnits":0.0,"reportingTax":0.0,"reportingTaxCalculated":0.0,"liabilityType":"Seller"},{"id":0,"transactionLineId":0,"transactionId":0,"country":"US","region":"NY","exemptAmount":0.0,"jurisCode":"103","jurisName":"SUFFOLK","stateAssignedNo":"SU 4711","jurisType":"CTY","jurisdictionType":"County","nonTaxableAmount":0.0,"rate":0.042500,"tax":0.0,"taxableAmount":0.0,"taxType":"Sales","taxSubTypeId":"S","taxName":"NY COUNTY TAX","taxAuthorityTypeId":45,"taxCalculated":0.0,"rateType":"General","rateTypeCode":"G","unitOfBasis":"PerCurrencyUnit","isNonPassThru":false,"isFee":false,"reportingTaxableUnits":0.0,"reportingNonTaxableUnits":0.0,"reportingExemptUnits":0.0,"reportingTax":0.0,"reportingTaxCalculated":0.0,"liabilityType":"Seller"},{"id":0,"transactionLineId":0,"transactionId":0,"country":"US","region":"NY","exemptAmount":0.0,"jurisCode":"359079","jurisName":"SUFFOLK CO TRANSIT DISTRICT","stateAssignedNo":"SU 4711","jurisType":"STJ","jurisdictionType":"Special","nonTaxableAmount":0.0,"rate":0.003750,"tax":0.0,"taxableAmount":0.0,"taxType":"Sales","taxSubTypeId":"S","taxName":"NY SPECIAL TAX","taxAuthorityTypeId":45,"taxCalculated":0.0,"rateType":"General","rateTypeCode":"G","unitOfBasis":"PerCurrencyUnit","isNonPassThru":false,"isFee":false,"reportingTaxableUnits":0.0,"reportingNonTaxableUnits":0.0,"reportingExemptUnits":0.0,"reportingTax":0.0,"reportingTaxCalculated":0.0,"liabilityType":"Seller"}],"nonPassthroughDetails":[],"hsCode":"","costInsuranceFreight":0.0,"vatCode":"","vatNumberTypeId":0}],"addresses":[{"id":0,"transactionId":0,"boundaryLevel":"Address","line1":"1595 Sycamore Avenue","line2":"","line3":"","city":"Bohemia","region":"NY","postalCode":"11716","country":"US","taxRegionId":4002424,"latitude":"40.782208","longitude":"-73.123612"},{"id":0,"transactionId":0,"boundaryLevel":"Address","line1":"30 GLENN ST","line2":"","line3":"","city":"WHITE PLAINS","region":"NY","postalCode":"10603-3254","country":"US","taxRegionId":2090237,"latitude":"41.050608","longitude":"-73.771383"}],"summary":[{"country":"US","region":"NY","jurisType":"State","jurisCode":"36","jurisName":"NEW YORK","taxAuthorityType":45,"stateAssignedNo":"","taxType":"Sales","taxSubType":"S","taxName":"NY STATE TAX","rateType":"General","taxable":211.0,"rate":0.040000,"tax":8.44,"taxCalculated":8.44,"nonTaxable":0.0,"exemption":0.0},{"country":"US","region":"NY","jurisType":"County","jurisCode":"103","jurisName":"SUFFOLK","taxAuthorityType":45,"stateAssignedNo":"SU 4711","taxType":"Sales","taxSubType":"S","taxName":"NY COUNTY TAX","rateType":"General","taxable":211.0,"rate":0.042500,"tax":8.97,"taxCalculated":8.97,"nonTaxable":0.0,"exemption":0.0},{"country":"US","region":"NY","jurisType":"Special","jurisCode":"359079","jurisName":"SUFFOLK CO TRANSIT DISTRICT","taxAuthorityType":45,"stateAssignedNo":"SU 4711","taxType":"Sales","taxSubType":"S","taxName":"NY SPECIAL TAX","rateType":"General","taxable":211.0,"rate":0.003750,"tax":0.79,"taxCalculated":0.79,"nonTaxable":0.0,"exemption":0.0}]}

04-13-2021 @ 15:31:22 - Request
Request
method: POST
uri: https://rest.avatax.com/api/v2/transactions/create
user-agent: WooCommerce-AvaTax/1.11.2 (WooCommerce/5.1.0; WordPress/5.7)
headers: Array
(
    [content-type] => application/json
    [accept] => application/json
    [Authorization] => ******************************************
    [X-Avalara-Client] => WCSkyVerge RESTv2;REST;REST;v2;AlconoxInc
    [X-Avalara-UID] => a0o33000004goTr
)
body: {"code":"wc_order_0QqScxYiZj8fj","companyCode":"ALC","customerCode":"ffarbizio@koehlerinstrument.com","currencyCode":"USD","date":"2021-04-13","lines":[{"number":23550,"itemCode":"1425","taxCode":"P0000000","description":"Alcojet","quantity":1,"amount":211},{"number":"shipping_23551","itemCode":"use-my-shipping-account","taxCode":"FR","description":"Use My Shipping Account","quantity":1}],"addresses":{"shipFrom":{"line1":"30 GLENN ST","line2":"","city":"WHITE PLAINS","region":"NY","country":"US","postalCode":"10603-3254"},"shipTo":{"line1":"1595 Sycamore Avenue","line2":"","city":"Bohemia","region":"NY","country":"US","postalCode":"11716"}},"type":"SalesInvoice","purchaseOrderNo":"21392","commit":true}
duration: 0.37926s

04-13-2021 @ 15:31:22 - Response
Response
code: 201
message: Created
headers: Array
(
    [date] => Tue, 13 Apr 2021 19:31:22 GMT
    [content-type] => application/json; charset=utf-8
    [server] => Kestrel
    [content-encoding] => br
    [location] => /api/v2/companies/207925/transactions/1001503012935
    [vary] => Accept-Encoding
    [serverduration] => 00:00:00.0809083
)
body: {"id":1001503012935,"code":"wc_order_0QqScxYiZj8fj","companyId":207925,"date":"2021-04-13","status":"Committed","type":"SalesInvoice","batchCode":"","currencyCode":"USD","exchangeRateCurrencyCode":"USD","customerUsageType":"","entityUseCode":"","customerVendorCode":"ffarbizio@koehlerinstrument.com","customerCode":"ffarbizio@koehlerinstrument.com","exemptNo":"","reconciled":false,"locationCode":"","reportingLocationCode":"","purchaseOrderNo":"21392","referenceCode":"","salespersonCode":"","taxOverrideType":"None","taxOverrideAmount":0.0,"taxOverrideReason":"","totalAmount":211.0,"totalExempt":0.0,"totalDiscount":0.0,"totalTax":18.2,"totalTaxable":211.0,"totalTaxCalculated":18.2,"adjustmentReason":"NotAdjusted","adjustmentDescription":"","locked":false,"region":"NY","country":"US","version":1,"softwareVersion":"21.4.1.0","originAddressId":4002733233646,"destinationAddressId":1002733233647,"exchangeRateEffectiveDate":"2021-04-13","exchangeRate":1.0,"description":"","email":"","businessIdentificationNo":"","modifiedDate":"2021-04-13T19:31:22.2143827Z","modifiedUserId":231879,"taxDate":"2021-04-13T00:00:00Z","lines":[{"id":4004654065571,"transactionId":1001503012935,"lineNumber":"23550","boundaryOverrideId":0,"customerUsageType":"","entityUseCode":"","description":"Alcojet","destinationAddressId":1002733233647,"originAddressId":4002733233646,"discountAmount":0.0,"discountTypeId":0,"exemptAmount":0.0,"exemptCertId":0,"exemptNo":"","isItemTaxable":true,"isSSTP":false,"itemCode":"1425","lineAmount":211.0,"quantity":1.0,"ref1":"","ref2":"","reportingDate":"2021-04-13","revAccount":"","sourcing":"Destination","tax":18.2000,"taxableAmount":211.0,"taxCalculated":18.2000,"taxCode":"P0000000","taxCodeId":4316,"taxDate":"2021-04-13","taxEngine":"","taxOverrideType":"None","businessIdentificationNo":"","taxOverrideAmount":0.0,"taxOverrideReason":"","taxIncluded":false,"details":[{"id":7003382934248,"transactionLineId":4004654065571,"transactionId":1001503012935,"addressId":1002733233647,"country":"US","region":"NY","countyFIPS":"","stateFIPS":"","exemptAmount":0.0000,"exemptReasonId":4,"inState":true,"jurisCode":"36","jurisName":"NEW YORK","jurisdictionId":42,"signatureCode":"BFEQ","stateAssignedNo":"","jurisType":"STA","jurisdictionType":"State","nonTaxableAmount":0.0000,"nonTaxableRuleId":0,"nonTaxableType":"RateRule","rate":0.040000,"rateRuleId":1444970,"rateSourceId":3,"serCode":"","sourcing":"Destination","tax":8.4400,"taxableAmount":211.0000,"taxType":"Sales","taxSubTypeId":"S","taxTypeGroupId":"SalesAndUse","taxName":"NY STATE TAX","taxAuthorityTypeId":45,"taxRegionId":4002424,"taxCalculated":8.4400,"taxOverride":0.0000,"rateType":"General","rateTypeCode":"G","taxableUnits":211.0000,"nonTaxableUnits":0.0000,"exemptUnits":0.0000,"unitOfBasis":"PerCurrencyUnit","isNonPassThru":false,"isFee":false,"reportingTaxableUnits":211.0,"reportingNonTaxableUnits":0.0,"reportingExemptUnits":0.0,"reportingTax":8.44,"reportingTaxCalculated":8.44,"liabilityType":"Seller"},{"id":9003382934250,"transactionLineId":4004654065571,"transactionId":1001503012935,"addressId":1002733233647,"country":"US","region":"NY","countyFIPS":"","stateFIPS":"","exemptAmount":0.0000,"exemptReasonId":4,"inState":true,"jurisCode":"103","jurisName":"SUFFOLK","jurisdictionId":1896,"signatureCode":"BHDK","stateAssignedNo":"SU 4711","jurisType":"CTY","jurisdictionType":"County","nonTaxableAmount":0.0000,"nonTaxableRuleId":0,"nonTaxableType":"RateRule","rate":0.042500,"rateRuleId":1444978,"rateSourceId":3,"serCode":"","sourcing":"Destination","tax":8.9700,"taxableAmount":211.0000,"taxType":"Sales","taxSubTypeId":"S","taxTypeGroupId":"SalesAndUse","taxName":"NY COUNTY TAX","taxAuthorityTypeId":45,"taxRegionId":4002424,"taxCalculated":8.9700,"taxOverride":0.0000,"rateType":"General","rateTypeCode":"G","taxableUnits":211.0000,"nonTaxableUnits":0.0000,"exemptUnits":0.0000,"unitOfBasis":"PerCurrencyUnit","isNonPassThru":false,"isFee":false,"reportingTaxableUnits":211.0,"reportingNonTaxableUnits":0.0,"reportingExemptUnits":0.0,"reportingTax":8.97,"reportingTaxCalculated":8.97,"liabilityType":"Seller"},{"id":10003382934250,"transactionLineId":4004654065571,"transactionId":1001503012935,"addressId":1002733233647,"country":"US","region":"NY","countyFIPS":"","stateFIPS":"","exemptAmount":0.0000,"exemptReasonId":4,"inState":true,"jurisCode":"359079","jurisName":"SUFFOLK CO TRANSIT DISTRICT","jurisdictionId":359079,"signatureCode":"BHDL","stateAssignedNo":"SU 4711","jurisType":"STJ","jurisdictionType":"Special","nonTaxableAmount":0.0000,"nonTaxableRuleId":0,"nonTaxableType":"RateRule","rate":0.003750,"rateRuleId":1444968,"rateSourceId":3,"serCode":"","sourcing":"Destination","tax":0.7900,"taxableAmount":211.0000,"taxType":"Sales","taxSubTypeId":"S","taxTypeGroupId":"SalesAndUse","taxName":"NY SPECIAL TAX","taxAuthorityTypeId":45,"taxRegionId":4002424,"taxCalculated":0.7900,"taxOverride":0.0000,"rateType":"General","rateTypeCode":"G","taxableUnits":211.0000,"nonTaxableUnits":0.0000,"exemptUnits":0.0000,"unitOfBasis":"PerCurrencyUnit","isNonPassThru":false,"isFee":false,"reportingTaxableUnits":211.0,"reportingNonTaxableUnits":0.0,"reportingExemptUnits":0.0,"reportingTax":0.79,"reportingTaxCalculated":0.79,"liabilityType":"Seller"}],"nonPassthroughDetails":[],"lineLocationTypes":[{"documentLineLocationTypeId":2005904710199,"documentLineId":4004654065571,"documentAddressId":4002733233646,"locationTypeCode":"ShipFrom"},{"documentLineLocationTypeId":3005904710201,"documentLineId":4004654065571,"documentAddressId":1002733233647,"locationTypeCode":"ShipTo"}],"hsCode":"","costInsuranceFreight":0.0,"vatCode":"","vatNumberTypeId":0},{"id":5002631166406,"transactionId":1001503012935,"lineNumber":"shipping_23551","boundaryOverrideId":0,"customerUsageType":"","entityUseCode":"","description":"Use My Shipping Account","destinationAddressId":1002733233647,"originAddressId":4002733233646,"discountAmount":0.0,"discountTypeId":0,"exemptAmount":0.0,"exemptCertId":0,"exemptNo":"","isItemTaxable":false,"isSSTP":false,"itemCode":"use-my-shipping-account","lineAmount":0.0,"quantity":1.0,"ref1":"","ref2":"","reportingDate":"2021-04-13","revAccount":"","sourcing":"Destination","tax":0.0000,"taxableAmount":0.0,"taxCalculated":0.0000,"taxCode":"FR","taxCodeId":7119,"taxDate":"2021-04-13","taxEngine":"","taxOverrideType":"None","businessIdentificationNo":"","taxOverrideAmount":0.0,"taxOverrideReason":"","taxIncluded":false,"details":[{"id":9003382934251,"transactionLineId":5002631166406,"transactionId":1001503012935,"addressId":1002733233647,"country":"US","region":"NY","countyFIPS":"","stateFIPS":"","exemptAmount":0.0000,"exemptReasonId":4,"inState":true,"jurisCode":"36","jurisName":"NEW YORK","jurisdictionId":42,"signatureCode":"BFEQ","stateAssignedNo":"","jurisType":"STA","jurisdictionType":"State","nonTaxableAmount":0.0000,"nonTaxableRuleId":0,"nonTaxableType":"RateRule","rate":0.040000,"rateRuleId":1444970,"rateSourceId":3,"serCode":"","sourcing":"Destination","tax":0.0000,"taxableAmount":0.0000,"taxType":"Sales","taxSubTypeId":"S","taxTypeGroupId":"SalesAndUse","taxName":"NY STATE TAX","taxAuthorityTypeId":45,"taxRegionId":4002424,"taxCalculated":0.0000,"taxOverride":0.0000,"rateType":"General","rateTypeCode":"G","taxableUnits":0.0000,"nonTaxableUnits":0.0000,"exemptUnits":0.0000,"unitOfBasis":"PerCurrencyUnit","isNonPassThru":false,"isFee":false,"reportingTaxableUnits":0.0,"reportingNonTaxableUnits":0.0,"reportingExemptUnits":0.0,"reportingTax":0.0,"reportingTaxCalculated":0.0,"liabilityType":"Seller"},{"id":12003382934251,"transactionLineId":5002631166406,"transactionId":1001503012935,"addressId":1002733233647,"country":"US","region":"NY","countyFIPS":"","stateFIPS":"","exemptAmount":0.0000,"exemptReasonId":4,"inState":true,"jurisCode":"103","jurisName":"SUFFOLK","jurisdictionId":1896,"signatureCode":"BHDK","stateAssignedNo":"SU 4711","jurisType":"CTY","jurisdictionType":"County","nonTaxableAmount":0.0000,"nonTaxableRuleId":0,"nonTaxableType":"RateRule","rate":0.042500,"rateRuleId":1444978,"rateSourceId":3,"serCode":"","sourcing":"Destination","tax":0.0000,"taxableAmount":0.0000,"taxType":"Sales","taxSubTypeId":"S","taxTypeGroupId":"SalesAndUse","taxName":"NY COUNTY TAX","taxAuthorityTypeId":45,"taxRegionId":4002424,"taxCalculated":0.0000,"taxOverride":0.0000,"rateType":"General","rateTypeCode":"G","taxableUnits":0.0000,"nonTaxableUnits":0.0000,"exemptUnits":0.0000,"unitOfBasis":"PerCurrencyUnit","isNonPassThru":false,"isFee":false,"reportingTaxableUnits":0.0,"reportingNonTaxableUnits":0.0,"reportingExemptUnits":0.0,"reportingTax":0.0,"reportingTaxCalculated":0.0,"liabilityType":"Seller"},{"id":3004460169625,"transactionLineId":5002631166406,"transactionId":1001503012935,"addressId":1002733233647,"country":"US","region":"NY","countyFIPS":"","stateFIPS":"","exemptAmount":0.0000,"exemptReasonId":4,"inState":true,"jurisCode":"359079","jurisName":"SUFFOLK CO TRANSIT DISTRICT","jurisdictionId":359079,"signatureCode":"BHDL","stateAssignedNo":"SU 4711","jurisType":"STJ","jurisdictionType":"Special","nonTaxableAmount":0.0000,"nonTaxableRuleId":0,"nonTaxableType":"RateRule","rate":0.003750,"rateRuleId":1444968,"rateSourceId":3,"serCode":"","sourcing":"Destination","tax":0.0000,"taxableAmount":0.0000,"taxType":"Sales","taxSubTypeId":"S","taxTypeGroupId":"SalesAndUse","taxName":"NY SPECIAL TAX","taxAuthorityTypeId":45,"taxRegionId":4002424,"taxCalculated":0.0000,"taxOverride":0.0000,"rateType":"General","rateTypeCode":"G","taxableUnits":0.0000,"nonTaxableUnits":0.0000,"exemptUnits":0.0000,"unitOfBasis":"PerCurrencyUnit","isNonPassThru":false,"isFee":false,"reportingTaxableUnits":0.0,"reportingNonTaxableUnits":0.0,"reportingExemptUnits":0.0,"reportingTax":0.0,"reportingTaxCalculated":0.0,"liabilityType":"Seller"}],"nonPassthroughDetails":[],"lineLocationTypes":[{"documentLineLocationTypeId":4005904710205,"documentLineId":5002631166406,"documentAddressId":4002733233646,"locationTypeCode":"ShipFrom"},{"documentLineLocationTypeId":5004184638564,"documentLineId":5002631166406,"documentAddressId":1002733233647,"locationTypeCode":"ShipTo"}],"hsCode":"","costInsuranceFreight":0.0,"vatCode":"","vatNumberTypeId":0}],"addresses":[{"id":1002733233647,"transactionId":1001503012935,"boundaryLevel":"Address","line1":"1595 SYCAMORE AVE","line2":"","line3":"","city":"BOHEMIA","region":"NY","postalCode":"11716-1732","country":"US","taxRegionId":4002424,"latitude":"40.782208","longitude":"-73.123612"},{"id":4002733233646,"transactionId":1001503012935,"boundaryLevel":"Address","line1":"30 GLENN ST","line2":"","line3":"","city":"WHITE PLAINS","region":"NY","postalCode":"10603-3254","country":"US","taxRegionId":2090237,"latitude":"41.050608","longitude":"-73.771383"}],"locationTypes":[{"documentLocationTypeId":1002415622188,"documentId":1001503012935,"documentAddressId":4002733233646,"locationTypeCode":"ShipFrom"},{"documentLocationTypeId":2002415622188,"documentId":1001503012935,"documentAddressId":1002733233647,"locationTypeCode":"ShipTo"}],"summary":[{"country":"US","region":"NY","jurisType":"State","jurisCode":"36","jurisName":"NEW YORK","taxAuthorityType":45,"stateAssignedNo":"","taxType":"Sales","taxSubType":"S","taxName":"NY STATE TAX","rateType":"General","taxable":211.00,"rate":0.040000,"tax":8.44,"taxCalculated":8.44,"nonTaxable":0.00,"exemption":0.00},{"country":"US","region":"NY","jurisType":"County","jurisCode":"103","jurisName":"SUFFOLK","taxAuthorityType":45,"stateAssignedNo":"SU 4711","taxType":"Sales","taxSubType":"S","taxName":"NY COUNTY TAX","rateType":"General","taxable":211.00,"rate":0.042500,"tax":8.97,"taxCalculated":8.97,"nonTaxable":0.00,"exemption":0.00},{"country":"US","region":"NY","jurisType":"Special","jurisCode":"359079","jurisName":"SUFFOLK CO TRANSIT DISTRICT","taxAuthorityType":45,"stateAssignedNo":"SU 4711","taxType":"Sales","taxSubType":"S","taxName":"NY SPECIAL TAX","rateType":"General","taxable":211.00,"rate":0.003750,"tax":0.79,"taxCalculated":0.79,"nonTaxable":0.00,"exemption":0.00}]}

