04-12-2021 @ 16:36:41 - Request
Request
method: GET
uri: https://rest.avatax.com/api/v2/taxrates/byaddress?line1=&line2=&city=Paterson&region=NJ&country=US&postalCode=07501
user-agent: WooCommerce-AvaTax/1.11.2 (WooCommerce/5.1.0; WordPress/5.7)
headers: Array
(
    [content-type] => application/json
    [accept] => application/json
    [Authorization] => ******************************************
    [X-Avalara-Client] => WCSkyVerge RESTv2;REST;REST;v2;AlconoxInc
    [X-Avalara-UID] => a0o33000004goTr
)
body:
duration: 0.30376s

04-12-2021 @ 16:36:41 - Response
Response
code: 200
message: OK
headers: Array
(
    [date] => Mon, 12 Apr 2021 20:36:41 GMT
    [content-type] => application/json; charset=utf-8
    [content-length] => 87
    [x-content-type-options] => nosniff
    [serverduration] => 00:00:00.0148773
    [databasecalls] => 0
    [databaseduration] => 00:00:00
    [serviceduration] => 00:00:00
)
body: {"totalRate":0.066250,"rates":[{"rate":0.066250,"name":"NJ STATE TAX","type":"State"}]}

04-12-2021 @ 16:36:43 - Request
Request
method: POST
uri: https://rest.avatax.com/api/v2/transactions/create
user-agent: WooCommerce-AvaTax/1.11.2 (WooCommerce/5.1.0; WordPress/5.7)
headers: Array
(
    [content-type] => application/json
    [accept] => application/json
    [Authorization] => ******************************************
    [X-Avalara-Client] => WCSkyVerge RESTv2;REST;REST;v2;AlconoxInc
    [X-Avalara-UID] => a0o33000004goTr
)
body: {"code":"","companyCode":"ALC","customerCode":"Guest","currencyCode":"USD","date":"2021-04-12","lines":[{"number":"d64c9972a91b0be428d6eb790e6462d6","itemCode":"2301-1","taxCode":"P0000000","description":"Detonox","quantity":1,"amount":95.099999999999994},{"number":"shipping_0","itemCode":"use-my-shipping-account","taxCode":"FR","description":"Use My Shipping Account","quantity":1}],"addresses":{"shipFrom":{"line1":"30 GLENN ST","line2":"","city":"WHITE PLAINS","region":"NY","country":"US","postalCode":"10603-3254"},"shipTo":{"line1":"46 Lewis Street","line2":"","city":"Paterson","region":"NJ","country":"US","postalCode":"07501"}},"type":"SalesOrder","commit":false}
duration: 0.32873s

04-12-2021 @ 16:36:43 - Response
Response
code: 201
message: Created
headers: Array
(
    [date] => Mon, 12 Apr 2021 20:36:43 GMT
    [content-type] => application/json; charset=utf-8
    [server] => Kestrel
    [content-encoding] => br
    [location] => /api/v2/companies/207925/transactions/0
    [vary] => Accept-Encoding
    [serverduration] => 00:00:00.0390341
)
body: {"id":0,"code":"300e24d9-fa0d-4ec3-a0f2-af0a3e192996","companyId":207925,"date":"2021-04-12","paymentDate":"2021-04-12","status":"Temporary","type":"SalesOrder","batchCode":"","currencyCode":"USD","exchangeRateCurrencyCode":"USD","customerUsageType":"","entityUseCode":"","customerVendorCode":"Guest","customerCode":"Guest","exemptNo":"","reconciled":false,"locationCode":"","reportingLocationCode":"","purchaseOrderNo":"","referenceCode":"","salespersonCode":"","totalAmount":95.1,"totalExempt":0.0,"totalDiscount":0.0,"totalTax":6.3,"totalTaxable":95.1,"totalTaxCalculated":6.3,"adjustmentReason":"NotAdjusted","locked":false,"version":1,"exchangeRateEffectiveDate":"2021-04-12","exchangeRate":1.0,"modifiedDate":"2021-04-12T20:36:43.242908Z","modifiedUserId":231879,"taxDate":"2021-04-12T00:00:00Z","lines":[{"id":0,"transactionId":0,"lineNumber":"d64c9972a91b0be428d6eb790e6462d6","customerUsageType":"","entityUseCode":"","description":"Detonox","discountAmount":0.0,"exemptAmount":0.0,"exemptCertId":0,"exemptNo":"","isItemTaxable":true,"itemCode":"2301-1","lineAmount":95.099999999999994,"quantity":1.0,"ref1":"","ref2":"","reportingDate":"2021-04-12","tax":6.3,"taxableAmount":95.1,"taxCalculated":6.3,"taxCode":"P0000000","taxCodeId":4316,"taxDate":"2021-04-12","taxIncluded":false,"details":[{"id":0,"transactionLineId":0,"transactionId":0,"country":"US","region":"NJ","exemptAmount":0.0,"jurisCode":"34","jurisName":"NEW JERSEY","stateAssignedNo":"","jurisType":"STA","jurisdictionType":"State","nonTaxableAmount":0.0,"rate":0.066250,"tax":6.3,"taxableAmount":95.1,"taxType":"Sales","taxSubTypeId":"S","taxName":"NJ STATE TAX","taxAuthorityTypeId":45,"taxCalculated":6.3,"rateType":"General","rateTypeCode":"G","unitOfBasis":"PerCurrencyUnit","isNonPassThru":false,"isFee":false,"reportingTaxableUnits":95.1,"reportingNonTaxableUnits":0.0,"reportingExemptUnits":0.0,"reportingTax":6.3,"reportingTaxCalculated":6.3,"liabilityType":"Seller"}],"nonPassthroughDetails":[],"hsCode":"","costInsuranceFreight":0.0,"vatCode":"","vatNumberTypeId":0},{"id":0,"transactionId":0,"lineNumber":"shipping_0","customerUsageType":"","entityUseCode":"","description":"Use My Shipping Account","discountAmount":0.0,"exemptAmount":0.0,"exemptCertId":0,"exemptNo":"","isItemTaxable":false,"itemCode":"use-my-shipping-account","lineAmount":0.0,"quantity":1.0,"ref1":"","ref2":"","reportingDate":"2021-04-12","tax":0.0,"taxableAmount":0.0,"taxCalculated":0.0,"taxCode":"FR","taxCodeId":7119,"taxDate":"2021-04-12","taxIncluded":false,"details":[{"id":0,"transactionLineId":0,"transactionId":0,"country":"US","region":"NJ","exemptAmount":0.0,"jurisCode":"34","jurisName":"NEW JERSEY","stateAssignedNo":"","jurisType":"STA","jurisdictionType":"State","nonTaxableAmount":0.0,"rate":0.066250,"tax":0.0,"taxableAmount":0.0,"taxType":"Sales","taxSubTypeId":"S","taxName":"NJ STATE TAX","taxAuthorityTypeId":45,"taxCalculated":0.0,"rateType":"General","rateTypeCode":"G","unitOfBasis":"PerCurrencyUnit","isNonPassThru":false,"isFee":false,"reportingTaxableUnits":0.0,"reportingNonTaxableUnits":0.0,"reportingExemptUnits":0.0,"reportingTax":0.0,"reportingTaxCalculated":0.0,"liabilityType":"Seller"}],"nonPassthroughDetails":[],"hsCode":"","costInsuranceFreight":0.0,"vatCode":"","vatNumberTypeId":0}],"addresses":[{"id":0,"transactionId":0,"boundaryLevel":"Address","line1":"46 Lewis Street","line2":"","line3":"","city":"Paterson","region":"NJ","postalCode":"07501","country":"US","taxRegionId":4005987,"latitude":"40.909089","longitude":"-74.158772"},{"id":0,"transactionId":0,"boundaryLevel":"Address","line1":"30 GLENN ST","line2":"","line3":"","city":"WHITE PLAINS","region":"NY","postalCode":"10603-3254","country":"US","taxRegionId":2090237,"latitude":"41.050608","longitude":"-73.771383"}],"summary":[{"country":"US","region":"NJ","jurisType":"State","jurisCode":"34","jurisName":"NEW JERSEY","taxAuthorityType":45,"stateAssignedNo":"","taxType":"Sales","taxSubType":"S","taxName":"NJ STATE TAX","rateType":"General","taxable":95.1,"rate":0.066250,"tax":6.3,"taxCalculated":6.3,"nonTaxable":0.0,"exemption":0.0}]}

04-12-2021 @ 16:37:46 - Request
Request
method: GET
uri: https://rest.avatax.com/api/v2/taxrates/byaddress?line1=&line2=&city=Paterson&region=NJ&country=US&postalCode=07501
user-agent: WooCommerce-AvaTax/1.11.2 (WooCommerce/5.1.0; WordPress/5.7)
headers: Array
(
    [content-type] => application/json
    [accept] => application/json
    [Authorization] => ******************************************
    [X-Avalara-Client] => WCSkyVerge RESTv2;REST;REST;v2;AlconoxInc
    [X-Avalara-UID] => a0o33000004goTr
)
body:
duration: 0.28957s

04-12-2021 @ 16:37:46 - Response
Response
code: 200
message: OK
headers: Array
(
    [date] => Mon, 12 Apr 2021 20:37:46 GMT
    [content-type] => application/json; charset=utf-8
    [content-length] => 87
    [x-content-type-options] => nosniff
    [serverduration] => 00:00:00.0015927
    [databasecalls] => 0
    [databaseduration] => 00:00:00
    [serviceduration] => 00:00:00
)
body: {"totalRate":0.066250,"rates":[{"rate":0.066250,"name":"NJ STATE TAX","type":"State"}]}

04-12-2021 @ 16:37:47 - Request
Request
method: POST
uri: https://rest.avatax.com/api/v2/transactions/create
user-agent: WooCommerce-AvaTax/1.11.2 (WooCommerce/5.1.0; WordPress/5.7)
headers: Array
(
    [content-type] => application/json
    [accept] => application/json
    [Authorization] => ******************************************
    [X-Avalara-Client] => WCSkyVerge RESTv2;REST;REST;v2;AlconoxInc
    [X-Avalara-UID] => a0o33000004goTr
)
body: {"code":"","companyCode":"ALC","customerCode":"jjbires@gmail.com","currencyCode":"USD","date":"2021-04-12","lines":[{"number":"d64c9972a91b0be428d6eb790e6462d6","itemCode":"2301-1","taxCode":"P0000000","description":"Detonox","quantity":1,"amount":95.099999999999994},{"number":"shipping_0","itemCode":"use-my-shipping-account","taxCode":"FR","description":"Use My Shipping Account","quantity":1}],"addresses":{"shipFrom":{"line1":"30 GLENN ST","line2":"","city":"WHITE PLAINS","region":"NY","country":"US","postalCode":"10603-3254"},"shipTo":{"line1":"46 Lewis Street","line2":"","city":"Paterson","region":"NJ","country":"US","postalCode":"07501"}},"type":"SalesOrder","commit":false}
duration: 0.34167s

04-12-2021 @ 16:37:47 - Response
Response
code: 201
message: Created
headers: Array
(
    [date] => Mon, 12 Apr 2021 20:37:47 GMT
    [content-type] => application/json; charset=utf-8
    [server] => Kestrel
    [content-encoding] => br
    [location] => /api/v2/companies/207925/transactions/0
    [vary] => Accept-Encoding
    [serverduration] => 00:00:00.0468901
)
body: {"id":0,"code":"85722136-620c-41cc-98dd-cfdecb148232","companyId":207925,"date":"2021-04-12","paymentDate":"2021-04-12","status":"Temporary","type":"SalesOrder","batchCode":"","currencyCode":"USD","exchangeRateCurrencyCode":"USD","customerUsageType":"","entityUseCode":"","customerVendorCode":"jjbires@gmail.com","customerCode":"jjbires@gmail.com","exemptNo":"","reconciled":false,"locationCode":"","reportingLocationCode":"","purchaseOrderNo":"","referenceCode":"","salespersonCode":"","totalAmount":95.1,"totalExempt":0.0,"totalDiscount":0.0,"totalTax":6.3,"totalTaxable":95.1,"totalTaxCalculated":6.3,"adjustmentReason":"NotAdjusted","locked":false,"version":1,"exchangeRateEffectiveDate":"2021-04-12","exchangeRate":1.0,"modifiedDate":"2021-04-12T20:37:47.2158736Z","modifiedUserId":231879,"taxDate":"2021-04-12T00:00:00Z","lines":[{"id":0,"transactionId":0,"lineNumber":"d64c9972a91b0be428d6eb790e6462d6","customerUsageType":"","entityUseCode":"","description":"Detonox","discountAmount":0.0,"exemptAmount":0.0,"exemptCertId":0,"exemptNo":"","isItemTaxable":true,"itemCode":"2301-1","lineAmount":95.099999999999994,"quantity":1.0,"ref1":"","ref2":"","reportingDate":"2021-04-12","tax":6.3,"taxableAmount":95.1,"taxCalculated":6.3,"taxCode":"P0000000","taxCodeId":4316,"taxDate":"2021-04-12","taxIncluded":false,"details":[{"id":0,"transactionLineId":0,"transactionId":0,"country":"US","region":"NJ","exemptAmount":0.0,"jurisCode":"34","jurisName":"NEW JERSEY","stateAssignedNo":"","jurisType":"STA","jurisdictionType":"State","nonTaxableAmount":0.0,"rate":0.066250,"tax":6.3,"taxableAmount":95.1,"taxType":"Sales","taxSubTypeId":"S","taxName":"NJ STATE TAX","taxAuthorityTypeId":45,"taxCalculated":6.3,"rateType":"General","rateTypeCode":"G","unitOfBasis":"PerCurrencyUnit","isNonPassThru":false,"isFee":false,"reportingTaxableUnits":95.1,"reportingNonTaxableUnits":0.0,"reportingExemptUnits":0.0,"reportingTax":6.3,"reportingTaxCalculated":6.3,"liabilityType":"Seller"}],"nonPassthroughDetails":[],"hsCode":"","costInsuranceFreight":0.0,"vatCode":"","vatNumberTypeId":0},{"id":0,"transactionId":0,"lineNumber":"shipping_0","customerUsageType":"","entityUseCode":"","description":"Use My Shipping Account","discountAmount":0.0,"exemptAmount":0.0,"exemptCertId":0,"exemptNo":"","isItemTaxable":false,"itemCode":"use-my-shipping-account","lineAmount":0.0,"quantity":1.0,"ref1":"","ref2":"","reportingDate":"2021-04-12","tax":0.0,"taxableAmount":0.0,"taxCalculated":0.0,"taxCode":"FR","taxCodeId":7119,"taxDate":"2021-04-12","taxIncluded":false,"details":[{"id":0,"transactionLineId":0,"transactionId":0,"country":"US","region":"NJ","exemptAmount":0.0,"jurisCode":"34","jurisName":"NEW JERSEY","stateAssignedNo":"","jurisType":"STA","jurisdictionType":"State","nonTaxableAmount":0.0,"rate":0.066250,"tax":0.0,"taxableAmount":0.0,"taxType":"Sales","taxSubTypeId":"S","taxName":"NJ STATE TAX","taxAuthorityTypeId":45,"taxCalculated":0.0,"rateType":"General","rateTypeCode":"G","unitOfBasis":"PerCurrencyUnit","isNonPassThru":false,"isFee":false,"reportingTaxableUnits":0.0,"reportingNonTaxableUnits":0.0,"reportingExemptUnits":0.0,"reportingTax":0.0,"reportingTaxCalculated":0.0,"liabilityType":"Seller"}],"nonPassthroughDetails":[],"hsCode":"","costInsuranceFreight":0.0,"vatCode":"","vatNumberTypeId":0}],"addresses":[{"id":0,"transactionId":0,"boundaryLevel":"Address","line1":"46 Lewis Street","line2":"","line3":"","city":"Paterson","region":"NJ","postalCode":"07501","country":"US","taxRegionId":4005987,"latitude":"40.909089","longitude":"-74.158772"},{"id":0,"transactionId":0,"boundaryLevel":"Address","line1":"30 GLENN ST","line2":"","line3":"","city":"WHITE PLAINS","region":"NY","postalCode":"10603-3254","country":"US","taxRegionId":2090237,"latitude":"41.050608","longitude":"-73.771383"}],"summary":[{"country":"US","region":"NJ","jurisType":"State","jurisCode":"34","jurisName":"NEW JERSEY","taxAuthorityType":45,"stateAssignedNo":"","taxType":"Sales","taxSubType":"S","taxName":"NJ STATE TAX","rateType":"General","taxable":95.1,"rate":0.066250,"tax":6.3,"taxCalculated":6.3,"nonTaxable":0.0,"exemption":0.0}]}

04-12-2021 @ 16:41:02 - Request
Request
method: GET
uri: https://rest.avatax.com/api/v2/taxrates/byaddress?line1=&line2=&city=Paterson&region=NJ&country=US&postalCode=07501
user-agent: WooCommerce-AvaTax/1.11.2 (WooCommerce/5.1.0; WordPress/5.7)
headers: Array
(
    [content-type] => application/json
    [accept] => application/json
    [Authorization] => ******************************************
    [X-Avalara-Client] => WCSkyVerge RESTv2;REST;REST;v2;AlconoxInc
    [X-Avalara-UID] => a0o33000004goTr
)
body:
duration: 0.30205s

04-12-2021 @ 16:41:02 - Response
Response
code: 200
message: OK
headers: Array
(
    [date] => Mon, 12 Apr 2021 20:41:02 GMT
    [content-type] => application/json; charset=utf-8
    [content-length] => 87
    [x-content-type-options] => nosniff
    [serverduration] => 00:00:00.0002643
    [databasecalls] => 0
    [databaseduration] => 00:00:00
    [serviceduration] => 00:00:00
)
body: {"totalRate":0.066250,"rates":[{"rate":0.066250,"name":"NJ STATE TAX","type":"State"}]}

04-12-2021 @ 16:41:02 - Request
Request
method: POST
uri: https://rest.avatax.com/api/v2/transactions/create
user-agent: WooCommerce-AvaTax/1.11.2 (WooCommerce/5.1.0; WordPress/5.7)
headers: Array
(
    [content-type] => application/json
    [accept] => application/json
    [Authorization] => ******************************************
    [X-Avalara-Client] => WCSkyVerge RESTv2;REST;REST;v2;AlconoxInc
    [X-Avalara-UID] => a0o33000004goTr
)
body: {"code":"","companyCode":"ALC","customerCode":"jjbires@gmail.com","currencyCode":"USD","date":"2021-04-12","lines":[{"number":"d64c9972a91b0be428d6eb790e6462d6","itemCode":"2301-1","taxCode":"P0000000","description":"Detonox","quantity":1,"amount":95.099999999999994},{"number":"shipping_0","itemCode":"use-my-shipping-account","taxCode":"FR","description":"Use My Shipping Account","quantity":1}],"addresses":{"shipFrom":{"line1":"30 GLENN ST","line2":"","city":"WHITE PLAINS","region":"NY","country":"US","postalCode":"10603-3254"},"shipTo":{"line1":"46 Lewis Street","line2":"","city":"Paterson","region":"NJ","country":"US","postalCode":"07501"}},"type":"SalesOrder","commit":false}
duration: 0.33376s

04-12-2021 @ 16:41:02 - Response
Response
code: 201
message: Created
headers: Array
(
    [date] => Mon, 12 Apr 2021 20:41:02 GMT
    [content-type] => application/json; charset=utf-8
    [server] => Kestrel
    [content-encoding] => br
    [location] => /api/v2/companies/207925/transactions/0
    [vary] => Accept-Encoding
    [serverduration] => 00:00:00.0459296
)
body: {"id":0,"code":"6d3ec356-2e02-4eae-a9fa-41b17e772f15","companyId":207925,"date":"2021-04-12","paymentDate":"2021-04-12","status":"Temporary","type":"SalesOrder","batchCode":"","currencyCode":"USD","exchangeRateCurrencyCode":"USD","customerUsageType":"","entityUseCode":"","customerVendorCode":"jjbires@gmail.com","customerCode":"jjbires@gmail.com","exemptNo":"","reconciled":false,"locationCode":"","reportingLocationCode":"","purchaseOrderNo":"","referenceCode":"","salespersonCode":"","totalAmount":95.1,"totalExempt":0.0,"totalDiscount":0.0,"totalTax":6.3,"totalTaxable":95.1,"totalTaxCalculated":6.3,"adjustmentReason":"NotAdjusted","locked":false,"version":1,"exchangeRateEffectiveDate":"2021-04-12","exchangeRate":1.0,"modifiedDate":"2021-04-12T20:41:02.4695234Z","modifiedUserId":231879,"taxDate":"2021-04-12T00:00:00Z","lines":[{"id":0,"transactionId":0,"lineNumber":"d64c9972a91b0be428d6eb790e6462d6","customerUsageType":"","entityUseCode":"","description":"Detonox","discountAmount":0.0,"exemptAmount":0.0,"exemptCertId":0,"exemptNo":"","isItemTaxable":true,"itemCode":"2301-1","lineAmount":95.099999999999994,"quantity":1.0,"ref1":"","ref2":"","reportingDate":"2021-04-12","tax":6.3,"taxableAmount":95.1,"taxCalculated":6.3,"taxCode":"P0000000","taxCodeId":4316,"taxDate":"2021-04-12","taxIncluded":false,"details":[{"id":0,"transactionLineId":0,"transactionId":0,"country":"US","region":"NJ","exemptAmount":0.0,"jurisCode":"34","jurisName":"NEW JERSEY","stateAssignedNo":"","jurisType":"STA","jurisdictionType":"State","nonTaxableAmount":0.0,"rate":0.066250,"tax":6.3,"taxableAmount":95.1,"taxType":"Sales","taxSubTypeId":"S","taxName":"NJ STATE TAX","taxAuthorityTypeId":45,"taxCalculated":6.3,"rateType":"General","rateTypeCode":"G","unitOfBasis":"PerCurrencyUnit","isNonPassThru":false,"isFee":false,"reportingTaxableUnits":95.1,"reportingNonTaxableUnits":0.0,"reportingExemptUnits":0.0,"reportingTax":6.3,"reportingTaxCalculated":6.3,"liabilityType":"Seller"}],"nonPassthroughDetails":[],"hsCode":"","costInsuranceFreight":0.0,"vatCode":"","vatNumberTypeId":0},{"id":0,"transactionId":0,"lineNumber":"shipping_0","customerUsageType":"","entityUseCode":"","description":"Use My Shipping Account","discountAmount":0.0,"exemptAmount":0.0,"exemptCertId":0,"exemptNo":"","isItemTaxable":false,"itemCode":"use-my-shipping-account","lineAmount":0.0,"quantity":1.0,"ref1":"","ref2":"","reportingDate":"2021-04-12","tax":0.0,"taxableAmount":0.0,"taxCalculated":0.0,"taxCode":"FR","taxCodeId":7119,"taxDate":"2021-04-12","taxIncluded":false,"details":[{"id":0,"transactionLineId":0,"transactionId":0,"country":"US","region":"NJ","exemptAmount":0.0,"jurisCode":"34","jurisName":"NEW JERSEY","stateAssignedNo":"","jurisType":"STA","jurisdictionType":"State","nonTaxableAmount":0.0,"rate":0.066250,"tax":0.0,"taxableAmount":0.0,"taxType":"Sales","taxSubTypeId":"S","taxName":"NJ STATE TAX","taxAuthorityTypeId":45,"taxCalculated":0.0,"rateType":"General","rateTypeCode":"G","unitOfBasis":"PerCurrencyUnit","isNonPassThru":false,"isFee":false,"reportingTaxableUnits":0.0,"reportingNonTaxableUnits":0.0,"reportingExemptUnits":0.0,"reportingTax":0.0,"reportingTaxCalculated":0.0,"liabilityType":"Seller"}],"nonPassthroughDetails":[],"hsCode":"","costInsuranceFreight":0.0,"vatCode":"","vatNumberTypeId":0}],"addresses":[{"id":0,"transactionId":0,"boundaryLevel":"Address","line1":"46 Lewis Street","line2":"","line3":"","city":"Paterson","region":"NJ","postalCode":"07501","country":"US","taxRegionId":4005987,"latitude":"40.909089","longitude":"-74.158772"},{"id":0,"transactionId":0,"boundaryLevel":"Address","line1":"30 GLENN ST","line2":"","line3":"","city":"WHITE PLAINS","region":"NY","postalCode":"10603-3254","country":"US","taxRegionId":2090237,"latitude":"41.050608","longitude":"-73.771383"}],"summary":[{"country":"US","region":"NJ","jurisType":"State","jurisCode":"34","jurisName":"NEW JERSEY","taxAuthorityType":45,"stateAssignedNo":"","taxType":"Sales","taxSubType":"S","taxName":"NJ STATE TAX","rateType":"General","taxable":95.1,"rate":0.066250,"tax":6.3,"taxCalculated":6.3,"nonTaxable":0.0,"exemption":0.0}]}

04-12-2021 @ 16:41:07 - Request
Request
method: POST
uri: https://rest.avatax.com/api/v2/transactions/create
user-agent: WooCommerce-AvaTax/1.11.2 (WooCommerce/5.1.0; WordPress/5.7)
headers: Array
(
    [content-type] => application/json
    [accept] => application/json
    [Authorization] => ******************************************
    [X-Avalara-Client] => WCSkyVerge RESTv2;REST;REST;v2;AlconoxInc
    [X-Avalara-UID] => a0o33000004goTr
)
body: {"code":"wc_order_mNIrQDFCC6wIN","companyCode":"ALC","customerCode":"jjbires@gmail.com","currencyCode":"USD","date":"2021-04-12","lines":[{"number":23545,"itemCode":"2301-1","taxCode":"P0000000","description":"Detonox","quantity":1,"amount":95.099999999999994},{"number":"shipping_23546","itemCode":"use-my-shipping-account","taxCode":"FR","description":"Use My Shipping Account","quantity":1}],"addresses":{"shipFrom":{"line1":"30 GLENN ST","line2":"","city":"WHITE PLAINS","region":"NY","country":"US","postalCode":"10603-3254"},"shipTo":{"line1":"46 Lewis Street","line2":"","city":"Paterson","region":"NJ","country":"US","postalCode":"07501"}},"type":"SalesInvoice","purchaseOrderNo":"21380","commit":true}
duration: 0.35279s

04-12-2021 @ 16:41:07 - Response
Response
code: 201
message: Created
headers: Array
(
    [date] => Mon, 12 Apr 2021 20:41:07 GMT
    [content-type] => application/json; charset=utf-8
    [server] => Kestrel
    [content-encoding] => br
    [location] => /api/v2/companies/207925/transactions/4001500260045
    [vary] => Accept-Encoding
    [serverduration] => 00:00:00.0710220
)
body: {"id":4001500260045,"code":"wc_order_mNIrQDFCC6wIN","companyId":207925,"date":"2021-04-12","status":"Committed","type":"SalesInvoice","batchCode":"","currencyCode":"USD","exchangeRateCurrencyCode":"USD","customerUsageType":"","entityUseCode":"","customerVendorCode":"jjbires@gmail.com","customerCode":"jjbires@gmail.com","exemptNo":"","reconciled":false,"locationCode":"","reportingLocationCode":"","purchaseOrderNo":"21380","referenceCode":"","salespersonCode":"","taxOverrideType":"None","taxOverrideAmount":0.0,"taxOverrideReason":"","totalAmount":95.1,"totalExempt":0.0,"totalDiscount":0.0,"totalTax":6.3,"totalTaxable":95.1,"totalTaxCalculated":6.3,"adjustmentReason":"NotAdjusted","adjustmentDescription":"","locked":false,"region":"NJ","country":"US","version":1,"softwareVersion":"21.4.1.0","originAddressId":2002727752320,"destinationAddressId":1002727752321,"exchangeRateEffectiveDate":"2021-04-12","exchangeRate":1.0,"description":"","email":"","businessIdentificationNo":"","modifiedDate":"2021-04-12T20:41:07.1167121Z","modifiedUserId":231879,"taxDate":"2021-04-12T00:00:00Z","lines":[{"id":4004646127241,"transactionId":4001500260045,"lineNumber":"23545","boundaryOverrideId":0,"customerUsageType":"","entityUseCode":"","description":"Detonox","destinationAddressId":1002727752321,"originAddressId":2002727752320,"discountAmount":0.0,"discountTypeId":0,"exemptAmount":0.0,"exemptCertId":0,"exemptNo":"","isItemTaxable":true,"isSSTP":false,"itemCode":"2301-1","lineAmount":95.1,"quantity":1.0,"ref1":"","ref2":"","reportingDate":"2021-04-12","revAccount":"","sourcing":"Destination","tax":6.3000,"taxableAmount":95.1,"taxCalculated":6.3000,"taxCode":"P0000000","taxCodeId":4316,"taxDate":"2021-04-12","taxEngine":"","taxOverrideType":"None","businessIdentificationNo":"","taxOverrideAmount":0.0,"taxOverrideReason":"","taxIncluded":false,"details":[{"id":5004451173721,"transactionLineId":4004646127241,"transactionId":4001500260045,"addressId":1002727752321,"country":"US","region":"NJ","countyFIPS":"","stateFIPS":"","exemptAmount":0.0000,"exemptReasonId":4,"inState":false,"jurisCode":"34","jurisName":"NEW JERSEY","jurisdictionId":34,"signatureCode":"BEJY","stateAssignedNo":"","jurisType":"STA","jurisdictionType":"State","nonTaxableAmount":0.0000,"nonTaxableRuleId":0,"nonTaxableType":"RateRule","rate":0.066250,"rateRuleId":1458047,"rateSourceId":3,"serCode":"","sourcing":"Destination","tax":6.3000,"taxableAmount":95.1000,"taxType":"Sales","taxSubTypeId":"S","taxTypeGroupId":"SalesAndUse","taxName":"NJ STATE TAX","taxAuthorityTypeId":45,"taxRegionId":4005987,"taxCalculated":6.3000,"taxOverride":0.0000,"rateType":"General","rateTypeCode":"G","taxableUnits":95.1000,"nonTaxableUnits":0.0000,"exemptUnits":0.0000,"unitOfBasis":"PerCurrencyUnit","isNonPassThru":false,"isFee":false,"reportingTaxableUnits":95.1,"reportingNonTaxableUnits":0.0,"reportingExemptUnits":0.0,"reportingTax":6.3,"reportingTaxCalculated":6.3,"liabilityType":"Seller"}],"nonPassthroughDetails":[],"lineLocationTypes":[{"documentLineLocationTypeId":8003197152388,"documentLineId":4004646127241,"documentAddressId":2002727752320,"locationTypeCode":"ShipFrom"},{"documentLineLocationTypeId":9003197152387,"documentLineId":4004646127241,"documentAddressId":1002727752321,"locationTypeCode":"ShipTo"}],"hsCode":"","costInsuranceFreight":0.0,"vatCode":"","vatNumberTypeId":0},{"id":6002623228075,"transactionId":4001500260045,"lineNumber":"shipping_23546","boundaryOverrideId":0,"customerUsageType":"","entityUseCode":"","description":"Use My Shipping Account","destinationAddressId":1002727752321,"originAddressId":2002727752320,"discountAmount":0.0,"discountTypeId":0,"exemptAmount":0.0,"exemptCertId":0,"exemptNo":"","isItemTaxable":false,"isSSTP":false,"itemCode":"use-my-shipping-account","lineAmount":0.0,"quantity":1.0,"ref1":"","ref2":"","reportingDate":"2021-04-12","revAccount":"","sourcing":"Destination","tax":0.0000,"taxableAmount":0.0,"taxCalculated":0.0000,"taxCode":"FR","taxCodeId":7119,"taxDate":"2021-04-12","taxEngine":"","taxOverrideType":"None","businessIdentificationNo":"","taxOverrideAmount":0.0,"taxOverrideReason":"","taxIncluded":false,"details":[{"id":1004451173724,"transactionLineId":6002623228075,"transactionId":4001500260045,"addressId":1002727752321,"country":"US","region":"NJ","countyFIPS":"","stateFIPS":"","exemptAmount":0.0000,"exemptReasonId":4,"inState":false,"jurisCode":"34","jurisName":"NEW JERSEY","jurisdictionId":34,"signatureCode":"BEJY","stateAssignedNo":"","jurisType":"STA","jurisdictionType":"State","nonTaxableAmount":0.0000,"nonTaxableRuleId":0,"nonTaxableType":"RateRule","rate":0.066250,"rateRuleId":1458047,"rateSourceId":3,"serCode":"","sourcing":"Destination","tax":0.0000,"taxableAmount":0.0000,"taxType":"Sales","taxSubTypeId":"S","taxTypeGroupId":"SalesAndUse","taxName":"NJ STATE TAX","taxAuthorityTypeId":45,"taxRegionId":4005987,"taxCalculated":0.0000,"taxOverride":0.0000,"rateType":"General","rateTypeCode":"G","taxableUnits":0.0000,"nonTaxableUnits":0.0000,"exemptUnits":0.0000,"unitOfBasis":"PerCurrencyUnit","isNonPassThru":false,"isFee":false,"reportingTaxableUnits":0.0,"reportingNonTaxableUnits":0.0,"reportingExemptUnits":0.0,"reportingTax":0.0,"reportingTaxCalculated":0.0,"liabilityType":"Seller"}],"nonPassthroughDetails":[],"lineLocationTypes":[{"documentLineLocationTypeId":6004175849012,"documentLineId":6002623228075,"documentAddressId":2002727752320,"locationTypeCode":"ShipFrom"},{"documentLineLocationTypeId":8003197152389,"documentLineId":6002623228075,"documentAddressId":1002727752321,"locationTypeCode":"ShipTo"}],"hsCode":"","costInsuranceFreight":0.0,"vatCode":"","vatNumberTypeId":0}],"addresses":[{"id":1002727752321,"transactionId":4001500260045,"boundaryLevel":"Address","line1":"46 LEWIS ST","line2":"","line3":"","city":"PATERSON","region":"NJ","postalCode":"07501-3607","country":"US","taxRegionId":4005987,"latitude":"40.909089","longitude":"-74.158772"},{"id":2002727752320,"transactionId":4001500260045,"boundaryLevel":"Address","line1":"30 GLENN ST","line2":"","line3":"","city":"WHITE PLAINS","region":"NY","postalCode":"10603-3254","country":"US","taxRegionId":2090237,"latitude":"41.050608","longitude":"-73.771383"}],"locationTypes":[{"documentLocationTypeId":3002410644336,"documentId":4001500260045,"documentAddressId":2002727752320,"locationTypeCode":"ShipFrom"},{"documentLocationTypeId":5002003375401,"documentId":4001500260045,"documentAddressId":1002727752321,"locationTypeCode":"ShipTo"}],"summary":[{"country":"US","region":"NJ","jurisType":"State","jurisCode":"34","jurisName":"NEW JERSEY","taxAuthorityType":45,"stateAssignedNo":"","taxType":"Sales","taxSubType":"S","taxName":"NJ STATE TAX","rateType":"General","taxable":95.10,"rate":0.066250,"tax":6.30,"taxCalculated":6.30,"nonTaxable":0.00,"exemption":0.00}]}

