01-26-2021 @ 10:03:21 - Request
Request
method: GET
uri: https://rest.avatax.com/api/v2/utilities/ping
user-agent: WooCommerce-AvaTax/1.11.0 (WooCommerce/4.8.0; WordPress/5.6)
headers: Array
(
    [content-type] => application/json
    [accept] => application/json
    [Authorization] => ******************************************
    [X-Avalara-Client] => WCSkyVerge RESTv2;REST;REST;v2;AlconoxInc
    [X-Avalara-UID] => a0o33000004goTr
)
body:
duration: 0.30214s

01-26-2021 @ 10:03:21 - Response
Response
code: 200
message: OK
headers: Array
(
    [date] => Tue, 26 Jan 2021 15:03:21 GMT
    [content-type] => application/json; charset=utf-8
    [content-length] => 225
    [x-content-type-options] => nosniff
    [serverduration] => 00:00:00.0001377
    [databasecalls] => 0
    [databaseduration] => 00:00:00
    [serviceduration] => 00:00:00
)
body: {"version":"21.1.0","authenticated":true,"authenticationType":"AccountIdLicenseKey","authenticatedUserName":"anonymous@2000107471","authenticatedUserId":231879,"authenticatedAccountId":2000107471,"crmid":"0010b00002JHRLYAA5"}

01-26-2021 @ 10:19:48 - Request
Request
method: GET
uri: https://rest.avatax.com/api/v2/utilities/ping
user-agent: WooCommerce-AvaTax/1.11.0 (WooCommerce/4.8.0; WordPress/5.6)
headers: Array
(
    [content-type] => application/json
    [accept] => application/json
    [Authorization] => ******************************************
    [X-Avalara-Client] => WCSkyVerge RESTv2;REST;REST;v2;AlconoxInc
    [X-Avalara-UID] => a0o33000004goTr
)
body:
duration: 0.3453s

01-26-2021 @ 10:19:48 - Response
Response
code: 200
message: OK
headers: Array
(
    [date] => Tue, 26 Jan 2021 15:19:48 GMT
    [content-type] => application/json; charset=utf-8
    [content-length] => 225
    [x-content-type-options] => nosniff
    [serverduration] => 00:00:00.0001137
    [databasecalls] => 0
    [databaseduration] => 00:00:00
    [serviceduration] => 00:00:00
)
body: {"version":"21.1.0","authenticated":true,"authenticationType":"AccountIdLicenseKey","authenticatedUserName":"anonymous@2000107471","authenticatedUserId":231879,"authenticatedAccountId":2000107471,"crmid":"0010b00002JHRLYAA5"}

01-26-2021 @ 11:53:36 - Request
Request
method: GET
uri: https://rest.avatax.com/api/v2/utilities/ping
user-agent: WooCommerce-AvaTax/1.11.0 (WooCommerce/4.8.0; WordPress/5.6)
headers: Array
(
    [content-type] => application/json
    [accept] => application/json
    [Authorization] => ******************************************
    [X-Avalara-Client] => WCSkyVerge RESTv2;REST;REST;v2;AlconoxInc
    [X-Avalara-UID] => a0o33000004goTr
)
body:
duration: 0.30955s

01-26-2021 @ 11:53:36 - Response
Response
code: 200
message: OK
headers: Array
(
    [date] => Tue, 26 Jan 2021 16:53:36 GMT
    [content-type] => application/json; charset=utf-8
    [content-length] => 225
    [x-content-type-options] => nosniff
    [serverduration] => 00:00:00.0001564
    [databasecalls] => 0
    [databaseduration] => 00:00:00
    [serviceduration] => 00:00:00
)
body: {"version":"21.1.0","authenticated":true,"authenticationType":"AccountIdLicenseKey","authenticatedUserName":"anonymous@2000107471","authenticatedUserId":231879,"authenticatedAccountId":2000107471,"crmid":"0010b00002JHRLYAA5"}

