2021-01-07T09:29:21+00:00 CRITICAL Uncaught DomainException: Could not load the default credentials. Browse to https://developers.google.com/accounts/docs/application-default-credentials for more information in /Users/danmartino/Local Sites/alconox/app/public/wp-content/plugins/my-chatbot/vendor/google/auth/src/ApplicationDefaultCredentials.php:189
Stack trace:
#0 /Users/danmartino/Local Sites/alconox/app/public/wp-content/plugins/my-chatbot/vendor/google/gax/src/CredentialsWrapper.php(248): Google\Auth\ApplicationDefaultCredentials::getCredentials(Array, Object(Google\Auth\HttpHandler\Guzzle6HttpHandler), NULL, NULL, NULL, NULL)
#1 /Users/danmartino/Local Sites/alconox/app/public/wp-content/plugins/my-chatbot/vendor/google/gax/src/CredentialsWrapper.php(127): Google\ApiCore\CredentialsWrapper::buildApplicationDefaultCredentials(Array, Object(Google\Auth\HttpHandler\Guzzle6HttpHandler), NULL, NULL, NULL, NULL)
#2 /Users/danmartino/Local Sites/alconox/app/public/wp-content/plugins/my-chatbot/vendor/google/gax/src/GapicClientTrait.php(350): Goog in /Users/danmartino/Local Sites/alconox/app/public/wp-content/plugins/my-chatbot/vendor/google/gax/src/CredentialsWrapper.php on line 256

2021-01-07T09:30:17+00:00 CRITICAL Uncaught DomainException: Could not load the default credentials. Browse to https://developers.google.com/accounts/docs/application-default-credentials for more information in /Users/danmartino/Local Sites/alconox/app/public/wp-content/plugins/my-chatbot/vendor/google/auth/src/ApplicationDefaultCredentials.php:189
Stack trace:
#0 /Users/danmartino/Local Sites/alconox/app/public/wp-content/plugins/my-chatbot/vendor/google/gax/src/CredentialsWrapper.php(248): Google\Auth\ApplicationDefaultCredentials::getCredentials(Array, Object(Google\Auth\HttpHandler\Guzzle6HttpHandler), NULL, NULL, NULL, NULL)
#1 /Users/danmartino/Local Sites/alconox/app/public/wp-content/plugins/my-chatbot/vendor/google/gax/src/CredentialsWrapper.php(127): Google\ApiCore\CredentialsWrapper::buildApplicationDefaultCredentials(Array, Object(Google\Auth\HttpHandler\Guzzle6HttpHandler), NULL, NULL, NULL, NULL)
#2 /Users/danmartino/Local Sites/alconox/app/public/wp-content/plugins/my-chatbot/vendor/google/gax/src/GapicClientTrait.php(350): Goog in /Users/danmartino/Local Sites/alconox/app/public/wp-content/plugins/my-chatbot/vendor/google/gax/src/CredentialsWrapper.php on line 256

2021-01-07T09:31:18+00:00 CRITICAL Uncaught DomainException: Could not load the default credentials. Browse to https://developers.google.com/accounts/docs/application-default-credentials for more information in /Users/danmartino/Local Sites/alconox/app/public/wp-content/plugins/my-chatbot/vendor/google/auth/src/ApplicationDefaultCredentials.php:189
Stack trace:
#0 /Users/danmartino/Local Sites/alconox/app/public/wp-content/plugins/my-chatbot/vendor/google/gax/src/CredentialsWrapper.php(248): Google\Auth\ApplicationDefaultCredentials::getCredentials(Array, Object(Google\Auth\HttpHandler\Guzzle6HttpHandler), NULL, NULL, NULL, NULL)
#1 /Users/danmartino/Local Sites/alconox/app/public/wp-content/plugins/my-chatbot/vendor/google/gax/src/CredentialsWrapper.php(127): Google\ApiCore\CredentialsWrapper::buildApplicationDefaultCredentials(Array, Object(Google\Auth\HttpHandler\Guzzle6HttpHandler), NULL, NULL, NULL, NULL)
#2 /Users/danmartino/Local Sites/alconox/app/public/wp-content/plugins/my-chatbot/vendor/google/gax/src/GapicClientTrait.php(350): Goog in /Users/danmartino/Local Sites/alconox/app/public/wp-content/plugins/my-chatbot/vendor/google/gax/src/CredentialsWrapper.php on line 256

2021-01-07T10:45:00+00:00 CRITICAL Uncaught Error: Call to undefined function get_rows() in /Users/danmartino/Local Sites/alconox/app/public/wp-content/themes/alconox2020/woocommerce/single-product.php:77
Stack trace:
#0 /Users/danmartino/Local Sites/alconox/app/public/wp-includes/template-loader.php(106): include()
#1 /Users/danmartino/Local Sites/alconox/app/public/wp-blog-header.php(19): require_once('/Users/danmarti...')
#2 /Users/danmartino/Local Sites/alconox/app/public/index.php(17): require('/Users/danmarti...')
#3 {main}
  thrown in /Users/danmartino/Local Sites/alconox/app/public/wp-content/themes/alconox2020/woocommerce/single-product.php on line 77

