2021-03-11T19:12:58+00:00 CRITICAL Uncaught Error: Call to a member function get_total() on null in /www/wp-content/plugins/woocommerce-ebizcharge-gateway/includes/class-wc-gateway-ebizcharge-admin.php:449
Stack trace:
#0 /wordpress/wp-admin/includes/template.php(1389): WC_Gateway_EBizCharge_Admin->authorization_box(Object(WP_Post), Array)
#1 /wordpress/wp-admin/edit-form-advanced.php(681): do_meta_boxes(Object(WP_Screen), 'side', Object(WP_Post))
#2 /wordpress/wp-admin/post.php(206): require('/wordpress/wp-a...')
#3 {main}
  thrown in /www/wp-content/plugins/woocommerce-ebizcharge-gateway/includes/class-wc-gateway-ebizcharge-admin.php on line 449

2021-03-11T19:14:10+00:00 CRITICAL Uncaught Error: Call to a member function get_total() on null in /www/wp-content/plugins/woocommerce-ebizcharge-gateway/includes/class-wc-gateway-ebizcharge-admin.php:449
Stack trace:
#0 /wordpress/wp-admin/includes/template.php(1389): WC_Gateway_EBizCharge_Admin->authorization_box(Object(WP_Post), Array)
#1 /wordpress/wp-admin/edit-form-advanced.php(681): do_meta_boxes(Object(WP_Screen), 'side', Object(WP_Post))
#2 /wordpress/wp-admin/post.php(206): require('/wordpress/wp-a...')
#3 {main}
  thrown in /www/wp-content/plugins/woocommerce-ebizcharge-gateway/includes/class-wc-gateway-ebizcharge-admin.php on line 449

2021-03-11T19:15:18+00:00 CRITICAL Uncaught Error: Call to a member function get_total() on null in /www/wp-content/plugins/woocommerce-ebizcharge-gateway/includes/class-wc-gateway-ebizcharge-admin.php:449
Stack trace:
#0 /wordpress/wp-admin/includes/template.php(1389): WC_Gateway_EBizCharge_Admin->authorization_box(Object(WP_Post), Array)
#1 /wordpress/wp-admin/edit-form-advanced.php(681): do_meta_boxes(Object(WP_Screen), 'side', Object(WP_Post))
#2 /wordpress/wp-admin/post.php(206): require('/wordpress/wp-a...')
#3 {main}
  thrown in /www/wp-content/plugins/woocommerce-ebizcharge-gateway/includes/class-wc-gateway-ebizcharge-admin.php on line 449

2021-03-11T19:15:58+00:00 CRITICAL Uncaught Error: Call to a member function get_total() on null in /www/wp-content/plugins/woocommerce-ebizcharge-gateway/includes/class-wc-gateway-ebizcharge-admin.php:449
Stack trace:
#0 /wordpress/wp-admin/includes/template.php(1389): WC_Gateway_EBizCharge_Admin->authorization_box(Object(WP_Post), Array)
#1 /wordpress/wp-admin/edit-form-advanced.php(681): do_meta_boxes(Object(WP_Screen), 'side', Object(WP_Post))
#2 /wordpress/wp-admin/post.php(206): require('/wordpress/wp-a...')
#3 {main}
  thrown in /www/wp-content/plugins/woocommerce-ebizcharge-gateway/includes/class-wc-gateway-ebizcharge-admin.php on line 449

2021-03-11T19:16:13+00:00 CRITICAL Uncaught Error: Call to a member function get_total() on null in /www/wp-content/plugins/woocommerce-ebizcharge-gateway/includes/class-wc-gateway-ebizcharge-admin.php:449
Stack trace:
#0 /wordpress/wp-admin/includes/template.php(1389): WC_Gateway_EBizCharge_Admin->authorization_box(Object(WP_Post), Array)
#1 /wordpress/wp-admin/edit-form-advanced.php(681): do_meta_boxes(Object(WP_Screen), 'side', Object(WP_Post))
#2 /wordpress/wp-admin/post.php(206): require('/wordpress/wp-a...')
#3 {main}
  thrown in /www/wp-content/plugins/woocommerce-ebizcharge-gateway/includes/class-wc-gateway-ebizcharge-admin.php on line 449

2021-03-11T19:22:22+00:00 CRITICAL Uncaught Error: Call to a member function get_total() on null in /www/wp-content/plugins/woocommerce-ebizcharge-gateway/includes/class-wc-gateway-ebizcharge-admin.php:449
Stack trace:
#0 /wordpress/wp-admin/includes/template.php(1389): WC_Gateway_EBizCharge_Admin->authorization_box(Object(WP_Post), Array)
#1 /wordpress/wp-admin/edit-form-advanced.php(681): do_meta_boxes(Object(WP_Screen), 'side', Object(WP_Post))
#2 /wordpress/wp-admin/post.php(206): require('/wordpress/wp-a...')
#3 {main}
  thrown in /www/wp-content/plugins/woocommerce-ebizcharge-gateway/includes/class-wc-gateway-ebizcharge-admin.php on line 449

2021-03-11T19:22:34+00:00 CRITICAL Uncaught Error: Call to a member function get_total() on null in /www/wp-content/plugins/woocommerce-ebizcharge-gateway/includes/class-wc-gateway-ebizcharge-admin.php:449
Stack trace:
#0 /wordpress/wp-admin/includes/template.php(1389): WC_Gateway_EBizCharge_Admin->authorization_box(Object(WP_Post), Array)
#1 /wordpress/wp-admin/edit-form-advanced.php(681): do_meta_boxes(Object(WP_Screen), 'side', Object(WP_Post))
#2 /wordpress/wp-admin/post.php(206): require('/wordpress/wp-a...')
#3 {main}
  thrown in /www/wp-content/plugins/woocommerce-ebizcharge-gateway/includes/class-wc-gateway-ebizcharge-admin.php on line 449

2021-03-11T19:22:44+00:00 CRITICAL Uncaught Error: Call to a member function get_total() on null in /www/wp-content/plugins/woocommerce-ebizcharge-gateway/includes/class-wc-gateway-ebizcharge-admin.php:449
Stack trace:
#0 /wordpress/wp-admin/includes/template.php(1389): WC_Gateway_EBizCharge_Admin->authorization_box(Object(WP_Post), Array)
#1 /wordpress/wp-admin/edit-form-advanced.php(681): do_meta_boxes(Object(WP_Screen), 'side', Object(WP_Post))
#2 /wordpress/wp-admin/post.php(206): require('/wordpress/wp-a...')
#3 {main}
  thrown in /www/wp-content/plugins/woocommerce-ebizcharge-gateway/includes/class-wc-gateway-ebizcharge-admin.php on line 449

2021-03-11T19:50:35+00:00 CRITICAL Uncaught Error: Call to a member function get_total() on null in /www/wp-content/plugins/woocommerce-ebizcharge-gateway/includes/class-wc-gateway-ebizcharge-admin.php:449
Stack trace:
#0 /wordpress/wp-admin/includes/template.php(1389): WC_Gateway_EBizCharge_Admin->authorization_box(Object(WP_Post), Array)
#1 /wordpress/wp-admin/edit-form-advanced.php(681): do_meta_boxes(Object(WP_Screen), 'side', Object(WP_Post))
#2 /wordpress/wp-admin/post.php(206): require('/wordpress/wp-a...')
#3 {main}
  thrown in /www/wp-content/plugins/woocommerce-ebizcharge-gateway/includes/class-wc-gateway-ebizcharge-admin.php on line 449

2021-03-11T20:48:20+00:00 CRITICAL Uncaught Error: Call to a member function get_total() on null in /www/wp-content/plugins/woocommerce-ebizcharge-gateway/includes/class-wc-gateway-ebizcharge-admin.php:449
Stack trace:
#0 /wordpress/wp-admin/includes/template.php(1389): WC_Gateway_EBizCharge_Admin->authorization_box(Object(WP_Post), Array)
#1 /wordpress/wp-admin/edit-form-advanced.php(681): do_meta_boxes(Object(WP_Screen), 'side', Object(WP_Post))
#2 /wordpress/wp-admin/post.php(206): require('/wordpress/wp-a...')
#3 {main}
  thrown in /www/wp-content/plugins/woocommerce-ebizcharge-gateway/includes/class-wc-gateway-ebizcharge-admin.php on line 449

2021-03-11T20:48:38+00:00 CRITICAL Uncaught Error: Call to a member function get_total() on null in /www/wp-content/plugins/woocommerce-ebizcharge-gateway/includes/class-wc-gateway-ebizcharge-admin.php:449
Stack trace:
#0 /wordpress/wp-admin/includes/template.php(1389): WC_Gateway_EBizCharge_Admin->authorization_box(Object(WP_Post), Array)
#1 /wordpress/wp-admin/edit-form-advanced.php(681): do_meta_boxes(Object(WP_Screen), 'side', Object(WP_Post))
#2 /wordpress/wp-admin/post.php(206): require('/wordpress/wp-a...')
#3 {main}
  thrown in /www/wp-content/plugins/woocommerce-ebizcharge-gateway/includes/class-wc-gateway-ebizcharge-admin.php on line 449

2021-03-11T20:48:58+00:00 CRITICAL Uncaught Error: Call to a member function get_total() on null in /www/wp-content/plugins/woocommerce-ebizcharge-gateway/includes/class-wc-gateway-ebizcharge-admin.php:449
Stack trace:
#0 /wordpress/wp-admin/includes/template.php(1389): WC_Gateway_EBizCharge_Admin->authorization_box(Object(WP_Post), Array)
#1 /wordpress/wp-admin/edit-form-advanced.php(681): do_meta_boxes(Object(WP_Screen), 'side', Object(WP_Post))
#2 /wordpress/wp-admin/post.php(206): require('/wordpress/wp-a...')
#3 {main}
  thrown in /www/wp-content/plugins/woocommerce-ebizcharge-gateway/includes/class-wc-gateway-ebizcharge-admin.php on line 449

2021-03-11T20:49:47+00:00 CRITICAL Uncaught Error: Call to a member function get_total() on null in /www/wp-content/plugins/woocommerce-ebizcharge-gateway/includes/class-wc-gateway-ebizcharge-admin.php:449
Stack trace:
#0 /wordpress/wp-admin/includes/template.php(1389): WC_Gateway_EBizCharge_Admin->authorization_box(Object(WP_Post), Array)
#1 /wordpress/wp-admin/edit-form-advanced.php(681): do_meta_boxes(Object(WP_Screen), 'side', Object(WP_Post))
#2 /wordpress/wp-admin/post.php(206): require('/wordpress/wp-a...')
#3 {main}
  thrown in /www/wp-content/plugins/woocommerce-ebizcharge-gateway/includes/class-wc-gateway-ebizcharge-admin.php on line 449

2021-03-11T20:52:00+00:00 CRITICAL Uncaught Error: Call to a member function get_total() on null in /www/wp-content/plugins/woocommerce-ebizcharge-gateway/includes/class-wc-gateway-ebizcharge-admin.php:449
Stack trace:
#0 /wordpress/wp-admin/includes/template.php(1389): WC_Gateway_EBizCharge_Admin->authorization_box(Object(WP_Post), Array)
#1 /wordpress/wp-admin/edit-form-advanced.php(681): do_meta_boxes(Object(WP_Screen), 'side', Object(WP_Post))
#2 /wordpress/wp-admin/post.php(206): require('/wordpress/wp-a...')
#3 {main}
  thrown in /www/wp-content/plugins/woocommerce-ebizcharge-gateway/includes/class-wc-gateway-ebizcharge-admin.php on line 449

2021-03-11T20:53:13+00:00 CRITICAL Uncaught Error: Call to a member function get_total() on null in /www/wp-content/plugins/woocommerce-ebizcharge-gateway/includes/class-wc-gateway-ebizcharge-admin.php:449
Stack trace:
#0 /wordpress/wp-admin/includes/template.php(1389): WC_Gateway_EBizCharge_Admin->authorization_box(Object(WP_Post), Array)
#1 /wordpress/wp-admin/edit-form-advanced.php(681): do_meta_boxes(Object(WP_Screen), 'side', Object(WP_Post))
#2 /wordpress/wp-admin/post.php(206): require('/wordpress/wp-a...')
#3 {main}
  thrown in /www/wp-content/plugins/woocommerce-ebizcharge-gateway/includes/class-wc-gateway-ebizcharge-admin.php on line 449

2021-03-11T21:10:54+00:00 CRITICAL Uncaught Error: Call to a member function get_total() on null in /www/wp-content/plugins/woocommerce-ebizcharge-gateway/includes/class-wc-gateway-ebizcharge-admin.php:449
Stack trace:
#0 /wordpress/wp-admin/includes/template.php(1389): WC_Gateway_EBizCharge_Admin->authorization_box(Object(WP_Post), Array)
#1 /wordpress/wp-admin/edit-form-advanced.php(681): do_meta_boxes(Object(WP_Screen), 'side', Object(WP_Post))
#2 /wordpress/wp-admin/post.php(206): require('/wordpress/wp-a...')
#3 {main}
  thrown in /www/wp-content/plugins/woocommerce-ebizcharge-gateway/includes/class-wc-gateway-ebizcharge-admin.php on line 449

2021-03-11T21:26:29+00:00 CRITICAL Uncaught Error: Call to a member function get_total() on null in /www/wp-content/plugins/woocommerce-ebizcharge-gateway/includes/class-wc-gateway-ebizcharge-admin.php:449
Stack trace:
#0 /wordpress/wp-admin/includes/template.php(1389): WC_Gateway_EBizCharge_Admin->authorization_box(Object(WP_Post), Array)
#1 /wordpress/wp-admin/edit-form-advanced.php(681): do_meta_boxes(Object(WP_Screen), 'side', Object(WP_Post))
#2 /wordpress/wp-admin/post.php(206): require('/wordpress/wp-a...')
#3 {main}
  thrown in /www/wp-content/plugins/woocommerce-ebizcharge-gateway/includes/class-wc-gateway-ebizcharge-admin.php on line 449

2021-03-11T21:27:16+00:00 CRITICAL Uncaught Error: Call to a member function get_total() on null in /www/wp-content/plugins/woocommerce-ebizcharge-gateway/includes/class-wc-gateway-ebizcharge-admin.php:449
Stack trace:
#0 /wordpress/wp-admin/includes/template.php(1389): WC_Gateway_EBizCharge_Admin->authorization_box(Object(WP_Post), Array)
#1 /wordpress/wp-admin/edit-form-advanced.php(681): do_meta_boxes(Object(WP_Screen), 'side', Object(WP_Post))
#2 /wordpress/wp-admin/post.php(206): require('/wordpress/wp-a...')
#3 {main}
  thrown in /www/wp-content/plugins/woocommerce-ebizcharge-gateway/includes/class-wc-gateway-ebizcharge-admin.php on line 449

